<Event xmlns='http://schemas.microsoft.com/win/2004/08/events/event'><System><Provider Name='Microsoft-Windows-Kernel-General' Guid='{A68CA8B7-004F-D7B6-A698-07E2DE0F1F5D}'/><EventID>1</EventID><Version>0</Version><Level>4</Level><Task>0</Task><Opcode>0</Opcode><Keywords>0x8000000000000010</Keywords><TimeCreated SystemTime='2013-09-10T15:54:20.500000000Z'/><EventRecordID>240714</EventRecordID><Correlation/><Execution ProcessID='4' ThreadID='52'/><Channel>System</Channel><Computer>vakintsev.argus.nio1.loniis</Computer><Security/></System><EventData><Data Name='NewTime'>2013-09-10T15:54:20.500000000Z</Data><Data Name='OldTime'>2013-09-10T15:54:22.279984200Z</Data></EventData></Event>
<Event xmlns='http://schemas.microsoft.com/win/2004/08/events/event'><System><Provider Name='Microsoft-Windows-Kernel-General' Guid='{A68CA8B7-004F-D7B6-A698-07E2DE0F1F5D}'/><EventID>1</EventID><Version>0</Version><Level>4</Level><Task>0</Task><Opcode>0</Opcode><Keywords>0x8000000000000010</Keywords><TimeCreated SystemTime='2013-09-11T07:29:24.501000100Z'/><EventRecordID>240715</EventRecordID><Correlation/><Execution ProcessID='4' ThreadID='52'/><Channel>System</Channel><Computer>vakintsev.argus.nio1.loniis</Computer><Security/></System><EventData><Data Name='NewTime'>2013-09-11T07:29:24.500000000Z</Data><Data Name='OldTime'>2013-09-10T15:54:20.559003300Z</Data></EventData></Event>
<Event xmlns='http://schemas.microsoft.com/win/2004/08/events/event'><System><Provider Name='Microsoft-Windows-Kernel-General' Guid='{A68CA8B7-004F-D7B6-A698-07E2DE0F1F5D}'/><EventID>1</EventID><Version>0</Version><Level>4</Level><Task>0</Task><Opcode>0</Opcode><Keywords>0x8000000000000010</Keywords><TimeCreated SystemTime='2013-09-11T14:25:35.500000000Z'/><EventRecordID>240913</EventRecordID><Correlation/><Execution ProcessID='4' ThreadID='68'/><Channel>System</Channel><Computer>vakintsev.argus.nio1.loniis</Computer><Security/></System><EventData><Data Name='NewTime'>2013-09-11T14:25:35.500000000Z</Data><Data Name='OldTime'>2013-09-11T14:25:38.154411400Z</Data></EventData></Event>
<Event xmlns='http://schemas.microsoft.com/win/2004/08/events/event'><System><Provider Name='Microsoft-Windows-Kernel-General' Guid='{A68CA8B7-004F-D7B6-A698-07E2DE0F1F5D}'/><EventID>1</EventID><Version>0</Version><Level>4</Level><Task>0</Task><Opcode>0</Opcode><Keywords>0x8000000000000010</Keywords><TimeCreated SystemTime='2013-09-12T07:44:36.501000000Z'/><EventRecordID>240914</EventRecordID><Correlation/><Execution ProcessID='4' ThreadID='68'/><Channel>System</Channel><Computer>vakintsev.argus.nio1.loniis</Computer><Security/></System><EventData><Data Name='NewTime'>2013-09-12T07:44:36.500000000Z</Data><Data Name='OldTime'>2013-09-11T14:25:35.558003300Z</Data></EventData></Event>
<Event xmlns='http://schemas.microsoft.com/win/2004/08/events/event'><System><Provider Name='Microsoft-Windows-Kernel-General' Guid='{A68CA8B7-004F-D7B6-A698-07E2DE0F1F5D}'/><EventID>1</EventID><Version>0</Version><Level>4</Level><Task>0</Task><Opcode>0</Opcode><Keywords>0x8000000000000010</Keywords><TimeCreated SystemTime='2013-09-12T15:34:44.500000000Z'/><EventRecordID>241085</EventRecordID><Correlation/><Execution ProcessID='4' ThreadID='44'/><Channel>System</Channel><Computer>vakintsev.argus.nio1.loniis</Computer><Security/></System><EventData><Data Name='NewTime'>2013-09-12T15:34:44.500000000Z</Data><Data Name='OldTime'>2013-09-12T15:34:46.929544300Z</Data></EventData></Event>
<Event xmlns='http://schemas.microsoft.com/win/2004/08/events/event'><System><Provider Name='Microsoft-Windows-Kernel-General' Guid='{A68CA8B7-004F-D7B6-A698-07E2DE0F1F5D}'/><EventID>1</EventID><Version>0</Version><Level>4</Level><Task>0</Task><Opcode>0</Opcode><Keywords>0x8000000000000010</Keywords><TimeCreated SystemTime='2013-09-13T07:48:10.500000000Z'/><EventRecordID>241086</EventRecordID><Correlation/><Execution ProcessID='4' ThreadID='44'/><Channel>System</Channel><Computer>vakintsev.argus.nio1.loniis</Computer><Security/></System><EventData><Data Name='NewTime'>2013-09-13T07:48:10.500000000Z</Data><Data Name='OldTime'>2013-09-12T15:34:44.566003700Z</Data></EventData></Event>
<Event xmlns='http://schemas.microsoft.com/win/2004/08/events/event'><System><Provider Name='Microsoft-Windows-Kernel-General' Guid='{A68CA8B7-004F-D7B6-A698-07E2DE0F1F5D}'/><EventID>12</EventID><Version>0</Version><Level>4</Level><Task>0</Task><Opcode>0</Opcode><Keywords>0x8000000000000000</Keywords><TimeCreated SystemTime='2013-09-16T07:33:07.796400500Z'/><EventRecordID>241213</EventRecordID><Correlation/><Execution ProcessID='4' ThreadID='8'/><Channel>System</Channel><Computer>vakintsev.argus.nio1.loniis</Computer><Security UserID='S-1-5-18'/></System><EventData><Data Name='MajorVersion'>6</Data><Data Name='MinorVersion'>1</Data><Data Name='BuildVersion'>7601</Data><Data Name='QfeVersion'>18205</Data><Data Name='ServiceVersion'>1</Data><Data Name='BootMode'>0</Data><Data Name='StartTime'>2013-09-16T07:33:07.109999300Z</Data></EventData></Event>
<Event xmlns='http://schemas.microsoft.com/win/2004/08/events/event'><System><Provider Name='Microsoft-Windows-Kernel-General' Guid='{A68CA8B7-004F-D7B6-A698-07E2DE0F1F5D}'/><EventID>13</EventID><Version>0</Version><Level>4</Level><Task>0</Task><Opcode>0</Opcode><Keywords>0x8000000000000000</Keywords><TimeCreated SystemTime='2013-09-16T07:34:29.587343100Z'/><EventRecordID>241225</EventRecordID><Correlation/><Execution ProcessID='4' ThreadID='40'/><Channel>System</Channel><Computer>vakintsev.argus.nio1.loniis</Computer><Security/></System><EventData><Data Name='StopTime'>2013-09-16T07:34:29.587343100Z</Data></EventData></Event>
<Event xmlns='http://schemas.microsoft.com/win/2004/08/events/event'><System><Provider Name='Microsoft-Windows-Kernel-General' Guid='{A68CA8B7-004F-D7B6-A698-07E2DE0F1F5D}'/><EventID>12</EventID><Version>0</Version><Level>4</Level><Task>0</Task><Opcode>0</Opcode><Keywords>0x8000000000000000</Keywords><TimeCreated SystemTime='2013-09-16T07:34:56.796400500Z'/><EventRecordID>241226</EventRecordID><Correlation/><Execution ProcessID='4' ThreadID='8'/><Channel>System</Channel><Computer>vakintsev.argus.nio1.loniis</Computer><Security UserID='S-1-5-18'/></System><EventData><Data Name='MajorVersion'>6</Data><Data Name='MinorVersion'>1</Data><Data Name='BuildVersion'>7601</Data><Data Name='QfeVersion'>18229</Data><Data Name='ServiceVersion'>1</Data><Data Name='BootMode'>0</Data><Data Name='StartTime'>2013-09-16T07:34:56.109999300Z</Data></EventData></Event>
<Event xmlns='http://schemas.microsoft.com/win/2004/08/events/event'><System><Provider Name='Microsoft-Windows-Kernel-General' Guid='{A68CA8B7-004F-D7B6-A698-07E2DE0F1F5D}'/><EventID>1</EventID><Version>0</Version><Level>4</Level><Task>0</Task><Opcode>0</Opcode><Keywords>0x8000000000000010</Keywords><TimeCreated SystemTime='2013-09-16T16:18:57.500000000Z'/><EventRecordID>241533</EventRecordID><Correlation/><Execution ProcessID='4' ThreadID='68'/><Channel>System</Channel><Computer>vakintsev.argus.nio1.loniis</Computer><Security/></System><EventData><Data Name='NewTime'>2013-09-16T16:18:57.500000000Z</Data><Data Name='OldTime'>2013-09-16T16:19:00.191958700Z</Data></EventData></Event>
<Event xmlns='http://schemas.microsoft.com/win/2004/08/events/event'><System><Provider Name='Microsoft-Windows-Kernel-General' Guid='{A68CA8B7-004F-D7B6-A698-07E2DE0F1F5D}'/><EventID>1</EventID><Version>0</Version><Level>4</Level><Task>0</Task><Opcode>0</Opcode><Keywords>0x8000000000000010</Keywords><TimeCreated SystemTime='2013-09-17T07:19:58.501000100Z'/><EventRecordID>241534</EventRecordID><Correlation/><Execution ProcessID='4' ThreadID='68'/><Channel>System</Channel><Computer>vakintsev.argus.nio1.loniis</Computer><Security/></System><EventData><Data Name='NewTime'>2013-09-17T07:19:58.500000000Z</Data><Data Name='OldTime'>2013-09-16T16:18:57.562003500Z</Data></EventData></Event>
<Event xmlns='http://schemas.microsoft.com/win/2004/08/events/event'><System><Provider Name='Microsoft-Windows-Kernel-General' Guid='{A68CA8B7-004F-D7B6-A698-07E2DE0F1F5D}'/><EventID>13</EventID><Version>0</Version><Level>4</Level><Task>0</Task><Opcode>0</Opcode><Keywords>0x8000000000000000</Keywords><TimeCreated SystemTime='2013-09-17T16:52:33.674881500Z'/><EventRecordID>241753</EventRecordID><Correlation/><Execution ProcessID='4' ThreadID='8020'/><Channel>System</Channel><Computer>vakintsev.argus.nio1.loniis</Computer><Security/></System><EventData><Data Name='StopTime'>2013-09-17T16:52:33.674881500Z</Data></EventData></Event>
<Event xmlns='http://schemas.microsoft.com/win/2004/08/events/event'><System><Provider Name='Microsoft-Windows-Kernel-General' Guid='{A68CA8B7-004F-D7B6-A698-07E2DE0F1F5D}'/><EventID>12</EventID><Version>0</Version><Level>4</Level><Task>0</Task><Opcode>0</Opcode><Keywords>0x8000000000000000</Keywords><TimeCreated SystemTime='2013-09-18T07:23:00.734000400Z'/><EventRecordID>241755</EventRecordID><Correlation/><Execution ProcessID='4' ThreadID='8'/><Channel>System</Channel><Computer>vakintsev.argus.nio1.loniis</Computer><Security UserID='S-1-5-18'/></System><EventData><Data Name='MajorVersion'>6</Data><Data Name='MinorVersion'>1</Data><Data Name='BuildVersion'>7601</Data><Data Name='QfeVersion'>18229</Data><Data Name='ServiceVersion'>1</Data><Data Name='BootMode'>0</Data><Data Name='StartTime'>2013-09-18T07:23:00.125599300Z</Data></EventData></Event>
<Event xmlns='http://schemas.microsoft.com/win/2004/08/events/event'><System><Provider Name='Microsoft-Windows-Kernel-General' Guid='{A68CA8B7-004F-D7B6-A698-07E2DE0F1F5D}'/><EventID>1</EventID><Version>0</Version><Level>4</Level><Task>0</Task><Opcode>0</Opcode><Keywords>0x8000000000000010</Keywords><TimeCreated SystemTime='2013-09-19T16:48:52.500000000Z'/><EventRecordID>242229</EventRecordID><Correlation/><Execution ProcessID='4' ThreadID='44'/><Channel>System</Channel><Computer>vakintsev.argus.nio1.loniis</Computer><Security/></System><EventData><Data Name='NewTime'>2013-09-19T16:48:52.500000000Z</Data><Data Name='OldTime'>2013-09-19T16:49:02.738574400Z</Data></EventData></Event>
<Event xmlns='http://schemas.microsoft.com/win/2004/08/events/event'><System><Provider Name='Microsoft-Windows-Kernel-General' Guid='{A68CA8B7-004F-D7B6-A698-07E2DE0F1F5D}'/><EventID>1</EventID><Version>0</Version><Level>4</Level><Task>0</Task><Opcode>0</Opcode><Keywords>0x8000000000000010</Keywords><TimeCreated SystemTime='2013-09-20T08:20:37.500000000Z'/><EventRecordID>242230</EventRecordID><Correlation/><Execution ProcessID='4' ThreadID='44'/><Channel>System</Channel><Computer>vakintsev.argus.nio1.loniis</Computer><Security/></System><EventData><Data Name='NewTime'>2013-09-20T08:20:37.500000000Z</Data><Data Name='OldTime'>2013-09-19T16:48:52.899022900Z</Data></EventData></Event>
<Event xmlns='http://schemas.microsoft.com/win/2004/08/events/event'><System><Provider Name='Microsoft-Windows-Kernel-General' Guid='{A68CA8B7-004F-D7B6-A698-07E2DE0F1F5D}'/><EventID>1</EventID><Version>0</Version><Level>4</Level><Task>0</Task><Opcode>0</Opcode><Keywords>0x8000000000000010</Keywords><TimeCreated SystemTime='2013-09-20T09:00:59.501000100Z'/><EventRecordID>242318</EventRecordID><Correlation/><Execution ProcessID='4' ThreadID='2056'/><Channel>System</Channel><Computer>vakintsev.argus.nio1.loniis</Computer><Security/></System><EventData><Data Name='NewTime'>2013-09-20T09:00:59.500000000Z</Data><Data Name='OldTime'>2013-09-20T08:52:00.530703100Z</Data></EventData></Event>
<Event xmlns='http://schemas.microsoft.com/win/2004/08/events/event'><System><Provider Name='Microsoft-Windows-Kernel-General' Guid='{A68CA8B7-004F-D7B6-A698-07E2DE0F1F5D}'/><EventID>12</EventID><Version>0</Version><Level>4</Level><Task>0</Task><Opcode>0</Opcode><Keywords>0x8000000000000000</Keywords><TimeCreated SystemTime='2013-09-23T08:32:08.734000400Z'/><EventRecordID>242499</EventRecordID><Correlation/><Execution ProcessID='4' ThreadID='8'/><Channel>System</Channel><Computer>vakintsev.argus.nio1.loniis</Computer><Security UserID='S-1-5-18'/></System><EventData><Data Name='MajorVersion'>6</Data><Data Name='MinorVersion'>1</Data><Data Name='BuildVersion'>7601</Data><Data Name='QfeVersion'>18229</Data><Data Name='ServiceVersion'>1</Data><Data Name='BootMode'>0</Data><Data Name='StartTime'>2013-09-23T08:32:08.125599300Z</Data></EventData></Event>
<Event xmlns='http://schemas.microsoft.com/win/2004/08/events/event'><System><Provider Name='Microsoft-Windows-Kernel-General' Guid='{A68CA8B7-004F-D7B6-A698-07E2DE0F1F5D}'/><EventID>1</EventID><Version>0</Version><Level>4</Level><Task>0</Task><Opcode>0</Opcode><Keywords>0x8000000000000010</Keywords><TimeCreated SystemTime='2013-09-23T17:31:29.500000000Z'/><EventRecordID>242726</EventRecordID><Correlation/><Execution ProcessID='4' ThreadID='48'/><Channel>System</Channel><Computer>vakintsev.argus.nio1.loniis</Computer><Security/></System><EventData><Data Name='NewTime'>2013-09-23T17:31:29.500000000Z</Data><Data Name='OldTime'>2013-09-23T17:31:31.540554200Z</Data></EventData></Event>
<Event xmlns='http://schemas.microsoft.com/win/2004/08/events/event'><System><Provider Name='Microsoft-Windows-Kernel-General' Guid='{A68CA8B7-004F-D7B6-A698-07E2DE0F1F5D}'/><EventID>1</EventID><Version>0</Version><Level>4</Level><Task>0</Task><Opcode>0</Opcode><Keywords>0x8000000000000010</Keywords><TimeCreated SystemTime='2013-09-24T07:27:48.501000000Z'/><EventRecordID>242727</EventRecordID><Correlation/><Execution ProcessID='4' ThreadID='48'/><Channel>System</Channel><Computer>vakintsev.argus.nio1.loniis</Computer><Security/></System><EventData><Data Name='NewTime'>2013-09-24T07:27:48.500000000Z</Data><Data Name='OldTime'>2013-09-23T17:31:29.564003700Z</Data></EventData></Event>
<Event xmlns='http://schemas.microsoft.com/win/2004/08/events/event'><System><Provider Name='Microsoft-Windows-Kernel-General' Guid='{A68CA8B7-004F-D7B6-A698-07E2DE0F1F5D}'/><EventID>1</EventID><Version>0</Version><Level>4</Level><Task>0</Task><Opcode>0</Opcode><Keywords>0x8000000000000010</Keywords><TimeCreated SystemTime='2013-09-24T17:08:25.500000000Z'/><EventRecordID>242895</EventRecordID><Correlation/><Execution ProcessID='4' ThreadID='52'/><Channel>System</Channel><Computer>vakintsev.argus.nio1.loniis</Computer><Security/></System><EventData><Data Name='NewTime'>2013-09-24T17:08:25.500000000Z</Data><Data Name='OldTime'>2013-09-24T17:08:28.334724500Z</Data></EventData></Event>
<Event xmlns='http://schemas.microsoft.com/win/2004/08/events/event'><System><Provider Name='Microsoft-Windows-Kernel-General' Guid='{A68CA8B7-004F-D7B6-A698-07E2DE0F1F5D}'/><EventID>1</EventID><Version>0</Version><Level>4</Level><Task>0</Task><Opcode>0</Opcode><Keywords>0x8000000000000010</Keywords><TimeCreated SystemTime='2013-09-25T07:53:06.501000100Z'/><EventRecordID>242896</EventRecordID><Correlation/><Execution ProcessID='4' ThreadID='52'/><Channel>System</Channel><Computer>vakintsev.argus.nio1.loniis</Computer><Security/></System><EventData><Data Name='NewTime'>2013-09-25T07:53:06.500000000Z</Data><Data Name='OldTime'>2013-09-24T17:08:25.563003600Z</Data></EventData></Event>
<Event xmlns='http://schemas.microsoft.com/win/2004/08/events/event'><System><Provider Name='Microsoft-Windows-Kernel-General' Guid='{A68CA8B7-004F-D7B6-A698-07E2DE0F1F5D}'/><EventID>1</EventID><Version>0</Version><Level>4</Level><Task>0</Task><Opcode>0</Opcode><Keywords>0x8000000000000010</Keywords><TimeCreated SystemTime='2013-09-25T12:44:11.502000100Z'/><EventRecordID>242986</EventRecordID><Correlation/><Execution ProcessID='4' ThreadID='56'/><Channel>System</Channel><Computer>vakintsev.argus.nio1.loniis</Computer><Security/></System><EventData><Data Name='NewTime'>2013-09-25T12:44:11.500000000Z</Data><Data Name='OldTime'>2013-09-25T12:01:03.408910600Z</Data></EventData></Event>
<Event xmlns='http://schemas.microsoft.com/win/2004/08/events/event'><System><Provider Name='Microsoft-Windows-Kernel-General' Guid='{A68CA8B7-004F-D7B6-A698-07E2DE0F1F5D}'/><EventID>1</EventID><Version>0</Version><Level>4</Level><Task>0</Task><Opcode>0</Opcode><Keywords>0x8000000000000010</Keywords><TimeCreated SystemTime='2013-09-25T17:55:22.500000000Z'/><EventRecordID>243075</EventRecordID><Correlation/><Execution ProcessID='4' ThreadID='56'/><Channel>System</Channel><Computer>vakintsev.argus.nio1.loniis</Computer><Security/></System><EventData><Data Name='NewTime'>2013-09-25T17:55:22.500000000Z</Data><Data Name='OldTime'>2013-09-25T17:55:24.141013900Z</Data></EventData></Event>
<Event xmlns='http://schemas.microsoft.com/win/2004/08/events/event'><System><Provider Name='Microsoft-Windows-Kernel-General' Guid='{A68CA8B7-004F-D7B6-A698-07E2DE0F1F5D}'/><EventID>1</EventID><Version>0</Version><Level>4</Level><Task>0</Task><Opcode>0</Opcode><Keywords>0x8000000000000010</Keywords><TimeCreated SystemTime='2013-09-26T08:29:25.501000000Z'/><EventRecordID>243076</EventRecordID><Correlation/><Execution ProcessID='4' ThreadID='56'/><Channel>System</Channel><Computer>vakintsev.argus.nio1.loniis</Computer><Security/></System><EventData><Data Name='NewTime'>2013-09-26T08:29:25.500000000Z</Data><Data Name='OldTime'>2013-09-25T17:55:22.567003900Z</Data></EventData></Event>
<Event xmlns='http://schemas.microsoft.com/win/2004/08/events/event'><System><Provider Name='Microsoft-Windows-Kernel-General' Guid='{A68CA8B7-004F-D7B6-A698-07E2DE0F1F5D}'/><EventID>1</EventID><Version>0</Version><Level>4</Level><Task>0</Task><Opcode>0</Opcode><Keywords>0x8000000000000010</Keywords><TimeCreated SystemTime='2013-09-26T10:04:27.500000000Z'/><EventRecordID>243117</EventRecordID><Correlation/><Execution ProcessID='4' ThreadID='68'/><Channel>System</Channel><Computer>vakintsev.argus.nio1.loniis</Computer><Security/></System><EventData><Data Name='NewTime'>2013-09-26T10:04:27.500000000Z</Data><Data Name='OldTime'>2013-09-26T09:34:53.414663800Z</Data></EventData></Event>
<Event xmlns='http://schemas.microsoft.com/win/2004/08/events/event'><System><Provider Name='Microsoft-Windows-Kernel-General' Guid='{A68CA8B7-004F-D7B6-A698-07E2DE0F1F5D}'/><EventID>1</EventID><Version>0</Version><Level>4</Level><Task>0</Task><Opcode>0</Opcode><Keywords>0x8000000000000010</Keywords><TimeCreated SystemTime='2013-09-26T10:33:31.501000100Z'/><EventRecordID>243144</EventRecordID><Correlation/><Execution ProcessID='4' ThreadID='7720'/><Channel>System</Channel><Computer>vakintsev.argus.nio1.loniis</Computer><Security/></System><EventData><Data Name='NewTime'>2013-09-26T10:33:31.500000000Z</Data><Data Name='OldTime'>2013-09-26T10:18:07.876922900Z</Data></EventData></Event>
<Event xmlns='http://schemas.microsoft.com/win/2004/08/events/event'><System><Provider Name='Microsoft-Windows-Kernel-General' Guid='{A68CA8B7-004F-D7B6-A698-07E2DE0F1F5D}'/><EventID>1</EventID><Version>0</Version><Level>4</Level><Task>0</Task><Opcode>0</Opcode><Keywords>0x8000000000000010</Keywords><TimeCreated SystemTime='2013-09-27T17:12:58.500000000Z'/><EventRecordID>243506</EventRecordID><Correlation/><Execution ProcessID='4' ThreadID='56'/><Channel>System</Channel><Computer>vakintsev.argus.nio1.loniis</Computer><Security/></System><EventData><Data Name='NewTime'>2013-09-27T17:12:58.500000000Z</Data><Data Name='OldTime'>2013-09-27T17:13:06.352080400Z</Data></EventData></Event>
<Event xmlns='http://schemas.microsoft.com/win/2004/08/events/event'><System><Provider Name='Microsoft-Windows-Kernel-General' Guid='{A68CA8B7-004F-D7B6-A698-07E2DE0F1F5D}'/><EventID>1</EventID><Version>0</Version><Level>4</Level><Task>0</Task><Opcode>0</Opcode><Keywords>0x8000000000000010</Keywords><TimeCreated SystemTime='2013-09-30T09:01:51.500000000Z'/><EventRecordID>243508</EventRecordID><Correlation/><Execution ProcessID='4' ThreadID='56'/><Channel>System</Channel><Computer>vakintsev.argus.nio1.loniis</Computer><Security/></System><EventData><Data Name='NewTime'>2013-09-30T09:01:51.500000000Z</Data><Data Name='OldTime'>2013-09-27T17:12:59.060032100Z</Data></EventData></Event>
<Event xmlns='http://schemas.microsoft.com/win/2004/08/events/event'><System><Provider Name='Microsoft-Windows-Kernel-General' Guid='{A68CA8B7-004F-D7B6-A698-07E2DE0F1F5D}'/><EventID>1</EventID><Version>0</Version><Level>4</Level><Task>0</Task><Opcode>0</Opcode><Keywords>0x8000000000000010</Keywords><TimeCreated SystemTime='2013-10-01T17:22:21.500000000Z'/><EventRecordID>243892</EventRecordID><Correlation/><Execution ProcessID='4' ThreadID='48'/><Channel>System</Channel><Computer>vakintsev.argus.nio1.loniis</Computer><Security/></System><EventData><Data Name='NewTime'>2013-10-01T17:22:21.500000000Z</Data><Data Name='OldTime'>2013-10-01T17:22:29.605878700Z</Data></EventData></Event>
<Event xmlns='http://schemas.microsoft.com/win/2004/08/events/event'><System><Provider Name='Microsoft-Windows-Kernel-General' Guid='{A68CA8B7-004F-D7B6-A698-07E2DE0F1F5D}'/><EventID>1</EventID><Version>0</Version><Level>4</Level><Task>0</Task><Opcode>0</Opcode><Keywords>0x8000000000000010</Keywords><TimeCreated SystemTime='2013-10-02T08:48:11.501000000Z'/><EventRecordID>243893</EventRecordID><Correlation/><Execution ProcessID='4' ThreadID='48'/><Channel>System</Channel><Computer>vakintsev.argus.nio1.loniis</Computer><Security/></System><EventData><Data Name='NewTime'>2013-10-02T08:48:11.500000000Z</Data><Data Name='OldTime'>2013-10-01T17:22:21.584004800Z</Data></EventData></Event>
<Event xmlns='http://schemas.microsoft.com/win/2004/08/events/event'><System><Provider Name='Microsoft-Windows-Kernel-General' Guid='{A68CA8B7-004F-D7B6-A698-07E2DE0F1F5D}'/><EventID>1</EventID><Version>0</Version><Level>4</Level><Task>0</Task><Opcode>0</Opcode><Keywords>0x8000000000000010</Keywords><TimeCreated SystemTime='2013-10-02T15:43:24.500000000Z'/><EventRecordID>244005</EventRecordID><Correlation/><Execution ProcessID='4' ThreadID='44'/><Channel>System</Channel><Computer>vakintsev.argus.nio1.loniis</Computer><Security/></System><EventData><Data Name='NewTime'>2013-10-02T15:43:24.500000000Z</Data><Data Name='OldTime'>2013-10-02T15:43:26.704068100Z</Data></EventData></Event>
<Event xmlns='http://schemas.microsoft.com/win/2004/08/events/event'><System><Provider Name='Microsoft-Windows-Kernel-General' Guid='{A68CA8B7-004F-D7B6-A698-07E2DE0F1F5D}'/><EventID>1</EventID><Version>0</Version><Level>4</Level><Task>0</Task><Opcode>0</Opcode><Keywords>0x8000000000000010</Keywords><TimeCreated SystemTime='2013-10-03T06:24:56.502000100Z'/><EventRecordID>244006</EventRecordID><Correlation/><Execution ProcessID='4' ThreadID='44'/><Channel>System</Channel><Computer>vakintsev.argus.nio1.loniis</Computer><Security/></System><EventData><Data Name='NewTime'>2013-10-03T06:24:56.500000000Z</Data><Data Name='OldTime'>2013-10-02T15:43:24.573004200Z</Data></EventData></Event>
<Event xmlns='http://schemas.microsoft.com/win/2004/08/events/event'><System><Provider Name='Microsoft-Windows-Kernel-General' Guid='{A68CA8B7-004F-D7B6-A698-07E2DE0F1F5D}'/><EventID>1</EventID><Version>0</Version><Level>4</Level><Task>0</Task><Opcode>0</Opcode><Keywords>0x8000000000000010</Keywords><TimeCreated SystemTime='2013-10-03T16:41:47.500000000Z'/><EventRecordID>244176</EventRecordID><Correlation/><Execution ProcessID='4' ThreadID='6932'/><Channel>System</Channel><Computer>vakintsev.argus.nio1.loniis</Computer><Security/></System><EventData><Data Name='NewTime'>2013-10-03T16:41:47.500000000Z</Data><Data Name='OldTime'>2013-10-03T16:41:50.006051500Z</Data></EventData></Event>
<Event xmlns='http://schemas.microsoft.com/win/2004/08/events/event'><System><Provider Name='Microsoft-Windows-Kernel-General' Guid='{A68CA8B7-004F-D7B6-A698-07E2DE0F1F5D}'/><EventID>1</EventID><Version>0</Version><Level>4</Level><Task>0</Task><Opcode>0</Opcode><Keywords>0x8000000000000010</Keywords><TimeCreated SystemTime='2013-10-04T08:04:50.501000100Z'/><EventRecordID>244177</EventRecordID><Correlation/><Execution ProcessID='4' ThreadID='6932'/><Channel>System</Channel><Computer>vakintsev.argus.nio1.loniis</Computer><Security/></System><EventData><Data Name='NewTime'>2013-10-04T08:04:50.500000000Z</Data><Data Name='OldTime'>2013-10-03T16:41:47.567003800Z</Data></EventData></Event>
<Event xmlns='http://schemas.microsoft.com/win/2004/08/events/event'><System><Provider Name='Microsoft-Windows-Kernel-General' Guid='{A68CA8B7-004F-D7B6-A698-07E2DE0F1F5D}'/><EventID>1</EventID><Version>0</Version><Level>4</Level><Task>0</Task><Opcode>0</Opcode><Keywords>0x8000000000000010</Keywords><TimeCreated SystemTime='2013-10-04T16:14:45.500000000Z'/><EventRecordID>244362</EventRecordID><Correlation/><Execution ProcessID='4' ThreadID='60'/><Channel>System</Channel><Computer>vakintsev.argus.nio1.loniis</Computer><Security/></System><EventData><Data Name='NewTime'>2013-10-04T16:14:45.500000000Z</Data><Data Name='OldTime'>2013-10-04T16:14:47.368404700Z</Data></EventData></Event>
<Event xmlns='http://schemas.microsoft.com/win/2004/08/events/event'><System><Provider Name='Microsoft-Windows-Kernel-General' Guid='{A68CA8B7-004F-D7B6-A698-07E2DE0F1F5D}'/><EventID>1</EventID><Version>0</Version><Level>4</Level><Task>0</Task><Opcode>0</Opcode><Keywords>0x8000000000000010</Keywords><TimeCreated SystemTime='2013-10-07T07:57:53.501000000Z'/><EventRecordID>244363</EventRecordID><Correlation/><Execution ProcessID='4' ThreadID='60'/><Channel>System</Channel><Computer>vakintsev.argus.nio1.loniis</Computer><Security/></System><EventData><Data Name='NewTime'>2013-10-07T07:57:53.500000000Z</Data><Data Name='OldTime'>2013-10-04T16:14:45.550002900Z</Data></EventData></Event>
<Event xmlns='http://schemas.microsoft.com/win/2004/08/events/event'><System><Provider Name='Microsoft-Windows-Kernel-General' Guid='{A68CA8B7-004F-D7B6-A698-07E2DE0F1F5D}'/><EventID>12</EventID><Version>0</Version><Level>4</Level><Task>0</Task><Opcode>0</Opcode><Keywords>0x8000000000000000</Keywords><TimeCreated SystemTime='2013-10-07T08:01:36.734000400Z'/><EventRecordID>244381</EventRecordID><Correlation/><Execution ProcessID='4' ThreadID='8'/><Channel>System</Channel><Computer>vakintsev.argus.nio1.loniis</Computer><Security UserID='S-1-5-18'/></System><EventData><Data Name='MajorVersion'>6</Data><Data Name='MinorVersion'>1</Data><Data Name='BuildVersion'>7601</Data><Data Name='QfeVersion'>18229</Data><Data Name='ServiceVersion'>1</Data><Data Name='BootMode'>0</Data><Data Name='StartTime'>2013-10-07T08:01:36.125599300Z</Data></EventData></Event>
<Event xmlns='http://schemas.microsoft.com/win/2004/08/events/event'><System><Provider Name='Microsoft-Windows-Kernel-General' Guid='{A68CA8B7-004F-D7B6-A698-07E2DE0F1F5D}'/><EventID>1</EventID><Version>0</Version><Level>4</Level><Task>0</Task><Opcode>0</Opcode><Keywords>0x8000000000000010</Keywords><TimeCreated SystemTime='2013-10-07T16:32:04.500000000Z'/><EventRecordID>244659</EventRecordID><Correlation/><Execution ProcessID='4' ThreadID='60'/><Channel>System</Channel><Computer>vakintsev.argus.nio1.loniis</Computer><Security/></System><EventData><Data Name='NewTime'>2013-10-07T16:32:04.500000000Z</Data><Data Name='OldTime'>2013-10-07T16:32:07.080792300Z</Data></EventData></Event>
<Event xmlns='http://schemas.microsoft.com/win/2004/08/events/event'><System><Provider Name='Microsoft-Windows-Kernel-General' Guid='{A68CA8B7-004F-D7B6-A698-07E2DE0F1F5D}'/><EventID>1</EventID><Version>0</Version><Level>4</Level><Task>0</Task><Opcode>0</Opcode><Keywords>0x8000000000000010</Keywords><TimeCreated SystemTime='2013-10-08T07:24:33.501000000Z'/><EventRecordID>244660</EventRecordID><Correlation/><Execution ProcessID='4' ThreadID='60'/><Channel>System</Channel><Computer>vakintsev.argus.nio1.loniis</Computer><Security/></System><EventData><Data Name='NewTime'>2013-10-08T07:24:33.500000000Z</Data><Data Name='OldTime'>2013-10-07T16:32:04.563003600Z</Data></EventData></Event>
<Event xmlns='http://schemas.microsoft.com/win/2004/08/events/event'><System><Provider Name='Microsoft-Windows-Kernel-General' Guid='{A68CA8B7-004F-D7B6-A698-07E2DE0F1F5D}'/><EventID>1</EventID><Version>0</Version><Level>4</Level><Task>0</Task><Opcode>0</Opcode><Keywords>0x8000000000000010</Keywords><TimeCreated SystemTime='2013-10-08T16:37:53.500000000Z'/><EventRecordID>244829</EventRecordID><Correlation/><Execution ProcessID='4' ThreadID='8040'/><Channel>System</Channel><Computer>vakintsev.argus.nio1.loniis</Computer><Security/></System><EventData><Data Name='NewTime'>2013-10-08T16:37:53.500000000Z</Data><Data Name='OldTime'>2013-10-08T16:37:55.703057400Z</Data></EventData></Event>
<Event xmlns='http://schemas.microsoft.com/win/2004/08/events/event'><System><Provider Name='Microsoft-Windows-Kernel-General' Guid='{A68CA8B7-004F-D7B6-A698-07E2DE0F1F5D}'/><EventID>1</EventID><Version>0</Version><Level>4</Level><Task>0</Task><Opcode>0</Opcode><Keywords>0x8000000000000010</Keywords><TimeCreated SystemTime='2013-10-08T16:39:09.501000100Z'/><EventRecordID>244830</EventRecordID><Correlation/><Execution ProcessID='4' ThreadID='8040'/><Channel>System</Channel><Computer>vakintsev.argus.nio1.loniis</Computer><Security/></System><EventData><Data Name='NewTime'>2013-10-08T16:39:09.500000000Z</Data><Data Name='OldTime'>2013-10-08T16:37:53.554003000Z</Data></EventData></Event>
<Event xmlns='http://schemas.microsoft.com/win/2004/08/events/event'><System><Provider Name='Microsoft-Windows-Kernel-General' Guid='{A68CA8B7-004F-D7B6-A698-07E2DE0F1F5D}'/><EventID>1</EventID><Version>0</Version><Level>4</Level><Task>0</Task><Opcode>0</Opcode><Keywords>0x8000000000000010</Keywords><TimeCreated SystemTime='2013-10-09T07:48:40.501000000Z'/><EventRecordID>244851</EventRecordID><Correlation/><Execution ProcessID='4' ThreadID='64'/><Channel>System</Channel><Computer>vakintsev.argus.nio1.loniis</Computer><Security/></System><EventData><Data Name='NewTime'>2013-10-09T07:48:40.500000000Z</Data><Data Name='OldTime'>2013-10-08T17:06:04.159353300Z</Data></EventData></Event>
<Event xmlns='http://schemas.microsoft.com/win/2004/08/events/event'><System><Provider Name='Microsoft-Windows-Kernel-General' Guid='{A68CA8B7-004F-D7B6-A698-07E2DE0F1F5D}'/><EventID>1</EventID><Version>0</Version><Level>4</Level><Task>0</Task><Opcode>0</Opcode><Keywords>0x8000000000000010</Keywords><TimeCreated SystemTime='2013-10-09T17:21:05.500000000Z'/><EventRecordID>245091</EventRecordID><Correlation/><Execution ProcessID='4' ThreadID='56'/><Channel>System</Channel><Computer>vakintsev.argus.nio1.loniis</Computer><Security/></System><EventData><Data Name='NewTime'>2013-10-09T17:21:05.500000000Z</Data><Data Name='OldTime'>2013-10-09T17:21:08.399587500Z</Data></EventData></Event>
<Event xmlns='http://schemas.microsoft.com/win/2004/08/events/event'><System><Provider Name='Microsoft-Windows-Kernel-General' Guid='{A68CA8B7-004F-D7B6-A698-07E2DE0F1F5D}'/><EventID>1</EventID><Version>0</Version><Level>4</Level><Task>0</Task><Opcode>0</Opcode><Keywords>0x8000000000000010</Keywords><TimeCreated SystemTime='2013-10-10T07:42:02.501000100Z'/><EventRecordID>245092</EventRecordID><Correlation/><Execution ProcessID='4' ThreadID='56'/><Channel>System</Channel><Computer>vakintsev.argus.nio1.loniis</Computer><Security/></System><EventData><Data Name='NewTime'>2013-10-10T07:42:02.500000000Z</Data><Data Name='OldTime'>2013-10-09T17:21:05.562003500Z</Data></EventData></Event>
<Event xmlns='http://schemas.microsoft.com/win/2004/08/events/event'><System><Provider Name='Microsoft-Windows-Kernel-General' Guid='{A68CA8B7-004F-D7B6-A698-07E2DE0F1F5D}'/><EventID>1</EventID><Version>0</Version><Level>4</Level><Task>0</Task><Opcode>0</Opcode><Keywords>0x8000000000000010</Keywords><TimeCreated SystemTime='2013-10-10T14:26:13.500000000Z'/><EventRecordID>245192</EventRecordID><Correlation/><Execution ProcessID='4' ThreadID='64'/><Channel>System</Channel><Computer>vakintsev.argus.nio1.loniis</Computer><Security/></System><EventData><Data Name='NewTime'>2013-10-10T14:26:13.500000000Z</Data><Data Name='OldTime'>2013-10-10T14:26:15.299180800Z</Data></EventData></Event>
<Event xmlns='http://schemas.microsoft.com/win/2004/08/events/event'><System><Provider Name='Microsoft-Windows-Kernel-General' Guid='{A68CA8B7-004F-D7B6-A698-07E2DE0F1F5D}'/><EventID>1</EventID><Version>0</Version><Level>4</Level><Task>0</Task><Opcode>0</Opcode><Keywords>0x8000000000000010</Keywords><TimeCreated SystemTime='2013-10-11T07:33:04.501000000Z'/><EventRecordID>245193</EventRecordID><Correlation/><Execution ProcessID='4' ThreadID='64'/><Channel>System</Channel><Computer>vakintsev.argus.nio1.loniis</Computer><Security/></System><EventData><Data Name='NewTime'>2013-10-11T07:33:04.500000000Z</Data><Data Name='OldTime'>2013-10-10T14:26:13.556003200Z</Data></EventData></Event>
<Event xmlns='http://schemas.microsoft.com/win/2004/08/events/event'><System><Provider Name='Microsoft-Windows-Kernel-General' Guid='{A68CA8B7-004F-D7B6-A698-07E2DE0F1F5D}'/><EventID>1</EventID><Version>0</Version><Level>4</Level><Task>0</Task><Opcode>0</Opcode><Keywords>0x8000000000000010</Keywords><TimeCreated SystemTime='2013-10-11T16:53:22.500000000Z'/><EventRecordID>245399</EventRecordID><Correlation/><Execution ProcessID='4' ThreadID='68'/><Channel>System</Channel><Computer>vakintsev.argus.nio1.loniis</Computer><Security/></System><EventData><Data Name='NewTime'>2013-10-11T16:53:22.500000000Z</Data><Data Name='OldTime'>2013-10-11T16:53:25.229995700Z</Data></EventData></Event>
<Event xmlns='http://schemas.microsoft.com/win/2004/08/events/event'><System><Provider Name='Microsoft-Windows-Kernel-General' Guid='{A68CA8B7-004F-D7B6-A698-07E2DE0F1F5D}'/><EventID>1</EventID><Version>0</Version><Level>4</Level><Task>0</Task><Opcode>0</Opcode><Keywords>0x8000000000000010</Keywords><TimeCreated SystemTime='2013-10-12T10:03:54.501000000Z'/><EventRecordID>245400</EventRecordID><Correlation/><Execution ProcessID='4' ThreadID='68'/><Channel>System</Channel><Computer>vakintsev.argus.nio1.loniis</Computer><Security/></System><EventData><Data Name='NewTime'>2013-10-12T10:03:54.500000000Z</Data><Data Name='OldTime'>2013-10-11T16:53:22.576004400Z</Data></EventData></Event>
<Event xmlns='http://schemas.microsoft.com/win/2004/08/events/event'><System><Provider Name='Microsoft-Windows-Kernel-General' Guid='{A68CA8B7-004F-D7B6-A698-07E2DE0F1F5D}'/><EventID>1</EventID><Version>0</Version><Level>4</Level><Task>0</Task><Opcode>0</Opcode><Keywords>0x8000000000000010</Keywords><TimeCreated SystemTime='2013-10-12T14:53:01.500000000Z'/><EventRecordID>245495</EventRecordID><Correlation/><Execution ProcessID='4' ThreadID='56'/><Channel>System</Channel><Computer>vakintsev.argus.nio1.loniis</Computer><Security/></System><EventData><Data Name='NewTime'>2013-10-12T14:53:01.500000000Z</Data><Data Name='OldTime'>2013-10-12T14:53:02.797265800Z</Data></EventData></Event>
<Event xmlns='http://schemas.microsoft.com/win/2004/08/events/event'><System><Provider Name='Microsoft-Windows-Kernel-General' Guid='{A68CA8B7-004F-D7B6-A698-07E2DE0F1F5D}'/><EventID>1</EventID><Version>0</Version><Level>4</Level><Task>0</Task><Opcode>0</Opcode><Keywords>0x8000000000000010</Keywords><TimeCreated SystemTime='2013-10-14T07:10:54.501000000Z'/><EventRecordID>245496</EventRecordID><Correlation/><Execution ProcessID='4' ThreadID='56'/><Channel>System</Channel><Computer>vakintsev.argus.nio1.loniis</Computer><Security/></System><EventData><Data Name='NewTime'>2013-10-14T07:10:54.500000000Z</Data><Data Name='OldTime'>2013-10-12T14:53:01.560003500Z</Data></EventData></Event>
<Event xmlns='http://schemas.microsoft.com/win/2004/08/events/event'><System><Provider Name='Microsoft-Windows-Kernel-General' Guid='{A68CA8B7-004F-D7B6-A698-07E2DE0F1F5D}'/><EventID>1</EventID><Version>0</Version><Level>4</Level><Task>0</Task><Opcode>0</Opcode><Keywords>0x8000000000000010</Keywords><TimeCreated SystemTime='2013-10-14T15:24:56.500000000Z'/><EventRecordID>245666</EventRecordID><Correlation/><Execution ProcessID='4' ThreadID='48'/><Channel>System</Channel><Computer>vakintsev.argus.nio1.loniis</Computer><Security/></System><EventData><Data Name='NewTime'>2013-10-14T15:24:56.500000000Z</Data><Data Name='OldTime'>2013-10-14T15:24:58.797556800Z</Data></EventData></Event>
<Event xmlns='http://schemas.microsoft.com/win/2004/08/events/event'><System><Provider Name='Microsoft-Windows-Kernel-General' Guid='{A68CA8B7-004F-D7B6-A698-07E2DE0F1F5D}'/><EventID>1</EventID><Version>0</Version><Level>4</Level><Task>0</Task><Opcode>0</Opcode><Keywords>0x8000000000000010</Keywords><TimeCreated SystemTime='2013-10-15T10:10:10.501000100Z'/><EventRecordID>245667</EventRecordID><Correlation/><Execution ProcessID='4' ThreadID='48'/><Channel>System</Channel><Computer>vakintsev.argus.nio1.loniis</Computer><Security/></System><EventData><Data Name='NewTime'>2013-10-15T10:10:10.500000000Z</Data><Data Name='OldTime'>2013-10-14T15:24:56.553003000Z</Data></EventData></Event>
<Event xmlns='http://schemas.microsoft.com/win/2004/08/events/event'><System><Provider Name='Microsoft-Windows-Kernel-General' Guid='{A68CA8B7-004F-D7B6-A698-07E2DE0F1F5D}'/><EventID>1</EventID><Version>0</Version><Level>4</Level><Task>0</Task><Opcode>0</Opcode><Keywords>0x8000000000000010</Keywords><TimeCreated SystemTime='2013-10-15T18:00:52.500000000Z'/><EventRecordID>245809</EventRecordID><Correlation/><Execution ProcessID='4' ThreadID='68'/><Channel>System</Channel><Computer>vakintsev.argus.nio1.loniis</Computer><Security/></System><EventData><Data Name='NewTime'>2013-10-15T18:00:52.500000000Z</Data><Data Name='OldTime'>2013-10-15T18:00:54.711476500Z</Data></EventData></Event>
<Event xmlns='http://schemas.microsoft.com/win/2004/08/events/event'><System><Provider Name='Microsoft-Windows-Kernel-General' Guid='{A68CA8B7-004F-D7B6-A698-07E2DE0F1F5D}'/><EventID>1</EventID><Version>0</Version><Level>4</Level><Task>0</Task><Opcode>0</Opcode><Keywords>0x8000000000000010</Keywords><TimeCreated SystemTime='2013-10-16T07:10:01.501000000Z'/><EventRecordID>245810</EventRecordID><Correlation/><Execution ProcessID='4' ThreadID='68'/><Channel>System</Channel><Computer>vakintsev.argus.nio1.loniis</Computer><Security/></System><EventData><Data Name='NewTime'>2013-10-16T07:10:01.500000000Z</Data><Data Name='OldTime'>2013-10-15T18:00:52.555003200Z</Data></EventData></Event>
<Event xmlns='http://schemas.microsoft.com/win/2004/08/events/event'><System><Provider Name='Microsoft-Windows-Kernel-General' Guid='{A68CA8B7-004F-D7B6-A698-07E2DE0F1F5D}'/><EventID>1</EventID><Version>0</Version><Level>4</Level><Task>0</Task><Opcode>0</Opcode><Keywords>0x8000000000000010</Keywords><TimeCreated SystemTime='2013-10-16T14:28:13.500000000Z'/><EventRecordID>245931</EventRecordID><Correlation/><Execution ProcessID='4' ThreadID='48'/><Channel>System</Channel><Computer>vakintsev.argus.nio1.loniis</Computer><Security/></System><EventData><Data Name='NewTime'>2013-10-16T14:28:13.500000000Z</Data><Data Name='OldTime'>2013-10-16T14:28:15.577935200Z</Data></EventData></Event>
<Event xmlns='http://schemas.microsoft.com/win/2004/08/events/event'><System><Provider Name='Microsoft-Windows-Kernel-General' Guid='{A68CA8B7-004F-D7B6-A698-07E2DE0F1F5D}'/><EventID>1</EventID><Version>0</Version><Level>4</Level><Task>0</Task><Opcode>0</Opcode><Keywords>0x8000000000000010</Keywords><TimeCreated SystemTime='2013-10-17T06:30:21.500000000Z'/><EventRecordID>245932</EventRecordID><Correlation/><Execution ProcessID='4' ThreadID='48'/><Channel>System</Channel><Computer>vakintsev.argus.nio1.loniis</Computer><Security/></System><EventData><Data Name='NewTime'>2013-10-17T06:30:21.500000000Z</Data><Data Name='OldTime'>2013-10-16T14:28:13.553003000Z</Data></EventData></Event>
<Event xmlns='http://schemas.microsoft.com/win/2004/08/events/event'><System><Provider Name='Microsoft-Windows-Kernel-General' Guid='{A68CA8B7-004F-D7B6-A698-07E2DE0F1F5D}'/><EventID>1</EventID><Version>0</Version><Level>4</Level><Task>0</Task><Opcode>0</Opcode><Keywords>0x8000000000000010</Keywords><TimeCreated SystemTime='2013-10-17T13:28:53.500000000Z'/><EventRecordID>246079</EventRecordID><Correlation/><Execution ProcessID='4' ThreadID='44'/><Channel>System</Channel><Computer>vakintsev.argus.nio1.loniis</Computer><Security/></System><EventData><Data Name='NewTime'>2013-10-17T13:28:53.500000000Z</Data><Data Name='OldTime'>2013-10-17T13:28:54.853401700Z</Data></EventData></Event>
<Event xmlns='http://schemas.microsoft.com/win/2004/08/events/event'><System><Provider Name='Microsoft-Windows-Kernel-General' Guid='{A68CA8B7-004F-D7B6-A698-07E2DE0F1F5D}'/><EventID>1</EventID><Version>0</Version><Level>4</Level><Task>0</Task><Opcode>0</Opcode><Keywords>0x8000000000000010</Keywords><TimeCreated SystemTime='2013-10-18T07:49:26.501000000Z'/><EventRecordID>246080</EventRecordID><Correlation/><Execution ProcessID='4' ThreadID='44'/><Channel>System</Channel><Computer>vakintsev.argus.nio1.loniis</Computer><Security/></System><EventData><Data Name='NewTime'>2013-10-18T07:49:26.500000000Z</Data><Data Name='OldTime'>2013-10-17T13:28:53.573004200Z</Data></EventData></Event>
<Event xmlns='http://schemas.microsoft.com/win/2004/08/events/event'><System><Provider Name='Microsoft-Windows-Kernel-General' Guid='{A68CA8B7-004F-D7B6-A698-07E2DE0F1F5D}'/><EventID>1</EventID><Version>0</Version><Level>4</Level><Task>0</Task><Opcode>0</Opcode><Keywords>0x8000000000000010</Keywords><TimeCreated SystemTime='2013-10-18T17:26:19.500000000Z'/><EventRecordID>246235</EventRecordID><Correlation/><Execution ProcessID='4' ThreadID='56'/><Channel>System</Channel><Computer>vakintsev.argus.nio1.loniis</Computer><Security/></System><EventData><Data Name='NewTime'>2013-10-18T17:26:19.500000000Z</Data><Data Name='OldTime'>2013-10-18T17:26:22.130900800Z</Data></EventData></Event>
<Event xmlns='http://schemas.microsoft.com/win/2004/08/events/event'><System><Provider Name='Microsoft-Windows-Kernel-General' Guid='{A68CA8B7-004F-D7B6-A698-07E2DE0F1F5D}'/><EventID>1</EventID><Version>0</Version><Level>4</Level><Task>0</Task><Opcode>0</Opcode><Keywords>0x8000000000000010</Keywords><TimeCreated SystemTime='2013-10-19T10:01:10.501000100Z'/><EventRecordID>246236</EventRecordID><Correlation/><Execution ProcessID='4' ThreadID='56'/><Channel>System</Channel><Computer>vakintsev.argus.nio1.loniis</Computer><Security/></System><EventData><Data Name='NewTime'>2013-10-19T10:01:10.500000000Z</Data><Data Name='OldTime'>2013-10-18T17:26:19.560003400Z</Data></EventData></Event>
<Event xmlns='http://schemas.microsoft.com/win/2004/08/events/event'><System><Provider Name='Microsoft-Windows-Kernel-General' Guid='{A68CA8B7-004F-D7B6-A698-07E2DE0F1F5D}'/><EventID>1</EventID><Version>0</Version><Level>4</Level><Task>0</Task><Opcode>0</Opcode><Keywords>0x8000000000000010</Keywords><TimeCreated SystemTime='2013-10-21T07:25:11.501000100Z'/><EventRecordID>246341</EventRecordID><Correlation/><Execution ProcessID='4' ThreadID='48'/><Channel>System</Channel><Computer>vakintsev.argus.nio1.loniis</Computer><Security/></System><EventData><Data Name='NewTime'>2013-10-21T07:25:11.500000000Z</Data><Data Name='OldTime'>2013-10-19T14:49:32.312607100Z</Data></EventData></Event>
<Event xmlns='http://schemas.microsoft.com/win/2004/08/events/event'><System><Provider Name='Microsoft-Windows-Kernel-General' Guid='{A68CA8B7-004F-D7B6-A698-07E2DE0F1F5D}'/><EventID>1</EventID><Version>0</Version><Level>4</Level><Task>0</Task><Opcode>0</Opcode><Keywords>0x8000000000000010</Keywords><TimeCreated SystemTime='2013-10-21T17:40:11.500000000Z'/><EventRecordID>246574</EventRecordID><Correlation/><Execution ProcessID='4' ThreadID='44'/><Channel>System</Channel><Computer>vakintsev.argus.nio1.loniis</Computer><Security/></System><EventData><Data Name='NewTime'>2013-10-21T17:40:11.500000000Z</Data><Data Name='OldTime'>2013-10-21T17:40:13.983701300Z</Data></EventData></Event>
<Event xmlns='http://schemas.microsoft.com/win/2004/08/events/event'><System><Provider Name='Microsoft-Windows-Kernel-General' Guid='{A68CA8B7-004F-D7B6-A698-07E2DE0F1F5D}'/><EventID>1</EventID><Version>0</Version><Level>4</Level><Task>0</Task><Opcode>0</Opcode><Keywords>0x8000000000000010</Keywords><TimeCreated SystemTime='2013-10-22T07:41:42.501000100Z'/><EventRecordID>246575</EventRecordID><Correlation/><Execution ProcessID='4' ThreadID='44'/><Channel>System</Channel><Computer>vakintsev.argus.nio1.loniis</Computer><Security/></System><EventData><Data Name='NewTime'>2013-10-22T07:41:42.500000000Z</Data><Data Name='OldTime'>2013-10-21T17:40:11.575004300Z</Data></EventData></Event>
<Event xmlns='http://schemas.microsoft.com/win/2004/08/events/event'><System><Provider Name='Microsoft-Windows-Kernel-General' Guid='{A68CA8B7-004F-D7B6-A698-07E2DE0F1F5D}'/><EventID>12</EventID><Version>0</Version><Level>4</Level><Task>0</Task><Opcode>0</Opcode><Keywords>0x8000000000000000</Keywords><TimeCreated SystemTime='2013-10-23T08:35:36.796400500Z'/><EventRecordID>246862</EventRecordID><Correlation/><Execution ProcessID='4' ThreadID='8'/><Channel>System</Channel><Computer>vakintsev.argus.nio1.loniis</Computer><Security UserID='S-1-5-18'/></System><EventData><Data Name='MajorVersion'>6</Data><Data Name='MinorVersion'>1</Data><Data Name='BuildVersion'>7601</Data><Data Name='QfeVersion'>18229</Data><Data Name='ServiceVersion'>1</Data><Data Name='BootMode'>0</Data><Data Name='StartTime'>2013-10-23T08:35:36.125599300Z</Data></EventData></Event>
