<Event xmlns='http://schemas.microsoft.com/win/2004/08/events/event'><System><Provider Name='Microsoft-Windows-Kernel-General' Guid='{A68CA8B7-004F-D7B6-A698-07E2DE0F1F5D}'/><EventID>12</EventID><Version>0</Version><Level>4</Level><Task>0</Task><Opcode>0</Opcode><Keywords>0x8000000000000000</Keywords><TimeCreated SystemTime='2013-06-27T15:53:13.780800500Z'/><EventRecordID>228740</EventRecordID><Correlation/><Execution ProcessID='4' ThreadID='8'/><Channel>System</Channel><Computer>vakintsev.argus.nio1.loniis</Computer><Security UserID='S-1-5-18'/></System><EventData><Data Name='MajorVersion'>6</Data><Data Name='MinorVersion'>1</Data><Data Name='BuildVersion'>7601</Data><Data Name='QfeVersion'>18113</Data><Data Name='ServiceVersion'>1</Data><Data Name='BootMode'>0</Data><Data Name='StartTime'>2013-06-27T15:53:13.109999300Z</Data></EventData></Event>
<Event xmlns='http://schemas.microsoft.com/win/2004/08/events/event'><System><Provider Name='Microsoft-Windows-Kernel-General' Guid='{A68CA8B7-004F-D7B6-A698-07E2DE0F1F5D}'/><EventID>1</EventID><Version>0</Version><Level>4</Level><Task>0</Task><Opcode>0</Opcode><Keywords>0x8000000000000010</Keywords><TimeCreated SystemTime='2013-06-27T16:35:47.729000000Z'/><EventRecordID>228883</EventRecordID><Correlation/><Execution ProcessID='408' ThreadID='492'/><Channel>System</Channel><Computer>vakintsev.argus.nio1.loniis</Computer><Security UserID='S-1-5-19'/></System><EventData><Data Name='NewTime'>2013-06-27T16:35:47.729000000Z</Data><Data Name='OldTime'>2013-06-27T16:35:47.729871000Z</Data></EventData></Event>
<Event xmlns='http://schemas.microsoft.com/win/2004/08/events/event'><System><Provider Name='Microsoft-Windows-Kernel-General' Guid='{A68CA8B7-004F-D7B6-A698-07E2DE0F1F5D}'/><EventID>1</EventID><Version>0</Version><Level>4</Level><Task>0</Task><Opcode>0</Opcode><Keywords>0x8000000000000010</Keywords><TimeCreated SystemTime='2013-06-27T16:36:01.500000000Z'/><EventRecordID>228886</EventRecordID><Correlation/><Execution ProcessID='4' ThreadID='64'/><Channel>System</Channel><Computer>vakintsev.argus.nio1.loniis</Computer><Security/></System><EventData><Data Name='NewTime'>2013-06-27T16:36:01.500000000Z</Data><Data Name='OldTime'>2013-06-27T16:36:02.569848800Z</Data></EventData></Event>
<Event xmlns='http://schemas.microsoft.com/win/2004/08/events/event'><System><Provider Name='Microsoft-Windows-Kernel-General' Guid='{A68CA8B7-004F-D7B6-A698-07E2DE0F1F5D}'/><EventID>1</EventID><Version>0</Version><Level>4</Level><Task>0</Task><Opcode>0</Opcode><Keywords>0x8000000000000010</Keywords><TimeCreated SystemTime='2013-06-28T06:55:59.501000100Z'/><EventRecordID>228887</EventRecordID><Correlation/><Execution ProcessID='4' ThreadID='64'/><Channel>System</Channel><Computer>vakintsev.argus.nio1.loniis</Computer><Security/></System><EventData><Data Name='NewTime'>2013-06-28T06:55:59.500000000Z</Data><Data Name='OldTime'>2013-06-27T16:36:01.570004000Z</Data></EventData></Event>
<Event xmlns='http://schemas.microsoft.com/win/2004/08/events/event'><System><Provider Name='Microsoft-Windows-Kernel-General' Guid='{A68CA8B7-004F-D7B6-A698-07E2DE0F1F5D}'/><EventID>1</EventID><Version>0</Version><Level>4</Level><Task>0</Task><Opcode>0</Opcode><Keywords>0x8000000000000010</Keywords><TimeCreated SystemTime='2013-06-28T14:16:35.883000000Z'/><EventRecordID>229029</EventRecordID><Correlation/><Execution ProcessID='408' ThreadID='2320'/><Channel>System</Channel><Computer>vakintsev.argus.nio1.loniis</Computer><Security/></System><EventData><Data Name='NewTime'>2013-06-28T14:16:35.883000000Z</Data><Data Name='OldTime'>2013-06-28T14:16:35.883634900Z</Data></EventData></Event>
<Event xmlns='http://schemas.microsoft.com/win/2004/08/events/event'><System><Provider Name='Microsoft-Windows-Kernel-General' Guid='{A68CA8B7-004F-D7B6-A698-07E2DE0F1F5D}'/><EventID>13</EventID><Version>0</Version><Level>4</Level><Task>0</Task><Opcode>0</Opcode><Keywords>0x8000000000000000</Keywords><TimeCreated SystemTime='2013-06-28T14:16:44.806215600Z'/><EventRecordID>229041</EventRecordID><Correlation/><Execution ProcessID='4' ThreadID='4804'/><Channel>System</Channel><Computer>vakintsev.argus.nio1.loniis</Computer><Security/></System><EventData><Data Name='StopTime'>2013-06-28T14:16:44.806215600Z</Data></EventData></Event>
<Event xmlns='http://schemas.microsoft.com/win/2004/08/events/event'><System><Provider Name='Microsoft-Windows-Kernel-General' Guid='{A68CA8B7-004F-D7B6-A698-07E2DE0F1F5D}'/><EventID>12</EventID><Version>0</Version><Level>4</Level><Task>0</Task><Opcode>0</Opcode><Keywords>0x8000000000000000</Keywords><TimeCreated SystemTime='2013-07-01T06:38:55.780800500Z'/><EventRecordID>229043</EventRecordID><Correlation/><Execution ProcessID='4' ThreadID='8'/><Channel>System</Channel><Computer>vakintsev.argus.nio1.loniis</Computer><Security UserID='S-1-5-18'/></System><EventData><Data Name='MajorVersion'>6</Data><Data Name='MinorVersion'>1</Data><Data Name='BuildVersion'>7601</Data><Data Name='QfeVersion'>18113</Data><Data Name='ServiceVersion'>1</Data><Data Name='BootMode'>0</Data><Data Name='StartTime'>2013-07-01T06:38:55.109999300Z</Data></EventData></Event>
<Event xmlns='http://schemas.microsoft.com/win/2004/08/events/event'><System><Provider Name='Microsoft-Windows-Kernel-General' Guid='{A68CA8B7-004F-D7B6-A698-07E2DE0F1F5D}'/><EventID>1</EventID><Version>0</Version><Level>4</Level><Task>0</Task><Opcode>0</Opcode><Keywords>0x8000000000000010</Keywords><TimeCreated SystemTime='2013-07-01T15:02:36.989000000Z'/><EventRecordID>229331</EventRecordID><Correlation/><Execution ProcessID='396' ThreadID='368'/><Channel>System</Channel><Computer>vakintsev.argus.nio1.loniis</Computer><Security UserID='S-1-5-19'/></System><EventData><Data Name='NewTime'>2013-07-01T15:02:36.989000000Z</Data><Data Name='OldTime'>2013-07-01T15:02:36.989442400Z</Data></EventData></Event>
<Event xmlns='http://schemas.microsoft.com/win/2004/08/events/event'><System><Provider Name='Microsoft-Windows-Kernel-General' Guid='{A68CA8B7-004F-D7B6-A698-07E2DE0F1F5D}'/><EventID>1</EventID><Version>0</Version><Level>4</Level><Task>0</Task><Opcode>0</Opcode><Keywords>0x8000000000000010</Keywords><TimeCreated SystemTime='2013-07-02T06:35:25.502000100Z'/><EventRecordID>229336</EventRecordID><Correlation/><Execution ProcessID='4' ThreadID='68'/><Channel>System</Channel><Computer>vakintsev.argus.nio1.loniis</Computer><Security/></System><EventData><Data Name='NewTime'>2013-07-02T06:35:25.500000000Z</Data><Data Name='OldTime'>2013-07-01T15:02:51.640838000Z</Data></EventData></Event>
<Event xmlns='http://schemas.microsoft.com/win/2004/08/events/event'><System><Provider Name='Microsoft-Windows-Kernel-General' Guid='{A68CA8B7-004F-D7B6-A698-07E2DE0F1F5D}'/><EventID>1</EventID><Version>0</Version><Level>4</Level><Task>0</Task><Opcode>0</Opcode><Keywords>0x8000000000000010</Keywords><TimeCreated SystemTime='2013-07-02T10:44:11.687000000Z'/><EventRecordID>229526</EventRecordID><Correlation/><Execution ProcessID='396' ThreadID='2984'/><Channel>System</Channel><Computer>vakintsev.argus.nio1.loniis</Computer><Security/></System><EventData><Data Name='NewTime'>2013-07-02T10:44:11.687000000Z</Data><Data Name='OldTime'>2013-07-02T10:44:11.687383600Z</Data></EventData></Event>
<Event xmlns='http://schemas.microsoft.com/win/2004/08/events/event'><System><Provider Name='Microsoft-Windows-Kernel-General' Guid='{A68CA8B7-004F-D7B6-A698-07E2DE0F1F5D}'/><EventID>13</EventID><Version>0</Version><Level>4</Level><Task>0</Task><Opcode>0</Opcode><Keywords>0x8000000000000000</Keywords><TimeCreated SystemTime='2013-07-02T10:44:21.702217500Z'/><EventRecordID>229535</EventRecordID><Correlation/><Execution ProcessID='4' ThreadID='6304'/><Channel>System</Channel><Computer>vakintsev.argus.nio1.loniis</Computer><Security/></System><EventData><Data Name='StopTime'>2013-07-02T10:44:21.702217500Z</Data></EventData></Event>
<Event xmlns='http://schemas.microsoft.com/win/2004/08/events/event'><System><Provider Name='Microsoft-Windows-Kernel-General' Guid='{A68CA8B7-004F-D7B6-A698-07E2DE0F1F5D}'/><EventID>12</EventID><Version>0</Version><Level>4</Level><Task>0</Task><Opcode>0</Opcode><Keywords>0x8000000000000000</Keywords><TimeCreated SystemTime='2013-07-02T10:44:41.718400400Z'/><EventRecordID>229536</EventRecordID><Correlation/><Execution ProcessID='4' ThreadID='8'/><Channel>System</Channel><Computer>vakintsev.argus.nio1.loniis</Computer><Security UserID='S-1-5-18'/></System><EventData><Data Name='MajorVersion'>6</Data><Data Name='MinorVersion'>1</Data><Data Name='BuildVersion'>7601</Data><Data Name='QfeVersion'>18113</Data><Data Name='ServiceVersion'>1</Data><Data Name='BootMode'>0</Data><Data Name='StartTime'>2013-07-02T10:44:41.109999300Z</Data></EventData></Event>
<Event xmlns='http://schemas.microsoft.com/win/2004/08/events/event'><System><Provider Name='Microsoft-Windows-Kernel-General' Guid='{A68CA8B7-004F-D7B6-A698-07E2DE0F1F5D}'/><EventID>1</EventID><Version>0</Version><Level>4</Level><Task>0</Task><Opcode>0</Opcode><Keywords>0x8000000000000010</Keywords><TimeCreated SystemTime='2013-07-02T15:28:35.675000000Z'/><EventRecordID>229754</EventRecordID><Correlation/><Execution ProcessID='392' ThreadID='356'/><Channel>System</Channel><Computer>vakintsev.argus.nio1.loniis</Computer><Security UserID='S-1-5-19'/></System><EventData><Data Name='NewTime'>2013-07-02T15:28:35.675000000Z</Data><Data Name='OldTime'>2013-07-02T15:28:35.675249100Z</Data></EventData></Event>
<Event xmlns='http://schemas.microsoft.com/win/2004/08/events/event'><System><Provider Name='Microsoft-Windows-Kernel-General' Guid='{A68CA8B7-004F-D7B6-A698-07E2DE0F1F5D}'/><EventID>1</EventID><Version>0</Version><Level>4</Level><Task>0</Task><Opcode>0</Opcode><Keywords>0x8000000000000010</Keywords><TimeCreated SystemTime='2013-07-03T06:48:33.502000200Z'/><EventRecordID>229757</EventRecordID><Correlation/><Execution ProcessID='4' ThreadID='44'/><Channel>System</Channel><Computer>vakintsev.argus.nio1.loniis</Computer><Security/></System><EventData><Data Name='NewTime'>2013-07-03T06:48:33.500000000Z</Data><Data Name='OldTime'>2013-07-02T15:28:57.105225700Z</Data></EventData></Event>
<Event xmlns='http://schemas.microsoft.com/win/2004/08/events/event'><System><Provider Name='Microsoft-Windows-Kernel-General' Guid='{A68CA8B7-004F-D7B6-A698-07E2DE0F1F5D}'/><EventID>1</EventID><Version>0</Version><Level>4</Level><Task>0</Task><Opcode>0</Opcode><Keywords>0x8000000000000010</Keywords><TimeCreated SystemTime='2013-07-03T16:48:57.653000000Z'/><EventRecordID>229952</EventRecordID><Correlation/><Execution ProcessID='392' ThreadID='356'/><Channel>System</Channel><Computer>vakintsev.argus.nio1.loniis</Computer><Security UserID='S-1-5-19'/></System><EventData><Data Name='NewTime'>2013-07-03T16:48:57.653000000Z</Data><Data Name='OldTime'>2013-07-03T16:48:57.653105700Z</Data></EventData></Event>
<Event xmlns='http://schemas.microsoft.com/win/2004/08/events/event'><System><Provider Name='Microsoft-Windows-Kernel-General' Guid='{A68CA8B7-004F-D7B6-A698-07E2DE0F1F5D}'/><EventID>1</EventID><Version>0</Version><Level>4</Level><Task>0</Task><Opcode>0</Opcode><Keywords>0x8000000000000010</Keywords><TimeCreated SystemTime='2013-07-04T06:41:59.501000000Z'/><EventRecordID>229958</EventRecordID><Correlation/><Execution ProcessID='4' ThreadID='60'/><Channel>System</Channel><Computer>vakintsev.argus.nio1.loniis</Computer><Security/></System><EventData><Data Name='NewTime'>2013-07-04T06:41:59.500000000Z</Data><Data Name='OldTime'>2013-07-03T16:49:34.931132200Z</Data></EventData></Event>
<Event xmlns='http://schemas.microsoft.com/win/2004/08/events/event'><System><Provider Name='Microsoft-Windows-Kernel-General' Guid='{A68CA8B7-004F-D7B6-A698-07E2DE0F1F5D}'/><EventID>1</EventID><Version>0</Version><Level>4</Level><Task>0</Task><Opcode>0</Opcode><Keywords>0x8000000000000010</Keywords><TimeCreated SystemTime='2013-07-04T17:06:56.819000000Z'/><EventRecordID>230094</EventRecordID><Correlation/><Execution ProcessID='392' ThreadID='356'/><Channel>System</Channel><Computer>vakintsev.argus.nio1.loniis</Computer><Security UserID='S-1-5-19'/></System><EventData><Data Name='NewTime'>2013-07-04T17:06:56.819000000Z</Data><Data Name='OldTime'>2013-07-04T17:06:56.819371900Z</Data></EventData></Event>
<Event xmlns='http://schemas.microsoft.com/win/2004/08/events/event'><System><Provider Name='Microsoft-Windows-Kernel-General' Guid='{A68CA8B7-004F-D7B6-A698-07E2DE0F1F5D}'/><EventID>1</EventID><Version>0</Version><Level>4</Level><Task>0</Task><Opcode>0</Opcode><Keywords>0x8000000000000010</Keywords><TimeCreated SystemTime='2013-07-05T07:11:07.501000000Z'/><EventRecordID>230099</EventRecordID><Correlation/><Execution ProcessID='4' ThreadID='60'/><Channel>System</Channel><Computer>vakintsev.argus.nio1.loniis</Computer><Security/></System><EventData><Data Name='NewTime'>2013-07-05T07:11:07.500000000Z</Data><Data Name='OldTime'>2013-07-04T17:07:16.375118600Z</Data></EventData></Event>
<Event xmlns='http://schemas.microsoft.com/win/2004/08/events/event'><System><Provider Name='Microsoft-Windows-Kernel-General' Guid='{A68CA8B7-004F-D7B6-A698-07E2DE0F1F5D}'/><EventID>1</EventID><Version>0</Version><Level>4</Level><Task>0</Task><Opcode>0</Opcode><Keywords>0x8000000000000010</Keywords><TimeCreated SystemTime='2013-07-05T14:52:05.067000000Z'/><EventRecordID>230258</EventRecordID><Correlation/><Execution ProcessID='392' ThreadID='2360'/><Channel>System</Channel><Computer>vakintsev.argus.nio1.loniis</Computer><Security/></System><EventData><Data Name='NewTime'>2013-07-05T14:52:05.067000000Z</Data><Data Name='OldTime'>2013-07-05T14:52:05.114028000Z</Data></EventData></Event>
<Event xmlns='http://schemas.microsoft.com/win/2004/08/events/event'><System><Provider Name='Microsoft-Windows-Kernel-General' Guid='{A68CA8B7-004F-D7B6-A698-07E2DE0F1F5D}'/><EventID>13</EventID><Version>0</Version><Level>4</Level><Task>0</Task><Opcode>0</Opcode><Keywords>0x8000000000000000</Keywords><TimeCreated SystemTime='2013-07-05T14:52:19.746625600Z'/><EventRecordID>230268</EventRecordID><Correlation/><Execution ProcessID='4' ThreadID='32'/><Channel>System</Channel><Computer>vakintsev.argus.nio1.loniis</Computer><Security/></System><EventData><Data Name='StopTime'>2013-07-05T14:52:19.746625600Z</Data></EventData></Event>
<Event xmlns='http://schemas.microsoft.com/win/2004/08/events/event'><System><Provider Name='Microsoft-Windows-Kernel-General' Guid='{A68CA8B7-004F-D7B6-A698-07E2DE0F1F5D}'/><EventID>12</EventID><Version>0</Version><Level>4</Level><Task>0</Task><Opcode>0</Opcode><Keywords>0x8000000000000000</Keywords><TimeCreated SystemTime='2013-07-08T06:36:31.796400500Z'/><EventRecordID>230269</EventRecordID><Correlation/><Execution ProcessID='4' ThreadID='8'/><Channel>System</Channel><Computer>vakintsev.argus.nio1.loniis</Computer><Security UserID='S-1-5-18'/></System><EventData><Data Name='MajorVersion'>6</Data><Data Name='MinorVersion'>1</Data><Data Name='BuildVersion'>7601</Data><Data Name='QfeVersion'>18113</Data><Data Name='ServiceVersion'>1</Data><Data Name='BootMode'>0</Data><Data Name='StartTime'>2013-07-08T06:36:31.125599400Z</Data></EventData></Event>
<Event xmlns='http://schemas.microsoft.com/win/2004/08/events/event'><System><Provider Name='Microsoft-Windows-Kernel-General' Guid='{A68CA8B7-004F-D7B6-A698-07E2DE0F1F5D}'/><EventID>1</EventID><Version>0</Version><Level>4</Level><Task>0</Task><Opcode>0</Opcode><Keywords>0x8000000000000010</Keywords><TimeCreated SystemTime='2013-07-08T17:07:02.725000000Z'/><EventRecordID>230545</EventRecordID><Correlation/><Execution ProcessID='392' ThreadID='356'/><Channel>System</Channel><Computer>vakintsev.argus.nio1.loniis</Computer><Security UserID='S-1-5-19'/></System><EventData><Data Name='NewTime'>2013-07-08T17:07:02.725000000Z</Data><Data Name='OldTime'>2013-07-08T17:07:02.725353400Z</Data></EventData></Event>
<Event xmlns='http://schemas.microsoft.com/win/2004/08/events/event'><System><Provider Name='Microsoft-Windows-Kernel-General' Guid='{A68CA8B7-004F-D7B6-A698-07E2DE0F1F5D}'/><EventID>1</EventID><Version>0</Version><Level>4</Level><Task>0</Task><Opcode>0</Opcode><Keywords>0x8000000000000010</Keywords><TimeCreated SystemTime='2013-07-09T06:40:00.501000100Z'/><EventRecordID>230549</EventRecordID><Correlation/><Execution ProcessID='4' ThreadID='64'/><Channel>System</Channel><Computer>vakintsev.argus.nio1.loniis</Computer><Security/></System><EventData><Data Name='NewTime'>2013-07-09T06:40:00.500000000Z</Data><Data Name='OldTime'>2013-07-08T17:07:23.675198200Z</Data></EventData></Event>
<Event xmlns='http://schemas.microsoft.com/win/2004/08/events/event'><System><Provider Name='Microsoft-Windows-Kernel-General' Guid='{A68CA8B7-004F-D7B6-A698-07E2DE0F1F5D}'/><EventID>1</EventID><Version>0</Version><Level>4</Level><Task>0</Task><Opcode>0</Opcode><Keywords>0x8000000000000010</Keywords><TimeCreated SystemTime='2013-07-09T14:50:22.202000000Z'/><EventRecordID>230697</EventRecordID><Correlation/><Execution ProcessID='392' ThreadID='356'/><Channel>System</Channel><Computer>vakintsev.argus.nio1.loniis</Computer><Security UserID='S-1-5-19'/></System><EventData><Data Name='NewTime'>2013-07-09T14:50:22.202000000Z</Data><Data Name='OldTime'>2013-07-09T14:50:22.202889100Z</Data></EventData></Event>
<Event xmlns='http://schemas.microsoft.com/win/2004/08/events/event'><System><Provider Name='Microsoft-Windows-Kernel-General' Guid='{A68CA8B7-004F-D7B6-A698-07E2DE0F1F5D}'/><EventID>1</EventID><Version>0</Version><Level>4</Level><Task>0</Task><Opcode>0</Opcode><Keywords>0x8000000000000010</Keywords><TimeCreated SystemTime='2013-07-10T06:38:16.501000000Z'/><EventRecordID>230702</EventRecordID><Correlation/><Execution ProcessID='4' ThreadID='884'/><Channel>System</Channel><Computer>vakintsev.argus.nio1.loniis</Computer><Security/></System><EventData><Data Name='NewTime'>2013-07-10T06:38:16.500000000Z</Data><Data Name='OldTime'>2013-07-09T14:50:38.577936700Z</Data></EventData></Event>
<Event xmlns='http://schemas.microsoft.com/win/2004/08/events/event'><System><Provider Name='Microsoft-Windows-Kernel-General' Guid='{A68CA8B7-004F-D7B6-A698-07E2DE0F1F5D}'/><EventID>1</EventID><Version>0</Version><Level>4</Level><Task>0</Task><Opcode>0</Opcode><Keywords>0x8000000000000010</Keywords><TimeCreated SystemTime='2013-07-10T15:05:22.570000000Z'/><EventRecordID>230981</EventRecordID><Correlation/><Execution ProcessID='392' ThreadID='356'/><Channel>System</Channel><Computer>vakintsev.argus.nio1.loniis</Computer><Security UserID='S-1-5-19'/></System><EventData><Data Name='NewTime'>2013-07-10T15:05:22.570000000Z</Data><Data Name='OldTime'>2013-07-10T15:05:22.570635200Z</Data></EventData></Event>
<Event xmlns='http://schemas.microsoft.com/win/2004/08/events/event'><System><Provider Name='Microsoft-Windows-Kernel-General' Guid='{A68CA8B7-004F-D7B6-A698-07E2DE0F1F5D}'/><EventID>1</EventID><Version>0</Version><Level>4</Level><Task>0</Task><Opcode>0</Opcode><Keywords>0x8000000000000010</Keywords><TimeCreated SystemTime='2013-07-11T06:15:30.501000000Z'/><EventRecordID>230986</EventRecordID><Correlation/><Execution ProcessID='4' ThreadID='884'/><Channel>System</Channel><Computer>vakintsev.argus.nio1.loniis</Computer><Security/></System><EventData><Data Name='NewTime'>2013-07-11T06:15:30.500000000Z</Data><Data Name='OldTime'>2013-07-10T15:06:01.131205600Z</Data></EventData></Event>
<Event xmlns='http://schemas.microsoft.com/win/2004/08/events/event'><System><Provider Name='Microsoft-Windows-Kernel-General' Guid='{A68CA8B7-004F-D7B6-A698-07E2DE0F1F5D}'/><EventID>1</EventID><Version>0</Version><Level>4</Level><Task>0</Task><Opcode>0</Opcode><Keywords>0x8000000000000010</Keywords><TimeCreated SystemTime='2013-07-11T13:51:36.846000000Z'/><EventRecordID>231173</EventRecordID><Correlation/><Execution ProcessID='392' ThreadID='356'/><Channel>System</Channel><Computer>vakintsev.argus.nio1.loniis</Computer><Security UserID='S-1-5-19'/></System><EventData><Data Name='NewTime'>2013-07-11T13:51:36.845000000Z</Data><Data Name='OldTime'>2013-07-11T13:51:36.845404800Z</Data></EventData></Event>
<Event xmlns='http://schemas.microsoft.com/win/2004/08/events/event'><System><Provider Name='Microsoft-Windows-Kernel-General' Guid='{A68CA8B7-004F-D7B6-A698-07E2DE0F1F5D}'/><EventID>1</EventID><Version>0</Version><Level>4</Level><Task>0</Task><Opcode>0</Opcode><Keywords>0x8000000000000010</Keywords><TimeCreated SystemTime='2013-07-12T06:39:04.501000000Z'/><EventRecordID>231178</EventRecordID><Correlation/><Execution ProcessID='4' ThreadID='56'/><Channel>System</Channel><Computer>vakintsev.argus.nio1.loniis</Computer><Security/></System><EventData><Data Name='NewTime'>2013-07-12T06:39:04.500000000Z</Data><Data Name='OldTime'>2013-07-11T13:51:54.387003300Z</Data></EventData></Event>
<Event xmlns='http://schemas.microsoft.com/win/2004/08/events/event'><System><Provider Name='Microsoft-Windows-Kernel-General' Guid='{A68CA8B7-004F-D7B6-A698-07E2DE0F1F5D}'/><EventID>1</EventID><Version>0</Version><Level>4</Level><Task>0</Task><Opcode>0</Opcode><Keywords>0x8000000000000010</Keywords><TimeCreated SystemTime='2013-07-12T14:43:56.498000000Z'/><EventRecordID>231451</EventRecordID><Correlation/><Execution ProcessID='392' ThreadID='4088'/><Channel>System</Channel><Computer>vakintsev.argus.nio1.loniis</Computer><Security/></System><EventData><Data Name='NewTime'>2013-07-12T14:43:56.498000000Z</Data><Data Name='OldTime'>2013-07-12T14:43:56.498040300Z</Data></EventData></Event>
<Event xmlns='http://schemas.microsoft.com/win/2004/08/events/event'><System><Provider Name='Microsoft-Windows-Kernel-General' Guid='{A68CA8B7-004F-D7B6-A698-07E2DE0F1F5D}'/><EventID>13</EventID><Version>0</Version><Level>4</Level><Task>0</Task><Opcode>0</Opcode><Keywords>0x8000000000000000</Keywords><TimeCreated SystemTime='2013-07-12T14:44:14.282031000Z'/><EventRecordID>231462</EventRecordID><Correlation/><Execution ProcessID='4' ThreadID='32'/><Channel>System</Channel><Computer>vakintsev.argus.nio1.loniis</Computer><Security/></System><EventData><Data Name='StopTime'>2013-07-12T14:44:14.282031000Z</Data></EventData></Event>
<Event xmlns='http://schemas.microsoft.com/win/2004/08/events/event'><System><Provider Name='Microsoft-Windows-Kernel-General' Guid='{A68CA8B7-004F-D7B6-A698-07E2DE0F1F5D}'/><EventID>12</EventID><Version>0</Version><Level>4</Level><Task>0</Task><Opcode>0</Opcode><Keywords>0x8000000000000000</Keywords><TimeCreated SystemTime='2013-07-15T06:40:01.718400400Z'/><EventRecordID>231463</EventRecordID><Correlation/><Execution ProcessID='4' ThreadID='8'/><Channel>System</Channel><Computer>vakintsev.argus.nio1.loniis</Computer><Security UserID='S-1-5-18'/></System><EventData><Data Name='MajorVersion'>6</Data><Data Name='MinorVersion'>1</Data><Data Name='BuildVersion'>7601</Data><Data Name='QfeVersion'>18113</Data><Data Name='ServiceVersion'>1</Data><Data Name='BootMode'>0</Data><Data Name='StartTime'>2013-07-15T06:40:01.109999300Z</Data></EventData></Event>
<Event xmlns='http://schemas.microsoft.com/win/2004/08/events/event'><System><Provider Name='Microsoft-Windows-Kernel-General' Guid='{A68CA8B7-004F-D7B6-A698-07E2DE0F1F5D}'/><EventID>1</EventID><Version>0</Version><Level>4</Level><Task>0</Task><Opcode>0</Opcode><Keywords>0x8000000000000010</Keywords><TimeCreated SystemTime='2013-07-15T16:00:20.368000000Z'/><EventRecordID>231807</EventRecordID><Correlation/><Execution ProcessID='364' ThreadID='492'/><Channel>System</Channel><Computer>vakintsev.argus.nio1.loniis</Computer><Security UserID='S-1-5-19'/></System><EventData><Data Name='NewTime'>2013-07-15T16:00:20.367000000Z</Data><Data Name='OldTime'>2013-07-15T16:00:20.367796300Z</Data></EventData></Event>
<Event xmlns='http://schemas.microsoft.com/win/2004/08/events/event'><System><Provider Name='Microsoft-Windows-Kernel-General' Guid='{A68CA8B7-004F-D7B6-A698-07E2DE0F1F5D}'/><EventID>1</EventID><Version>0</Version><Level>4</Level><Task>0</Task><Opcode>0</Opcode><Keywords>0x8000000000000010</Keywords><TimeCreated SystemTime='2013-07-16T06:28:21.501000100Z'/><EventRecordID>231812</EventRecordID><Correlation/><Execution ProcessID='4' ThreadID='68'/><Channel>System</Channel><Computer>vakintsev.argus.nio1.loniis</Computer><Security/></System><EventData><Data Name='NewTime'>2013-07-16T06:28:21.500000000Z</Data><Data Name='OldTime'>2013-07-15T16:01:19.383375500Z</Data></EventData></Event>
<Event xmlns='http://schemas.microsoft.com/win/2004/08/events/event'><System><Provider Name='Microsoft-Windows-Kernel-General' Guid='{A68CA8B7-004F-D7B6-A698-07E2DE0F1F5D}'/><EventID>1</EventID><Version>0</Version><Level>4</Level><Task>0</Task><Opcode>0</Opcode><Keywords>0x8000000000000010</Keywords><TimeCreated SystemTime='2013-07-16T10:48:14.519000000Z'/><EventRecordID>231973</EventRecordID><Correlation/><Execution ProcessID='364' ThreadID='2628'/><Channel>System</Channel><Computer>vakintsev.argus.nio1.loniis</Computer><Security UserID='S-1-5-19'/></System><EventData><Data Name='NewTime'>2013-07-16T10:48:14.519000000Z</Data><Data Name='OldTime'>2013-07-16T10:48:14.660094600Z</Data></EventData></Event>
<Event xmlns='http://schemas.microsoft.com/win/2004/08/events/event'><System><Provider Name='Microsoft-Windows-Kernel-General' Guid='{A68CA8B7-004F-D7B6-A698-07E2DE0F1F5D}'/><EventID>13</EventID><Version>0</Version><Level>4</Level><Task>0</Task><Opcode>0</Opcode><Keywords>0x8000000000000000</Keywords><TimeCreated SystemTime='2013-07-16T10:48:27.014621800Z'/><EventRecordID>231985</EventRecordID><Correlation/><Execution ProcessID='4' ThreadID='2612'/><Channel>System</Channel><Computer>vakintsev.argus.nio1.loniis</Computer><Security/></System><EventData><Data Name='StopTime'>2013-07-16T10:48:27.014621800Z</Data></EventData></Event>
<Event xmlns='http://schemas.microsoft.com/win/2004/08/events/event'><System><Provider Name='Microsoft-Windows-Kernel-General' Guid='{A68CA8B7-004F-D7B6-A698-07E2DE0F1F5D}'/><EventID>12</EventID><Version>0</Version><Level>4</Level><Task>0</Task><Opcode>0</Opcode><Keywords>0x8000000000000000</Keywords><TimeCreated SystemTime='2013-07-16T10:48:47.780800500Z'/><EventRecordID>231986</EventRecordID><Correlation/><Execution ProcessID='4' ThreadID='8'/><Channel>System</Channel><Computer>vakintsev.argus.nio1.loniis</Computer><Security UserID='S-1-5-18'/></System><EventData><Data Name='MajorVersion'>6</Data><Data Name='MinorVersion'>1</Data><Data Name='BuildVersion'>7601</Data><Data Name='QfeVersion'>18113</Data><Data Name='ServiceVersion'>1</Data><Data Name='BootMode'>0</Data><Data Name='StartTime'>2013-07-16T10:48:47.109999300Z</Data></EventData></Event>
<Event xmlns='http://schemas.microsoft.com/win/2004/08/events/event'><System><Provider Name='Microsoft-Windows-Kernel-General' Guid='{A68CA8B7-004F-D7B6-A698-07E2DE0F1F5D}'/><EventID>1</EventID><Version>0</Version><Level>4</Level><Task>0</Task><Opcode>0</Opcode><Keywords>0x8000000000000010</Keywords><TimeCreated SystemTime='2013-07-16T15:27:25.500000000Z'/><EventRecordID>232238</EventRecordID><Correlation/><Execution ProcessID='4' ThreadID='52'/><Channel>System</Channel><Computer>vakintsev.argus.nio1.loniis</Computer><Security/></System><EventData><Data Name='NewTime'>2013-07-16T15:27:25.500000000Z</Data><Data Name='OldTime'>2013-07-16T15:27:26.724308900Z</Data></EventData></Event>
<Event xmlns='http://schemas.microsoft.com/win/2004/08/events/event'><System><Provider Name='Microsoft-Windows-Kernel-General' Guid='{A68CA8B7-004F-D7B6-A698-07E2DE0F1F5D}'/><EventID>1</EventID><Version>0</Version><Level>4</Level><Task>0</Task><Opcode>0</Opcode><Keywords>0x8000000000000010</Keywords><TimeCreated SystemTime='2013-07-17T06:46:30.500000000Z'/><EventRecordID>232239</EventRecordID><Correlation/><Execution ProcessID='4' ThreadID='52'/><Channel>System</Channel><Computer>vakintsev.argus.nio1.loniis</Computer><Security/></System><EventData><Data Name='NewTime'>2013-07-17T06:46:30.500000000Z</Data><Data Name='OldTime'>2013-07-16T15:27:25.939025100Z</Data></EventData></Event>
<Event xmlns='http://schemas.microsoft.com/win/2004/08/events/event'><System><Provider Name='Microsoft-Windows-Kernel-General' Guid='{A68CA8B7-004F-D7B6-A698-07E2DE0F1F5D}'/><EventID>1</EventID><Version>0</Version><Level>4</Level><Task>0</Task><Opcode>0</Opcode><Keywords>0x8000000000000010</Keywords><TimeCreated SystemTime='2013-07-17T16:49:10.534000000Z'/><EventRecordID>232411</EventRecordID><Correlation/><Execution ProcessID='340' ThreadID='336'/><Channel>System</Channel><Computer>vakintsev.argus.nio1.loniis</Computer><Security UserID='S-1-5-19'/></System><EventData><Data Name='NewTime'>2013-07-17T16:49:10.534000000Z</Data><Data Name='OldTime'>2013-07-17T16:49:10.534533000Z</Data></EventData></Event>
<Event xmlns='http://schemas.microsoft.com/win/2004/08/events/event'><System><Provider Name='Microsoft-Windows-Kernel-General' Guid='{A68CA8B7-004F-D7B6-A698-07E2DE0F1F5D}'/><EventID>1</EventID><Version>0</Version><Level>4</Level><Task>0</Task><Opcode>0</Opcode><Keywords>0x8000000000000010</Keywords><TimeCreated SystemTime='2013-07-18T07:02:05.501000100Z'/><EventRecordID>232416</EventRecordID><Correlation/><Execution ProcessID='4' ThreadID='60'/><Channel>System</Channel><Computer>vakintsev.argus.nio1.loniis</Computer><Security/></System><EventData><Data Name='NewTime'>2013-07-18T07:02:05.500000000Z</Data><Data Name='OldTime'>2013-07-17T16:49:43.997914000Z</Data></EventData></Event>
<Event xmlns='http://schemas.microsoft.com/win/2004/08/events/event'><System><Provider Name='Microsoft-Windows-Kernel-General' Guid='{A68CA8B7-004F-D7B6-A698-07E2DE0F1F5D}'/><EventID>12</EventID><Version>0</Version><Level>4</Level><Task>0</Task><Opcode>0</Opcode><Keywords>0x8000000000000000</Keywords><TimeCreated SystemTime='2013-07-18T16:29:30.780800500Z'/><EventRecordID>232588</EventRecordID><Correlation/><Execution ProcessID='4' ThreadID='8'/><Channel>System</Channel><Computer>vakintsev.argus.nio1.loniis</Computer><Security UserID='S-1-5-18'/></System><EventData><Data Name='MajorVersion'>6</Data><Data Name='MinorVersion'>1</Data><Data Name='BuildVersion'>7601</Data><Data Name='QfeVersion'>18113</Data><Data Name='ServiceVersion'>1</Data><Data Name='BootMode'>0</Data><Data Name='StartTime'>2013-07-18T16:29:30.109999300Z</Data></EventData></Event>
<Event xmlns='http://schemas.microsoft.com/win/2004/08/events/event'><System><Provider Name='Microsoft-Windows-Kernel-General' Guid='{A68CA8B7-004F-D7B6-A698-07E2DE0F1F5D}'/><EventID>1</EventID><Version>0</Version><Level>4</Level><Task>0</Task><Opcode>0</Opcode><Keywords>0x8000000000000010</Keywords><TimeCreated SystemTime='2013-07-19T06:43:46.501000100Z'/><EventRecordID>232755</EventRecordID><Correlation/><Execution ProcessID='4' ThreadID='60'/><Channel>System</Channel><Computer>vakintsev.argus.nio1.loniis</Computer><Security/></System><EventData><Data Name='NewTime'>2013-07-19T06:43:46.500000000Z</Data><Data Name='OldTime'>2013-07-18T17:04:01.352694700Z</Data></EventData></Event>
<Event xmlns='http://schemas.microsoft.com/win/2004/08/events/event'><System><Provider Name='Microsoft-Windows-Kernel-General' Guid='{A68CA8B7-004F-D7B6-A698-07E2DE0F1F5D}'/><EventID>1</EventID><Version>0</Version><Level>4</Level><Task>0</Task><Opcode>0</Opcode><Keywords>0x8000000000000010</Keywords><TimeCreated SystemTime='2013-07-19T15:30:55.263000000Z'/><EventRecordID>232957</EventRecordID><Correlation/><Execution ProcessID='496' ThreadID='500'/><Channel>System</Channel><Computer>vakintsev.argus.nio1.loniis</Computer><Security UserID='S-1-5-19'/></System><EventData><Data Name='NewTime'>2013-07-19T15:30:55.263000000Z</Data><Data Name='OldTime'>2013-07-19T15:30:55.263378500Z</Data></EventData></Event>
<Event xmlns='http://schemas.microsoft.com/win/2004/08/events/event'><System><Provider Name='Microsoft-Windows-Kernel-General' Guid='{A68CA8B7-004F-D7B6-A698-07E2DE0F1F5D}'/><EventID>1</EventID><Version>0</Version><Level>4</Level><Task>0</Task><Opcode>0</Opcode><Keywords>0x8000000000000010</Keywords><TimeCreated SystemTime='2013-07-21T11:55:45.501000100Z'/><EventRecordID>232963</EventRecordID><Correlation/><Execution ProcessID='4' ThreadID='52'/><Channel>System</Channel><Computer>vakintsev.argus.nio1.loniis</Computer><Security/></System><EventData><Data Name='NewTime'>2013-07-21T11:55:45.500000000Z</Data><Data Name='OldTime'>2013-07-19T15:31:33.850207000Z</Data></EventData></Event>
<Event xmlns='http://schemas.microsoft.com/win/2004/08/events/event'><System><Provider Name='Microsoft-Windows-Kernel-General' Guid='{A68CA8B7-004F-D7B6-A698-07E2DE0F1F5D}'/><EventID>1</EventID><Version>0</Version><Level>4</Level><Task>0</Task><Opcode>0</Opcode><Keywords>0x8000000000000010</Keywords><TimeCreated SystemTime='2013-07-21T18:11:27.503000000Z'/><EventRecordID>233084</EventRecordID><Correlation/><Execution ProcessID='496' ThreadID='500'/><Channel>System</Channel><Computer>vakintsev.argus.nio1.loniis</Computer><Security UserID='S-1-5-19'/></System><EventData><Data Name='NewTime'>2013-07-21T18:11:27.503000000Z</Data><Data Name='OldTime'>2013-07-21T18:11:27.503483700Z</Data></EventData></Event>
<Event xmlns='http://schemas.microsoft.com/win/2004/08/events/event'><System><Provider Name='Microsoft-Windows-Kernel-General' Guid='{A68CA8B7-004F-D7B6-A698-07E2DE0F1F5D}'/><EventID>1</EventID><Version>0</Version><Level>4</Level><Task>0</Task><Opcode>0</Opcode><Keywords>0x8000000000000010</Keywords><TimeCreated SystemTime='2013-07-22T06:48:54.501000100Z'/><EventRecordID>233090</EventRecordID><Correlation/><Execution ProcessID='4' ThreadID='68'/><Channel>System</Channel><Computer>vakintsev.argus.nio1.loniis</Computer><Security/></System><EventData><Data Name='NewTime'>2013-07-22T06:48:54.500000000Z</Data><Data Name='OldTime'>2013-07-21T18:11:58.917796800Z</Data></EventData></Event>
<Event xmlns='http://schemas.microsoft.com/win/2004/08/events/event'><System><Provider Name='Microsoft-Windows-Kernel-General' Guid='{A68CA8B7-004F-D7B6-A698-07E2DE0F1F5D}'/><EventID>12</EventID><Version>0</Version><Level>4</Level><Task>0</Task><Opcode>0</Opcode><Keywords>0x8000000000000000</Keywords><TimeCreated SystemTime='2013-07-22T13:38:20.718400400Z'/><EventRecordID>233248</EventRecordID><Correlation/><Execution ProcessID='4' ThreadID='8'/><Channel>System</Channel><Computer>vakintsev.argus.nio1.loniis</Computer><Security UserID='S-1-5-18'/></System><EventData><Data Name='MajorVersion'>6</Data><Data Name='MinorVersion'>1</Data><Data Name='BuildVersion'>7601</Data><Data Name='QfeVersion'>18113</Data><Data Name='ServiceVersion'>1</Data><Data Name='BootMode'>0</Data><Data Name='StartTime'>2013-07-22T13:38:20.109999300Z</Data></EventData></Event>
<Event xmlns='http://schemas.microsoft.com/win/2004/08/events/event'><System><Provider Name='Microsoft-Windows-Kernel-General' Guid='{A68CA8B7-004F-D7B6-A698-07E2DE0F1F5D}'/><EventID>1</EventID><Version>0</Version><Level>4</Level><Task>0</Task><Opcode>0</Opcode><Keywords>0x8000000000000010</Keywords><TimeCreated SystemTime='2013-07-23T07:29:08.501000100Z'/><EventRecordID>233444</EventRecordID><Correlation/><Execution ProcessID='4' ThreadID='60'/><Channel>System</Channel><Computer>vakintsev.argus.nio1.loniis</Computer><Security/></System><EventData><Data Name='NewTime'>2013-07-23T07:29:08.500000000Z</Data><Data Name='OldTime'>2013-07-22T15:31:15.068026400Z</Data></EventData></Event>
<Event xmlns='http://schemas.microsoft.com/win/2004/08/events/event'><System><Provider Name='Microsoft-Windows-Kernel-General' Guid='{A68CA8B7-004F-D7B6-A698-07E2DE0F1F5D}'/><EventID>1</EventID><Version>0</Version><Level>4</Level><Task>0</Task><Opcode>0</Opcode><Keywords>0x8000000000000010</Keywords><TimeCreated SystemTime='2013-07-23T14:59:53.695000000Z'/><EventRecordID>233674</EventRecordID><Correlation/><Execution ProcessID='512' ThreadID='412'/><Channel>System</Channel><Computer>vakintsev.argus.nio1.loniis</Computer><Security UserID='S-1-5-19'/></System><EventData><Data Name='NewTime'>2013-07-23T14:59:53.695000000Z</Data><Data Name='OldTime'>2013-07-23T14:59:53.695998300Z</Data></EventData></Event>
<Event xmlns='http://schemas.microsoft.com/win/2004/08/events/event'><System><Provider Name='Microsoft-Windows-Kernel-General' Guid='{A68CA8B7-004F-D7B6-A698-07E2DE0F1F5D}'/><EventID>1</EventID><Version>0</Version><Level>4</Level><Task>0</Task><Opcode>0</Opcode><Keywords>0x8000000000000010</Keywords><TimeCreated SystemTime='2013-07-24T06:50:50.501000000Z'/><EventRecordID>233679</EventRecordID><Correlation/><Execution ProcessID='4' ThreadID='68'/><Channel>System</Channel><Computer>vakintsev.argus.nio1.loniis</Computer><Security/></System><EventData><Data Name='NewTime'>2013-07-24T06:50:50.500000000Z</Data><Data Name='OldTime'>2013-07-23T15:00:11.433014600Z</Data></EventData></Event>
<Event xmlns='http://schemas.microsoft.com/win/2004/08/events/event'><System><Provider Name='Microsoft-Windows-Kernel-General' Guid='{A68CA8B7-004F-D7B6-A698-07E2DE0F1F5D}'/><EventID>1</EventID><Version>0</Version><Level>4</Level><Task>0</Task><Opcode>0</Opcode><Keywords>0x8000000000000010</Keywords><TimeCreated SystemTime='2013-07-24T14:36:03.372000000Z'/><EventRecordID>233870</EventRecordID><Correlation/><Execution ProcessID='512' ThreadID='412'/><Channel>System</Channel><Computer>vakintsev.argus.nio1.loniis</Computer><Security UserID='S-1-5-19'/></System><EventData><Data Name='NewTime'>2013-07-24T14:36:03.371000000Z</Data><Data Name='OldTime'>2013-07-24T14:36:03.371716700Z</Data></EventData></Event>
<Event xmlns='http://schemas.microsoft.com/win/2004/08/events/event'><System><Provider Name='Microsoft-Windows-Kernel-General' Guid='{A68CA8B7-004F-D7B6-A698-07E2DE0F1F5D}'/><EventID>1</EventID><Version>0</Version><Level>4</Level><Task>0</Task><Opcode>0</Opcode><Keywords>0x8000000000000010</Keywords><TimeCreated SystemTime='2013-07-25T06:50:50.501000000Z'/><EventRecordID>233875</EventRecordID><Correlation/><Execution ProcessID='4' ThreadID='8168'/><Channel>System</Channel><Computer>vakintsev.argus.nio1.loniis</Computer><Security/></System><EventData><Data Name='NewTime'>2013-07-25T06:50:50.500000000Z</Data><Data Name='OldTime'>2013-07-24T14:36:19.444919400Z</Data></EventData></Event>
<Event xmlns='http://schemas.microsoft.com/win/2004/08/events/event'><System><Provider Name='Microsoft-Windows-Kernel-General' Guid='{A68CA8B7-004F-D7B6-A698-07E2DE0F1F5D}'/><EventID>1</EventID><Version>0</Version><Level>4</Level><Task>0</Task><Opcode>0</Opcode><Keywords>0x8000000000000010</Keywords><TimeCreated SystemTime='2013-07-25T14:54:00.700000000Z'/><EventRecordID>233994</EventRecordID><Correlation/><Execution ProcessID='512' ThreadID='412'/><Channel>System</Channel><Computer>vakintsev.argus.nio1.loniis</Computer><Security UserID='S-1-5-19'/></System><EventData><Data Name='NewTime'>2013-07-25T14:54:00.700000000Z</Data><Data Name='OldTime'>2013-07-25T14:54:00.700585600Z</Data></EventData></Event>
<Event xmlns='http://schemas.microsoft.com/win/2004/08/events/event'><System><Provider Name='Microsoft-Windows-Kernel-General' Guid='{A68CA8B7-004F-D7B6-A698-07E2DE0F1F5D}'/><EventID>1</EventID><Version>0</Version><Level>4</Level><Task>0</Task><Opcode>0</Opcode><Keywords>0x8000000000000010</Keywords><TimeCreated SystemTime='2013-07-26T06:44:07.501000000Z'/><EventRecordID>234000</EventRecordID><Correlation/><Execution ProcessID='4' ThreadID='52'/><Channel>System</Channel><Computer>vakintsev.argus.nio1.loniis</Computer><Security/></System><EventData><Data Name='NewTime'>2013-07-26T06:44:07.500000000Z</Data><Data Name='OldTime'>2013-07-25T14:54:59.712368400Z</Data></EventData></Event>
<Event xmlns='http://schemas.microsoft.com/win/2004/08/events/event'><System><Provider Name='Microsoft-Windows-Kernel-General' Guid='{A68CA8B7-004F-D7B6-A698-07E2DE0F1F5D}'/><EventID>1</EventID><Version>0</Version><Level>4</Level><Task>0</Task><Opcode>0</Opcode><Keywords>0x8000000000000010</Keywords><TimeCreated SystemTime='2013-07-26T14:21:06.796000000Z'/><EventRecordID>234172</EventRecordID><Correlation/><Execution ProcessID='512' ThreadID='2484'/><Channel>System</Channel><Computer>vakintsev.argus.nio1.loniis</Computer><Security/></System><EventData><Data Name='NewTime'>2013-07-26T14:21:06.796000000Z</Data><Data Name='OldTime'>2013-07-26T14:21:06.796780500Z</Data></EventData></Event>
<Event xmlns='http://schemas.microsoft.com/win/2004/08/events/event'><System><Provider Name='Microsoft-Windows-Kernel-General' Guid='{A68CA8B7-004F-D7B6-A698-07E2DE0F1F5D}'/><EventID>13</EventID><Version>0</Version><Level>4</Level><Task>0</Task><Opcode>0</Opcode><Keywords>0x8000000000000000</Keywords><TimeCreated SystemTime='2013-07-26T14:21:18.074819700Z'/><EventRecordID>234184</EventRecordID><Correlation/><Execution ProcessID='4' ThreadID='3540'/><Channel>System</Channel><Computer>vakintsev.argus.nio1.loniis</Computer><Security/></System><EventData><Data Name='StopTime'>2013-07-26T14:21:18.074819700Z</Data></EventData></Event>
<Event xmlns='http://schemas.microsoft.com/win/2004/08/events/event'><System><Provider Name='Microsoft-Windows-Kernel-General' Guid='{A68CA8B7-004F-D7B6-A698-07E2DE0F1F5D}'/><EventID>12</EventID><Version>0</Version><Level>4</Level><Task>0</Task><Opcode>0</Opcode><Keywords>0x8000000000000000</Keywords><TimeCreated SystemTime='2013-07-29T06:43:35.780800500Z'/><EventRecordID>234185</EventRecordID><Correlation/><Execution ProcessID='4' ThreadID='8'/><Channel>System</Channel><Computer>vakintsev.argus.nio1.loniis</Computer><Security UserID='S-1-5-18'/></System><EventData><Data Name='MajorVersion'>6</Data><Data Name='MinorVersion'>1</Data><Data Name='BuildVersion'>7601</Data><Data Name='QfeVersion'>18113</Data><Data Name='ServiceVersion'>1</Data><Data Name='BootMode'>0</Data><Data Name='StartTime'>2013-07-29T06:43:35.109999300Z</Data></EventData></Event>
<Event xmlns='http://schemas.microsoft.com/win/2004/08/events/event'><System><Provider Name='Microsoft-Windows-Kernel-General' Guid='{A68CA8B7-004F-D7B6-A698-07E2DE0F1F5D}'/><EventID>1</EventID><Version>0</Version><Level>4</Level><Task>0</Task><Opcode>0</Opcode><Keywords>0x8000000000000010</Keywords><TimeCreated SystemTime='2013-07-29T15:14:44.205000000Z'/><EventRecordID>234442</EventRecordID><Correlation/><Execution ProcessID='500' ThreadID='504'/><Channel>System</Channel><Computer>vakintsev.argus.nio1.loniis</Computer><Security UserID='S-1-5-19'/></System><EventData><Data Name='NewTime'>2013-07-29T15:14:44.205000000Z</Data><Data Name='OldTime'>2013-07-29T15:14:44.205376500Z</Data></EventData></Event>
<Event xmlns='http://schemas.microsoft.com/win/2004/08/events/event'><System><Provider Name='Microsoft-Windows-Kernel-General' Guid='{A68CA8B7-004F-D7B6-A698-07E2DE0F1F5D}'/><EventID>1</EventID><Version>0</Version><Level>4</Level><Task>0</Task><Opcode>0</Opcode><Keywords>0x8000000000000010</Keywords><TimeCreated SystemTime='2013-07-30T09:07:31.501000100Z'/><EventRecordID>234447</EventRecordID><Correlation/><Execution ProcessID='4' ThreadID='68'/><Channel>System</Channel><Computer>vakintsev.argus.nio1.loniis</Computer><Security/></System><EventData><Data Name='NewTime'>2013-07-30T09:07:31.500000000Z</Data><Data Name='OldTime'>2013-07-29T15:15:22.565194100Z</Data></EventData></Event>
<Event xmlns='http://schemas.microsoft.com/win/2004/08/events/event'><System><Provider Name='Microsoft-Windows-Kernel-General' Guid='{A68CA8B7-004F-D7B6-A698-07E2DE0F1F5D}'/><EventID>1</EventID><Version>0</Version><Level>4</Level><Task>0</Task><Opcode>0</Opcode><Keywords>0x8000000000000010</Keywords><TimeCreated SystemTime='2013-07-30T14:58:57.648000000Z'/><EventRecordID>234610</EventRecordID><Correlation/><Execution ProcessID='500' ThreadID='504'/><Channel>System</Channel><Computer>vakintsev.argus.nio1.loniis</Computer><Security UserID='S-1-5-19'/></System><EventData><Data Name='NewTime'>2013-07-30T14:58:57.648000000Z</Data><Data Name='OldTime'>2013-07-30T14:58:57.649784300Z</Data></EventData></Event>
<Event xmlns='http://schemas.microsoft.com/win/2004/08/events/event'><System><Provider Name='Microsoft-Windows-Kernel-General' Guid='{A68CA8B7-004F-D7B6-A698-07E2DE0F1F5D}'/><EventID>1</EventID><Version>0</Version><Level>4</Level><Task>0</Task><Opcode>0</Opcode><Keywords>0x8000000000000010</Keywords><TimeCreated SystemTime='2013-07-31T05:59:30.501000100Z'/><EventRecordID>234616</EventRecordID><Correlation/><Execution ProcessID='4' ThreadID='44'/><Channel>System</Channel><Computer>vakintsev.argus.nio1.loniis</Computer><Security/></System><EventData><Data Name='NewTime'>2013-07-31T05:59:30.500000000Z</Data><Data Name='OldTime'>2013-07-30T14:59:31.770951700Z</Data></EventData></Event>
<Event xmlns='http://schemas.microsoft.com/win/2004/08/events/event'><System><Provider Name='Microsoft-Windows-Kernel-General' Guid='{A68CA8B7-004F-D7B6-A698-07E2DE0F1F5D}'/><EventID>1</EventID><Version>0</Version><Level>4</Level><Task>0</Task><Opcode>0</Opcode><Keywords>0x8000000000000010</Keywords><TimeCreated SystemTime='2013-07-31T15:07:41.176000000Z'/><EventRecordID>234758</EventRecordID><Correlation/><Execution ProcessID='500' ThreadID='504'/><Channel>System</Channel><Computer>vakintsev.argus.nio1.loniis</Computer><Security UserID='S-1-5-19'/></System><EventData><Data Name='NewTime'>2013-07-31T15:07:41.176000000Z</Data><Data Name='OldTime'>2013-07-31T15:07:41.176813600Z</Data></EventData></Event>
<Event xmlns='http://schemas.microsoft.com/win/2004/08/events/event'><System><Provider Name='Microsoft-Windows-Kernel-General' Guid='{A68CA8B7-004F-D7B6-A698-07E2DE0F1F5D}'/><EventID>1</EventID><Version>0</Version><Level>4</Level><Task>0</Task><Opcode>0</Opcode><Keywords>0x8000000000000010</Keywords><TimeCreated SystemTime='2013-08-01T06:17:33.501000000Z'/><EventRecordID>234763</EventRecordID><Correlation/><Execution ProcessID='4' ThreadID='64'/><Channel>System</Channel><Computer>vakintsev.argus.nio1.loniis</Computer><Security/></System><EventData><Data Name='NewTime'>2013-08-01T06:17:33.500000000Z</Data><Data Name='OldTime'>2013-07-31T15:08:02.576224000Z</Data></EventData></Event>
<Event xmlns='http://schemas.microsoft.com/win/2004/08/events/event'><System><Provider Name='Microsoft-Windows-Kernel-General' Guid='{A68CA8B7-004F-D7B6-A698-07E2DE0F1F5D}'/><EventID>12</EventID><Version>0</Version><Level>4</Level><Task>0</Task><Opcode>0</Opcode><Keywords>0x8000000000000000</Keywords><TimeCreated SystemTime='2013-08-01T07:17:28.796400500Z'/><EventRecordID>234806</EventRecordID><Correlation/><Execution ProcessID='4' ThreadID='8'/><Channel>System</Channel><Computer>vakintsev.argus.nio1.loniis</Computer><Security UserID='S-1-5-18'/></System><EventData><Data Name='MajorVersion'>6</Data><Data Name='MinorVersion'>1</Data><Data Name='BuildVersion'>7601</Data><Data Name='QfeVersion'>18113</Data><Data Name='ServiceVersion'>1</Data><Data Name='BootMode'>0</Data><Data Name='StartTime'>2013-08-01T07:17:28.125599400Z</Data></EventData></Event>
<Event xmlns='http://schemas.microsoft.com/win/2004/08/events/event'><System><Provider Name='Microsoft-Windows-Kernel-General' Guid='{A68CA8B7-004F-D7B6-A698-07E2DE0F1F5D}'/><EventID>12</EventID><Version>0</Version><Level>4</Level><Task>0</Task><Opcode>0</Opcode><Keywords>0x8000000000000000</Keywords><TimeCreated SystemTime='2013-08-01T07:33:42.796400500Z'/><EventRecordID>234944</EventRecordID><Correlation/><Execution ProcessID='4' ThreadID='8'/><Channel>System</Channel><Computer>vakintsev.argus.nio1.loniis</Computer><Security UserID='S-1-5-18'/></System><EventData><Data Name='MajorVersion'>6</Data><Data Name='MinorVersion'>1</Data><Data Name='BuildVersion'>7601</Data><Data Name='QfeVersion'>18113</Data><Data Name='ServiceVersion'>1</Data><Data Name='BootMode'>0</Data><Data Name='StartTime'>2013-08-01T07:33:42.125599400Z</Data></EventData></Event>
<Event xmlns='http://schemas.microsoft.com/win/2004/08/events/event'><System><Provider Name='Microsoft-Windows-Kernel-General' Guid='{A68CA8B7-004F-D7B6-A698-07E2DE0F1F5D}'/><EventID>1</EventID><Version>0</Version><Level>4</Level><Task>0</Task><Opcode>0</Opcode><Keywords>0x8000000000000010</Keywords><TimeCreated SystemTime='2013-08-01T15:17:18.265000000Z'/><EventRecordID>235181</EventRecordID><Correlation/><Execution ProcessID='376' ThreadID='368'/><Channel>System</Channel><Computer>vakintsev.argus.nio1.loniis</Computer><Security UserID='S-1-5-19'/></System><EventData><Data Name='NewTime'>2013-08-01T15:17:18.265000000Z</Data><Data Name='OldTime'>2013-08-01T15:17:18.265643800Z</Data></EventData></Event>
<Event xmlns='http://schemas.microsoft.com/win/2004/08/events/event'><System><Provider Name='Microsoft-Windows-Kernel-General' Guid='{A68CA8B7-004F-D7B6-A698-07E2DE0F1F5D}'/><EventID>1</EventID><Version>0</Version><Level>4</Level><Task>0</Task><Opcode>0</Opcode><Keywords>0x8000000000000010</Keywords><TimeCreated SystemTime='2013-08-02T06:21:42.501000000Z'/><EventRecordID>235184</EventRecordID><Correlation/><Execution ProcessID='4' ThreadID='52'/><Channel>System</Channel><Computer>vakintsev.argus.nio1.loniis</Computer><Security/></System><EventData><Data Name='NewTime'>2013-08-02T06:21:42.500000000Z</Data><Data Name='OldTime'>2013-08-01T15:17:38.017129800Z</Data></EventData></Event>
<Event xmlns='http://schemas.microsoft.com/win/2004/08/events/event'><System><Provider Name='Microsoft-Windows-Kernel-General' Guid='{A68CA8B7-004F-D7B6-A698-07E2DE0F1F5D}'/><EventID>12</EventID><Version>0</Version><Level>4</Level><Task>0</Task><Opcode>0</Opcode><Keywords>0x8000000000000000</Keywords><TimeCreated SystemTime='2013-08-02T06:59:56.796400500Z'/><EventRecordID>235223</EventRecordID><Correlation/><Execution ProcessID='4' ThreadID='8'/><Channel>System</Channel><Computer>vakintsev.argus.nio1.loniis</Computer><Security UserID='S-1-5-18'/></System><EventData><Data Name='MajorVersion'>6</Data><Data Name='MinorVersion'>1</Data><Data Name='BuildVersion'>7601</Data><Data Name='QfeVersion'>18113</Data><Data Name='ServiceVersion'>1</Data><Data Name='BootMode'>0</Data><Data Name='StartTime'>2013-08-02T06:59:56.109999300Z</Data></EventData></Event>
