<Event xmlns='http://schemas.microsoft.com/win/2004/08/events/event'><System><Provider Name='Microsoft-Windows-Security-Auditing' Guid='{54849625-5478-4994-A5BA-3E3B0328C30D}'/><EventID>4624</EventID><Version>0</Version><Level>0</Level><Task>12544</Task><Opcode>0</Opcode><Keywords>0x8020000000000000</Keywords><TimeCreated SystemTime='2013-10-21T11:00:01.608272000Z'/><EventRecordID>130743</EventRecordID><Correlation/><Execution ProcessID='668' ThreadID='10448'/><Channel>Security</Channel><Computer>vakintsev.argus.nio1.loniis</Computer><Security/></System><EventData><Data Name='SubjectUserSid'>S-1-5-18</Data><Data Name='SubjectUserName'>VAKINTSEV$</Data><Data Name='SubjectDomainName'>ARGUS</Data><Data Name='SubjectLogonId'>0x3e7</Data><Data Name='TargetUserSid'>S-1-5-21-1614895754-436374069-839522115-2312</Data><Data Name='TargetUserName'>v.akintsev</Data><Data Name='TargetDomainName'>ARGUS</Data><Data Name='TargetLogonId'>0xddf4f26a</Data><Data Name='LogonType'>7</Data><Data Name='LogonProcessName'>Negotiat</Data><Data Name='AuthenticationPackageName'>Negotiate</Data><Data Name='WorkstationName'>VAKINTSEV</Data><Data Name='LogonGuid'>{A11085DE-6D6C-FDA0-7539-6894B53EF2A9}</Data><Data Name='TransmittedServices'>-</Data><Data Name='LmPackageName'>-</Data><Data Name='KeyLength'>0</Data><Data Name='ProcessId'>0x29c</Data><Data Name='ProcessName'>C:\Windows\System32\lsass.exe</Data><Data Name='IpAddress'>-</Data><Data Name='IpPort'>-</Data></EventData></Event>
<Event xmlns='http://schemas.microsoft.com/win/2004/08/events/event'><System><Provider Name='Microsoft-Windows-Security-Auditing' Guid='{54849625-5478-4994-A5BA-3E3B0328C30D}'/><EventID>4634</EventID><Version>0</Version><Level>0</Level><Task>12545</Task><Opcode>0</Opcode><Keywords>0x8020000000000000</Keywords><TimeCreated SystemTime='2013-10-21T11:00:01.609272100Z'/><EventRecordID>130745</EventRecordID><Correlation/><Execution ProcessID='668' ThreadID='1744'/><Channel>Security</Channel><Computer>vakintsev.argus.nio1.loniis</Computer><Security/></System><EventData><Data Name='TargetUserSid'>S-1-5-21-1614895754-436374069-839522115-2312</Data><Data Name='TargetUserName'>v.akintsev</Data><Data Name='TargetDomainName'>ARGUS</Data><Data Name='TargetLogonId'>0xddf4f26a</Data><Data Name='LogonType'>7</Data></EventData></Event>
<Event xmlns='http://schemas.microsoft.com/win/2004/08/events/event'><System><Provider Name='Microsoft-Windows-Security-Auditing' Guid='{54849625-5478-4994-A5BA-3E3B0328C30D}'/><EventID>4624</EventID><Version>0</Version><Level>0</Level><Task>12544</Task><Opcode>0</Opcode><Keywords>0x8020000000000000</Keywords><TimeCreated SystemTime='2013-10-21T14:38:31.332105300Z'/><EventRecordID>130772</EventRecordID><Correlation/><Execution ProcessID='668' ThreadID='708'/><Channel>Security</Channel><Computer>vakintsev.argus.nio1.loniis</Computer><Security/></System><EventData><Data Name='SubjectUserSid'>S-1-5-18</Data><Data Name='SubjectUserName'>VAKINTSEV$</Data><Data Name='SubjectDomainName'>ARGUS</Data><Data Name='SubjectLogonId'>0x3e7</Data><Data Name='TargetUserSid'>S-1-5-21-1614895754-436374069-839522115-2312</Data><Data Name='TargetUserName'>v.akintsev</Data><Data Name='TargetDomainName'>ARGUS</Data><Data Name='TargetLogonId'>0xe08968b2</Data><Data Name='LogonType'>7</Data><Data Name='LogonProcessName'>User32 </Data><Data Name='AuthenticationPackageName'>Negotiate</Data><Data Name='WorkstationName'>VAKINTSEV</Data><Data Name='LogonGuid'>{00000000-0000-0000-0000-000000000000}</Data><Data Name='TransmittedServices'>-</Data><Data Name='LmPackageName'>-</Data><Data Name='KeyLength'>0</Data><Data Name='ProcessId'>0x25c</Data><Data Name='ProcessName'>C:\Windows\System32\winlogon.exe</Data><Data Name='IpAddress'>127.0.0.1</Data><Data Name='IpPort'>0</Data></EventData></Event>
<Event xmlns='http://schemas.microsoft.com/win/2004/08/events/event'><System><Provider Name='Microsoft-Windows-Security-Auditing' Guid='{54849625-5478-4994-A5BA-3E3B0328C30D}'/><EventID>4634</EventID><Version>0</Version><Level>0</Level><Task>12545</Task><Opcode>0</Opcode><Keywords>0x8020000000000000</Keywords><TimeCreated SystemTime='2013-10-21T14:38:31.333105400Z'/><EventRecordID>130774</EventRecordID><Correlation/><Execution ProcessID='668' ThreadID='10680'/><Channel>Security</Channel><Computer>vakintsev.argus.nio1.loniis</Computer><Security/></System><EventData><Data Name='TargetUserSid'>S-1-5-21-1614895754-436374069-839522115-2312</Data><Data Name='TargetUserName'>v.akintsev</Data><Data Name='TargetDomainName'>ARGUS</Data><Data Name='TargetLogonId'>0xe08968b2</Data><Data Name='LogonType'>7</Data></EventData></Event>
<Event xmlns='http://schemas.microsoft.com/win/2004/08/events/event'><System><Provider Name='Microsoft-Windows-Security-Auditing' Guid='{54849625-5478-4994-A5BA-3E3B0328C30D}'/><EventID>4624</EventID><Version>0</Version><Level>0</Level><Task>12544</Task><Opcode>0</Opcode><Keywords>0x8020000000000000</Keywords><TimeCreated SystemTime='2013-10-21T14:38:31.504115200Z'/><EventRecordID>130776</EventRecordID><Correlation/><Execution ProcessID='668' ThreadID='11084'/><Channel>Security</Channel><Computer>vakintsev.argus.nio1.loniis</Computer><Security/></System><EventData><Data Name='SubjectUserSid'>S-1-5-18</Data><Data Name='SubjectUserName'>VAKINTSEV$</Data><Data Name='SubjectDomainName'>ARGUS</Data><Data Name='SubjectLogonId'>0x3e7</Data><Data Name='TargetUserSid'>S-1-5-21-1614895754-436374069-839522115-2312</Data><Data Name='TargetUserName'>v.akintsev</Data><Data Name='TargetDomainName'>ARGUS</Data><Data Name='TargetLogonId'>0xe08968bf</Data><Data Name='LogonType'>7</Data><Data Name='LogonProcessName'>Negotiat</Data><Data Name='AuthenticationPackageName'>Negotiate</Data><Data Name='WorkstationName'>VAKINTSEV</Data><Data Name='LogonGuid'>{A398E597-7CEA-A039-1239-C7B9B3DC3600}</Data><Data Name='TransmittedServices'>-</Data><Data Name='LmPackageName'>-</Data><Data Name='KeyLength'>0</Data><Data Name='ProcessId'>0x29c</Data><Data Name='ProcessName'>C:\Windows\System32\lsass.exe</Data><Data Name='IpAddress'>-</Data><Data Name='IpPort'>-</Data></EventData></Event>
<Event xmlns='http://schemas.microsoft.com/win/2004/08/events/event'><System><Provider Name='Microsoft-Windows-Security-Auditing' Guid='{54849625-5478-4994-A5BA-3E3B0328C30D}'/><EventID>4634</EventID><Version>0</Version><Level>0</Level><Task>12545</Task><Opcode>0</Opcode><Keywords>0x8020000000000000</Keywords><TimeCreated SystemTime='2013-10-21T14:38:31.504115200Z'/><EventRecordID>130778</EventRecordID><Correlation/><Execution ProcessID='668' ThreadID='708'/><Channel>Security</Channel><Computer>vakintsev.argus.nio1.loniis</Computer><Security/></System><EventData><Data Name='TargetUserSid'>S-1-5-21-1614895754-436374069-839522115-2312</Data><Data Name='TargetUserName'>v.akintsev</Data><Data Name='TargetDomainName'>ARGUS</Data><Data Name='TargetLogonId'>0xe08968bf</Data><Data Name='LogonType'>7</Data></EventData></Event>
<Event xmlns='http://schemas.microsoft.com/win/2004/08/events/event'><System><Provider Name='Microsoft-Windows-Security-Auditing' Guid='{54849625-5478-4994-A5BA-3E3B0328C30D}'/><EventID>4624</EventID><Version>0</Version><Level>0</Level><Task>12544</Task><Opcode>0</Opcode><Keywords>0x8020000000000000</Keywords><TimeCreated SystemTime='2013-10-21T15:02:09.580224500Z'/><EventRecordID>130782</EventRecordID><Correlation/><Execution ProcessID='668' ThreadID='708'/><Channel>Security</Channel><Computer>vakintsev.argus.nio1.loniis</Computer><Security/></System><EventData><Data Name='SubjectUserSid'>S-1-5-18</Data><Data Name='SubjectUserName'>VAKINTSEV$</Data><Data Name='SubjectDomainName'>ARGUS</Data><Data Name='SubjectLogonId'>0x3e7</Data><Data Name='TargetUserSid'>S-1-5-21-1614895754-436374069-839522115-2312</Data><Data Name='TargetUserName'>v.akintsev</Data><Data Name='TargetDomainName'>ARGUS</Data><Data Name='TargetLogonId'>0xe0bcd496</Data><Data Name='LogonType'>7</Data><Data Name='LogonProcessName'>User32 </Data><Data Name='AuthenticationPackageName'>Negotiate</Data><Data Name='WorkstationName'>VAKINTSEV</Data><Data Name='LogonGuid'>{00000000-0000-0000-0000-000000000000}</Data><Data Name='TransmittedServices'>-</Data><Data Name='LmPackageName'>-</Data><Data Name='KeyLength'>0</Data><Data Name='ProcessId'>0x25c</Data><Data Name='ProcessName'>C:\Windows\System32\winlogon.exe</Data><Data Name='IpAddress'>127.0.0.1</Data><Data Name='IpPort'>0</Data></EventData></Event>
<Event xmlns='http://schemas.microsoft.com/win/2004/08/events/event'><System><Provider Name='Microsoft-Windows-Security-Auditing' Guid='{54849625-5478-4994-A5BA-3E3B0328C30D}'/><EventID>4634</EventID><Version>0</Version><Level>0</Level><Task>12545</Task><Opcode>0</Opcode><Keywords>0x8020000000000000</Keywords><TimeCreated SystemTime='2013-10-21T15:02:09.580224500Z'/><EventRecordID>130784</EventRecordID><Correlation/><Execution ProcessID='668' ThreadID='708'/><Channel>Security</Channel><Computer>vakintsev.argus.nio1.loniis</Computer><Security/></System><EventData><Data Name='TargetUserSid'>S-1-5-21-1614895754-436374069-839522115-2312</Data><Data Name='TargetUserName'>v.akintsev</Data><Data Name='TargetDomainName'>ARGUS</Data><Data Name='TargetLogonId'>0xe0bcd496</Data><Data Name='LogonType'>7</Data></EventData></Event>
<Event xmlns='http://schemas.microsoft.com/win/2004/08/events/event'><System><Provider Name='Microsoft-Windows-Security-Auditing' Guid='{54849625-5478-4994-A5BA-3E3B0328C30D}'/><EventID>4624</EventID><Version>0</Version><Level>0</Level><Task>12544</Task><Opcode>0</Opcode><Keywords>0x8020000000000000</Keywords><TimeCreated SystemTime='2013-10-21T15:02:09.618226700Z'/><EventRecordID>130786</EventRecordID><Correlation/><Execution ProcessID='668' ThreadID='8368'/><Channel>Security</Channel><Computer>vakintsev.argus.nio1.loniis</Computer><Security/></System><EventData><Data Name='SubjectUserSid'>S-1-5-18</Data><Data Name='SubjectUserName'>VAKINTSEV$</Data><Data Name='SubjectDomainName'>ARGUS</Data><Data Name='SubjectLogonId'>0x3e7</Data><Data Name='TargetUserSid'>S-1-5-21-1614895754-436374069-839522115-2312</Data><Data Name='TargetUserName'>v.akintsev</Data><Data Name='TargetDomainName'>ARGUS</Data><Data Name='TargetLogonId'>0xe0bcd4b1</Data><Data Name='LogonType'>7</Data><Data Name='LogonProcessName'>Negotiat</Data><Data Name='AuthenticationPackageName'>Negotiate</Data><Data Name='WorkstationName'>VAKINTSEV</Data><Data Name='LogonGuid'>{001195E5-9730-0CD9-319D-9229699578BF}</Data><Data Name='TransmittedServices'>-</Data><Data Name='LmPackageName'>-</Data><Data Name='KeyLength'>0</Data><Data Name='ProcessId'>0x29c</Data><Data Name='ProcessName'>C:\Windows\System32\lsass.exe</Data><Data Name='IpAddress'>-</Data><Data Name='IpPort'>-</Data></EventData></Event>
<Event xmlns='http://schemas.microsoft.com/win/2004/08/events/event'><System><Provider Name='Microsoft-Windows-Security-Auditing' Guid='{54849625-5478-4994-A5BA-3E3B0328C30D}'/><EventID>4634</EventID><Version>0</Version><Level>0</Level><Task>12545</Task><Opcode>0</Opcode><Keywords>0x8020000000000000</Keywords><TimeCreated SystemTime='2013-10-21T15:02:09.618226700Z'/><EventRecordID>130788</EventRecordID><Correlation/><Execution ProcessID='668' ThreadID='708'/><Channel>Security</Channel><Computer>vakintsev.argus.nio1.loniis</Computer><Security/></System><EventData><Data Name='TargetUserSid'>S-1-5-21-1614895754-436374069-839522115-2312</Data><Data Name='TargetUserName'>v.akintsev</Data><Data Name='TargetDomainName'>ARGUS</Data><Data Name='TargetLogonId'>0xe0bcd4b1</Data><Data Name='LogonType'>7</Data></EventData></Event>
<Event xmlns='http://schemas.microsoft.com/win/2004/08/events/event'><System><Provider Name='Microsoft-Windows-Security-Auditing' Guid='{54849625-5478-4994-A5BA-3E3B0328C30D}'/><EventID>4624</EventID><Version>0</Version><Level>0</Level><Task>12544</Task><Opcode>0</Opcode><Keywords>0x8020000000000000</Keywords><TimeCreated SystemTime='2013-10-22T07:42:06.150352800Z'/><EventRecordID>130814</EventRecordID><Correlation/><Execution ProcessID='668' ThreadID='9772'/><Channel>Security</Channel><Computer>vakintsev.argus.nio1.loniis</Computer><Security/></System><EventData><Data Name='SubjectUserSid'>S-1-5-18</Data><Data Name='SubjectUserName'>VAKINTSEV$</Data><Data Name='SubjectDomainName'>ARGUS</Data><Data Name='SubjectLogonId'>0x3e7</Data><Data Name='TargetUserSid'>S-1-5-21-1614895754-436374069-839522115-2312</Data><Data Name='TargetUserName'>v.akintsev</Data><Data Name='TargetDomainName'>ARGUS</Data><Data Name='TargetLogonId'>0xe1ed0439</Data><Data Name='LogonType'>7</Data><Data Name='LogonProcessName'>User32 </Data><Data Name='AuthenticationPackageName'>Negotiate</Data><Data Name='WorkstationName'>VAKINTSEV</Data><Data Name='LogonGuid'>{00000000-0000-0000-0000-000000000000}</Data><Data Name='TransmittedServices'>-</Data><Data Name='LmPackageName'>-</Data><Data Name='KeyLength'>0</Data><Data Name='ProcessId'>0x25c</Data><Data Name='ProcessName'>C:\Windows\System32\winlogon.exe</Data><Data Name='IpAddress'>127.0.0.1</Data><Data Name='IpPort'>0</Data></EventData></Event>
<Event xmlns='http://schemas.microsoft.com/win/2004/08/events/event'><System><Provider Name='Microsoft-Windows-Security-Auditing' Guid='{54849625-5478-4994-A5BA-3E3B0328C30D}'/><EventID>4624</EventID><Version>0</Version><Level>0</Level><Task>12544</Task><Opcode>0</Opcode><Keywords>0x8020000000000000</Keywords><TimeCreated SystemTime='2013-10-22T07:42:06.251358500Z'/><EventRecordID>130817</EventRecordID><Correlation/><Execution ProcessID='668' ThreadID='6608'/><Channel>Security</Channel><Computer>vakintsev.argus.nio1.loniis</Computer><Security/></System><EventData><Data Name='SubjectUserSid'>S-1-5-18</Data><Data Name='SubjectUserName'>VAKINTSEV$</Data><Data Name='SubjectDomainName'>ARGUS</Data><Data Name='SubjectLogonId'>0x3e7</Data><Data Name='TargetUserSid'>S-1-5-21-1614895754-436374069-839522115-2312</Data><Data Name='TargetUserName'>v.akintsev</Data><Data Name='TargetDomainName'>ARGUS</Data><Data Name='TargetLogonId'>0xe1ed08f1</Data><Data Name='LogonType'>7</Data><Data Name='LogonProcessName'>Negotiat</Data><Data Name='AuthenticationPackageName'>Negotiate</Data><Data Name='WorkstationName'>VAKINTSEV</Data><Data Name='LogonGuid'>{C15A8BBE-1FEA-8C52-A759-8D3FA46B816F}</Data><Data Name='TransmittedServices'>-</Data><Data Name='LmPackageName'>-</Data><Data Name='KeyLength'>0</Data><Data Name='ProcessId'>0x29c</Data><Data Name='ProcessName'>C:\Windows\System32\lsass.exe</Data><Data Name='IpAddress'>-</Data><Data Name='IpPort'>-</Data></EventData></Event>
<Event xmlns='http://schemas.microsoft.com/win/2004/08/events/event'><System><Provider Name='Microsoft-Windows-Security-Auditing' Guid='{54849625-5478-4994-A5BA-3E3B0328C30D}'/><EventID>4634</EventID><Version>0</Version><Level>0</Level><Task>12545</Task><Opcode>0</Opcode><Keywords>0x8020000000000000</Keywords><TimeCreated SystemTime='2013-10-22T07:42:06.253358600Z'/><EventRecordID>130819</EventRecordID><Correlation/><Execution ProcessID='668' ThreadID='708'/><Channel>Security</Channel><Computer>vakintsev.argus.nio1.loniis</Computer><Security/></System><EventData><Data Name='TargetUserSid'>S-1-5-21-1614895754-436374069-839522115-2312</Data><Data Name='TargetUserName'>v.akintsev</Data><Data Name='TargetDomainName'>ARGUS</Data><Data Name='TargetLogonId'>0xe1ed0439</Data><Data Name='LogonType'>7</Data></EventData></Event>
<Event xmlns='http://schemas.microsoft.com/win/2004/08/events/event'><System><Provider Name='Microsoft-Windows-Security-Auditing' Guid='{54849625-5478-4994-A5BA-3E3B0328C30D}'/><EventID>4634</EventID><Version>0</Version><Level>0</Level><Task>12545</Task><Opcode>0</Opcode><Keywords>0x8020000000000000</Keywords><TimeCreated SystemTime='2013-10-22T07:42:06.253358600Z'/><EventRecordID>130820</EventRecordID><Correlation/><Execution ProcessID='668' ThreadID='9772'/><Channel>Security</Channel><Computer>vakintsev.argus.nio1.loniis</Computer><Security/></System><EventData><Data Name='TargetUserSid'>S-1-5-21-1614895754-436374069-839522115-2312</Data><Data Name='TargetUserName'>v.akintsev</Data><Data Name='TargetDomainName'>ARGUS</Data><Data Name='TargetLogonId'>0xe1ed08f1</Data><Data Name='LogonType'>7</Data></EventData></Event>
<Event xmlns='http://schemas.microsoft.com/win/2004/08/events/event'><System><Provider Name='Microsoft-Windows-Security-Auditing' Guid='{54849625-5478-4994-A5BA-3E3B0328C30D}'/><EventID>4624</EventID><Version>0</Version><Level>0</Level><Task>12544</Task><Opcode>0</Opcode><Keywords>0x8020000000000000</Keywords><TimeCreated SystemTime='2013-10-22T10:09:35.891529000Z'/><EventRecordID>130864</EventRecordID><Correlation/><Execution ProcessID='668' ThreadID='7452'/><Channel>Security</Channel><Computer>vakintsev.argus.nio1.loniis</Computer><Security/></System><EventData><Data Name='SubjectUserSid'>S-1-5-18</Data><Data Name='SubjectUserName'>VAKINTSEV$</Data><Data Name='SubjectDomainName'>ARGUS</Data><Data Name='SubjectLogonId'>0x3e7</Data><Data Name='TargetUserSid'>S-1-5-21-1614895754-436374069-839522115-2312</Data><Data Name='TargetUserName'>v.akintsev</Data><Data Name='TargetDomainName'>ARGUS</Data><Data Name='TargetLogonId'>0xe5096ccf</Data><Data Name='LogonType'>7</Data><Data Name='LogonProcessName'>User32 </Data><Data Name='AuthenticationPackageName'>Negotiate</Data><Data Name='WorkstationName'>VAKINTSEV</Data><Data Name='LogonGuid'>{00000000-0000-0000-0000-000000000000}</Data><Data Name='TransmittedServices'>-</Data><Data Name='LmPackageName'>-</Data><Data Name='KeyLength'>0</Data><Data Name='ProcessId'>0x25c</Data><Data Name='ProcessName'>C:\Windows\System32\winlogon.exe</Data><Data Name='IpAddress'>127.0.0.1</Data><Data Name='IpPort'>0</Data></EventData></Event>
<Event xmlns='http://schemas.microsoft.com/win/2004/08/events/event'><System><Provider Name='Microsoft-Windows-Security-Auditing' Guid='{54849625-5478-4994-A5BA-3E3B0328C30D}'/><EventID>4634</EventID><Version>0</Version><Level>0</Level><Task>12545</Task><Opcode>0</Opcode><Keywords>0x8020000000000000</Keywords><TimeCreated SystemTime='2013-10-22T10:09:35.891529000Z'/><EventRecordID>130866</EventRecordID><Correlation/><Execution ProcessID='668' ThreadID='7452'/><Channel>Security</Channel><Computer>vakintsev.argus.nio1.loniis</Computer><Security/></System><EventData><Data Name='TargetUserSid'>S-1-5-21-1614895754-436374069-839522115-2312</Data><Data Name='TargetUserName'>v.akintsev</Data><Data Name='TargetDomainName'>ARGUS</Data><Data Name='TargetLogonId'>0xe5096ccf</Data><Data Name='LogonType'>7</Data></EventData></Event>
<Event xmlns='http://schemas.microsoft.com/win/2004/08/events/event'><System><Provider Name='Microsoft-Windows-Security-Auditing' Guid='{54849625-5478-4994-A5BA-3E3B0328C30D}'/><EventID>4624</EventID><Version>0</Version><Level>0</Level><Task>12544</Task><Opcode>0</Opcode><Keywords>0x8020000000000000</Keywords><TimeCreated SystemTime='2013-10-22T10:09:36.050538100Z'/><EventRecordID>130868</EventRecordID><Correlation/><Execution ProcessID='668' ThreadID='9756'/><Channel>Security</Channel><Computer>vakintsev.argus.nio1.loniis</Computer><Security/></System><EventData><Data Name='SubjectUserSid'>S-1-5-18</Data><Data Name='SubjectUserName'>VAKINTSEV$</Data><Data Name='SubjectDomainName'>ARGUS</Data><Data Name='SubjectLogonId'>0x3e7</Data><Data Name='TargetUserSid'>S-1-5-21-1614895754-436374069-839522115-2312</Data><Data Name='TargetUserName'>v.akintsev</Data><Data Name='TargetDomainName'>ARGUS</Data><Data Name='TargetLogonId'>0xe5096cdf</Data><Data Name='LogonType'>7</Data><Data Name='LogonProcessName'>Negotiat</Data><Data Name='AuthenticationPackageName'>Negotiate</Data><Data Name='WorkstationName'>VAKINTSEV</Data><Data Name='LogonGuid'>{4B8BC324-D1DA-8D87-194D-36BE282673CB}</Data><Data Name='TransmittedServices'>-</Data><Data Name='LmPackageName'>-</Data><Data Name='KeyLength'>0</Data><Data Name='ProcessId'>0x29c</Data><Data Name='ProcessName'>C:\Windows\System32\lsass.exe</Data><Data Name='IpAddress'>-</Data><Data Name='IpPort'>-</Data></EventData></Event>
<Event xmlns='http://schemas.microsoft.com/win/2004/08/events/event'><System><Provider Name='Microsoft-Windows-Security-Auditing' Guid='{54849625-5478-4994-A5BA-3E3B0328C30D}'/><EventID>4634</EventID><Version>0</Version><Level>0</Level><Task>12545</Task><Opcode>0</Opcode><Keywords>0x8020000000000000</Keywords><TimeCreated SystemTime='2013-10-22T10:09:36.050538100Z'/><EventRecordID>130870</EventRecordID><Correlation/><Execution ProcessID='668' ThreadID='1744'/><Channel>Security</Channel><Computer>vakintsev.argus.nio1.loniis</Computer><Security/></System><EventData><Data Name='TargetUserSid'>S-1-5-21-1614895754-436374069-839522115-2312</Data><Data Name='TargetUserName'>v.akintsev</Data><Data Name='TargetDomainName'>ARGUS</Data><Data Name='TargetLogonId'>0xe5096cdf</Data><Data Name='LogonType'>7</Data></EventData></Event>
<Event xmlns='http://schemas.microsoft.com/win/2004/08/events/event'><System><Provider Name='Microsoft-Windows-Security-Auditing' Guid='{54849625-5478-4994-A5BA-3E3B0328C30D}'/><EventID>4624</EventID><Version>0</Version><Level>0</Level><Task>12544</Task><Opcode>0</Opcode><Keywords>0x8020000000000000</Keywords><TimeCreated SystemTime='2013-10-22T11:07:48.278282100Z'/><EventRecordID>130913</EventRecordID><Correlation/><Execution ProcessID='668' ThreadID='8012'/><Channel>Security</Channel><Computer>vakintsev.argus.nio1.loniis</Computer><Security/></System><EventData><Data Name='SubjectUserSid'>S-1-5-18</Data><Data Name='SubjectUserName'>VAKINTSEV$</Data><Data Name='SubjectDomainName'>ARGUS</Data><Data Name='SubjectLogonId'>0x3e7</Data><Data Name='TargetUserSid'>S-1-5-21-1614895754-436374069-839522115-2312</Data><Data Name='TargetUserName'>v.akintsev</Data><Data Name='TargetDomainName'>ARGUS</Data><Data Name='TargetLogonId'>0xe65b6173</Data><Data Name='LogonType'>7</Data><Data Name='LogonProcessName'>User32 </Data><Data Name='AuthenticationPackageName'>Negotiate</Data><Data Name='WorkstationName'>VAKINTSEV</Data><Data Name='LogonGuid'>{00000000-0000-0000-0000-000000000000}</Data><Data Name='TransmittedServices'>-</Data><Data Name='LmPackageName'>-</Data><Data Name='KeyLength'>0</Data><Data Name='ProcessId'>0x25c</Data><Data Name='ProcessName'>C:\Windows\System32\winlogon.exe</Data><Data Name='IpAddress'>127.0.0.1</Data><Data Name='IpPort'>0</Data></EventData></Event>
<Event xmlns='http://schemas.microsoft.com/win/2004/08/events/event'><System><Provider Name='Microsoft-Windows-Security-Auditing' Guid='{54849625-5478-4994-A5BA-3E3B0328C30D}'/><EventID>4634</EventID><Version>0</Version><Level>0</Level><Task>12545</Task><Opcode>0</Opcode><Keywords>0x8020000000000000</Keywords><TimeCreated SystemTime='2013-10-22T11:07:48.279282200Z'/><EventRecordID>130915</EventRecordID><Correlation/><Execution ProcessID='668' ThreadID='8012'/><Channel>Security</Channel><Computer>vakintsev.argus.nio1.loniis</Computer><Security/></System><EventData><Data Name='TargetUserSid'>S-1-5-21-1614895754-436374069-839522115-2312</Data><Data Name='TargetUserName'>v.akintsev</Data><Data Name='TargetDomainName'>ARGUS</Data><Data Name='TargetLogonId'>0xe65b6173</Data><Data Name='LogonType'>7</Data></EventData></Event>
<Event xmlns='http://schemas.microsoft.com/win/2004/08/events/event'><System><Provider Name='Microsoft-Windows-Security-Auditing' Guid='{54849625-5478-4994-A5BA-3E3B0328C30D}'/><EventID>4624</EventID><Version>0</Version><Level>0</Level><Task>12544</Task><Opcode>0</Opcode><Keywords>0x8020000000000000</Keywords><TimeCreated SystemTime='2013-10-22T11:07:48.319284400Z'/><EventRecordID>130917</EventRecordID><Correlation/><Execution ProcessID='668' ThreadID='7256'/><Channel>Security</Channel><Computer>vakintsev.argus.nio1.loniis</Computer><Security/></System><EventData><Data Name='SubjectUserSid'>S-1-5-18</Data><Data Name='SubjectUserName'>VAKINTSEV$</Data><Data Name='SubjectDomainName'>ARGUS</Data><Data Name='SubjectLogonId'>0x3e7</Data><Data Name='TargetUserSid'>S-1-5-21-1614895754-436374069-839522115-2312</Data><Data Name='TargetUserName'>v.akintsev</Data><Data Name='TargetDomainName'>ARGUS</Data><Data Name='TargetLogonId'>0xe65b658a</Data><Data Name='LogonType'>7</Data><Data Name='LogonProcessName'>Negotiat</Data><Data Name='AuthenticationPackageName'>Negotiate</Data><Data Name='WorkstationName'>VAKINTSEV</Data><Data Name='LogonGuid'>{8405EBF7-A9FB-A5C9-BEC4-8E9B9C591383}</Data><Data Name='TransmittedServices'>-</Data><Data Name='LmPackageName'>-</Data><Data Name='KeyLength'>0</Data><Data Name='ProcessId'>0x29c</Data><Data Name='ProcessName'>C:\Windows\System32\lsass.exe</Data><Data Name='IpAddress'>-</Data><Data Name='IpPort'>-</Data></EventData></Event>
<Event xmlns='http://schemas.microsoft.com/win/2004/08/events/event'><System><Provider Name='Microsoft-Windows-Security-Auditing' Guid='{54849625-5478-4994-A5BA-3E3B0328C30D}'/><EventID>4634</EventID><Version>0</Version><Level>0</Level><Task>12545</Task><Opcode>0</Opcode><Keywords>0x8020000000000000</Keywords><TimeCreated SystemTime='2013-10-22T11:07:48.320284500Z'/><EventRecordID>130919</EventRecordID><Correlation/><Execution ProcessID='668' ThreadID='1744'/><Channel>Security</Channel><Computer>vakintsev.argus.nio1.loniis</Computer><Security/></System><EventData><Data Name='TargetUserSid'>S-1-5-21-1614895754-436374069-839522115-2312</Data><Data Name='TargetUserName'>v.akintsev</Data><Data Name='TargetDomainName'>ARGUS</Data><Data Name='TargetLogonId'>0xe65b658a</Data><Data Name='LogonType'>7</Data></EventData></Event>
<Event xmlns='http://schemas.microsoft.com/win/2004/08/events/event'><System><Provider Name='Microsoft-Windows-Security-Auditing' Guid='{54849625-5478-4994-A5BA-3E3B0328C30D}'/><EventID>4624</EventID><Version>0</Version><Level>0</Level><Task>12544</Task><Opcode>0</Opcode><Keywords>0x8020000000000000</Keywords><TimeCreated SystemTime='2013-10-22T13:40:40.082879300Z'/><EventRecordID>131019</EventRecordID><Correlation/><Execution ProcessID='668' ThreadID='1744'/><Channel>Security</Channel><Computer>vakintsev.argus.nio1.loniis</Computer><Security/></System><EventData><Data Name='SubjectUserSid'>S-1-5-18</Data><Data Name='SubjectUserName'>VAKINTSEV$</Data><Data Name='SubjectDomainName'>ARGUS</Data><Data Name='SubjectLogonId'>0x3e7</Data><Data Name='TargetUserSid'>S-1-5-21-1614895754-436374069-839522115-2312</Data><Data Name='TargetUserName'>v.akintsev</Data><Data Name='TargetDomainName'>ARGUS</Data><Data Name='TargetLogonId'>0xee2808b8</Data><Data Name='LogonType'>7</Data><Data Name='LogonProcessName'>User32 </Data><Data Name='AuthenticationPackageName'>Negotiate</Data><Data Name='WorkstationName'>VAKINTSEV</Data><Data Name='LogonGuid'>{00000000-0000-0000-0000-000000000000}</Data><Data Name='TransmittedServices'>-</Data><Data Name='LmPackageName'>-</Data><Data Name='KeyLength'>0</Data><Data Name='ProcessId'>0x25c</Data><Data Name='ProcessName'>C:\Windows\System32\winlogon.exe</Data><Data Name='IpAddress'>127.0.0.1</Data><Data Name='IpPort'>0</Data></EventData></Event>
<Event xmlns='http://schemas.microsoft.com/win/2004/08/events/event'><System><Provider Name='Microsoft-Windows-Security-Auditing' Guid='{54849625-5478-4994-A5BA-3E3B0328C30D}'/><EventID>4634</EventID><Version>0</Version><Level>0</Level><Task>12545</Task><Opcode>0</Opcode><Keywords>0x8020000000000000</Keywords><TimeCreated SystemTime='2013-10-22T13:40:40.083879400Z'/><EventRecordID>131021</EventRecordID><Correlation/><Execution ProcessID='668' ThreadID='1744'/><Channel>Security</Channel><Computer>vakintsev.argus.nio1.loniis</Computer><Security/></System><EventData><Data Name='TargetUserSid'>S-1-5-21-1614895754-436374069-839522115-2312</Data><Data Name='TargetUserName'>v.akintsev</Data><Data Name='TargetDomainName'>ARGUS</Data><Data Name='TargetLogonId'>0xee2808b8</Data><Data Name='LogonType'>7</Data></EventData></Event>
<Event xmlns='http://schemas.microsoft.com/win/2004/08/events/event'><System><Provider Name='Microsoft-Windows-Security-Auditing' Guid='{54849625-5478-4994-A5BA-3E3B0328C30D}'/><EventID>4624</EventID><Version>0</Version><Level>0</Level><Task>12544</Task><Opcode>0</Opcode><Keywords>0x8020000000000000</Keywords><TimeCreated SystemTime='2013-10-22T13:40:40.240888300Z'/><EventRecordID>131023</EventRecordID><Correlation/><Execution ProcessID='668' ThreadID='5544'/><Channel>Security</Channel><Computer>vakintsev.argus.nio1.loniis</Computer><Security/></System><EventData><Data Name='SubjectUserSid'>S-1-5-18</Data><Data Name='SubjectUserName'>VAKINTSEV$</Data><Data Name='SubjectDomainName'>ARGUS</Data><Data Name='SubjectLogonId'>0x3e7</Data><Data Name='TargetUserSid'>S-1-5-21-1614895754-436374069-839522115-2312</Data><Data Name='TargetUserName'>v.akintsev</Data><Data Name='TargetDomainName'>ARGUS</Data><Data Name='TargetLogonId'>0xee2808cc</Data><Data Name='LogonType'>7</Data><Data Name='LogonProcessName'>Negotiat</Data><Data Name='AuthenticationPackageName'>Negotiate</Data><Data Name='WorkstationName'>VAKINTSEV</Data><Data Name='LogonGuid'>{FF4E0F2F-A6BC-9625-2B06-12816AC17666}</Data><Data Name='TransmittedServices'>-</Data><Data Name='LmPackageName'>-</Data><Data Name='KeyLength'>0</Data><Data Name='ProcessId'>0x29c</Data><Data Name='ProcessName'>C:\Windows\System32\lsass.exe</Data><Data Name='IpAddress'>-</Data><Data Name='IpPort'>-</Data></EventData></Event>
<Event xmlns='http://schemas.microsoft.com/win/2004/08/events/event'><System><Provider Name='Microsoft-Windows-Security-Auditing' Guid='{54849625-5478-4994-A5BA-3E3B0328C30D}'/><EventID>4634</EventID><Version>0</Version><Level>0</Level><Task>12545</Task><Opcode>0</Opcode><Keywords>0x8020000000000000</Keywords><TimeCreated SystemTime='2013-10-22T13:40:40.240888300Z'/><EventRecordID>131025</EventRecordID><Correlation/><Execution ProcessID='668' ThreadID='1744'/><Channel>Security</Channel><Computer>vakintsev.argus.nio1.loniis</Computer><Security/></System><EventData><Data Name='TargetUserSid'>S-1-5-21-1614895754-436374069-839522115-2312</Data><Data Name='TargetUserName'>v.akintsev</Data><Data Name='TargetDomainName'>ARGUS</Data><Data Name='TargetLogonId'>0xee2808cc</Data><Data Name='LogonType'>7</Data></EventData></Event>
<Event xmlns='http://schemas.microsoft.com/win/2004/08/events/event'><System><Provider Name='Microsoft-Windows-Security-Auditing' Guid='{54849625-5478-4994-A5BA-3E3B0328C30D}'/><EventID>4624</EventID><Version>0</Version><Level>0</Level><Task>12544</Task><Opcode>0</Opcode><Keywords>0x8020000000000000</Keywords><TimeCreated SystemTime='2013-10-22T14:13:11.254479900Z'/><EventRecordID>131049</EventRecordID><Correlation/><Execution ProcessID='668' ThreadID='10096'/><Channel>Security</Channel><Computer>vakintsev.argus.nio1.loniis</Computer><Security/></System><EventData><Data Name='SubjectUserSid'>S-1-5-18</Data><Data Name='SubjectUserName'>VAKINTSEV$</Data><Data Name='SubjectDomainName'>ARGUS</Data><Data Name='SubjectLogonId'>0x3e7</Data><Data Name='TargetUserSid'>S-1-5-21-1614895754-436374069-839522115-2312</Data><Data Name='TargetUserName'>v.akintsev</Data><Data Name='TargetDomainName'>ARGUS</Data><Data Name='TargetLogonId'>0xf0170744</Data><Data Name='LogonType'>7</Data><Data Name='LogonProcessName'>User32 </Data><Data Name='AuthenticationPackageName'>Negotiate</Data><Data Name='WorkstationName'>VAKINTSEV</Data><Data Name='LogonGuid'>{00000000-0000-0000-0000-000000000000}</Data><Data Name='TransmittedServices'>-</Data><Data Name='LmPackageName'>-</Data><Data Name='KeyLength'>0</Data><Data Name='ProcessId'>0x25c</Data><Data Name='ProcessName'>C:\Windows\System32\winlogon.exe</Data><Data Name='IpAddress'>127.0.0.1</Data><Data Name='IpPort'>0</Data></EventData></Event>
<Event xmlns='http://schemas.microsoft.com/win/2004/08/events/event'><System><Provider Name='Microsoft-Windows-Security-Auditing' Guid='{54849625-5478-4994-A5BA-3E3B0328C30D}'/><EventID>4634</EventID><Version>0</Version><Level>0</Level><Task>12545</Task><Opcode>0</Opcode><Keywords>0x8020000000000000</Keywords><TimeCreated SystemTime='2013-10-22T14:13:11.254479900Z'/><EventRecordID>131051</EventRecordID><Correlation/><Execution ProcessID='668' ThreadID='10096'/><Channel>Security</Channel><Computer>vakintsev.argus.nio1.loniis</Computer><Security/></System><EventData><Data Name='TargetUserSid'>S-1-5-21-1614895754-436374069-839522115-2312</Data><Data Name='TargetUserName'>v.akintsev</Data><Data Name='TargetDomainName'>ARGUS</Data><Data Name='TargetLogonId'>0xf0170744</Data><Data Name='LogonType'>7</Data></EventData></Event>
<Event xmlns='http://schemas.microsoft.com/win/2004/08/events/event'><System><Provider Name='Microsoft-Windows-Security-Auditing' Guid='{54849625-5478-4994-A5BA-3E3B0328C30D}'/><EventID>4624</EventID><Version>0</Version><Level>0</Level><Task>12544</Task><Opcode>0</Opcode><Keywords>0x8020000000000000</Keywords><TimeCreated SystemTime='2013-10-22T14:13:11.366486300Z'/><EventRecordID>131053</EventRecordID><Correlation/><Execution ProcessID='668' ThreadID='7364'/><Channel>Security</Channel><Computer>vakintsev.argus.nio1.loniis</Computer><Security/></System><EventData><Data Name='SubjectUserSid'>S-1-5-18</Data><Data Name='SubjectUserName'>VAKINTSEV$</Data><Data Name='SubjectDomainName'>ARGUS</Data><Data Name='SubjectLogonId'>0x3e7</Data><Data Name='TargetUserSid'>S-1-5-21-1614895754-436374069-839522115-2312</Data><Data Name='TargetUserName'>v.akintsev</Data><Data Name='TargetDomainName'>ARGUS</Data><Data Name='TargetLogonId'>0xf017076e</Data><Data Name='LogonType'>7</Data><Data Name='LogonProcessName'>Negotiat</Data><Data Name='AuthenticationPackageName'>Negotiate</Data><Data Name='WorkstationName'>VAKINTSEV</Data><Data Name='LogonGuid'>{327E3AF9-18F7-5A62-D7D1-D2B31488488B}</Data><Data Name='TransmittedServices'>-</Data><Data Name='LmPackageName'>-</Data><Data Name='KeyLength'>0</Data><Data Name='ProcessId'>0x29c</Data><Data Name='ProcessName'>C:\Windows\System32\lsass.exe</Data><Data Name='IpAddress'>-</Data><Data Name='IpPort'>-</Data></EventData></Event>
<Event xmlns='http://schemas.microsoft.com/win/2004/08/events/event'><System><Provider Name='Microsoft-Windows-Security-Auditing' Guid='{54849625-5478-4994-A5BA-3E3B0328C30D}'/><EventID>4634</EventID><Version>0</Version><Level>0</Level><Task>12545</Task><Opcode>0</Opcode><Keywords>0x8020000000000000</Keywords><TimeCreated SystemTime='2013-10-22T14:13:11.366486300Z'/><EventRecordID>131055</EventRecordID><Correlation/><Execution ProcessID='668' ThreadID='1744'/><Channel>Security</Channel><Computer>vakintsev.argus.nio1.loniis</Computer><Security/></System><EventData><Data Name='TargetUserSid'>S-1-5-21-1614895754-436374069-839522115-2312</Data><Data Name='TargetUserName'>v.akintsev</Data><Data Name='TargetDomainName'>ARGUS</Data><Data Name='TargetLogonId'>0xf017076e</Data><Data Name='LogonType'>7</Data></EventData></Event>
<Event xmlns='http://schemas.microsoft.com/win/2004/08/events/event'><System><Provider Name='Microsoft-Windows-Security-Auditing' Guid='{54849625-5478-4994-A5BA-3E3B0328C30D}'/><EventID>4624</EventID><Version>0</Version><Level>0</Level><Task>12544</Task><Opcode>0</Opcode><Keywords>0x8020000000000000</Keywords><TimeCreated SystemTime='2013-10-23T08:07:49.901447600Z'/><EventRecordID>131324</EventRecordID><Correlation/><Execution ProcessID='668' ThreadID='2712'/><Channel>Security</Channel><Computer>vakintsev.argus.nio1.loniis</Computer><Security/></System><EventData><Data Name='SubjectUserSid'>S-1-5-18</Data><Data Name='SubjectUserName'>VAKINTSEV$</Data><Data Name='SubjectDomainName'>ARGUS</Data><Data Name='SubjectLogonId'>0x3e7</Data><Data Name='TargetUserSid'>S-1-5-21-1614895754-436374069-839522115-2312</Data><Data Name='TargetUserName'>v.akintsev</Data><Data Name='TargetDomainName'>ARGUS</Data><Data Name='TargetLogonId'>0x10c93b732</Data><Data Name='LogonType'>7</Data><Data Name='LogonProcessName'>User32 </Data><Data Name='AuthenticationPackageName'>Negotiate</Data><Data Name='WorkstationName'>VAKINTSEV</Data><Data Name='LogonGuid'>{00000000-0000-0000-0000-000000000000}</Data><Data Name='TransmittedServices'>-</Data><Data Name='LmPackageName'>-</Data><Data Name='KeyLength'>0</Data><Data Name='ProcessId'>0x25c</Data><Data Name='ProcessName'>C:\Windows\System32\winlogon.exe</Data><Data Name='IpAddress'>127.0.0.1</Data><Data Name='IpPort'>0</Data></EventData></Event>
<Event xmlns='http://schemas.microsoft.com/win/2004/08/events/event'><System><Provider Name='Microsoft-Windows-Security-Auditing' Guid='{54849625-5478-4994-A5BA-3E3B0328C30D}'/><EventID>4634</EventID><Version>0</Version><Level>0</Level><Task>12545</Task><Opcode>0</Opcode><Keywords>0x8020000000000000</Keywords><TimeCreated SystemTime='2013-10-23T08:07:49.901447600Z'/><EventRecordID>131326</EventRecordID><Correlation/><Execution ProcessID='668' ThreadID='2712'/><Channel>Security</Channel><Computer>vakintsev.argus.nio1.loniis</Computer><Security/></System><EventData><Data Name='TargetUserSid'>S-1-5-21-1614895754-436374069-839522115-2312</Data><Data Name='TargetUserName'>v.akintsev</Data><Data Name='TargetDomainName'>ARGUS</Data><Data Name='TargetLogonId'>0x10c93b732</Data><Data Name='LogonType'>7</Data></EventData></Event>
<Event xmlns='http://schemas.microsoft.com/win/2004/08/events/event'><System><Provider Name='Microsoft-Windows-Security-Auditing' Guid='{54849625-5478-4994-A5BA-3E3B0328C30D}'/><EventID>4624</EventID><Version>0</Version><Level>0</Level><Task>12544</Task><Opcode>0</Opcode><Keywords>0x8020000000000000</Keywords><TimeCreated SystemTime='2013-10-23T08:07:51.333529500Z'/><EventRecordID>131328</EventRecordID><Correlation/><Execution ProcessID='668' ThreadID='7916'/><Channel>Security</Channel><Computer>vakintsev.argus.nio1.loniis</Computer><Security/></System><EventData><Data Name='SubjectUserSid'>S-1-5-18</Data><Data Name='SubjectUserName'>VAKINTSEV$</Data><Data Name='SubjectDomainName'>ARGUS</Data><Data Name='SubjectLogonId'>0x3e7</Data><Data Name='TargetUserSid'>S-1-5-21-1614895754-436374069-839522115-2312</Data><Data Name='TargetUserName'>v.akintsev</Data><Data Name='TargetDomainName'>ARGUS</Data><Data Name='TargetLogonId'>0x10c93b741</Data><Data Name='LogonType'>7</Data><Data Name='LogonProcessName'>Negotiat</Data><Data Name='AuthenticationPackageName'>Negotiate</Data><Data Name='WorkstationName'>VAKINTSEV</Data><Data Name='LogonGuid'>{726BC1E9-2346-DF2E-A147-6D56AF7411BE}</Data><Data Name='TransmittedServices'>-</Data><Data Name='LmPackageName'>-</Data><Data Name='KeyLength'>0</Data><Data Name='ProcessId'>0x29c</Data><Data Name='ProcessName'>C:\Windows\System32\lsass.exe</Data><Data Name='IpAddress'>-</Data><Data Name='IpPort'>-</Data></EventData></Event>
<Event xmlns='http://schemas.microsoft.com/win/2004/08/events/event'><System><Provider Name='Microsoft-Windows-Security-Auditing' Guid='{54849625-5478-4994-A5BA-3E3B0328C30D}'/><EventID>4634</EventID><Version>0</Version><Level>0</Level><Task>12545</Task><Opcode>0</Opcode><Keywords>0x8020000000000000</Keywords><TimeCreated SystemTime='2013-10-23T08:07:51.333529500Z'/><EventRecordID>131330</EventRecordID><Correlation/><Execution ProcessID='668' ThreadID='2712'/><Channel>Security</Channel><Computer>vakintsev.argus.nio1.loniis</Computer><Security/></System><EventData><Data Name='TargetUserSid'>S-1-5-21-1614895754-436374069-839522115-2312</Data><Data Name='TargetUserName'>v.akintsev</Data><Data Name='TargetDomainName'>ARGUS</Data><Data Name='TargetLogonId'>0x10c93b741</Data><Data Name='LogonType'>7</Data></EventData></Event>
<Event xmlns='http://schemas.microsoft.com/win/2004/08/events/event'><System><Provider Name='Microsoft-Windows-Security-Auditing' Guid='{54849625-5478-4994-A5BA-3E3B0328C30D}'/><EventID>4624</EventID><Version>0</Version><Level>0</Level><Task>12544</Task><Opcode>0</Opcode><Keywords>0x8020000000000000</Keywords><TimeCreated SystemTime='2013-10-23T08:36:57.546543800Z'/><EventRecordID>131395</EventRecordID><Correlation/><Execution ProcessID='668' ThreadID='2496'/><Channel>Security</Channel><Computer>vakintsev.argus.nio1.loniis</Computer><Security/></System><EventData><Data Name='SubjectUserSid'>S-1-5-18</Data><Data Name='SubjectUserName'>VAKINTSEV$</Data><Data Name='SubjectDomainName'>ARGUS</Data><Data Name='SubjectLogonId'>0x3e7</Data><Data Name='TargetUserSid'>S-1-5-21-1614895754-436374069-839522115-2312</Data><Data Name='TargetUserName'>v.akintsev</Data><Data Name='TargetDomainName'>ARGUS</Data><Data Name='TargetLogonId'>0x30eb4</Data><Data Name='LogonType'>7</Data><Data Name='LogonProcessName'>Negotiat</Data><Data Name='AuthenticationPackageName'>Negotiate</Data><Data Name='WorkstationName'>VAKINTSEV</Data><Data Name='LogonGuid'>{19BB24D3-9411-E645-9563-C7D6297E485F}</Data><Data Name='TransmittedServices'>-</Data><Data Name='LmPackageName'>-</Data><Data Name='KeyLength'>0</Data><Data Name='ProcessId'>0x29c</Data><Data Name='ProcessName'>C:\Windows\System32\lsass.exe</Data><Data Name='IpAddress'>-</Data><Data Name='IpPort'>-</Data></EventData></Event>
<Event xmlns='http://schemas.microsoft.com/win/2004/08/events/event'><System><Provider Name='Microsoft-Windows-Security-Auditing' Guid='{54849625-5478-4994-A5BA-3E3B0328C30D}'/><EventID>4634</EventID><Version>0</Version><Level>0</Level><Task>12545</Task><Opcode>0</Opcode><Keywords>0x8020000000000000</Keywords><TimeCreated SystemTime='2013-10-23T08:36:57.546543800Z'/><EventRecordID>131397</EventRecordID><Correlation/><Execution ProcessID='668' ThreadID='724'/><Channel>Security</Channel><Computer>vakintsev.argus.nio1.loniis</Computer><Security/></System><EventData><Data Name='TargetUserSid'>S-1-5-21-1614895754-436374069-839522115-2312</Data><Data Name='TargetUserName'>v.akintsev</Data><Data Name='TargetDomainName'>ARGUS</Data><Data Name='TargetLogonId'>0x30eb4</Data><Data Name='LogonType'>7</Data></EventData></Event>
<Event xmlns='http://schemas.microsoft.com/win/2004/08/events/event'><System><Provider Name='Microsoft-Windows-Security-Auditing' Guid='{54849625-5478-4994-A5BA-3E3B0328C30D}'/><EventID>4624</EventID><Version>0</Version><Level>0</Level><Task>12544</Task><Opcode>0</Opcode><Keywords>0x8020000000000000</Keywords><TimeCreated SystemTime='2013-10-23T09:55:12.334075300Z'/><EventRecordID>131415</EventRecordID><Correlation/><Execution ProcessID='668' ThreadID='728'/><Channel>Security</Channel><Computer>vakintsev.argus.nio1.loniis</Computer><Security/></System><EventData><Data Name='SubjectUserSid'>S-1-5-18</Data><Data Name='SubjectUserName'>VAKINTSEV$</Data><Data Name='SubjectDomainName'>ARGUS</Data><Data Name='SubjectLogonId'>0x3e7</Data><Data Name='TargetUserSid'>S-1-5-21-1614895754-436374069-839522115-2312</Data><Data Name='TargetUserName'>v.akintsev</Data><Data Name='TargetDomainName'>ARGUS</Data><Data Name='TargetLogonId'>0x32619eb</Data><Data Name='LogonType'>7</Data><Data Name='LogonProcessName'>User32 </Data><Data Name='AuthenticationPackageName'>Negotiate</Data><Data Name='WorkstationName'>VAKINTSEV</Data><Data Name='LogonGuid'>{00000000-0000-0000-0000-000000000000}</Data><Data Name='TransmittedServices'>-</Data><Data Name='LmPackageName'>-</Data><Data Name='KeyLength'>0</Data><Data Name='ProcessId'>0x25c</Data><Data Name='ProcessName'>C:\Windows\System32\winlogon.exe</Data><Data Name='IpAddress'>127.0.0.1</Data><Data Name='IpPort'>0</Data></EventData></Event>
<Event xmlns='http://schemas.microsoft.com/win/2004/08/events/event'><System><Provider Name='Microsoft-Windows-Security-Auditing' Guid='{54849625-5478-4994-A5BA-3E3B0328C30D}'/><EventID>4634</EventID><Version>0</Version><Level>0</Level><Task>12545</Task><Opcode>0</Opcode><Keywords>0x8020000000000000</Keywords><TimeCreated SystemTime='2013-10-23T09:55:12.355076500Z'/><EventRecordID>131417</EventRecordID><Correlation/><Execution ProcessID='668' ThreadID='724'/><Channel>Security</Channel><Computer>vakintsev.argus.nio1.loniis</Computer><Security/></System><EventData><Data Name='TargetUserSid'>S-1-5-21-1614895754-436374069-839522115-2312</Data><Data Name='TargetUserName'>v.akintsev</Data><Data Name='TargetDomainName'>ARGUS</Data><Data Name='TargetLogonId'>0x32619eb</Data><Data Name='LogonType'>7</Data></EventData></Event>
<Event xmlns='http://schemas.microsoft.com/win/2004/08/events/event'><System><Provider Name='Microsoft-Windows-Security-Auditing' Guid='{54849625-5478-4994-A5BA-3E3B0328C30D}'/><EventID>4624</EventID><Version>0</Version><Level>0</Level><Task>12544</Task><Opcode>0</Opcode><Keywords>0x8020000000000000</Keywords><TimeCreated SystemTime='2013-10-23T09:55:12.469083000Z'/><EventRecordID>131419</EventRecordID><Correlation/><Execution ProcessID='668' ThreadID='3380'/><Channel>Security</Channel><Computer>vakintsev.argus.nio1.loniis</Computer><Security/></System><EventData><Data Name='SubjectUserSid'>S-1-5-18</Data><Data Name='SubjectUserName'>VAKINTSEV$</Data><Data Name='SubjectDomainName'>ARGUS</Data><Data Name='SubjectLogonId'>0x3e7</Data><Data Name='TargetUserSid'>S-1-5-21-1614895754-436374069-839522115-2312</Data><Data Name='TargetUserName'>v.akintsev</Data><Data Name='TargetDomainName'>ARGUS</Data><Data Name='TargetLogonId'>0x32619fd</Data><Data Name='LogonType'>7</Data><Data Name='LogonProcessName'>Negotiat</Data><Data Name='AuthenticationPackageName'>Negotiate</Data><Data Name='WorkstationName'>VAKINTSEV</Data><Data Name='LogonGuid'>{79EB46F6-E9EE-892E-DC14-92510375C6F9}</Data><Data Name='TransmittedServices'>-</Data><Data Name='LmPackageName'>-</Data><Data Name='KeyLength'>0</Data><Data Name='ProcessId'>0x29c</Data><Data Name='ProcessName'>C:\Windows\System32\lsass.exe</Data><Data Name='IpAddress'>-</Data><Data Name='IpPort'>-</Data></EventData></Event>
<Event xmlns='http://schemas.microsoft.com/win/2004/08/events/event'><System><Provider Name='Microsoft-Windows-Security-Auditing' Guid='{54849625-5478-4994-A5BA-3E3B0328C30D}'/><EventID>4634</EventID><Version>0</Version><Level>0</Level><Task>12545</Task><Opcode>0</Opcode><Keywords>0x8020000000000000</Keywords><TimeCreated SystemTime='2013-10-23T09:55:12.469083000Z'/><EventRecordID>131421</EventRecordID><Correlation/><Execution ProcessID='668' ThreadID='724'/><Channel>Security</Channel><Computer>vakintsev.argus.nio1.loniis</Computer><Security/></System><EventData><Data Name='TargetUserSid'>S-1-5-21-1614895754-436374069-839522115-2312</Data><Data Name='TargetUserName'>v.akintsev</Data><Data Name='TargetDomainName'>ARGUS</Data><Data Name='TargetLogonId'>0x32619fd</Data><Data Name='LogonType'>7</Data></EventData></Event>
<Event xmlns='http://schemas.microsoft.com/win/2004/08/events/event'><System><Provider Name='Microsoft-Windows-Security-Auditing' Guid='{54849625-5478-4994-A5BA-3E3B0328C30D}'/><EventID>4624</EventID><Version>0</Version><Level>0</Level><Task>12544</Task><Opcode>0</Opcode><Keywords>0x8020000000000000</Keywords><TimeCreated SystemTime='2013-10-23T10:46:29.860099700Z'/><EventRecordID>131426</EventRecordID><Correlation/><Execution ProcessID='668' ThreadID='728'/><Channel>Security</Channel><Computer>vakintsev.argus.nio1.loniis</Computer><Security/></System><EventData><Data Name='SubjectUserSid'>S-1-5-18</Data><Data Name='SubjectUserName'>VAKINTSEV$</Data><Data Name='SubjectDomainName'>ARGUS</Data><Data Name='SubjectLogonId'>0x3e7</Data><Data Name='TargetUserSid'>S-1-5-21-1614895754-436374069-839522115-2312</Data><Data Name='TargetUserName'>v.akintsev</Data><Data Name='TargetDomainName'>ARGUS</Data><Data Name='TargetLogonId'>0x3c89163</Data><Data Name='LogonType'>7</Data><Data Name='LogonProcessName'>User32 </Data><Data Name='AuthenticationPackageName'>Negotiate</Data><Data Name='WorkstationName'>VAKINTSEV</Data><Data Name='LogonGuid'>{00000000-0000-0000-0000-000000000000}</Data><Data Name='TransmittedServices'>-</Data><Data Name='LmPackageName'>-</Data><Data Name='KeyLength'>0</Data><Data Name='ProcessId'>0x25c</Data><Data Name='ProcessName'>C:\Windows\System32\winlogon.exe</Data><Data Name='IpAddress'>127.0.0.1</Data><Data Name='IpPort'>0</Data></EventData></Event>
<Event xmlns='http://schemas.microsoft.com/win/2004/08/events/event'><System><Provider Name='Microsoft-Windows-Security-Auditing' Guid='{54849625-5478-4994-A5BA-3E3B0328C30D}'/><EventID>4634</EventID><Version>0</Version><Level>0</Level><Task>12545</Task><Opcode>0</Opcode><Keywords>0x8020000000000000</Keywords><TimeCreated SystemTime='2013-10-23T10:46:29.860099700Z'/><EventRecordID>131428</EventRecordID><Correlation/><Execution ProcessID='668' ThreadID='728'/><Channel>Security</Channel><Computer>vakintsev.argus.nio1.loniis</Computer><Security/></System><EventData><Data Name='TargetUserSid'>S-1-5-21-1614895754-436374069-839522115-2312</Data><Data Name='TargetUserName'>v.akintsev</Data><Data Name='TargetDomainName'>ARGUS</Data><Data Name='TargetLogonId'>0x3c89163</Data><Data Name='LogonType'>7</Data></EventData></Event>
