<Event xmlns='http://schemas.microsoft.com/win/2004/08/events/event'><System><Provider Name='Microsoft-Windows-Security-Auditing' Guid='{54849625-5478-4994-A5BA-3E3B0328C30D}'/><EventID>4624</EventID><Version>0</Version><Level>0</Level><Task>12544</Task><Opcode>0</Opcode><Keywords>0x8020000000000000</Keywords><TimeCreated SystemTime='2013-10-23T10:46:29.897101900Z'/><EventRecordID>131430</EventRecordID><Correlation/><Execution ProcessID='668' ThreadID='1148'/><Channel>Security</Channel><Computer>vakintsev.argus.nio1.loniis</Computer><Security/></System><EventData><Data Name='SubjectUserSid'>S-1-5-18</Data><Data Name='SubjectUserName'>VAKINTSEV$</Data><Data Name='SubjectDomainName'>ARGUS</Data><Data Name='SubjectLogonId'>0x3e7</Data><Data Name='TargetUserSid'>S-1-5-21-1614895754-436374069-839522115-2312</Data><Data Name='TargetUserName'>v.akintsev</Data><Data Name='TargetDomainName'>ARGUS</Data><Data Name='TargetLogonId'>0x3c8939d</Data><Data Name='LogonType'>7</Data><Data Name='LogonProcessName'>Negotiat</Data><Data Name='AuthenticationPackageName'>Negotiate</Data><Data Name='WorkstationName'>VAKINTSEV</Data><Data Name='LogonGuid'>{7BC7C5C8-9DFA-223E-D450-8FEBA455A86A}</Data><Data Name='TransmittedServices'>-</Data><Data Name='LmPackageName'>-</Data><Data Name='KeyLength'>0</Data><Data Name='ProcessId'>0x29c</Data><Data Name='ProcessName'>C:\Windows\System32\lsass.exe</Data><Data Name='IpAddress'>-</Data><Data Name='IpPort'>-</Data></EventData></Event>
<Event xmlns='http://schemas.microsoft.com/win/2004/08/events/event'><System><Provider Name='Microsoft-Windows-Security-Auditing' Guid='{54849625-5478-4994-A5BA-3E3B0328C30D}'/><EventID>4634</EventID><Version>0</Version><Level>0</Level><Task>12545</Task><Opcode>0</Opcode><Keywords>0x8020000000000000</Keywords><TimeCreated SystemTime='2013-10-23T10:46:29.897101900Z'/><EventRecordID>131432</EventRecordID><Correlation/><Execution ProcessID='668' ThreadID='724'/><Channel>Security</Channel><Computer>vakintsev.argus.nio1.loniis</Computer><Security/></System><EventData><Data Name='TargetUserSid'>S-1-5-21-1614895754-436374069-839522115-2312</Data><Data Name='TargetUserName'>v.akintsev</Data><Data Name='TargetDomainName'>ARGUS</Data><Data Name='TargetLogonId'>0x3c8939d</Data><Data Name='LogonType'>7</Data></EventData></Event>
<Event xmlns='http://schemas.microsoft.com/win/2004/08/events/event'><System><Provider Name='Microsoft-Windows-Security-Auditing' Guid='{54849625-5478-4994-A5BA-3E3B0328C30D}'/><EventID>4624</EventID><Version>0</Version><Level>0</Level><Task>12544</Task><Opcode>0</Opcode><Keywords>0x8020000000000000</Keywords><TimeCreated SystemTime='2013-10-23T15:11:30.617571000Z'/><EventRecordID>131443</EventRecordID><Correlation/><Execution ProcessID='668' ThreadID='724'/><Channel>Security</Channel><Computer>vakintsev.argus.nio1.loniis</Computer><Security/></System><EventData><Data Name='SubjectUserSid'>S-1-5-18</Data><Data Name='SubjectUserName'>VAKINTSEV$</Data><Data Name='SubjectDomainName'>ARGUS</Data><Data Name='SubjectLogonId'>0x3e7</Data><Data Name='TargetUserSid'>S-1-5-21-1614895754-436374069-839522115-2312</Data><Data Name='TargetUserName'>v.akintsev</Data><Data Name='TargetDomainName'>ARGUS</Data><Data Name='TargetLogonId'>0xb9db6c6</Data><Data Name='LogonType'>7</Data><Data Name='LogonProcessName'>User32 </Data><Data Name='AuthenticationPackageName'>Negotiate</Data><Data Name='WorkstationName'>VAKINTSEV</Data><Data Name='LogonGuid'>{00000000-0000-0000-0000-000000000000}</Data><Data Name='TransmittedServices'>-</Data><Data Name='LmPackageName'>-</Data><Data Name='KeyLength'>0</Data><Data Name='ProcessId'>0x25c</Data><Data Name='ProcessName'>C:\Windows\System32\winlogon.exe</Data><Data Name='IpAddress'>127.0.0.1</Data><Data Name='IpPort'>0</Data></EventData></Event>
<Event xmlns='http://schemas.microsoft.com/win/2004/08/events/event'><System><Provider Name='Microsoft-Windows-Security-Auditing' Guid='{54849625-5478-4994-A5BA-3E3B0328C30D}'/><EventID>4634</EventID><Version>0</Version><Level>0</Level><Task>12545</Task><Opcode>0</Opcode><Keywords>0x8020000000000000</Keywords><TimeCreated SystemTime='2013-10-23T15:11:30.652573100Z'/><EventRecordID>131445</EventRecordID><Correlation/><Execution ProcessID='668' ThreadID='724'/><Channel>Security</Channel><Computer>vakintsev.argus.nio1.loniis</Computer><Security/></System><EventData><Data Name='TargetUserSid'>S-1-5-21-1614895754-436374069-839522115-2312</Data><Data Name='TargetUserName'>v.akintsev</Data><Data Name='TargetDomainName'>ARGUS</Data><Data Name='TargetLogonId'>0xb9db6c6</Data><Data Name='LogonType'>7</Data></EventData></Event>
<Event xmlns='http://schemas.microsoft.com/win/2004/08/events/event'><System><Provider Name='Microsoft-Windows-Security-Auditing' Guid='{54849625-5478-4994-A5BA-3E3B0328C30D}'/><EventID>4624</EventID><Version>0</Version><Level>0</Level><Task>12544</Task><Opcode>0</Opcode><Keywords>0x8020000000000000</Keywords><TimeCreated SystemTime='2013-10-23T15:11:30.789580900Z'/><EventRecordID>131447</EventRecordID><Correlation/><Execution ProcessID='668' ThreadID='6688'/><Channel>Security</Channel><Computer>vakintsev.argus.nio1.loniis</Computer><Security/></System><EventData><Data Name='SubjectUserSid'>S-1-5-18</Data><Data Name='SubjectUserName'>VAKINTSEV$</Data><Data Name='SubjectDomainName'>ARGUS</Data><Data Name='SubjectLogonId'>0x3e7</Data><Data Name='TargetUserSid'>S-1-5-21-1614895754-436374069-839522115-2312</Data><Data Name='TargetUserName'>v.akintsev</Data><Data Name='TargetDomainName'>ARGUS</Data><Data Name='TargetLogonId'>0xb9dbcf9</Data><Data Name='LogonType'>7</Data><Data Name='LogonProcessName'>Negotiat</Data><Data Name='AuthenticationPackageName'>Negotiate</Data><Data Name='WorkstationName'>VAKINTSEV</Data><Data Name='LogonGuid'>{013274A9-C7ED-183B-06C6-96DABB574CFD}</Data><Data Name='TransmittedServices'>-</Data><Data Name='LmPackageName'>-</Data><Data Name='KeyLength'>0</Data><Data Name='ProcessId'>0x29c</Data><Data Name='ProcessName'>C:\Windows\System32\lsass.exe</Data><Data Name='IpAddress'>-</Data><Data Name='IpPort'>-</Data></EventData></Event>
<Event xmlns='http://schemas.microsoft.com/win/2004/08/events/event'><System><Provider Name='Microsoft-Windows-Security-Auditing' Guid='{54849625-5478-4994-A5BA-3E3B0328C30D}'/><EventID>4634</EventID><Version>0</Version><Level>0</Level><Task>12545</Task><Opcode>0</Opcode><Keywords>0x8020000000000000</Keywords><TimeCreated SystemTime='2013-10-23T15:11:30.789580900Z'/><EventRecordID>131449</EventRecordID><Correlation/><Execution ProcessID='668' ThreadID='724'/><Channel>Security</Channel><Computer>vakintsev.argus.nio1.loniis</Computer><Security/></System><EventData><Data Name='TargetUserSid'>S-1-5-21-1614895754-436374069-839522115-2312</Data><Data Name='TargetUserName'>v.akintsev</Data><Data Name='TargetDomainName'>ARGUS</Data><Data Name='TargetLogonId'>0xb9dbcf9</Data><Data Name='LogonType'>7</Data></EventData></Event>
