<Event xmlns='http://schemas.microsoft.com/win/2004/08/events/event'><System><Provider Name='Microsoft-Windows-Security-Auditing' Guid='{54849625-5478-4994-A5BA-3E3B0328C30D}'/><EventID>4624</EventID><Version>0</Version><Level>0</Level><Task>12544</Task><Opcode>0</Opcode><Keywords>0x8020000000000000</Keywords><TimeCreated SystemTime='2013-10-10T07:52:34.622155300Z'/><EventRecordID>130045</EventRecordID><Correlation/><Execution ProcessID='668' ThreadID='6216'/><Channel>Security</Channel><Computer>vakintsev.argus.nio1.loniis</Computer><Security/></System><EventData><Data Name='SubjectUserSid'>S-1-5-18</Data><Data Name='SubjectUserName'>VAKINTSEV$</Data><Data Name='SubjectDomainName'>ARGUS</Data><Data Name='SubjectLogonId'>0x3e7</Data><Data Name='TargetUserSid'>S-1-5-21-1614895754-436374069-839522115-2312</Data><Data Name='TargetUserName'>v.akintsev</Data><Data Name='TargetDomainName'>ARGUS</Data><Data Name='TargetLogonId'>0x3dab29d2</Data><Data Name='LogonType'>7</Data><Data Name='LogonProcessName'>Negotiat</Data><Data Name='AuthenticationPackageName'>Negotiate</Data><Data Name='WorkstationName'>VAKINTSEV</Data><Data Name='LogonGuid'>{788E0CF4-A34F-78DE-7AC3-ADC020E9911D}</Data><Data Name='TransmittedServices'>-</Data><Data Name='LmPackageName'>-</Data><Data Name='KeyLength'>0</Data><Data Name='ProcessId'>0x29c</Data><Data Name='ProcessName'>C:\Windows\System32\lsass.exe</Data><Data Name='IpAddress'>-</Data><Data Name='IpPort'>-</Data></EventData></Event>
<Event xmlns='http://schemas.microsoft.com/win/2004/08/events/event'><System><Provider Name='Microsoft-Windows-Security-Auditing' Guid='{54849625-5478-4994-A5BA-3E3B0328C30D}'/><EventID>4634</EventID><Version>0</Version><Level>0</Level><Task>12545</Task><Opcode>0</Opcode><Keywords>0x8020000000000000</Keywords><TimeCreated SystemTime='2013-10-10T07:52:34.622155300Z'/><EventRecordID>130047</EventRecordID><Correlation/><Execution ProcessID='668' ThreadID='6520'/><Channel>Security</Channel><Computer>vakintsev.argus.nio1.loniis</Computer><Security/></System><EventData><Data Name='TargetUserSid'>S-1-5-21-1614895754-436374069-839522115-2312</Data><Data Name='TargetUserName'>v.akintsev</Data><Data Name='TargetDomainName'>ARGUS</Data><Data Name='TargetLogonId'>0x3dab29d2</Data><Data Name='LogonType'>7</Data></EventData></Event>
<Event xmlns='http://schemas.microsoft.com/win/2004/08/events/event'><System><Provider Name='Microsoft-Windows-Security-Auditing' Guid='{54849625-5478-4994-A5BA-3E3B0328C30D}'/><EventID>4624</EventID><Version>0</Version><Level>0</Level><Task>12544</Task><Opcode>0</Opcode><Keywords>0x8020000000000000</Keywords><TimeCreated SystemTime='2013-10-10T08:51:46.201294000Z'/><EventRecordID>130054</EventRecordID><Correlation/><Execution ProcessID='668' ThreadID='3096'/><Channel>Security</Channel><Computer>vakintsev.argus.nio1.loniis</Computer><Security/></System><EventData><Data Name='SubjectUserSid'>S-1-5-18</Data><Data Name='SubjectUserName'>VAKINTSEV$</Data><Data Name='SubjectDomainName'>ARGUS</Data><Data Name='SubjectLogonId'>0x3e7</Data><Data Name='TargetUserSid'>S-1-5-21-1614895754-436374069-839522115-2312</Data><Data Name='TargetUserName'>v.akintsev</Data><Data Name='TargetDomainName'>ARGUS</Data><Data Name='TargetLogonId'>0x3f8d8196</Data><Data Name='LogonType'>7</Data><Data Name='LogonProcessName'>User32 </Data><Data Name='AuthenticationPackageName'>Negotiate</Data><Data Name='WorkstationName'>VAKINTSEV</Data><Data Name='LogonGuid'>{00000000-0000-0000-0000-000000000000}</Data><Data Name='TransmittedServices'>-</Data><Data Name='LmPackageName'>-</Data><Data Name='KeyLength'>0</Data><Data Name='ProcessId'>0x25c</Data><Data Name='ProcessName'>C:\Windows\System32\winlogon.exe</Data><Data Name='IpAddress'>127.0.0.1</Data><Data Name='IpPort'>0</Data></EventData></Event>
<Event xmlns='http://schemas.microsoft.com/win/2004/08/events/event'><System><Provider Name='Microsoft-Windows-Security-Auditing' Guid='{54849625-5478-4994-A5BA-3E3B0328C30D}'/><EventID>4634</EventID><Version>0</Version><Level>0</Level><Task>12545</Task><Opcode>0</Opcode><Keywords>0x8020000000000000</Keywords><TimeCreated SystemTime='2013-10-10T08:51:46.202294100Z'/><EventRecordID>130056</EventRecordID><Correlation/><Execution ProcessID='668' ThreadID='3096'/><Channel>Security</Channel><Computer>vakintsev.argus.nio1.loniis</Computer><Security/></System><EventData><Data Name='TargetUserSid'>S-1-5-21-1614895754-436374069-839522115-2312</Data><Data Name='TargetUserName'>v.akintsev</Data><Data Name='TargetDomainName'>ARGUS</Data><Data Name='TargetLogonId'>0x3f8d8196</Data><Data Name='LogonType'>7</Data></EventData></Event>
<Event xmlns='http://schemas.microsoft.com/win/2004/08/events/event'><System><Provider Name='Microsoft-Windows-Security-Auditing' Guid='{54849625-5478-4994-A5BA-3E3B0328C30D}'/><EventID>4624</EventID><Version>0</Version><Level>0</Level><Task>12544</Task><Opcode>0</Opcode><Keywords>0x8020000000000000</Keywords><TimeCreated SystemTime='2013-10-10T08:51:46.338301900Z'/><EventRecordID>130058</EventRecordID><Correlation/><Execution ProcessID='668' ThreadID='8772'/><Channel>Security</Channel><Computer>vakintsev.argus.nio1.loniis</Computer><Security/></System><EventData><Data Name='SubjectUserSid'>S-1-5-18</Data><Data Name='SubjectUserName'>VAKINTSEV$</Data><Data Name='SubjectDomainName'>ARGUS</Data><Data Name='SubjectLogonId'>0x3e7</Data><Data Name='TargetUserSid'>S-1-5-21-1614895754-436374069-839522115-2312</Data><Data Name='TargetUserName'>v.akintsev</Data><Data Name='TargetDomainName'>ARGUS</Data><Data Name='TargetLogonId'>0x3f8d81ae</Data><Data Name='LogonType'>7</Data><Data Name='LogonProcessName'>Negotiat</Data><Data Name='AuthenticationPackageName'>Negotiate</Data><Data Name='WorkstationName'>VAKINTSEV</Data><Data Name='LogonGuid'>{1789C04A-86F5-AE65-C549-6658C467088F}</Data><Data Name='TransmittedServices'>-</Data><Data Name='LmPackageName'>-</Data><Data Name='KeyLength'>0</Data><Data Name='ProcessId'>0x29c</Data><Data Name='ProcessName'>C:\Windows\System32\lsass.exe</Data><Data Name='IpAddress'>-</Data><Data Name='IpPort'>-</Data></EventData></Event>
<Event xmlns='http://schemas.microsoft.com/win/2004/08/events/event'><System><Provider Name='Microsoft-Windows-Security-Auditing' Guid='{54849625-5478-4994-A5BA-3E3B0328C30D}'/><EventID>4634</EventID><Version>0</Version><Level>0</Level><Task>12545</Task><Opcode>0</Opcode><Keywords>0x8020000000000000</Keywords><TimeCreated SystemTime='2013-10-10T08:51:46.338301900Z'/><EventRecordID>130060</EventRecordID><Correlation/><Execution ProcessID='668' ThreadID='3096'/><Channel>Security</Channel><Computer>vakintsev.argus.nio1.loniis</Computer><Security/></System><EventData><Data Name='TargetUserSid'>S-1-5-21-1614895754-436374069-839522115-2312</Data><Data Name='TargetUserName'>v.akintsev</Data><Data Name='TargetDomainName'>ARGUS</Data><Data Name='TargetLogonId'>0x3f8d81ae</Data><Data Name='LogonType'>7</Data></EventData></Event>
<Event xmlns='http://schemas.microsoft.com/win/2004/08/events/event'><System><Provider Name='Microsoft-Windows-Security-Auditing' Guid='{54849625-5478-4994-A5BA-3E3B0328C30D}'/><EventID>4624</EventID><Version>0</Version><Level>0</Level><Task>12544</Task><Opcode>0</Opcode><Keywords>0x8020000000000000</Keywords><TimeCreated SystemTime='2013-10-10T11:30:39.947593100Z'/><EventRecordID>130074</EventRecordID><Correlation/><Execution ProcessID='668' ThreadID='7788'/><Channel>Security</Channel><Computer>vakintsev.argus.nio1.loniis</Computer><Security/></System><EventData><Data Name='SubjectUserSid'>S-1-5-18</Data><Data Name='SubjectUserName'>VAKINTSEV$</Data><Data Name='SubjectDomainName'>ARGUS</Data><Data Name='SubjectLogonId'>0x3e7</Data><Data Name='TargetUserSid'>S-1-5-21-1614895754-436374069-839522115-2312</Data><Data Name='TargetUserName'>v.akintsev</Data><Data Name='TargetDomainName'>ARGUS</Data><Data Name='TargetLogonId'>0x47bf56d4</Data><Data Name='LogonType'>7</Data><Data Name='LogonProcessName'>User32 </Data><Data Name='AuthenticationPackageName'>Negotiate</Data><Data Name='WorkstationName'>VAKINTSEV</Data><Data Name='LogonGuid'>{00000000-0000-0000-0000-000000000000}</Data><Data Name='TransmittedServices'>-</Data><Data Name='LmPackageName'>-</Data><Data Name='KeyLength'>0</Data><Data Name='ProcessId'>0x25c</Data><Data Name='ProcessName'>C:\Windows\System32\winlogon.exe</Data><Data Name='IpAddress'>127.0.0.1</Data><Data Name='IpPort'>0</Data></EventData></Event>
<Event xmlns='http://schemas.microsoft.com/win/2004/08/events/event'><System><Provider Name='Microsoft-Windows-Security-Auditing' Guid='{54849625-5478-4994-A5BA-3E3B0328C30D}'/><EventID>4634</EventID><Version>0</Version><Level>0</Level><Task>12545</Task><Opcode>0</Opcode><Keywords>0x8020000000000000</Keywords><TimeCreated SystemTime='2013-10-10T11:30:39.947593100Z'/><EventRecordID>130076</EventRecordID><Correlation/><Execution ProcessID='668' ThreadID='7788'/><Channel>Security</Channel><Computer>vakintsev.argus.nio1.loniis</Computer><Security/></System><EventData><Data Name='TargetUserSid'>S-1-5-21-1614895754-436374069-839522115-2312</Data><Data Name='TargetUserName'>v.akintsev</Data><Data Name='TargetDomainName'>ARGUS</Data><Data Name='TargetLogonId'>0x47bf56d4</Data><Data Name='LogonType'>7</Data></EventData></Event>
<Event xmlns='http://schemas.microsoft.com/win/2004/08/events/event'><System><Provider Name='Microsoft-Windows-Security-Auditing' Guid='{54849625-5478-4994-A5BA-3E3B0328C30D}'/><EventID>4624</EventID><Version>0</Version><Level>0</Level><Task>12544</Task><Opcode>0</Opcode><Keywords>0x8020000000000000</Keywords><TimeCreated SystemTime='2013-10-10T11:30:39.987595400Z'/><EventRecordID>130078</EventRecordID><Correlation/><Execution ProcessID='668' ThreadID='9020'/><Channel>Security</Channel><Computer>vakintsev.argus.nio1.loniis</Computer><Security/></System><EventData><Data Name='SubjectUserSid'>S-1-5-18</Data><Data Name='SubjectUserName'>VAKINTSEV$</Data><Data Name='SubjectDomainName'>ARGUS</Data><Data Name='SubjectLogonId'>0x3e7</Data><Data Name='TargetUserSid'>S-1-5-21-1614895754-436374069-839522115-2312</Data><Data Name='TargetUserName'>v.akintsev</Data><Data Name='TargetDomainName'>ARGUS</Data><Data Name='TargetLogonId'>0x47bf56e0</Data><Data Name='LogonType'>7</Data><Data Name='LogonProcessName'>Negotiat</Data><Data Name='AuthenticationPackageName'>Negotiate</Data><Data Name='WorkstationName'>VAKINTSEV</Data><Data Name='LogonGuid'>{F8880FA4-3518-BEBE-CB3C-5540898EEBC0}</Data><Data Name='TransmittedServices'>-</Data><Data Name='LmPackageName'>-</Data><Data Name='KeyLength'>0</Data><Data Name='ProcessId'>0x29c</Data><Data Name='ProcessName'>C:\Windows\System32\lsass.exe</Data><Data Name='IpAddress'>-</Data><Data Name='IpPort'>-</Data></EventData></Event>
<Event xmlns='http://schemas.microsoft.com/win/2004/08/events/event'><System><Provider Name='Microsoft-Windows-Security-Auditing' Guid='{54849625-5478-4994-A5BA-3E3B0328C30D}'/><EventID>4634</EventID><Version>0</Version><Level>0</Level><Task>12545</Task><Opcode>0</Opcode><Keywords>0x8020000000000000</Keywords><TimeCreated SystemTime='2013-10-10T11:30:39.987595400Z'/><EventRecordID>130080</EventRecordID><Correlation/><Execution ProcessID='668' ThreadID='708'/><Channel>Security</Channel><Computer>vakintsev.argus.nio1.loniis</Computer><Security/></System><EventData><Data Name='TargetUserSid'>S-1-5-21-1614895754-436374069-839522115-2312</Data><Data Name='TargetUserName'>v.akintsev</Data><Data Name='TargetDomainName'>ARGUS</Data><Data Name='TargetLogonId'>0x47bf56e0</Data><Data Name='LogonType'>7</Data></EventData></Event>
<Event xmlns='http://schemas.microsoft.com/win/2004/08/events/event'><System><Provider Name='Microsoft-Windows-Security-Auditing' Guid='{54849625-5478-4994-A5BA-3E3B0328C30D}'/><EventID>4624</EventID><Version>0</Version><Level>0</Level><Task>12544</Task><Opcode>0</Opcode><Keywords>0x8020000000000000</Keywords><TimeCreated SystemTime='2013-10-11T07:33:28.079348600Z'/><EventRecordID>130093</EventRecordID><Correlation/><Execution ProcessID='668' ThreadID='5996'/><Channel>Security</Channel><Computer>vakintsev.argus.nio1.loniis</Computer><Security/></System><EventData><Data Name='SubjectUserSid'>S-1-5-18</Data><Data Name='SubjectUserName'>VAKINTSEV$</Data><Data Name='SubjectDomainName'>ARGUS</Data><Data Name='SubjectLogonId'>0x3e7</Data><Data Name='TargetUserSid'>S-1-5-21-1614895754-436374069-839522115-2312</Data><Data Name='TargetUserName'>v.akintsev</Data><Data Name='TargetDomainName'>ARGUS</Data><Data Name='TargetLogonId'>0x55f9e614</Data><Data Name='LogonType'>7</Data><Data Name='LogonProcessName'>User32 </Data><Data Name='AuthenticationPackageName'>Negotiate</Data><Data Name='WorkstationName'>VAKINTSEV</Data><Data Name='LogonGuid'>{00000000-0000-0000-0000-000000000000}</Data><Data Name='TransmittedServices'>-</Data><Data Name='LmPackageName'>-</Data><Data Name='KeyLength'>0</Data><Data Name='ProcessId'>0x25c</Data><Data Name='ProcessName'>C:\Windows\System32\winlogon.exe</Data><Data Name='IpAddress'>127.0.0.1</Data><Data Name='IpPort'>0</Data></EventData></Event>
<Event xmlns='http://schemas.microsoft.com/win/2004/08/events/event'><System><Provider Name='Microsoft-Windows-Security-Auditing' Guid='{54849625-5478-4994-A5BA-3E3B0328C30D}'/><EventID>4624</EventID><Version>0</Version><Level>0</Level><Task>12544</Task><Opcode>0</Opcode><Keywords>0x8020000000000000</Keywords><TimeCreated SystemTime='2013-10-11T07:33:28.245358100Z'/><EventRecordID>130096</EventRecordID><Correlation/><Execution ProcessID='668' ThreadID='7844'/><Channel>Security</Channel><Computer>vakintsev.argus.nio1.loniis</Computer><Security/></System><EventData><Data Name='SubjectUserSid'>S-1-5-18</Data><Data Name='SubjectUserName'>VAKINTSEV$</Data><Data Name='SubjectDomainName'>ARGUS</Data><Data Name='SubjectLogonId'>0x3e7</Data><Data Name='TargetUserSid'>S-1-5-21-1614895754-436374069-839522115-2312</Data><Data Name='TargetUserName'>v.akintsev</Data><Data Name='TargetDomainName'>ARGUS</Data><Data Name='TargetLogonId'>0x55f9f00e</Data><Data Name='LogonType'>7</Data><Data Name='LogonProcessName'>Negotiat</Data><Data Name='AuthenticationPackageName'>Negotiate</Data><Data Name='WorkstationName'>VAKINTSEV</Data><Data Name='LogonGuid'>{F2DA2E27-301C-E5C8-256B-086CCC535F94}</Data><Data Name='TransmittedServices'>-</Data><Data Name='LmPackageName'>-</Data><Data Name='KeyLength'>0</Data><Data Name='ProcessId'>0x29c</Data><Data Name='ProcessName'>C:\Windows\System32\lsass.exe</Data><Data Name='IpAddress'>-</Data><Data Name='IpPort'>-</Data></EventData></Event>
<Event xmlns='http://schemas.microsoft.com/win/2004/08/events/event'><System><Provider Name='Microsoft-Windows-Security-Auditing' Guid='{54849625-5478-4994-A5BA-3E3B0328C30D}'/><EventID>4634</EventID><Version>0</Version><Level>0</Level><Task>12545</Task><Opcode>0</Opcode><Keywords>0x8020000000000000</Keywords><TimeCreated SystemTime='2013-10-11T07:33:28.656381600Z'/><EventRecordID>130098</EventRecordID><Correlation/><Execution ProcessID='668' ThreadID='1744'/><Channel>Security</Channel><Computer>vakintsev.argus.nio1.loniis</Computer><Security/></System><EventData><Data Name='TargetUserSid'>S-1-5-21-1614895754-436374069-839522115-2312</Data><Data Name='TargetUserName'>v.akintsev</Data><Data Name='TargetDomainName'>ARGUS</Data><Data Name='TargetLogonId'>0x55f9e614</Data><Data Name='LogonType'>7</Data></EventData></Event>
<Event xmlns='http://schemas.microsoft.com/win/2004/08/events/event'><System><Provider Name='Microsoft-Windows-Security-Auditing' Guid='{54849625-5478-4994-A5BA-3E3B0328C30D}'/><EventID>4634</EventID><Version>0</Version><Level>0</Level><Task>12545</Task><Opcode>0</Opcode><Keywords>0x8020000000000000</Keywords><TimeCreated SystemTime='2013-10-11T07:33:28.656381600Z'/><EventRecordID>130099</EventRecordID><Correlation/><Execution ProcessID='668' ThreadID='5996'/><Channel>Security</Channel><Computer>vakintsev.argus.nio1.loniis</Computer><Security/></System><EventData><Data Name='TargetUserSid'>S-1-5-21-1614895754-436374069-839522115-2312</Data><Data Name='TargetUserName'>v.akintsev</Data><Data Name='TargetDomainName'>ARGUS</Data><Data Name='TargetLogonId'>0x55f9f00e</Data><Data Name='LogonType'>7</Data></EventData></Event>
<Event xmlns='http://schemas.microsoft.com/win/2004/08/events/event'><System><Provider Name='Microsoft-Windows-Security-Auditing' Guid='{54849625-5478-4994-A5BA-3E3B0328C30D}'/><EventID>4624</EventID><Version>0</Version><Level>0</Level><Task>12544</Task><Opcode>0</Opcode><Keywords>0x8020000000000000</Keywords><TimeCreated SystemTime='2013-10-11T08:21:54.657595400Z'/><EventRecordID>130109</EventRecordID><Correlation/><Execution ProcessID='668' ThreadID='8504'/><Channel>Security</Channel><Computer>vakintsev.argus.nio1.loniis</Computer><Security/></System><EventData><Data Name='SubjectUserSid'>S-1-5-18</Data><Data Name='SubjectUserName'>VAKINTSEV$</Data><Data Name='SubjectDomainName'>ARGUS</Data><Data Name='SubjectLogonId'>0x3e7</Data><Data Name='TargetUserSid'>S-1-5-21-1614895754-436374069-839522115-2312</Data><Data Name='TargetUserName'>v.akintsev</Data><Data Name='TargetDomainName'>ARGUS</Data><Data Name='TargetLogonId'>0x56625b02</Data><Data Name='LogonType'>7</Data><Data Name='LogonProcessName'>User32 </Data><Data Name='AuthenticationPackageName'>Negotiate</Data><Data Name='WorkstationName'>VAKINTSEV</Data><Data Name='LogonGuid'>{E93D5C88-BEEF-6E66-132C-50166B1CD490}</Data><Data Name='TransmittedServices'>-</Data><Data Name='LmPackageName'>-</Data><Data Name='KeyLength'>0</Data><Data Name='ProcessId'>0x25c</Data><Data Name='ProcessName'>C:\Windows\System32\winlogon.exe</Data><Data Name='IpAddress'>127.0.0.1</Data><Data Name='IpPort'>0</Data></EventData></Event>
<Event xmlns='http://schemas.microsoft.com/win/2004/08/events/event'><System><Provider Name='Microsoft-Windows-Security-Auditing' Guid='{54849625-5478-4994-A5BA-3E3B0328C30D}'/><EventID>4634</EventID><Version>0</Version><Level>0</Level><Task>12545</Task><Opcode>0</Opcode><Keywords>0x8020000000000000</Keywords><TimeCreated SystemTime='2013-10-11T08:21:54.658595500Z'/><EventRecordID>130111</EventRecordID><Correlation/><Execution ProcessID='668' ThreadID='8504'/><Channel>Security</Channel><Computer>vakintsev.argus.nio1.loniis</Computer><Security/></System><EventData><Data Name='TargetUserSid'>S-1-5-21-1614895754-436374069-839522115-2312</Data><Data Name='TargetUserName'>v.akintsev</Data><Data Name='TargetDomainName'>ARGUS</Data><Data Name='TargetLogonId'>0x56625b02</Data><Data Name='LogonType'>7</Data></EventData></Event>
<Event xmlns='http://schemas.microsoft.com/win/2004/08/events/event'><System><Provider Name='Microsoft-Windows-Security-Auditing' Guid='{54849625-5478-4994-A5BA-3E3B0328C30D}'/><EventID>4624</EventID><Version>0</Version><Level>0</Level><Task>12544</Task><Opcode>0</Opcode><Keywords>0x8020000000000000</Keywords><TimeCreated SystemTime='2013-10-11T09:41:33.154909800Z'/><EventRecordID>130122</EventRecordID><Correlation/><Execution ProcessID='668' ThreadID='1744'/><Channel>Security</Channel><Computer>vakintsev.argus.nio1.loniis</Computer><Security/></System><EventData><Data Name='SubjectUserSid'>S-1-5-18</Data><Data Name='SubjectUserName'>VAKINTSEV$</Data><Data Name='SubjectDomainName'>ARGUS</Data><Data Name='SubjectLogonId'>0x3e7</Data><Data Name='TargetUserSid'>S-1-5-21-1614895754-436374069-839522115-2312</Data><Data Name='TargetUserName'>v.akintsev</Data><Data Name='TargetDomainName'>ARGUS</Data><Data Name='TargetLogonId'>0x5aa22dbf</Data><Data Name='LogonType'>7</Data><Data Name='LogonProcessName'>User32 </Data><Data Name='AuthenticationPackageName'>Negotiate</Data><Data Name='WorkstationName'>VAKINTSEV</Data><Data Name='LogonGuid'>{00000000-0000-0000-0000-000000000000}</Data><Data Name='TransmittedServices'>-</Data><Data Name='LmPackageName'>-</Data><Data Name='KeyLength'>0</Data><Data Name='ProcessId'>0x25c</Data><Data Name='ProcessName'>C:\Windows\System32\winlogon.exe</Data><Data Name='IpAddress'>127.0.0.1</Data><Data Name='IpPort'>0</Data></EventData></Event>
<Event xmlns='http://schemas.microsoft.com/win/2004/08/events/event'><System><Provider Name='Microsoft-Windows-Security-Auditing' Guid='{54849625-5478-4994-A5BA-3E3B0328C30D}'/><EventID>4634</EventID><Version>0</Version><Level>0</Level><Task>12545</Task><Opcode>0</Opcode><Keywords>0x8020000000000000</Keywords><TimeCreated SystemTime='2013-10-11T09:41:33.154909800Z'/><EventRecordID>130124</EventRecordID><Correlation/><Execution ProcessID='668' ThreadID='1744'/><Channel>Security</Channel><Computer>vakintsev.argus.nio1.loniis</Computer><Security/></System><EventData><Data Name='TargetUserSid'>S-1-5-21-1614895754-436374069-839522115-2312</Data><Data Name='TargetUserName'>v.akintsev</Data><Data Name='TargetDomainName'>ARGUS</Data><Data Name='TargetLogonId'>0x5aa22dbf</Data><Data Name='LogonType'>7</Data></EventData></Event>
<Event xmlns='http://schemas.microsoft.com/win/2004/08/events/event'><System><Provider Name='Microsoft-Windows-Security-Auditing' Guid='{54849625-5478-4994-A5BA-3E3B0328C30D}'/><EventID>4624</EventID><Version>0</Version><Level>0</Level><Task>12544</Task><Opcode>0</Opcode><Keywords>0x8020000000000000</Keywords><TimeCreated SystemTime='2013-10-11T09:41:33.289917500Z'/><EventRecordID>130126</EventRecordID><Correlation/><Execution ProcessID='668' ThreadID='3036'/><Channel>Security</Channel><Computer>vakintsev.argus.nio1.loniis</Computer><Security/></System><EventData><Data Name='SubjectUserSid'>S-1-5-18</Data><Data Name='SubjectUserName'>VAKINTSEV$</Data><Data Name='SubjectDomainName'>ARGUS</Data><Data Name='SubjectLogonId'>0x3e7</Data><Data Name='TargetUserSid'>S-1-5-21-1614895754-436374069-839522115-2312</Data><Data Name='TargetUserName'>v.akintsev</Data><Data Name='TargetDomainName'>ARGUS</Data><Data Name='TargetLogonId'>0x5aa22dd0</Data><Data Name='LogonType'>7</Data><Data Name='LogonProcessName'>Negotiat</Data><Data Name='AuthenticationPackageName'>Negotiate</Data><Data Name='WorkstationName'>VAKINTSEV</Data><Data Name='LogonGuid'>{3431624F-F2CF-CAC0-4704-2F12CBDB9C7F}</Data><Data Name='TransmittedServices'>-</Data><Data Name='LmPackageName'>-</Data><Data Name='KeyLength'>0</Data><Data Name='ProcessId'>0x29c</Data><Data Name='ProcessName'>C:\Windows\System32\lsass.exe</Data><Data Name='IpAddress'>-</Data><Data Name='IpPort'>-</Data></EventData></Event>
<Event xmlns='http://schemas.microsoft.com/win/2004/08/events/event'><System><Provider Name='Microsoft-Windows-Security-Auditing' Guid='{54849625-5478-4994-A5BA-3E3B0328C30D}'/><EventID>4634</EventID><Version>0</Version><Level>0</Level><Task>12545</Task><Opcode>0</Opcode><Keywords>0x8020000000000000</Keywords><TimeCreated SystemTime='2013-10-11T09:41:33.289917500Z'/><EventRecordID>130128</EventRecordID><Correlation/><Execution ProcessID='668' ThreadID='1744'/><Channel>Security</Channel><Computer>vakintsev.argus.nio1.loniis</Computer><Security/></System><EventData><Data Name='TargetUserSid'>S-1-5-21-1614895754-436374069-839522115-2312</Data><Data Name='TargetUserName'>v.akintsev</Data><Data Name='TargetDomainName'>ARGUS</Data><Data Name='TargetLogonId'>0x5aa22dd0</Data><Data Name='LogonType'>7</Data></EventData></Event>
<Event xmlns='http://schemas.microsoft.com/win/2004/08/events/event'><System><Provider Name='Microsoft-Windows-Security-Auditing' Guid='{54849625-5478-4994-A5BA-3E3B0328C30D}'/><EventID>4624</EventID><Version>0</Version><Level>0</Level><Task>12544</Task><Opcode>0</Opcode><Keywords>0x8020000000000000</Keywords><TimeCreated SystemTime='2013-10-11T10:53:58.858469800Z'/><EventRecordID>130134</EventRecordID><Correlation/><Execution ProcessID='668' ThreadID='9832'/><Channel>Security</Channel><Computer>vakintsev.argus.nio1.loniis</Computer><Security/></System><EventData><Data Name='SubjectUserSid'>S-1-5-18</Data><Data Name='SubjectUserName'>VAKINTSEV$</Data><Data Name='SubjectDomainName'>ARGUS</Data><Data Name='SubjectLogonId'>0x3e7</Data><Data Name='TargetUserSid'>S-1-5-21-1614895754-436374069-839522115-2312</Data><Data Name='TargetUserName'>v.akintsev</Data><Data Name='TargetDomainName'>ARGUS</Data><Data Name='TargetLogonId'>0x5c6dd014</Data><Data Name='LogonType'>7</Data><Data Name='LogonProcessName'>User32 </Data><Data Name='AuthenticationPackageName'>Negotiate</Data><Data Name='WorkstationName'>VAKINTSEV</Data><Data Name='LogonGuid'>{99C98090-2960-7132-BCC1-61F1C9BD9D5C}</Data><Data Name='TransmittedServices'>-</Data><Data Name='LmPackageName'>-</Data><Data Name='KeyLength'>0</Data><Data Name='ProcessId'>0x25c</Data><Data Name='ProcessName'>C:\Windows\System32\winlogon.exe</Data><Data Name='IpAddress'>127.0.0.1</Data><Data Name='IpPort'>0</Data></EventData></Event>
<Event xmlns='http://schemas.microsoft.com/win/2004/08/events/event'><System><Provider Name='Microsoft-Windows-Security-Auditing' Guid='{54849625-5478-4994-A5BA-3E3B0328C30D}'/><EventID>4634</EventID><Version>0</Version><Level>0</Level><Task>12545</Task><Opcode>0</Opcode><Keywords>0x8020000000000000</Keywords><TimeCreated SystemTime='2013-10-11T10:53:58.858469800Z'/><EventRecordID>130136</EventRecordID><Correlation/><Execution ProcessID='668' ThreadID='9832'/><Channel>Security</Channel><Computer>vakintsev.argus.nio1.loniis</Computer><Security/></System><EventData><Data Name='TargetUserSid'>S-1-5-21-1614895754-436374069-839522115-2312</Data><Data Name='TargetUserName'>v.akintsev</Data><Data Name='TargetDomainName'>ARGUS</Data><Data Name='TargetLogonId'>0x5c6dd014</Data><Data Name='LogonType'>7</Data></EventData></Event>
<Event xmlns='http://schemas.microsoft.com/win/2004/08/events/event'><System><Provider Name='Microsoft-Windows-Security-Auditing' Guid='{54849625-5478-4994-A5BA-3E3B0328C30D}'/><EventID>4624</EventID><Version>0</Version><Level>0</Level><Task>12544</Task><Opcode>0</Opcode><Keywords>0x8020000000000000</Keywords><TimeCreated SystemTime='2013-10-11T12:04:26.634284800Z'/><EventRecordID>130151</EventRecordID><Correlation/><Execution ProcessID='668' ThreadID='5936'/><Channel>Security</Channel><Computer>vakintsev.argus.nio1.loniis</Computer><Security/></System><EventData><Data Name='SubjectUserSid'>S-1-5-18</Data><Data Name='SubjectUserName'>VAKINTSEV$</Data><Data Name='SubjectDomainName'>ARGUS</Data><Data Name='SubjectLogonId'>0x3e7</Data><Data Name='TargetUserSid'>S-1-5-21-1614895754-436374069-839522115-2312</Data><Data Name='TargetUserName'>v.akintsev</Data><Data Name='TargetDomainName'>ARGUS</Data><Data Name='TargetLogonId'>0x61cf088d</Data><Data Name='LogonType'>7</Data><Data Name='LogonProcessName'>User32 </Data><Data Name='AuthenticationPackageName'>Negotiate</Data><Data Name='WorkstationName'>VAKINTSEV</Data><Data Name='LogonGuid'>{00000000-0000-0000-0000-000000000000}</Data><Data Name='TransmittedServices'>-</Data><Data Name='LmPackageName'>-</Data><Data Name='KeyLength'>0</Data><Data Name='ProcessId'>0x25c</Data><Data Name='ProcessName'>C:\Windows\System32\winlogon.exe</Data><Data Name='IpAddress'>127.0.0.1</Data><Data Name='IpPort'>0</Data></EventData></Event>
<Event xmlns='http://schemas.microsoft.com/win/2004/08/events/event'><System><Provider Name='Microsoft-Windows-Security-Auditing' Guid='{54849625-5478-4994-A5BA-3E3B0328C30D}'/><EventID>4634</EventID><Version>0</Version><Level>0</Level><Task>12545</Task><Opcode>0</Opcode><Keywords>0x8020000000000000</Keywords><TimeCreated SystemTime='2013-10-11T12:04:26.634284800Z'/><EventRecordID>130153</EventRecordID><Correlation/><Execution ProcessID='668' ThreadID='5936'/><Channel>Security</Channel><Computer>vakintsev.argus.nio1.loniis</Computer><Security/></System><EventData><Data Name='TargetUserSid'>S-1-5-21-1614895754-436374069-839522115-2312</Data><Data Name='TargetUserName'>v.akintsev</Data><Data Name='TargetDomainName'>ARGUS</Data><Data Name='TargetLogonId'>0x61cf088d</Data><Data Name='LogonType'>7</Data></EventData></Event>
<Event xmlns='http://schemas.microsoft.com/win/2004/08/events/event'><System><Provider Name='Microsoft-Windows-Security-Auditing' Guid='{54849625-5478-4994-A5BA-3E3B0328C30D}'/><EventID>4624</EventID><Version>0</Version><Level>0</Level><Task>12544</Task><Opcode>0</Opcode><Keywords>0x8020000000000000</Keywords><TimeCreated SystemTime='2013-10-11T12:04:26.767292400Z'/><EventRecordID>130155</EventRecordID><Correlation/><Execution ProcessID='668' ThreadID='8976'/><Channel>Security</Channel><Computer>vakintsev.argus.nio1.loniis</Computer><Security/></System><EventData><Data Name='SubjectUserSid'>S-1-5-18</Data><Data Name='SubjectUserName'>VAKINTSEV$</Data><Data Name='SubjectDomainName'>ARGUS</Data><Data Name='SubjectLogonId'>0x3e7</Data><Data Name='TargetUserSid'>S-1-5-21-1614895754-436374069-839522115-2312</Data><Data Name='TargetUserName'>v.akintsev</Data><Data Name='TargetDomainName'>ARGUS</Data><Data Name='TargetLogonId'>0x61cf0899</Data><Data Name='LogonType'>7</Data><Data Name='LogonProcessName'>Negotiat</Data><Data Name='AuthenticationPackageName'>Negotiate</Data><Data Name='WorkstationName'>VAKINTSEV</Data><Data Name='LogonGuid'>{532D389E-4942-5999-5A98-734199E3DED1}</Data><Data Name='TransmittedServices'>-</Data><Data Name='LmPackageName'>-</Data><Data Name='KeyLength'>0</Data><Data Name='ProcessId'>0x29c</Data><Data Name='ProcessName'>C:\Windows\System32\lsass.exe</Data><Data Name='IpAddress'>-</Data><Data Name='IpPort'>-</Data></EventData></Event>
<Event xmlns='http://schemas.microsoft.com/win/2004/08/events/event'><System><Provider Name='Microsoft-Windows-Security-Auditing' Guid='{54849625-5478-4994-A5BA-3E3B0328C30D}'/><EventID>4634</EventID><Version>0</Version><Level>0</Level><Task>12545</Task><Opcode>0</Opcode><Keywords>0x8020000000000000</Keywords><TimeCreated SystemTime='2013-10-11T12:04:26.767292400Z'/><EventRecordID>130157</EventRecordID><Correlation/><Execution ProcessID='668' ThreadID='5936'/><Channel>Security</Channel><Computer>vakintsev.argus.nio1.loniis</Computer><Security/></System><EventData><Data Name='TargetUserSid'>S-1-5-21-1614895754-436374069-839522115-2312</Data><Data Name='TargetUserName'>v.akintsev</Data><Data Name='TargetDomainName'>ARGUS</Data><Data Name='TargetLogonId'>0x61cf0899</Data><Data Name='LogonType'>7</Data></EventData></Event>
<Event xmlns='http://schemas.microsoft.com/win/2004/08/events/event'><System><Provider Name='Microsoft-Windows-Security-Auditing' Guid='{54849625-5478-4994-A5BA-3E3B0328C30D}'/><EventID>4624</EventID><Version>0</Version><Level>0</Level><Task>12544</Task><Opcode>0</Opcode><Keywords>0x8020000000000000</Keywords><TimeCreated SystemTime='2013-10-11T14:37:22.843133900Z'/><EventRecordID>130175</EventRecordID><Correlation/><Execution ProcessID='668' ThreadID='4188'/><Channel>Security</Channel><Computer>vakintsev.argus.nio1.loniis</Computer><Security/></System><EventData><Data Name='SubjectUserSid'>S-1-5-18</Data><Data Name='SubjectUserName'>VAKINTSEV$</Data><Data Name='SubjectDomainName'>ARGUS</Data><Data Name='SubjectLogonId'>0x3e7</Data><Data Name='TargetUserSid'>S-1-5-21-1614895754-436374069-839522115-2312</Data><Data Name='TargetUserName'>v.akintsev</Data><Data Name='TargetDomainName'>ARGUS</Data><Data Name='TargetLogonId'>0x6a3d09ef</Data><Data Name='LogonType'>7</Data><Data Name='LogonProcessName'>User32 </Data><Data Name='AuthenticationPackageName'>Negotiate</Data><Data Name='WorkstationName'>VAKINTSEV</Data><Data Name='LogonGuid'>{00000000-0000-0000-0000-000000000000}</Data><Data Name='TransmittedServices'>-</Data><Data Name='LmPackageName'>-</Data><Data Name='KeyLength'>0</Data><Data Name='ProcessId'>0x25c</Data><Data Name='ProcessName'>C:\Windows\System32\winlogon.exe</Data><Data Name='IpAddress'>127.0.0.1</Data><Data Name='IpPort'>0</Data></EventData></Event>
<Event xmlns='http://schemas.microsoft.com/win/2004/08/events/event'><System><Provider Name='Microsoft-Windows-Security-Auditing' Guid='{54849625-5478-4994-A5BA-3E3B0328C30D}'/><EventID>4634</EventID><Version>0</Version><Level>0</Level><Task>12545</Task><Opcode>0</Opcode><Keywords>0x8020000000000000</Keywords><TimeCreated SystemTime='2013-10-11T14:37:22.844134000Z'/><EventRecordID>130177</EventRecordID><Correlation/><Execution ProcessID='668' ThreadID='4188'/><Channel>Security</Channel><Computer>vakintsev.argus.nio1.loniis</Computer><Security/></System><EventData><Data Name='TargetUserSid'>S-1-5-21-1614895754-436374069-839522115-2312</Data><Data Name='TargetUserName'>v.akintsev</Data><Data Name='TargetDomainName'>ARGUS</Data><Data Name='TargetLogonId'>0x6a3d09ef</Data><Data Name='LogonType'>7</Data></EventData></Event>
<Event xmlns='http://schemas.microsoft.com/win/2004/08/events/event'><System><Provider Name='Microsoft-Windows-Security-Auditing' Guid='{54849625-5478-4994-A5BA-3E3B0328C30D}'/><EventID>4624</EventID><Version>0</Version><Level>0</Level><Task>12544</Task><Opcode>0</Opcode><Keywords>0x8020000000000000</Keywords><TimeCreated SystemTime='2013-10-11T14:37:22.886136400Z'/><EventRecordID>130179</EventRecordID><Correlation/><Execution ProcessID='668' ThreadID='7072'/><Channel>Security</Channel><Computer>vakintsev.argus.nio1.loniis</Computer><Security/></System><EventData><Data Name='SubjectUserSid'>S-1-5-18</Data><Data Name='SubjectUserName'>VAKINTSEV$</Data><Data Name='SubjectDomainName'>ARGUS</Data><Data Name='SubjectLogonId'>0x3e7</Data><Data Name='TargetUserSid'>S-1-5-21-1614895754-436374069-839522115-2312</Data><Data Name='TargetUserName'>v.akintsev</Data><Data Name='TargetDomainName'>ARGUS</Data><Data Name='TargetLogonId'>0x6a3d0a02</Data><Data Name='LogonType'>7</Data><Data Name='LogonProcessName'>Negotiat</Data><Data Name='AuthenticationPackageName'>Negotiate</Data><Data Name='WorkstationName'>VAKINTSEV</Data><Data Name='LogonGuid'>{27854913-05D8-30CB-D205-937A600BDB3F}</Data><Data Name='TransmittedServices'>-</Data><Data Name='LmPackageName'>-</Data><Data Name='KeyLength'>0</Data><Data Name='ProcessId'>0x29c</Data><Data Name='ProcessName'>C:\Windows\System32\lsass.exe</Data><Data Name='IpAddress'>-</Data><Data Name='IpPort'>-</Data></EventData></Event>
<Event xmlns='http://schemas.microsoft.com/win/2004/08/events/event'><System><Provider Name='Microsoft-Windows-Security-Auditing' Guid='{54849625-5478-4994-A5BA-3E3B0328C30D}'/><EventID>4634</EventID><Version>0</Version><Level>0</Level><Task>12545</Task><Opcode>0</Opcode><Keywords>0x8020000000000000</Keywords><TimeCreated SystemTime='2013-10-11T14:37:22.886136400Z'/><EventRecordID>130181</EventRecordID><Correlation/><Execution ProcessID='668' ThreadID='1744'/><Channel>Security</Channel><Computer>vakintsev.argus.nio1.loniis</Computer><Security/></System><EventData><Data Name='TargetUserSid'>S-1-5-21-1614895754-436374069-839522115-2312</Data><Data Name='TargetUserName'>v.akintsev</Data><Data Name='TargetDomainName'>ARGUS</Data><Data Name='TargetLogonId'>0x6a3d0a02</Data><Data Name='LogonType'>7</Data></EventData></Event>
<Event xmlns='http://schemas.microsoft.com/win/2004/08/events/event'><System><Provider Name='Microsoft-Windows-Security-Auditing' Guid='{54849625-5478-4994-A5BA-3E3B0328C30D}'/><EventID>4624</EventID><Version>0</Version><Level>0</Level><Task>12544</Task><Opcode>0</Opcode><Keywords>0x8020000000000000</Keywords><TimeCreated SystemTime='2013-10-11T15:04:15.442369300Z'/><EventRecordID>130183</EventRecordID><Correlation/><Execution ProcessID='668' ThreadID='708'/><Channel>Security</Channel><Computer>vakintsev.argus.nio1.loniis</Computer><Security/></System><EventData><Data Name='SubjectUserSid'>S-1-5-18</Data><Data Name='SubjectUserName'>VAKINTSEV$</Data><Data Name='SubjectDomainName'>ARGUS</Data><Data Name='SubjectLogonId'>0x3e7</Data><Data Name='TargetUserSid'>S-1-5-21-1614895754-436374069-839522115-2312</Data><Data Name='TargetUserName'>v.akintsev</Data><Data Name='TargetDomainName'>ARGUS</Data><Data Name='TargetLogonId'>0x6abb65c3</Data><Data Name='LogonType'>7</Data><Data Name='LogonProcessName'>User32 </Data><Data Name='AuthenticationPackageName'>Negotiate</Data><Data Name='WorkstationName'>VAKINTSEV</Data><Data Name='LogonGuid'>{00000000-0000-0000-0000-000000000000}</Data><Data Name='TransmittedServices'>-</Data><Data Name='LmPackageName'>-</Data><Data Name='KeyLength'>0</Data><Data Name='ProcessId'>0x25c</Data><Data Name='ProcessName'>C:\Windows\System32\winlogon.exe</Data><Data Name='IpAddress'>127.0.0.1</Data><Data Name='IpPort'>0</Data></EventData></Event>
<Event xmlns='http://schemas.microsoft.com/win/2004/08/events/event'><System><Provider Name='Microsoft-Windows-Security-Auditing' Guid='{54849625-5478-4994-A5BA-3E3B0328C30D}'/><EventID>4634</EventID><Version>0</Version><Level>0</Level><Task>12545</Task><Opcode>0</Opcode><Keywords>0x8020000000000000</Keywords><TimeCreated SystemTime='2013-10-11T15:04:15.442369300Z'/><EventRecordID>130185</EventRecordID><Correlation/><Execution ProcessID='668' ThreadID='708'/><Channel>Security</Channel><Computer>vakintsev.argus.nio1.loniis</Computer><Security/></System><EventData><Data Name='TargetUserSid'>S-1-5-21-1614895754-436374069-839522115-2312</Data><Data Name='TargetUserName'>v.akintsev</Data><Data Name='TargetDomainName'>ARGUS</Data><Data Name='TargetLogonId'>0x6abb65c3</Data><Data Name='LogonType'>7</Data></EventData></Event>
<Event xmlns='http://schemas.microsoft.com/win/2004/08/events/event'><System><Provider Name='Microsoft-Windows-Security-Auditing' Guid='{54849625-5478-4994-A5BA-3E3B0328C30D}'/><EventID>4624</EventID><Version>0</Version><Level>0</Level><Task>12544</Task><Opcode>0</Opcode><Keywords>0x8020000000000000</Keywords><TimeCreated SystemTime='2013-10-11T15:04:15.582377300Z'/><EventRecordID>130187</EventRecordID><Correlation/><Execution ProcessID='668' ThreadID='6404'/><Channel>Security</Channel><Computer>vakintsev.argus.nio1.loniis</Computer><Security/></System><EventData><Data Name='SubjectUserSid'>S-1-5-18</Data><Data Name='SubjectUserName'>VAKINTSEV$</Data><Data Name='SubjectDomainName'>ARGUS</Data><Data Name='SubjectLogonId'>0x3e7</Data><Data Name='TargetUserSid'>S-1-5-21-1614895754-436374069-839522115-2312</Data><Data Name='TargetUserName'>v.akintsev</Data><Data Name='TargetDomainName'>ARGUS</Data><Data Name='TargetLogonId'>0x6abb65fa</Data><Data Name='LogonType'>7</Data><Data Name='LogonProcessName'>Negotiat</Data><Data Name='AuthenticationPackageName'>Negotiate</Data><Data Name='WorkstationName'>VAKINTSEV</Data><Data Name='LogonGuid'>{AA4B192F-F089-92C7-6CFC-B6102DF7FC44}</Data><Data Name='TransmittedServices'>-</Data><Data Name='LmPackageName'>-</Data><Data Name='KeyLength'>0</Data><Data Name='ProcessId'>0x29c</Data><Data Name='ProcessName'>C:\Windows\System32\lsass.exe</Data><Data Name='IpAddress'>-</Data><Data Name='IpPort'>-</Data></EventData></Event>
<Event xmlns='http://schemas.microsoft.com/win/2004/08/events/event'><System><Provider Name='Microsoft-Windows-Security-Auditing' Guid='{54849625-5478-4994-A5BA-3E3B0328C30D}'/><EventID>4634</EventID><Version>0</Version><Level>0</Level><Task>12545</Task><Opcode>0</Opcode><Keywords>0x8020000000000000</Keywords><TimeCreated SystemTime='2013-10-11T15:04:15.582377300Z'/><EventRecordID>130189</EventRecordID><Correlation/><Execution ProcessID='668' ThreadID='708'/><Channel>Security</Channel><Computer>vakintsev.argus.nio1.loniis</Computer><Security/></System><EventData><Data Name='TargetUserSid'>S-1-5-21-1614895754-436374069-839522115-2312</Data><Data Name='TargetUserName'>v.akintsev</Data><Data Name='TargetDomainName'>ARGUS</Data><Data Name='TargetLogonId'>0x6abb65fa</Data><Data Name='LogonType'>7</Data></EventData></Event>
<Event xmlns='http://schemas.microsoft.com/win/2004/08/events/event'><System><Provider Name='Microsoft-Windows-Security-Auditing' Guid='{54849625-5478-4994-A5BA-3E3B0328C30D}'/><EventID>4624</EventID><Version>0</Version><Level>0</Level><Task>12544</Task><Opcode>0</Opcode><Keywords>0x8020000000000000</Keywords><TimeCreated SystemTime='2013-10-12T10:04:07.384737000Z'/><EventRecordID>130200</EventRecordID><Correlation/><Execution ProcessID='668' ThreadID='8588'/><Channel>Security</Channel><Computer>vakintsev.argus.nio1.loniis</Computer><Security/></System><EventData><Data Name='SubjectUserSid'>S-1-5-18</Data><Data Name='SubjectUserName'>VAKINTSEV$</Data><Data Name='SubjectDomainName'>ARGUS</Data><Data Name='SubjectLogonId'>0x3e7</Data><Data Name='TargetUserSid'>S-1-5-21-1614895754-436374069-839522115-2312</Data><Data Name='TargetUserName'>v.akintsev</Data><Data Name='TargetDomainName'>ARGUS</Data><Data Name='TargetLogonId'>0x714fc6b2</Data><Data Name='LogonType'>7</Data><Data Name='LogonProcessName'>User32 </Data><Data Name='AuthenticationPackageName'>Negotiate</Data><Data Name='WorkstationName'>VAKINTSEV</Data><Data Name='LogonGuid'>{00000000-0000-0000-0000-000000000000}</Data><Data Name='TransmittedServices'>-</Data><Data Name='LmPackageName'>-</Data><Data Name='KeyLength'>0</Data><Data Name='ProcessId'>0x25c</Data><Data Name='ProcessName'>C:\Windows\System32\winlogon.exe</Data><Data Name='IpAddress'>127.0.0.1</Data><Data Name='IpPort'>0</Data></EventData></Event>
<Event xmlns='http://schemas.microsoft.com/win/2004/08/events/event'><System><Provider Name='Microsoft-Windows-Security-Auditing' Guid='{54849625-5478-4994-A5BA-3E3B0328C30D}'/><EventID>4634</EventID><Version>0</Version><Level>0</Level><Task>12545</Task><Opcode>0</Opcode><Keywords>0x8020000000000000</Keywords><TimeCreated SystemTime='2013-10-12T10:04:07.384737000Z'/><EventRecordID>130202</EventRecordID><Correlation/><Execution ProcessID='668' ThreadID='8588'/><Channel>Security</Channel><Computer>vakintsev.argus.nio1.loniis</Computer><Security/></System><EventData><Data Name='TargetUserSid'>S-1-5-21-1614895754-436374069-839522115-2312</Data><Data Name='TargetUserName'>v.akintsev</Data><Data Name='TargetDomainName'>ARGUS</Data><Data Name='TargetLogonId'>0x714fc6b2</Data><Data Name='LogonType'>7</Data></EventData></Event>
<Event xmlns='http://schemas.microsoft.com/win/2004/08/events/event'><System><Provider Name='Microsoft-Windows-Security-Auditing' Guid='{54849625-5478-4994-A5BA-3E3B0328C30D}'/><EventID>4624</EventID><Version>0</Version><Level>0</Level><Task>12544</Task><Opcode>0</Opcode><Keywords>0x8020000000000000</Keywords><TimeCreated SystemTime='2013-10-12T10:04:09.775873700Z'/><EventRecordID>130204</EventRecordID><Correlation/><Execution ProcessID='668' ThreadID='8936'/><Channel>Security</Channel><Computer>vakintsev.argus.nio1.loniis</Computer><Security/></System><EventData><Data Name='SubjectUserSid'>S-1-5-18</Data><Data Name='SubjectUserName'>VAKINTSEV$</Data><Data Name='SubjectDomainName'>ARGUS</Data><Data Name='SubjectLogonId'>0x3e7</Data><Data Name='TargetUserSid'>S-1-5-21-1614895754-436374069-839522115-2312</Data><Data Name='TargetUserName'>v.akintsev</Data><Data Name='TargetDomainName'>ARGUS</Data><Data Name='TargetLogonId'>0x71501aeb</Data><Data Name='LogonType'>7</Data><Data Name='LogonProcessName'>Negotiat</Data><Data Name='AuthenticationPackageName'>Negotiate</Data><Data Name='WorkstationName'>VAKINTSEV</Data><Data Name='LogonGuid'>{00000000-0000-0000-0000-000000000000}</Data><Data Name='TransmittedServices'>-</Data><Data Name='LmPackageName'>-</Data><Data Name='KeyLength'>0</Data><Data Name='ProcessId'>0x29c</Data><Data Name='ProcessName'>C:\Windows\System32\lsass.exe</Data><Data Name='IpAddress'>-</Data><Data Name='IpPort'>-</Data></EventData></Event>
<Event xmlns='http://schemas.microsoft.com/win/2004/08/events/event'><System><Provider Name='Microsoft-Windows-Security-Auditing' Guid='{54849625-5478-4994-A5BA-3E3B0328C30D}'/><EventID>4634</EventID><Version>0</Version><Level>0</Level><Task>12545</Task><Opcode>0</Opcode><Keywords>0x8020000000000000</Keywords><TimeCreated SystemTime='2013-10-12T10:04:09.775873700Z'/><EventRecordID>130206</EventRecordID><Correlation/><Execution ProcessID='668' ThreadID='1744'/><Channel>Security</Channel><Computer>vakintsev.argus.nio1.loniis</Computer><Security/></System><EventData><Data Name='TargetUserSid'>S-1-5-21-1614895754-436374069-839522115-2312</Data><Data Name='TargetUserName'>v.akintsev</Data><Data Name='TargetDomainName'>ARGUS</Data><Data Name='TargetLogonId'>0x71501aeb</Data><Data Name='LogonType'>7</Data></EventData></Event>
<Event xmlns='http://schemas.microsoft.com/win/2004/08/events/event'><System><Provider Name='Microsoft-Windows-Security-Auditing' Guid='{54849625-5478-4994-A5BA-3E3B0328C30D}'/><EventID>4624</EventID><Version>0</Version><Level>0</Level><Task>12544</Task><Opcode>0</Opcode><Keywords>0x8020000000000000</Keywords><TimeCreated SystemTime='2013-10-14T07:13:45.392774500Z'/><EventRecordID>130238</EventRecordID><Correlation/><Execution ProcessID='668' ThreadID='708'/><Channel>Security</Channel><Computer>vakintsev.argus.nio1.loniis</Computer><Security/></System><EventData><Data Name='SubjectUserSid'>S-1-5-18</Data><Data Name='SubjectUserName'>VAKINTSEV$</Data><Data Name='SubjectDomainName'>ARGUS</Data><Data Name='SubjectLogonId'>0x3e7</Data><Data Name='TargetUserSid'>S-1-5-21-1614895754-436374069-839522115-2312</Data><Data Name='TargetUserName'>v.akintsev</Data><Data Name='TargetDomainName'>ARGUS</Data><Data Name='TargetLogonId'>0x757376a4</Data><Data Name='LogonType'>7</Data><Data Name='LogonProcessName'>User32 </Data><Data Name='AuthenticationPackageName'>Negotiate</Data><Data Name='WorkstationName'>VAKINTSEV</Data><Data Name='LogonGuid'>{00000000-0000-0000-0000-000000000000}</Data><Data Name='TransmittedServices'>-</Data><Data Name='LmPackageName'>-</Data><Data Name='KeyLength'>0</Data><Data Name='ProcessId'>0x25c</Data><Data Name='ProcessName'>C:\Windows\System32\winlogon.exe</Data><Data Name='IpAddress'>127.0.0.1</Data><Data Name='IpPort'>0</Data></EventData></Event>
<Event xmlns='http://schemas.microsoft.com/win/2004/08/events/event'><System><Provider Name='Microsoft-Windows-Security-Auditing' Guid='{54849625-5478-4994-A5BA-3E3B0328C30D}'/><EventID>4634</EventID><Version>0</Version><Level>0</Level><Task>12545</Task><Opcode>0</Opcode><Keywords>0x8020000000000000</Keywords><TimeCreated SystemTime='2013-10-14T07:13:45.392774500Z'/><EventRecordID>130240</EventRecordID><Correlation/><Execution ProcessID='668' ThreadID='708'/><Channel>Security</Channel><Computer>vakintsev.argus.nio1.loniis</Computer><Security/></System><EventData><Data Name='TargetUserSid'>S-1-5-21-1614895754-436374069-839522115-2312</Data><Data Name='TargetUserName'>v.akintsev</Data><Data Name='TargetDomainName'>ARGUS</Data><Data Name='TargetLogonId'>0x757376a4</Data><Data Name='LogonType'>7</Data></EventData></Event>
<Event xmlns='http://schemas.microsoft.com/win/2004/08/events/event'><System><Provider Name='Microsoft-Windows-Security-Auditing' Guid='{54849625-5478-4994-A5BA-3E3B0328C30D}'/><EventID>4624</EventID><Version>0</Version><Level>0</Level><Task>12544</Task><Opcode>0</Opcode><Keywords>0x8020000000000000</Keywords><TimeCreated SystemTime='2013-10-14T07:13:45.432776800Z'/><EventRecordID>130242</EventRecordID><Correlation/><Execution ProcessID='668' ThreadID='6600'/><Channel>Security</Channel><Computer>vakintsev.argus.nio1.loniis</Computer><Security/></System><EventData><Data Name='SubjectUserSid'>S-1-5-18</Data><Data Name='SubjectUserName'>VAKINTSEV$</Data><Data Name='SubjectDomainName'>ARGUS</Data><Data Name='SubjectLogonId'>0x3e7</Data><Data Name='TargetUserSid'>S-1-5-21-1614895754-436374069-839522115-2312</Data><Data Name='TargetUserName'>v.akintsev</Data><Data Name='TargetDomainName'>ARGUS</Data><Data Name='TargetLogonId'>0x757376b1</Data><Data Name='LogonType'>7</Data><Data Name='LogonProcessName'>Negotiat</Data><Data Name='AuthenticationPackageName'>Negotiate</Data><Data Name='WorkstationName'>VAKINTSEV</Data><Data Name='LogonGuid'>{4ACFD674-46DA-6FB5-3ACC-64FC57FC49AA}</Data><Data Name='TransmittedServices'>-</Data><Data Name='LmPackageName'>-</Data><Data Name='KeyLength'>0</Data><Data Name='ProcessId'>0x29c</Data><Data Name='ProcessName'>C:\Windows\System32\lsass.exe</Data><Data Name='IpAddress'>-</Data><Data Name='IpPort'>-</Data></EventData></Event>
<Event xmlns='http://schemas.microsoft.com/win/2004/08/events/event'><System><Provider Name='Microsoft-Windows-Security-Auditing' Guid='{54849625-5478-4994-A5BA-3E3B0328C30D}'/><EventID>4634</EventID><Version>0</Version><Level>0</Level><Task>12545</Task><Opcode>0</Opcode><Keywords>0x8020000000000000</Keywords><TimeCreated SystemTime='2013-10-14T07:13:45.433776800Z'/><EventRecordID>130244</EventRecordID><Correlation/><Execution ProcessID='668' ThreadID='708'/><Channel>Security</Channel><Computer>vakintsev.argus.nio1.loniis</Computer><Security/></System><EventData><Data Name='TargetUserSid'>S-1-5-21-1614895754-436374069-839522115-2312</Data><Data Name='TargetUserName'>v.akintsev</Data><Data Name='TargetDomainName'>ARGUS</Data><Data Name='TargetLogonId'>0x757376b1</Data><Data Name='LogonType'>7</Data></EventData></Event>
