<Event xmlns='http://schemas.microsoft.com/win/2004/08/events/event'><System><Provider Name='Microsoft-Windows-Security-Auditing' Guid='{54849625-5478-4994-A5BA-3E3B0328C30D}'/><EventID>4624</EventID><Version>0</Version><Level>0</Level><Task>12544</Task><Opcode>0</Opcode><Keywords>0x8020000000000000</Keywords><TimeCreated SystemTime='2013-10-14T07:58:44.566158400Z'/><EventRecordID>130252</EventRecordID><Correlation/><Execution ProcessID='668' ThreadID='708'/><Channel>Security</Channel><Computer>vakintsev.argus.nio1.loniis</Computer><Security/></System><EventData><Data Name='SubjectUserSid'>S-1-5-18</Data><Data Name='SubjectUserName'>VAKINTSEV$</Data><Data Name='SubjectDomainName'>ARGUS</Data><Data Name='SubjectLogonId'>0x3e7</Data><Data Name='TargetUserSid'>S-1-5-21-1614895754-436374069-839522115-2312</Data><Data Name='TargetUserName'>v.akintsev</Data><Data Name='TargetDomainName'>ARGUS</Data><Data Name='TargetLogonId'>0x75beb6ac</Data><Data Name='LogonType'>7</Data><Data Name='LogonProcessName'>User32 </Data><Data Name='AuthenticationPackageName'>Negotiate</Data><Data Name='WorkstationName'>VAKINTSEV</Data><Data Name='LogonGuid'>{00000000-0000-0000-0000-000000000000}</Data><Data Name='TransmittedServices'>-</Data><Data Name='LmPackageName'>-</Data><Data Name='KeyLength'>0</Data><Data Name='ProcessId'>0x25c</Data><Data Name='ProcessName'>C:\Windows\System32\winlogon.exe</Data><Data Name='IpAddress'>127.0.0.1</Data><Data Name='IpPort'>0</Data></EventData></Event>
<Event xmlns='http://schemas.microsoft.com/win/2004/08/events/event'><System><Provider Name='Microsoft-Windows-Security-Auditing' Guid='{54849625-5478-4994-A5BA-3E3B0328C30D}'/><EventID>4634</EventID><Version>0</Version><Level>0</Level><Task>12545</Task><Opcode>0</Opcode><Keywords>0x8020000000000000</Keywords><TimeCreated SystemTime='2013-10-14T07:58:44.566158400Z'/><EventRecordID>130254</EventRecordID><Correlation/><Execution ProcessID='668' ThreadID='708'/><Channel>Security</Channel><Computer>vakintsev.argus.nio1.loniis</Computer><Security/></System><EventData><Data Name='TargetUserSid'>S-1-5-21-1614895754-436374069-839522115-2312</Data><Data Name='TargetUserName'>v.akintsev</Data><Data Name='TargetDomainName'>ARGUS</Data><Data Name='TargetLogonId'>0x75beb6ac</Data><Data Name='LogonType'>7</Data></EventData></Event>
<Event xmlns='http://schemas.microsoft.com/win/2004/08/events/event'><System><Provider Name='Microsoft-Windows-Security-Auditing' Guid='{54849625-5478-4994-A5BA-3E3B0328C30D}'/><EventID>4624</EventID><Version>0</Version><Level>0</Level><Task>12544</Task><Opcode>0</Opcode><Keywords>0x8020000000000000</Keywords><TimeCreated SystemTime='2013-10-14T07:58:44.700166000Z'/><EventRecordID>130256</EventRecordID><Correlation/><Execution ProcessID='668' ThreadID='8088'/><Channel>Security</Channel><Computer>vakintsev.argus.nio1.loniis</Computer><Security/></System><EventData><Data Name='SubjectUserSid'>S-1-5-18</Data><Data Name='SubjectUserName'>VAKINTSEV$</Data><Data Name='SubjectDomainName'>ARGUS</Data><Data Name='SubjectLogonId'>0x3e7</Data><Data Name='TargetUserSid'>S-1-5-21-1614895754-436374069-839522115-2312</Data><Data Name='TargetUserName'>v.akintsev</Data><Data Name='TargetDomainName'>ARGUS</Data><Data Name='TargetLogonId'>0x75beb6be</Data><Data Name='LogonType'>7</Data><Data Name='LogonProcessName'>Negotiat</Data><Data Name='AuthenticationPackageName'>Negotiate</Data><Data Name='WorkstationName'>VAKINTSEV</Data><Data Name='LogonGuid'>{B34B8599-7DD2-2BA4-F976-3CC75CCB3BF8}</Data><Data Name='TransmittedServices'>-</Data><Data Name='LmPackageName'>-</Data><Data Name='KeyLength'>0</Data><Data Name='ProcessId'>0x29c</Data><Data Name='ProcessName'>C:\Windows\System32\lsass.exe</Data><Data Name='IpAddress'>-</Data><Data Name='IpPort'>-</Data></EventData></Event>
<Event xmlns='http://schemas.microsoft.com/win/2004/08/events/event'><System><Provider Name='Microsoft-Windows-Security-Auditing' Guid='{54849625-5478-4994-A5BA-3E3B0328C30D}'/><EventID>4634</EventID><Version>0</Version><Level>0</Level><Task>12545</Task><Opcode>0</Opcode><Keywords>0x8020000000000000</Keywords><TimeCreated SystemTime='2013-10-14T07:58:44.700166000Z'/><EventRecordID>130258</EventRecordID><Correlation/><Execution ProcessID='668' ThreadID='708'/><Channel>Security</Channel><Computer>vakintsev.argus.nio1.loniis</Computer><Security/></System><EventData><Data Name='TargetUserSid'>S-1-5-21-1614895754-436374069-839522115-2312</Data><Data Name='TargetUserName'>v.akintsev</Data><Data Name='TargetDomainName'>ARGUS</Data><Data Name='TargetLogonId'>0x75beb6be</Data><Data Name='LogonType'>7</Data></EventData></Event>
<Event xmlns='http://schemas.microsoft.com/win/2004/08/events/event'><System><Provider Name='Microsoft-Windows-Security-Auditing' Guid='{54849625-5478-4994-A5BA-3E3B0328C30D}'/><EventID>4624</EventID><Version>0</Version><Level>0</Level><Task>12544</Task><Opcode>0</Opcode><Keywords>0x8020000000000000</Keywords><TimeCreated SystemTime='2013-10-14T08:37:54.775582700Z'/><EventRecordID>130264</EventRecordID><Correlation/><Execution ProcessID='668' ThreadID='708'/><Channel>Security</Channel><Computer>vakintsev.argus.nio1.loniis</Computer><Security/></System><EventData><Data Name='SubjectUserSid'>S-1-5-18</Data><Data Name='SubjectUserName'>VAKINTSEV$</Data><Data Name='SubjectDomainName'>ARGUS</Data><Data Name='SubjectLogonId'>0x3e7</Data><Data Name='TargetUserSid'>S-1-5-21-1614895754-436374069-839522115-2312</Data><Data Name='TargetUserName'>v.akintsev</Data><Data Name='TargetDomainName'>ARGUS</Data><Data Name='TargetLogonId'>0x781c4494</Data><Data Name='LogonType'>7</Data><Data Name='LogonProcessName'>User32 </Data><Data Name='AuthenticationPackageName'>Negotiate</Data><Data Name='WorkstationName'>VAKINTSEV</Data><Data Name='LogonGuid'>{00000000-0000-0000-0000-000000000000}</Data><Data Name='TransmittedServices'>-</Data><Data Name='LmPackageName'>-</Data><Data Name='KeyLength'>0</Data><Data Name='ProcessId'>0x25c</Data><Data Name='ProcessName'>C:\Windows\System32\winlogon.exe</Data><Data Name='IpAddress'>127.0.0.1</Data><Data Name='IpPort'>0</Data></EventData></Event>
<Event xmlns='http://schemas.microsoft.com/win/2004/08/events/event'><System><Provider Name='Microsoft-Windows-Security-Auditing' Guid='{54849625-5478-4994-A5BA-3E3B0328C30D}'/><EventID>4634</EventID><Version>0</Version><Level>0</Level><Task>12545</Task><Opcode>0</Opcode><Keywords>0x8020000000000000</Keywords><TimeCreated SystemTime='2013-10-14T08:37:54.776582700Z'/><EventRecordID>130266</EventRecordID><Correlation/><Execution ProcessID='668' ThreadID='708'/><Channel>Security</Channel><Computer>vakintsev.argus.nio1.loniis</Computer><Security/></System><EventData><Data Name='TargetUserSid'>S-1-5-21-1614895754-436374069-839522115-2312</Data><Data Name='TargetUserName'>v.akintsev</Data><Data Name='TargetDomainName'>ARGUS</Data><Data Name='TargetLogonId'>0x781c4494</Data><Data Name='LogonType'>7</Data></EventData></Event>
<Event xmlns='http://schemas.microsoft.com/win/2004/08/events/event'><System><Provider Name='Microsoft-Windows-Security-Auditing' Guid='{54849625-5478-4994-A5BA-3E3B0328C30D}'/><EventID>4624</EventID><Version>0</Version><Level>0</Level><Task>12544</Task><Opcode>0</Opcode><Keywords>0x8020000000000000</Keywords><TimeCreated SystemTime='2013-10-14T08:37:54.910590400Z'/><EventRecordID>130268</EventRecordID><Correlation/><Execution ProcessID='668' ThreadID='2332'/><Channel>Security</Channel><Computer>vakintsev.argus.nio1.loniis</Computer><Security/></System><EventData><Data Name='SubjectUserSid'>S-1-5-18</Data><Data Name='SubjectUserName'>VAKINTSEV$</Data><Data Name='SubjectDomainName'>ARGUS</Data><Data Name='SubjectLogonId'>0x3e7</Data><Data Name='TargetUserSid'>S-1-5-21-1614895754-436374069-839522115-2312</Data><Data Name='TargetUserName'>v.akintsev</Data><Data Name='TargetDomainName'>ARGUS</Data><Data Name='TargetLogonId'>0x781c44a8</Data><Data Name='LogonType'>7</Data><Data Name='LogonProcessName'>Negotiat</Data><Data Name='AuthenticationPackageName'>Negotiate</Data><Data Name='WorkstationName'>VAKINTSEV</Data><Data Name='LogonGuid'>{C760D3B9-335B-A77B-5042-DEECD3618B00}</Data><Data Name='TransmittedServices'>-</Data><Data Name='LmPackageName'>-</Data><Data Name='KeyLength'>0</Data><Data Name='ProcessId'>0x29c</Data><Data Name='ProcessName'>C:\Windows\System32\lsass.exe</Data><Data Name='IpAddress'>-</Data><Data Name='IpPort'>-</Data></EventData></Event>
<Event xmlns='http://schemas.microsoft.com/win/2004/08/events/event'><System><Provider Name='Microsoft-Windows-Security-Auditing' Guid='{54849625-5478-4994-A5BA-3E3B0328C30D}'/><EventID>4634</EventID><Version>0</Version><Level>0</Level><Task>12545</Task><Opcode>0</Opcode><Keywords>0x8020000000000000</Keywords><TimeCreated SystemTime='2013-10-14T08:37:54.910590400Z'/><EventRecordID>130270</EventRecordID><Correlation/><Execution ProcessID='668' ThreadID='708'/><Channel>Security</Channel><Computer>vakintsev.argus.nio1.loniis</Computer><Security/></System><EventData><Data Name='TargetUserSid'>S-1-5-21-1614895754-436374069-839522115-2312</Data><Data Name='TargetUserName'>v.akintsev</Data><Data Name='TargetDomainName'>ARGUS</Data><Data Name='TargetLogonId'>0x781c44a8</Data><Data Name='LogonType'>7</Data></EventData></Event>
<Event xmlns='http://schemas.microsoft.com/win/2004/08/events/event'><System><Provider Name='Microsoft-Windows-Security-Auditing' Guid='{54849625-5478-4994-A5BA-3E3B0328C30D}'/><EventID>4624</EventID><Version>0</Version><Level>0</Level><Task>12544</Task><Opcode>0</Opcode><Keywords>0x8020000000000000</Keywords><TimeCreated SystemTime='2013-10-14T09:06:24.679383600Z'/><EventRecordID>130275</EventRecordID><Correlation/><Execution ProcessID='668' ThreadID='5800'/><Channel>Security</Channel><Computer>vakintsev.argus.nio1.loniis</Computer><Security/></System><EventData><Data Name='SubjectUserSid'>S-1-5-18</Data><Data Name='SubjectUserName'>VAKINTSEV$</Data><Data Name='SubjectDomainName'>ARGUS</Data><Data Name='SubjectLogonId'>0x3e7</Data><Data Name='TargetUserSid'>S-1-5-21-1614895754-436374069-839522115-2312</Data><Data Name='TargetUserName'>v.akintsev</Data><Data Name='TargetDomainName'>ARGUS</Data><Data Name='TargetLogonId'>0x7855e7bb</Data><Data Name='LogonType'>7</Data><Data Name='LogonProcessName'>User32 </Data><Data Name='AuthenticationPackageName'>Negotiate</Data><Data Name='WorkstationName'>VAKINTSEV</Data><Data Name='LogonGuid'>{00000000-0000-0000-0000-000000000000}</Data><Data Name='TransmittedServices'>-</Data><Data Name='LmPackageName'>-</Data><Data Name='KeyLength'>0</Data><Data Name='ProcessId'>0x25c</Data><Data Name='ProcessName'>C:\Windows\System32\winlogon.exe</Data><Data Name='IpAddress'>127.0.0.1</Data><Data Name='IpPort'>0</Data></EventData></Event>
<Event xmlns='http://schemas.microsoft.com/win/2004/08/events/event'><System><Provider Name='Microsoft-Windows-Security-Auditing' Guid='{54849625-5478-4994-A5BA-3E3B0328C30D}'/><EventID>4634</EventID><Version>0</Version><Level>0</Level><Task>12545</Task><Opcode>0</Opcode><Keywords>0x8020000000000000</Keywords><TimeCreated SystemTime='2013-10-14T09:06:24.680383600Z'/><EventRecordID>130277</EventRecordID><Correlation/><Execution ProcessID='668' ThreadID='5800'/><Channel>Security</Channel><Computer>vakintsev.argus.nio1.loniis</Computer><Security/></System><EventData><Data Name='TargetUserSid'>S-1-5-21-1614895754-436374069-839522115-2312</Data><Data Name='TargetUserName'>v.akintsev</Data><Data Name='TargetDomainName'>ARGUS</Data><Data Name='TargetLogonId'>0x7855e7bb</Data><Data Name='LogonType'>7</Data></EventData></Event>
<Event xmlns='http://schemas.microsoft.com/win/2004/08/events/event'><System><Provider Name='Microsoft-Windows-Security-Auditing' Guid='{54849625-5478-4994-A5BA-3E3B0328C30D}'/><EventID>4624</EventID><Version>0</Version><Level>0</Level><Task>12544</Task><Opcode>0</Opcode><Keywords>0x8020000000000000</Keywords><TimeCreated SystemTime='2013-10-14T09:06:24.723386100Z'/><EventRecordID>130279</EventRecordID><Correlation/><Execution ProcessID='668' ThreadID='8536'/><Channel>Security</Channel><Computer>vakintsev.argus.nio1.loniis</Computer><Security/></System><EventData><Data Name='SubjectUserSid'>S-1-5-18</Data><Data Name='SubjectUserName'>VAKINTSEV$</Data><Data Name='SubjectDomainName'>ARGUS</Data><Data Name='SubjectLogonId'>0x3e7</Data><Data Name='TargetUserSid'>S-1-5-21-1614895754-436374069-839522115-2312</Data><Data Name='TargetUserName'>v.akintsev</Data><Data Name='TargetDomainName'>ARGUS</Data><Data Name='TargetLogonId'>0x7855e7d4</Data><Data Name='LogonType'>7</Data><Data Name='LogonProcessName'>Negotiat</Data><Data Name='AuthenticationPackageName'>Negotiate</Data><Data Name='WorkstationName'>VAKINTSEV</Data><Data Name='LogonGuid'>{4DA03941-9280-05B5-CBDA-EE07DC4D81E9}</Data><Data Name='TransmittedServices'>-</Data><Data Name='LmPackageName'>-</Data><Data Name='KeyLength'>0</Data><Data Name='ProcessId'>0x29c</Data><Data Name='ProcessName'>C:\Windows\System32\lsass.exe</Data><Data Name='IpAddress'>-</Data><Data Name='IpPort'>-</Data></EventData></Event>
<Event xmlns='http://schemas.microsoft.com/win/2004/08/events/event'><System><Provider Name='Microsoft-Windows-Security-Auditing' Guid='{54849625-5478-4994-A5BA-3E3B0328C30D}'/><EventID>4634</EventID><Version>0</Version><Level>0</Level><Task>12545</Task><Opcode>0</Opcode><Keywords>0x8020000000000000</Keywords><TimeCreated SystemTime='2013-10-14T09:06:24.723386100Z'/><EventRecordID>130281</EventRecordID><Correlation/><Execution ProcessID='668' ThreadID='1744'/><Channel>Security</Channel><Computer>vakintsev.argus.nio1.loniis</Computer><Security/></System><EventData><Data Name='TargetUserSid'>S-1-5-21-1614895754-436374069-839522115-2312</Data><Data Name='TargetUserName'>v.akintsev</Data><Data Name='TargetDomainName'>ARGUS</Data><Data Name='TargetLogonId'>0x7855e7d4</Data><Data Name='LogonType'>7</Data></EventData></Event>
<Event xmlns='http://schemas.microsoft.com/win/2004/08/events/event'><System><Provider Name='Microsoft-Windows-Security-Auditing' Guid='{54849625-5478-4994-A5BA-3E3B0328C30D}'/><EventID>4624</EventID><Version>0</Version><Level>0</Level><Task>12544</Task><Opcode>0</Opcode><Keywords>0x8020000000000000</Keywords><TimeCreated SystemTime='2013-10-14T10:51:30.798072900Z'/><EventRecordID>130292</EventRecordID><Correlation/><Execution ProcessID='668' ThreadID='1744'/><Channel>Security</Channel><Computer>vakintsev.argus.nio1.loniis</Computer><Security/></System><EventData><Data Name='SubjectUserSid'>S-1-5-18</Data><Data Name='SubjectUserName'>VAKINTSEV$</Data><Data Name='SubjectDomainName'>ARGUS</Data><Data Name='SubjectLogonId'>0x3e7</Data><Data Name='TargetUserSid'>S-1-5-21-1614895754-436374069-839522115-2312</Data><Data Name='TargetUserName'>v.akintsev</Data><Data Name='TargetDomainName'>ARGUS</Data><Data Name='TargetLogonId'>0x79a08851</Data><Data Name='LogonType'>7</Data><Data Name='LogonProcessName'>User32 </Data><Data Name='AuthenticationPackageName'>Negotiate</Data><Data Name='WorkstationName'>VAKINTSEV</Data><Data Name='LogonGuid'>{00000000-0000-0000-0000-000000000000}</Data><Data Name='TransmittedServices'>-</Data><Data Name='LmPackageName'>-</Data><Data Name='KeyLength'>0</Data><Data Name='ProcessId'>0x25c</Data><Data Name='ProcessName'>C:\Windows\System32\winlogon.exe</Data><Data Name='IpAddress'>127.0.0.1</Data><Data Name='IpPort'>0</Data></EventData></Event>
<Event xmlns='http://schemas.microsoft.com/win/2004/08/events/event'><System><Provider Name='Microsoft-Windows-Security-Auditing' Guid='{54849625-5478-4994-A5BA-3E3B0328C30D}'/><EventID>4634</EventID><Version>0</Version><Level>0</Level><Task>12545</Task><Opcode>0</Opcode><Keywords>0x8020000000000000</Keywords><TimeCreated SystemTime='2013-10-14T10:51:30.798072900Z'/><EventRecordID>130294</EventRecordID><Correlation/><Execution ProcessID='668' ThreadID='1744'/><Channel>Security</Channel><Computer>vakintsev.argus.nio1.loniis</Computer><Security/></System><EventData><Data Name='TargetUserSid'>S-1-5-21-1614895754-436374069-839522115-2312</Data><Data Name='TargetUserName'>v.akintsev</Data><Data Name='TargetDomainName'>ARGUS</Data><Data Name='TargetLogonId'>0x79a08851</Data><Data Name='LogonType'>7</Data></EventData></Event>
<Event xmlns='http://schemas.microsoft.com/win/2004/08/events/event'><System><Provider Name='Microsoft-Windows-Security-Auditing' Guid='{54849625-5478-4994-A5BA-3E3B0328C30D}'/><EventID>4624</EventID><Version>0</Version><Level>0</Level><Task>12544</Task><Opcode>0</Opcode><Keywords>0x8020000000000000</Keywords><TimeCreated SystemTime='2013-10-14T10:51:30.840075300Z'/><EventRecordID>130296</EventRecordID><Correlation/><Execution ProcessID='668' ThreadID='1124'/><Channel>Security</Channel><Computer>vakintsev.argus.nio1.loniis</Computer><Security/></System><EventData><Data Name='SubjectUserSid'>S-1-5-18</Data><Data Name='SubjectUserName'>VAKINTSEV$</Data><Data Name='SubjectDomainName'>ARGUS</Data><Data Name='SubjectLogonId'>0x3e7</Data><Data Name='TargetUserSid'>S-1-5-21-1614895754-436374069-839522115-2312</Data><Data Name='TargetUserName'>v.akintsev</Data><Data Name='TargetDomainName'>ARGUS</Data><Data Name='TargetLogonId'>0x79a08863</Data><Data Name='LogonType'>7</Data><Data Name='LogonProcessName'>Negotiat</Data><Data Name='AuthenticationPackageName'>Negotiate</Data><Data Name='WorkstationName'>VAKINTSEV</Data><Data Name='LogonGuid'>{09792AC2-0277-F230-5B50-D605DC4B42F9}</Data><Data Name='TransmittedServices'>-</Data><Data Name='LmPackageName'>-</Data><Data Name='KeyLength'>0</Data><Data Name='ProcessId'>0x29c</Data><Data Name='ProcessName'>C:\Windows\System32\lsass.exe</Data><Data Name='IpAddress'>-</Data><Data Name='IpPort'>-</Data></EventData></Event>
<Event xmlns='http://schemas.microsoft.com/win/2004/08/events/event'><System><Provider Name='Microsoft-Windows-Security-Auditing' Guid='{54849625-5478-4994-A5BA-3E3B0328C30D}'/><EventID>4634</EventID><Version>0</Version><Level>0</Level><Task>12545</Task><Opcode>0</Opcode><Keywords>0x8020000000000000</Keywords><TimeCreated SystemTime='2013-10-14T10:51:30.840075300Z'/><EventRecordID>130298</EventRecordID><Correlation/><Execution ProcessID='668' ThreadID='4856'/><Channel>Security</Channel><Computer>vakintsev.argus.nio1.loniis</Computer><Security/></System><EventData><Data Name='TargetUserSid'>S-1-5-21-1614895754-436374069-839522115-2312</Data><Data Name='TargetUserName'>v.akintsev</Data><Data Name='TargetDomainName'>ARGUS</Data><Data Name='TargetLogonId'>0x79a08863</Data><Data Name='LogonType'>7</Data></EventData></Event>
<Event xmlns='http://schemas.microsoft.com/win/2004/08/events/event'><System><Provider Name='Microsoft-Windows-Security-Auditing' Guid='{54849625-5478-4994-A5BA-3E3B0328C30D}'/><EventID>4624</EventID><Version>0</Version><Level>0</Level><Task>12544</Task><Opcode>0</Opcode><Keywords>0x8020000000000000</Keywords><TimeCreated SystemTime='2013-10-14T13:48:47.620464400Z'/><EventRecordID>130325</EventRecordID><Correlation/><Execution ProcessID='668' ThreadID='1744'/><Channel>Security</Channel><Computer>vakintsev.argus.nio1.loniis</Computer><Security/></System><EventData><Data Name='SubjectUserSid'>S-1-5-18</Data><Data Name='SubjectUserName'>VAKINTSEV$</Data><Data Name='SubjectDomainName'>ARGUS</Data><Data Name='SubjectLogonId'>0x3e7</Data><Data Name='TargetUserSid'>S-1-5-21-1614895754-436374069-839522115-2312</Data><Data Name='TargetUserName'>v.akintsev</Data><Data Name='TargetDomainName'>ARGUS</Data><Data Name='TargetLogonId'>0x7be95d81</Data><Data Name='LogonType'>7</Data><Data Name='LogonProcessName'>User32 </Data><Data Name='AuthenticationPackageName'>Negotiate</Data><Data Name='WorkstationName'>VAKINTSEV</Data><Data Name='LogonGuid'>{00000000-0000-0000-0000-000000000000}</Data><Data Name='TransmittedServices'>-</Data><Data Name='LmPackageName'>-</Data><Data Name='KeyLength'>0</Data><Data Name='ProcessId'>0x25c</Data><Data Name='ProcessName'>C:\Windows\System32\winlogon.exe</Data><Data Name='IpAddress'>127.0.0.1</Data><Data Name='IpPort'>0</Data></EventData></Event>
<Event xmlns='http://schemas.microsoft.com/win/2004/08/events/event'><System><Provider Name='Microsoft-Windows-Security-Auditing' Guid='{54849625-5478-4994-A5BA-3E3B0328C30D}'/><EventID>4634</EventID><Version>0</Version><Level>0</Level><Task>12545</Task><Opcode>0</Opcode><Keywords>0x8020000000000000</Keywords><TimeCreated SystemTime='2013-10-14T13:48:47.620464400Z'/><EventRecordID>130327</EventRecordID><Correlation/><Execution ProcessID='668' ThreadID='1744'/><Channel>Security</Channel><Computer>vakintsev.argus.nio1.loniis</Computer><Security/></System><EventData><Data Name='TargetUserSid'>S-1-5-21-1614895754-436374069-839522115-2312</Data><Data Name='TargetUserName'>v.akintsev</Data><Data Name='TargetDomainName'>ARGUS</Data><Data Name='TargetLogonId'>0x7be95d81</Data><Data Name='LogonType'>7</Data></EventData></Event>
<Event xmlns='http://schemas.microsoft.com/win/2004/08/events/event'><System><Provider Name='Microsoft-Windows-Security-Auditing' Guid='{54849625-5478-4994-A5BA-3E3B0328C30D}'/><EventID>4624</EventID><Version>0</Version><Level>0</Level><Task>12544</Task><Opcode>0</Opcode><Keywords>0x8020000000000000</Keywords><TimeCreated SystemTime='2013-10-14T13:48:47.862478200Z'/><EventRecordID>130329</EventRecordID><Correlation/><Execution ProcessID='668' ThreadID='10160'/><Channel>Security</Channel><Computer>vakintsev.argus.nio1.loniis</Computer><Security/></System><EventData><Data Name='SubjectUserSid'>S-1-5-18</Data><Data Name='SubjectUserName'>VAKINTSEV$</Data><Data Name='SubjectDomainName'>ARGUS</Data><Data Name='SubjectLogonId'>0x3e7</Data><Data Name='TargetUserSid'>S-1-5-21-1614895754-436374069-839522115-2312</Data><Data Name='TargetUserName'>v.akintsev</Data><Data Name='TargetDomainName'>ARGUS</Data><Data Name='TargetLogonId'>0x7be95d8d</Data><Data Name='LogonType'>7</Data><Data Name='LogonProcessName'>Negotiat</Data><Data Name='AuthenticationPackageName'>Negotiate</Data><Data Name='WorkstationName'>VAKINTSEV</Data><Data Name='LogonGuid'>{D7CAF82A-E2CD-F6AE-16AB-4386457FDF11}</Data><Data Name='TransmittedServices'>-</Data><Data Name='LmPackageName'>-</Data><Data Name='KeyLength'>0</Data><Data Name='ProcessId'>0x29c</Data><Data Name='ProcessName'>C:\Windows\System32\lsass.exe</Data><Data Name='IpAddress'>-</Data><Data Name='IpPort'>-</Data></EventData></Event>
<Event xmlns='http://schemas.microsoft.com/win/2004/08/events/event'><System><Provider Name='Microsoft-Windows-Security-Auditing' Guid='{54849625-5478-4994-A5BA-3E3B0328C30D}'/><EventID>4634</EventID><Version>0</Version><Level>0</Level><Task>12545</Task><Opcode>0</Opcode><Keywords>0x8020000000000000</Keywords><TimeCreated SystemTime='2013-10-14T13:48:47.862478200Z'/><EventRecordID>130331</EventRecordID><Correlation/><Execution ProcessID='668' ThreadID='708'/><Channel>Security</Channel><Computer>vakintsev.argus.nio1.loniis</Computer><Security/></System><EventData><Data Name='TargetUserSid'>S-1-5-21-1614895754-436374069-839522115-2312</Data><Data Name='TargetUserName'>v.akintsev</Data><Data Name='TargetDomainName'>ARGUS</Data><Data Name='TargetLogonId'>0x7be95d8d</Data><Data Name='LogonType'>7</Data></EventData></Event>
<Event xmlns='http://schemas.microsoft.com/win/2004/08/events/event'><System><Provider Name='Microsoft-Windows-Security-Auditing' Guid='{54849625-5478-4994-A5BA-3E3B0328C30D}'/><EventID>4624</EventID><Version>0</Version><Level>0</Level><Task>12544</Task><Opcode>0</Opcode><Keywords>0x8020000000000000</Keywords><TimeCreated SystemTime='2013-10-14T15:04:10.888180500Z'/><EventRecordID>130340</EventRecordID><Correlation/><Execution ProcessID='668' ThreadID='7040'/><Channel>Security</Channel><Computer>vakintsev.argus.nio1.loniis</Computer><Security/></System><EventData><Data Name='SubjectUserSid'>S-1-5-18</Data><Data Name='SubjectUserName'>VAKINTSEV$</Data><Data Name='SubjectDomainName'>ARGUS</Data><Data Name='SubjectLogonId'>0x3e7</Data><Data Name='TargetUserSid'>S-1-5-21-1614895754-436374069-839522115-2312</Data><Data Name='TargetUserName'>v.akintsev</Data><Data Name='TargetDomainName'>ARGUS</Data><Data Name='TargetLogonId'>0x7cbc2c13</Data><Data Name='LogonType'>7</Data><Data Name='LogonProcessName'>User32 </Data><Data Name='AuthenticationPackageName'>Negotiate</Data><Data Name='WorkstationName'>VAKINTSEV</Data><Data Name='LogonGuid'>{00000000-0000-0000-0000-000000000000}</Data><Data Name='TransmittedServices'>-</Data><Data Name='LmPackageName'>-</Data><Data Name='KeyLength'>0</Data><Data Name='ProcessId'>0x25c</Data><Data Name='ProcessName'>C:\Windows\System32\winlogon.exe</Data><Data Name='IpAddress'>127.0.0.1</Data><Data Name='IpPort'>0</Data></EventData></Event>
<Event xmlns='http://schemas.microsoft.com/win/2004/08/events/event'><System><Provider Name='Microsoft-Windows-Security-Auditing' Guid='{54849625-5478-4994-A5BA-3E3B0328C30D}'/><EventID>4634</EventID><Version>0</Version><Level>0</Level><Task>12545</Task><Opcode>0</Opcode><Keywords>0x8020000000000000</Keywords><TimeCreated SystemTime='2013-10-14T15:04:10.888180500Z'/><EventRecordID>130342</EventRecordID><Correlation/><Execution ProcessID='668' ThreadID='7040'/><Channel>Security</Channel><Computer>vakintsev.argus.nio1.loniis</Computer><Security/></System><EventData><Data Name='TargetUserSid'>S-1-5-21-1614895754-436374069-839522115-2312</Data><Data Name='TargetUserName'>v.akintsev</Data><Data Name='TargetDomainName'>ARGUS</Data><Data Name='TargetLogonId'>0x7cbc2c13</Data><Data Name='LogonType'>7</Data></EventData></Event>
<Event xmlns='http://schemas.microsoft.com/win/2004/08/events/event'><System><Provider Name='Microsoft-Windows-Security-Auditing' Guid='{54849625-5478-4994-A5BA-3E3B0328C30D}'/><EventID>4624</EventID><Version>0</Version><Level>0</Level><Task>12544</Task><Opcode>0</Opcode><Keywords>0x8020000000000000</Keywords><TimeCreated SystemTime='2013-10-14T15:04:11.029188500Z'/><EventRecordID>130344</EventRecordID><Correlation/><Execution ProcessID='668' ThreadID='10140'/><Channel>Security</Channel><Computer>vakintsev.argus.nio1.loniis</Computer><Security/></System><EventData><Data Name='SubjectUserSid'>S-1-5-18</Data><Data Name='SubjectUserName'>VAKINTSEV$</Data><Data Name='SubjectDomainName'>ARGUS</Data><Data Name='SubjectLogonId'>0x3e7</Data><Data Name='TargetUserSid'>S-1-5-21-1614895754-436374069-839522115-2312</Data><Data Name='TargetUserName'>v.akintsev</Data><Data Name='TargetDomainName'>ARGUS</Data><Data Name='TargetLogonId'>0x7cbc2c21</Data><Data Name='LogonType'>7</Data><Data Name='LogonProcessName'>Negotiat</Data><Data Name='AuthenticationPackageName'>Negotiate</Data><Data Name='WorkstationName'>VAKINTSEV</Data><Data Name='LogonGuid'>{91EED1C0-F765-3592-C9EC-1F974CFB5600}</Data><Data Name='TransmittedServices'>-</Data><Data Name='LmPackageName'>-</Data><Data Name='KeyLength'>0</Data><Data Name='ProcessId'>0x29c</Data><Data Name='ProcessName'>C:\Windows\System32\lsass.exe</Data><Data Name='IpAddress'>-</Data><Data Name='IpPort'>-</Data></EventData></Event>
<Event xmlns='http://schemas.microsoft.com/win/2004/08/events/event'><System><Provider Name='Microsoft-Windows-Security-Auditing' Guid='{54849625-5478-4994-A5BA-3E3B0328C30D}'/><EventID>4634</EventID><Version>0</Version><Level>0</Level><Task>12545</Task><Opcode>0</Opcode><Keywords>0x8020000000000000</Keywords><TimeCreated SystemTime='2013-10-14T15:04:11.029188500Z'/><EventRecordID>130346</EventRecordID><Correlation/><Execution ProcessID='668' ThreadID='7040'/><Channel>Security</Channel><Computer>vakintsev.argus.nio1.loniis</Computer><Security/></System><EventData><Data Name='TargetUserSid'>S-1-5-21-1614895754-436374069-839522115-2312</Data><Data Name='TargetUserName'>v.akintsev</Data><Data Name='TargetDomainName'>ARGUS</Data><Data Name='TargetLogonId'>0x7cbc2c21</Data><Data Name='LogonType'>7</Data></EventData></Event>
<Event xmlns='http://schemas.microsoft.com/win/2004/08/events/event'><System><Provider Name='Microsoft-Windows-Security-Auditing' Guid='{54849625-5478-4994-A5BA-3E3B0328C30D}'/><EventID>4624</EventID><Version>0</Version><Level>0</Level><Task>12544</Task><Opcode>0</Opcode><Keywords>0x8020000000000000</Keywords><TimeCreated SystemTime='2013-10-15T10:10:39.873680100Z'/><EventRecordID>130356</EventRecordID><Correlation/><Execution ProcessID='668' ThreadID='708'/><Channel>Security</Channel><Computer>vakintsev.argus.nio1.loniis</Computer><Security/></System><EventData><Data Name='SubjectUserSid'>S-1-5-18</Data><Data Name='SubjectUserName'>VAKINTSEV$</Data><Data Name='SubjectDomainName'>ARGUS</Data><Data Name='SubjectLogonId'>0x3e7</Data><Data Name='TargetUserSid'>S-1-5-21-1614895754-436374069-839522115-2312</Data><Data Name='TargetUserName'>v.akintsev</Data><Data Name='TargetDomainName'>ARGUS</Data><Data Name='TargetLogonId'>0x7dff2c20</Data><Data Name='LogonType'>7</Data><Data Name='LogonProcessName'>User32 </Data><Data Name='AuthenticationPackageName'>Negotiate</Data><Data Name='WorkstationName'>VAKINTSEV</Data><Data Name='LogonGuid'>{00000000-0000-0000-0000-000000000000}</Data><Data Name='TransmittedServices'>-</Data><Data Name='LmPackageName'>-</Data><Data Name='KeyLength'>0</Data><Data Name='ProcessId'>0x25c</Data><Data Name='ProcessName'>C:\Windows\System32\winlogon.exe</Data><Data Name='IpAddress'>127.0.0.1</Data><Data Name='IpPort'>0</Data></EventData></Event>
<Event xmlns='http://schemas.microsoft.com/win/2004/08/events/event'><System><Provider Name='Microsoft-Windows-Security-Auditing' Guid='{54849625-5478-4994-A5BA-3E3B0328C30D}'/><EventID>4624</EventID><Version>0</Version><Level>0</Level><Task>12544</Task><Opcode>0</Opcode><Keywords>0x8020000000000000</Keywords><TimeCreated SystemTime='2013-10-15T10:10:39.907682100Z'/><EventRecordID>130359</EventRecordID><Correlation/><Execution ProcessID='668' ThreadID='7288'/><Channel>Security</Channel><Computer>vakintsev.argus.nio1.loniis</Computer><Security/></System><EventData><Data Name='SubjectUserSid'>S-1-5-18</Data><Data Name='SubjectUserName'>VAKINTSEV$</Data><Data Name='SubjectDomainName'>ARGUS</Data><Data Name='SubjectLogonId'>0x3e7</Data><Data Name='TargetUserSid'>S-1-5-21-1614895754-436374069-839522115-2312</Data><Data Name='TargetUserName'>v.akintsev</Data><Data Name='TargetDomainName'>ARGUS</Data><Data Name='TargetLogonId'>0x7dff2e48</Data><Data Name='LogonType'>7</Data><Data Name='LogonProcessName'>Negotiat</Data><Data Name='AuthenticationPackageName'>Negotiate</Data><Data Name='WorkstationName'>VAKINTSEV</Data><Data Name='LogonGuid'>{DAD53412-E172-5686-21A0-6720C7D2CA8B}</Data><Data Name='TransmittedServices'>-</Data><Data Name='LmPackageName'>-</Data><Data Name='KeyLength'>0</Data><Data Name='ProcessId'>0x29c</Data><Data Name='ProcessName'>C:\Windows\System32\lsass.exe</Data><Data Name='IpAddress'>-</Data><Data Name='IpPort'>-</Data></EventData></Event>
<Event xmlns='http://schemas.microsoft.com/win/2004/08/events/event'><System><Provider Name='Microsoft-Windows-Security-Auditing' Guid='{54849625-5478-4994-A5BA-3E3B0328C30D}'/><EventID>4634</EventID><Version>0</Version><Level>0</Level><Task>12545</Task><Opcode>0</Opcode><Keywords>0x8020000000000000</Keywords><TimeCreated SystemTime='2013-10-15T10:10:41.159753700Z'/><EventRecordID>130361</EventRecordID><Correlation/><Execution ProcessID='668' ThreadID='708'/><Channel>Security</Channel><Computer>vakintsev.argus.nio1.loniis</Computer><Security/></System><EventData><Data Name='TargetUserSid'>S-1-5-21-1614895754-436374069-839522115-2312</Data><Data Name='TargetUserName'>v.akintsev</Data><Data Name='TargetDomainName'>ARGUS</Data><Data Name='TargetLogonId'>0x7dff2c20</Data><Data Name='LogonType'>7</Data></EventData></Event>
<Event xmlns='http://schemas.microsoft.com/win/2004/08/events/event'><System><Provider Name='Microsoft-Windows-Security-Auditing' Guid='{54849625-5478-4994-A5BA-3E3B0328C30D}'/><EventID>4634</EventID><Version>0</Version><Level>0</Level><Task>12545</Task><Opcode>0</Opcode><Keywords>0x8020000000000000</Keywords><TimeCreated SystemTime='2013-10-15T10:10:41.159753700Z'/><EventRecordID>130362</EventRecordID><Correlation/><Execution ProcessID='668' ThreadID='708'/><Channel>Security</Channel><Computer>vakintsev.argus.nio1.loniis</Computer><Security/></System><EventData><Data Name='TargetUserSid'>S-1-5-21-1614895754-436374069-839522115-2312</Data><Data Name='TargetUserName'>v.akintsev</Data><Data Name='TargetDomainName'>ARGUS</Data><Data Name='TargetLogonId'>0x7dff2e48</Data><Data Name='LogonType'>7</Data></EventData></Event>
<Event xmlns='http://schemas.microsoft.com/win/2004/08/events/event'><System><Provider Name='Microsoft-Windows-Security-Auditing' Guid='{54849625-5478-4994-A5BA-3E3B0328C30D}'/><EventID>4624</EventID><Version>0</Version><Level>0</Level><Task>12544</Task><Opcode>0</Opcode><Keywords>0x8020000000000000</Keywords><TimeCreated SystemTime='2013-10-15T11:24:49.773199800Z'/><EventRecordID>130380</EventRecordID><Correlation/><Execution ProcessID='668' ThreadID='4748'/><Channel>Security</Channel><Computer>vakintsev.argus.nio1.loniis</Computer><Security/></System><EventData><Data Name='SubjectUserSid'>S-1-5-18</Data><Data Name='SubjectUserName'>VAKINTSEV$</Data><Data Name='SubjectDomainName'>ARGUS</Data><Data Name='SubjectLogonId'>0x3e7</Data><Data Name='TargetUserSid'>S-1-5-21-1614895754-436374069-839522115-2312</Data><Data Name='TargetUserName'>v.akintsev</Data><Data Name='TargetDomainName'>ARGUS</Data><Data Name='TargetLogonId'>0x82c0cd2f</Data><Data Name='LogonType'>7</Data><Data Name='LogonProcessName'>User32 </Data><Data Name='AuthenticationPackageName'>Negotiate</Data><Data Name='WorkstationName'>VAKINTSEV</Data><Data Name='LogonGuid'>{DA030961-3D80-E2A7-4908-B82973E34121}</Data><Data Name='TransmittedServices'>-</Data><Data Name='LmPackageName'>-</Data><Data Name='KeyLength'>0</Data><Data Name='ProcessId'>0x25c</Data><Data Name='ProcessName'>C:\Windows\System32\winlogon.exe</Data><Data Name='IpAddress'>127.0.0.1</Data><Data Name='IpPort'>0</Data></EventData></Event>
<Event xmlns='http://schemas.microsoft.com/win/2004/08/events/event'><System><Provider Name='Microsoft-Windows-Security-Auditing' Guid='{54849625-5478-4994-A5BA-3E3B0328C30D}'/><EventID>4634</EventID><Version>0</Version><Level>0</Level><Task>12545</Task><Opcode>0</Opcode><Keywords>0x8020000000000000</Keywords><TimeCreated SystemTime='2013-10-15T11:24:49.774199900Z'/><EventRecordID>130382</EventRecordID><Correlation/><Execution ProcessID='668' ThreadID='4748'/><Channel>Security</Channel><Computer>vakintsev.argus.nio1.loniis</Computer><Security/></System><EventData><Data Name='TargetUserSid'>S-1-5-21-1614895754-436374069-839522115-2312</Data><Data Name='TargetUserName'>v.akintsev</Data><Data Name='TargetDomainName'>ARGUS</Data><Data Name='TargetLogonId'>0x82c0cd2f</Data><Data Name='LogonType'>7</Data></EventData></Event>
<Event xmlns='http://schemas.microsoft.com/win/2004/08/events/event'><System><Provider Name='Microsoft-Windows-Security-Auditing' Guid='{54849625-5478-4994-A5BA-3E3B0328C30D}'/><EventID>4624</EventID><Version>0</Version><Level>0</Level><Task>12544</Task><Opcode>0</Opcode><Keywords>0x8020000000000000</Keywords><TimeCreated SystemTime='2013-10-16T07:10:41.481286800Z'/><EventRecordID>130416</EventRecordID><Correlation/><Execution ProcessID='668' ThreadID='2128'/><Channel>Security</Channel><Computer>vakintsev.argus.nio1.loniis</Computer><Security/></System><EventData><Data Name='SubjectUserSid'>S-1-5-18</Data><Data Name='SubjectUserName'>VAKINTSEV$</Data><Data Name='SubjectDomainName'>ARGUS</Data><Data Name='SubjectLogonId'>0x3e7</Data><Data Name='TargetUserSid'>S-1-5-21-1614895754-436374069-839522115-2312</Data><Data Name='TargetUserName'>v.akintsev</Data><Data Name='TargetDomainName'>ARGUS</Data><Data Name='TargetLogonId'>0x912963e0</Data><Data Name='LogonType'>7</Data><Data Name='LogonProcessName'>User32 </Data><Data Name='AuthenticationPackageName'>Negotiate</Data><Data Name='WorkstationName'>VAKINTSEV</Data><Data Name='LogonGuid'>{00000000-0000-0000-0000-000000000000}</Data><Data Name='TransmittedServices'>-</Data><Data Name='LmPackageName'>-</Data><Data Name='KeyLength'>0</Data><Data Name='ProcessId'>0x25c</Data><Data Name='ProcessName'>C:\Windows\System32\winlogon.exe</Data><Data Name='IpAddress'>127.0.0.1</Data><Data Name='IpPort'>0</Data></EventData></Event>
<Event xmlns='http://schemas.microsoft.com/win/2004/08/events/event'><System><Provider Name='Microsoft-Windows-Security-Auditing' Guid='{54849625-5478-4994-A5BA-3E3B0328C30D}'/><EventID>4624</EventID><Version>0</Version><Level>0</Level><Task>12544</Task><Opcode>0</Opcode><Keywords>0x8020000000000000</Keywords><TimeCreated SystemTime='2013-10-16T07:10:41.549290700Z'/><EventRecordID>130419</EventRecordID><Correlation/><Execution ProcessID='668' ThreadID='8092'/><Channel>Security</Channel><Computer>vakintsev.argus.nio1.loniis</Computer><Security/></System><EventData><Data Name='SubjectUserSid'>S-1-5-18</Data><Data Name='SubjectUserName'>VAKINTSEV$</Data><Data Name='SubjectDomainName'>ARGUS</Data><Data Name='SubjectLogonId'>0x3e7</Data><Data Name='TargetUserSid'>S-1-5-21-1614895754-436374069-839522115-2312</Data><Data Name='TargetUserName'>v.akintsev</Data><Data Name='TargetDomainName'>ARGUS</Data><Data Name='TargetLogonId'>0x912965ba</Data><Data Name='LogonType'>7</Data><Data Name='LogonProcessName'>Negotiat</Data><Data Name='AuthenticationPackageName'>Negotiate</Data><Data Name='WorkstationName'>VAKINTSEV</Data><Data Name='LogonGuid'>{BB444083-0CE5-F206-C467-2991FB89426F}</Data><Data Name='TransmittedServices'>-</Data><Data Name='LmPackageName'>-</Data><Data Name='KeyLength'>0</Data><Data Name='ProcessId'>0x29c</Data><Data Name='ProcessName'>C:\Windows\System32\lsass.exe</Data><Data Name='IpAddress'>-</Data><Data Name='IpPort'>-</Data></EventData></Event>
<Event xmlns='http://schemas.microsoft.com/win/2004/08/events/event'><System><Provider Name='Microsoft-Windows-Security-Auditing' Guid='{54849625-5478-4994-A5BA-3E3B0328C30D}'/><EventID>4634</EventID><Version>0</Version><Level>0</Level><Task>12545</Task><Opcode>0</Opcode><Keywords>0x8020000000000000</Keywords><TimeCreated SystemTime='2013-10-16T07:10:41.549290700Z'/><EventRecordID>130421</EventRecordID><Correlation/><Execution ProcessID='668' ThreadID='2128'/><Channel>Security</Channel><Computer>vakintsev.argus.nio1.loniis</Computer><Security/></System><EventData><Data Name='TargetUserSid'>S-1-5-21-1614895754-436374069-839522115-2312</Data><Data Name='TargetUserName'>v.akintsev</Data><Data Name='TargetDomainName'>ARGUS</Data><Data Name='TargetLogonId'>0x912965ba</Data><Data Name='LogonType'>7</Data></EventData></Event>
<Event xmlns='http://schemas.microsoft.com/win/2004/08/events/event'><System><Provider Name='Microsoft-Windows-Security-Auditing' Guid='{54849625-5478-4994-A5BA-3E3B0328C30D}'/><EventID>4634</EventID><Version>0</Version><Level>0</Level><Task>12545</Task><Opcode>0</Opcode><Keywords>0x8020000000000000</Keywords><TimeCreated SystemTime='2013-10-16T07:10:41.550290700Z'/><EventRecordID>130422</EventRecordID><Correlation/><Execution ProcessID='668' ThreadID='2128'/><Channel>Security</Channel><Computer>vakintsev.argus.nio1.loniis</Computer><Security/></System><EventData><Data Name='TargetUserSid'>S-1-5-21-1614895754-436374069-839522115-2312</Data><Data Name='TargetUserName'>v.akintsev</Data><Data Name='TargetDomainName'>ARGUS</Data><Data Name='TargetLogonId'>0x912963e0</Data><Data Name='LogonType'>7</Data></EventData></Event>
<Event xmlns='http://schemas.microsoft.com/win/2004/08/events/event'><System><Provider Name='Microsoft-Windows-Security-Auditing' Guid='{54849625-5478-4994-A5BA-3E3B0328C30D}'/><EventID>4624</EventID><Version>0</Version><Level>0</Level><Task>12544</Task><Opcode>0</Opcode><Keywords>0x8020000000000000</Keywords><TimeCreated SystemTime='2013-10-16T10:38:03.444926400Z'/><EventRecordID>130446</EventRecordID><Correlation/><Execution ProcessID='668' ThreadID='1744'/><Channel>Security</Channel><Computer>vakintsev.argus.nio1.loniis</Computer><Security/></System><EventData><Data Name='SubjectUserSid'>S-1-5-18</Data><Data Name='SubjectUserName'>VAKINTSEV$</Data><Data Name='SubjectDomainName'>ARGUS</Data><Data Name='SubjectLogonId'>0x3e7</Data><Data Name='TargetUserSid'>S-1-5-21-1614895754-436374069-839522115-2312</Data><Data Name='TargetUserName'>v.akintsev</Data><Data Name='TargetDomainName'>ARGUS</Data><Data Name='TargetLogonId'>0x9ad5f595</Data><Data Name='LogonType'>7</Data><Data Name='LogonProcessName'>User32 </Data><Data Name='AuthenticationPackageName'>Negotiate</Data><Data Name='WorkstationName'>VAKINTSEV</Data><Data Name='LogonGuid'>{0E2F38C7-FBEC-B89D-66BF-DAF0937F4E7D}</Data><Data Name='TransmittedServices'>-</Data><Data Name='LmPackageName'>-</Data><Data Name='KeyLength'>0</Data><Data Name='ProcessId'>0x25c</Data><Data Name='ProcessName'>C:\Windows\System32\winlogon.exe</Data><Data Name='IpAddress'>127.0.0.1</Data><Data Name='IpPort'>0</Data></EventData></Event>
<Event xmlns='http://schemas.microsoft.com/win/2004/08/events/event'><System><Provider Name='Microsoft-Windows-Security-Auditing' Guid='{54849625-5478-4994-A5BA-3E3B0328C30D}'/><EventID>4634</EventID><Version>0</Version><Level>0</Level><Task>12545</Task><Opcode>0</Opcode><Keywords>0x8020000000000000</Keywords><TimeCreated SystemTime='2013-10-16T10:38:03.444926400Z'/><EventRecordID>130448</EventRecordID><Correlation/><Execution ProcessID='668' ThreadID='1744'/><Channel>Security</Channel><Computer>vakintsev.argus.nio1.loniis</Computer><Security/></System><EventData><Data Name='TargetUserSid'>S-1-5-21-1614895754-436374069-839522115-2312</Data><Data Name='TargetUserName'>v.akintsev</Data><Data Name='TargetDomainName'>ARGUS</Data><Data Name='TargetLogonId'>0x9ad5f595</Data><Data Name='LogonType'>7</Data></EventData></Event>
<Event xmlns='http://schemas.microsoft.com/win/2004/08/events/event'><System><Provider Name='Microsoft-Windows-Security-Auditing' Guid='{54849625-5478-4994-A5BA-3E3B0328C30D}'/><EventID>4624</EventID><Version>0</Version><Level>0</Level><Task>12544</Task><Opcode>0</Opcode><Keywords>0x8020000000000000</Keywords><TimeCreated SystemTime='2013-10-16T13:27:04.360953600Z'/><EventRecordID>130457</EventRecordID><Correlation/><Execution ProcessID='668' ThreadID='708'/><Channel>Security</Channel><Computer>vakintsev.argus.nio1.loniis</Computer><Security/></System><EventData><Data Name='SubjectUserSid'>S-1-5-18</Data><Data Name='SubjectUserName'>VAKINTSEV$</Data><Data Name='SubjectDomainName'>ARGUS</Data><Data Name='SubjectLogonId'>0x3e7</Data><Data Name='TargetUserSid'>S-1-5-21-1614895754-436374069-839522115-2312</Data><Data Name='TargetUserName'>v.akintsev</Data><Data Name='TargetDomainName'>ARGUS</Data><Data Name='TargetLogonId'>0xa0584d2a</Data><Data Name='LogonType'>7</Data><Data Name='LogonProcessName'>User32 </Data><Data Name='AuthenticationPackageName'>Negotiate</Data><Data Name='WorkstationName'>VAKINTSEV</Data><Data Name='LogonGuid'>{00000000-0000-0000-0000-000000000000}</Data><Data Name='TransmittedServices'>-</Data><Data Name='LmPackageName'>-</Data><Data Name='KeyLength'>0</Data><Data Name='ProcessId'>0x25c</Data><Data Name='ProcessName'>C:\Windows\System32\winlogon.exe</Data><Data Name='IpAddress'>127.0.0.1</Data><Data Name='IpPort'>0</Data></EventData></Event>
<Event xmlns='http://schemas.microsoft.com/win/2004/08/events/event'><System><Provider Name='Microsoft-Windows-Security-Auditing' Guid='{54849625-5478-4994-A5BA-3E3B0328C30D}'/><EventID>4634</EventID><Version>0</Version><Level>0</Level><Task>12545</Task><Opcode>0</Opcode><Keywords>0x8020000000000000</Keywords><TimeCreated SystemTime='2013-10-16T13:27:04.360953600Z'/><EventRecordID>130459</EventRecordID><Correlation/><Execution ProcessID='668' ThreadID='708'/><Channel>Security</Channel><Computer>vakintsev.argus.nio1.loniis</Computer><Security/></System><EventData><Data Name='TargetUserSid'>S-1-5-21-1614895754-436374069-839522115-2312</Data><Data Name='TargetUserName'>v.akintsev</Data><Data Name='TargetDomainName'>ARGUS</Data><Data Name='TargetLogonId'>0xa0584d2a</Data><Data Name='LogonType'>7</Data></EventData></Event>
<Event xmlns='http://schemas.microsoft.com/win/2004/08/events/event'><System><Provider Name='Microsoft-Windows-Security-Auditing' Guid='{54849625-5478-4994-A5BA-3E3B0328C30D}'/><EventID>4624</EventID><Version>0</Version><Level>0</Level><Task>12544</Task><Opcode>0</Opcode><Keywords>0x8020000000000000</Keywords><TimeCreated SystemTime='2013-10-16T13:27:04.496961400Z'/><EventRecordID>130461</EventRecordID><Correlation/><Execution ProcessID='668' ThreadID='9036'/><Channel>Security</Channel><Computer>vakintsev.argus.nio1.loniis</Computer><Security/></System><EventData><Data Name='SubjectUserSid'>S-1-5-18</Data><Data Name='SubjectUserName'>VAKINTSEV$</Data><Data Name='SubjectDomainName'>ARGUS</Data><Data Name='SubjectLogonId'>0x3e7</Data><Data Name='TargetUserSid'>S-1-5-21-1614895754-436374069-839522115-2312</Data><Data Name='TargetUserName'>v.akintsev</Data><Data Name='TargetDomainName'>ARGUS</Data><Data Name='TargetLogonId'>0xa0584d45</Data><Data Name='LogonType'>7</Data><Data Name='LogonProcessName'>Negotiat</Data><Data Name='AuthenticationPackageName'>Negotiate</Data><Data Name='WorkstationName'>VAKINTSEV</Data><Data Name='LogonGuid'>{8B32B112-4A7A-2A1A-E1EC-A5890ECC37D4}</Data><Data Name='TransmittedServices'>-</Data><Data Name='LmPackageName'>-</Data><Data Name='KeyLength'>0</Data><Data Name='ProcessId'>0x29c</Data><Data Name='ProcessName'>C:\Windows\System32\lsass.exe</Data><Data Name='IpAddress'>-</Data><Data Name='IpPort'>-</Data></EventData></Event>
<Event xmlns='http://schemas.microsoft.com/win/2004/08/events/event'><System><Provider Name='Microsoft-Windows-Security-Auditing' Guid='{54849625-5478-4994-A5BA-3E3B0328C30D}'/><EventID>4634</EventID><Version>0</Version><Level>0</Level><Task>12545</Task><Opcode>0</Opcode><Keywords>0x8020000000000000</Keywords><TimeCreated SystemTime='2013-10-16T13:27:04.496961400Z'/><EventRecordID>130463</EventRecordID><Correlation/><Execution ProcessID='668' ThreadID='1928'/><Channel>Security</Channel><Computer>vakintsev.argus.nio1.loniis</Computer><Security/></System><EventData><Data Name='TargetUserSid'>S-1-5-21-1614895754-436374069-839522115-2312</Data><Data Name='TargetUserName'>v.akintsev</Data><Data Name='TargetDomainName'>ARGUS</Data><Data Name='TargetLogonId'>0xa0584d45</Data><Data Name='LogonType'>7</Data></EventData></Event>
<Event xmlns='http://schemas.microsoft.com/win/2004/08/events/event'><System><Provider Name='Microsoft-Windows-Security-Auditing' Guid='{54849625-5478-4994-A5BA-3E3B0328C30D}'/><EventID>4624</EventID><Version>0</Version><Level>0</Level><Task>12544</Task><Opcode>0</Opcode><Keywords>0x8020000000000000</Keywords><TimeCreated SystemTime='2013-10-17T06:32:51.863600300Z'/><EventRecordID>130471</EventRecordID><Correlation/><Execution ProcessID='668' ThreadID='696'/><Channel>Security</Channel><Computer>vakintsev.argus.nio1.loniis</Computer><Security/></System><EventData><Data Name='SubjectUserSid'>S-1-5-18</Data><Data Name='SubjectUserName'>VAKINTSEV$</Data><Data Name='SubjectDomainName'>ARGUS</Data><Data Name='SubjectLogonId'>0x3e7</Data><Data Name='TargetUserSid'>S-1-5-21-1614895754-436374069-839522115-2312</Data><Data Name='TargetUserName'>v.akintsev</Data><Data Name='TargetDomainName'>ARGUS</Data><Data Name='TargetLogonId'>0xa0fe9360</Data><Data Name='LogonType'>7</Data><Data Name='LogonProcessName'>User32 </Data><Data Name='AuthenticationPackageName'>Negotiate</Data><Data Name='WorkstationName'>VAKINTSEV</Data><Data Name='LogonGuid'>{00000000-0000-0000-0000-000000000000}</Data><Data Name='TransmittedServices'>-</Data><Data Name='LmPackageName'>-</Data><Data Name='KeyLength'>0</Data><Data Name='ProcessId'>0x25c</Data><Data Name='ProcessName'>C:\Windows\System32\winlogon.exe</Data><Data Name='IpAddress'>127.0.0.1</Data><Data Name='IpPort'>0</Data></EventData></Event>
<Event xmlns='http://schemas.microsoft.com/win/2004/08/events/event'><System><Provider Name='Microsoft-Windows-Security-Auditing' Guid='{54849625-5478-4994-A5BA-3E3B0328C30D}'/><EventID>4634</EventID><Version>0</Version><Level>0</Level><Task>12545</Task><Opcode>0</Opcode><Keywords>0x8020000000000000</Keywords><TimeCreated SystemTime='2013-10-17T06:32:51.864600400Z'/><EventRecordID>130473</EventRecordID><Correlation/><Execution ProcessID='668' ThreadID='696'/><Channel>Security</Channel><Computer>vakintsev.argus.nio1.loniis</Computer><Security/></System><EventData><Data Name='TargetUserSid'>S-1-5-21-1614895754-436374069-839522115-2312</Data><Data Name='TargetUserName'>v.akintsev</Data><Data Name='TargetDomainName'>ARGUS</Data><Data Name='TargetLogonId'>0xa0fe9360</Data><Data Name='LogonType'>7</Data></EventData></Event>
