<Event xmlns='http://schemas.microsoft.com/win/2004/08/events/event'><System><Provider Name='Microsoft-Windows-Security-Auditing' Guid='{54849625-5478-4994-A5BA-3E3B0328C30D}'/><EventID>4624</EventID><Version>0</Version><Level>0</Level><Task>12544</Task><Opcode>0</Opcode><Keywords>0x8020000000000000</Keywords><TimeCreated SystemTime='2013-09-25T12:46:16.994177800Z'/><EventRecordID>129006</EventRecordID><Correlation/><Execution ProcessID='668' ThreadID='1140'/><Channel>Security</Channel><Computer>vakintsev.argus.nio1.loniis</Computer><Security/></System><EventData><Data Name='SubjectUserSid'>S-1-5-18</Data><Data Name='SubjectUserName'>VAKINTSEV$</Data><Data Name='SubjectDomainName'>ARGUS</Data><Data Name='SubjectLogonId'>0x3e7</Data><Data Name='TargetUserSid'>S-1-5-21-1614895754-436374069-839522115-2312</Data><Data Name='TargetUserName'>v.akintsev</Data><Data Name='TargetDomainName'>ARGUS</Data><Data Name='TargetLogonId'>0x5e08132f</Data><Data Name='LogonType'>7</Data><Data Name='LogonProcessName'>User32 </Data><Data Name='AuthenticationPackageName'>Negotiate</Data><Data Name='WorkstationName'>VAKINTSEV</Data><Data Name='LogonGuid'>{00000000-0000-0000-0000-000000000000}</Data><Data Name='TransmittedServices'>-</Data><Data Name='LmPackageName'>-</Data><Data Name='KeyLength'>0</Data><Data Name='ProcessId'>0x258</Data><Data Name='ProcessName'>C:\Windows\System32\winlogon.exe</Data><Data Name='IpAddress'>127.0.0.1</Data><Data Name='IpPort'>0</Data></EventData></Event>
<Event xmlns='http://schemas.microsoft.com/win/2004/08/events/event'><System><Provider Name='Microsoft-Windows-Security-Auditing' Guid='{54849625-5478-4994-A5BA-3E3B0328C30D}'/><EventID>4624</EventID><Version>0</Version><Level>0</Level><Task>12544</Task><Opcode>0</Opcode><Keywords>0x8020000000000000</Keywords><TimeCreated SystemTime='2013-09-25T12:46:17.001178200Z'/><EventRecordID>129009</EventRecordID><Correlation/><Execution ProcessID='668' ThreadID='1220'/><Channel>Security</Channel><Computer>vakintsev.argus.nio1.loniis</Computer><Security/></System><EventData><Data Name='SubjectUserSid'>S-1-5-18</Data><Data Name='SubjectUserName'>VAKINTSEV$</Data><Data Name='SubjectDomainName'>ARGUS</Data><Data Name='SubjectLogonId'>0x3e7</Data><Data Name='TargetUserSid'>S-1-5-21-1614895754-436374069-839522115-2312</Data><Data Name='TargetUserName'>v.akintsev</Data><Data Name='TargetDomainName'>ARGUS</Data><Data Name='TargetLogonId'>0x5e081a0c</Data><Data Name='LogonType'>7</Data><Data Name='LogonProcessName'>Negotiat</Data><Data Name='AuthenticationPackageName'>Negotiate</Data><Data Name='WorkstationName'>VAKINTSEV</Data><Data Name='LogonGuid'>{57540F7A-0EC5-C87C-C0DE-50E26594235C}</Data><Data Name='TransmittedServices'>-</Data><Data Name='LmPackageName'>-</Data><Data Name='KeyLength'>0</Data><Data Name='ProcessId'>0x29c</Data><Data Name='ProcessName'>C:\Windows\System32\lsass.exe</Data><Data Name='IpAddress'>-</Data><Data Name='IpPort'>-</Data></EventData></Event>
<Event xmlns='http://schemas.microsoft.com/win/2004/08/events/event'><System><Provider Name='Microsoft-Windows-Security-Auditing' Guid='{54849625-5478-4994-A5BA-3E3B0328C30D}'/><EventID>4634</EventID><Version>0</Version><Level>0</Level><Task>12545</Task><Opcode>0</Opcode><Keywords>0x8020000000000000</Keywords><TimeCreated SystemTime='2013-09-25T12:46:17.001178200Z'/><EventRecordID>129011</EventRecordID><Correlation/><Execution ProcessID='668' ThreadID='1140'/><Channel>Security</Channel><Computer>vakintsev.argus.nio1.loniis</Computer><Security/></System><EventData><Data Name='TargetUserSid'>S-1-5-21-1614895754-436374069-839522115-2312</Data><Data Name='TargetUserName'>v.akintsev</Data><Data Name='TargetDomainName'>ARGUS</Data><Data Name='TargetLogonId'>0x5e081a0c</Data><Data Name='LogonType'>7</Data></EventData></Event>
<Event xmlns='http://schemas.microsoft.com/win/2004/08/events/event'><System><Provider Name='Microsoft-Windows-Security-Auditing' Guid='{54849625-5478-4994-A5BA-3E3B0328C30D}'/><EventID>4634</EventID><Version>0</Version><Level>0</Level><Task>12545</Task><Opcode>0</Opcode><Keywords>0x8020000000000000</Keywords><TimeCreated SystemTime='2013-09-25T12:46:17.116184800Z'/><EventRecordID>129012</EventRecordID><Correlation/><Execution ProcessID='668' ThreadID='1140'/><Channel>Security</Channel><Computer>vakintsev.argus.nio1.loniis</Computer><Security/></System><EventData><Data Name='TargetUserSid'>S-1-5-21-1614895754-436374069-839522115-2312</Data><Data Name='TargetUserName'>v.akintsev</Data><Data Name='TargetDomainName'>ARGUS</Data><Data Name='TargetLogonId'>0x5e08132f</Data><Data Name='LogonType'>7</Data></EventData></Event>
<Event xmlns='http://schemas.microsoft.com/win/2004/08/events/event'><System><Provider Name='Microsoft-Windows-Security-Auditing' Guid='{54849625-5478-4994-A5BA-3E3B0328C30D}'/><EventID>4624</EventID><Version>0</Version><Level>0</Level><Task>12544</Task><Opcode>0</Opcode><Keywords>0x8020000000000000</Keywords><TimeCreated SystemTime='2013-09-25T13:55:10.113578700Z'/><EventRecordID>129020</EventRecordID><Correlation/><Execution ProcessID='668' ThreadID='1140'/><Channel>Security</Channel><Computer>vakintsev.argus.nio1.loniis</Computer><Security/></System><EventData><Data Name='SubjectUserSid'>S-1-5-18</Data><Data Name='SubjectUserName'>VAKINTSEV$</Data><Data Name='SubjectDomainName'>ARGUS</Data><Data Name='SubjectLogonId'>0x3e7</Data><Data Name='TargetUserSid'>S-1-5-21-1614895754-436374069-839522115-2312</Data><Data Name='TargetUserName'>v.akintsev</Data><Data Name='TargetDomainName'>ARGUS</Data><Data Name='TargetLogonId'>0x610545a5</Data><Data Name='LogonType'>7</Data><Data Name='LogonProcessName'>User32 </Data><Data Name='AuthenticationPackageName'>Negotiate</Data><Data Name='WorkstationName'>VAKINTSEV</Data><Data Name='LogonGuid'>{00000000-0000-0000-0000-000000000000}</Data><Data Name='TransmittedServices'>-</Data><Data Name='LmPackageName'>-</Data><Data Name='KeyLength'>0</Data><Data Name='ProcessId'>0x258</Data><Data Name='ProcessName'>C:\Windows\System32\winlogon.exe</Data><Data Name='IpAddress'>127.0.0.1</Data><Data Name='IpPort'>0</Data></EventData></Event>
<Event xmlns='http://schemas.microsoft.com/win/2004/08/events/event'><System><Provider Name='Microsoft-Windows-Security-Auditing' Guid='{54849625-5478-4994-A5BA-3E3B0328C30D}'/><EventID>4634</EventID><Version>0</Version><Level>0</Level><Task>12545</Task><Opcode>0</Opcode><Keywords>0x8020000000000000</Keywords><TimeCreated SystemTime='2013-09-25T13:55:10.113578700Z'/><EventRecordID>129022</EventRecordID><Correlation/><Execution ProcessID='668' ThreadID='1140'/><Channel>Security</Channel><Computer>vakintsev.argus.nio1.loniis</Computer><Security/></System><EventData><Data Name='TargetUserSid'>S-1-5-21-1614895754-436374069-839522115-2312</Data><Data Name='TargetUserName'>v.akintsev</Data><Data Name='TargetDomainName'>ARGUS</Data><Data Name='TargetLogonId'>0x610545a5</Data><Data Name='LogonType'>7</Data></EventData></Event>
<Event xmlns='http://schemas.microsoft.com/win/2004/08/events/event'><System><Provider Name='Microsoft-Windows-Security-Auditing' Guid='{54849625-5478-4994-A5BA-3E3B0328C30D}'/><EventID>4624</EventID><Version>0</Version><Level>0</Level><Task>12544</Task><Opcode>0</Opcode><Keywords>0x8020000000000000</Keywords><TimeCreated SystemTime='2013-09-25T13:55:10.247586400Z'/><EventRecordID>129024</EventRecordID><Correlation/><Execution ProcessID='668' ThreadID='7340'/><Channel>Security</Channel><Computer>vakintsev.argus.nio1.loniis</Computer><Security/></System><EventData><Data Name='SubjectUserSid'>S-1-5-18</Data><Data Name='SubjectUserName'>VAKINTSEV$</Data><Data Name='SubjectDomainName'>ARGUS</Data><Data Name='SubjectLogonId'>0x3e7</Data><Data Name='TargetUserSid'>S-1-5-21-1614895754-436374069-839522115-2312</Data><Data Name='TargetUserName'>v.akintsev</Data><Data Name='TargetDomainName'>ARGUS</Data><Data Name='TargetLogonId'>0x610545b3</Data><Data Name='LogonType'>7</Data><Data Name='LogonProcessName'>Negotiat</Data><Data Name='AuthenticationPackageName'>Negotiate</Data><Data Name='WorkstationName'>VAKINTSEV</Data><Data Name='LogonGuid'>{2C98F660-AD95-FC35-19F5-7A3AA1473B6D}</Data><Data Name='TransmittedServices'>-</Data><Data Name='LmPackageName'>-</Data><Data Name='KeyLength'>0</Data><Data Name='ProcessId'>0x29c</Data><Data Name='ProcessName'>C:\Windows\System32\lsass.exe</Data><Data Name='IpAddress'>-</Data><Data Name='IpPort'>-</Data></EventData></Event>
<Event xmlns='http://schemas.microsoft.com/win/2004/08/events/event'><System><Provider Name='Microsoft-Windows-Security-Auditing' Guid='{54849625-5478-4994-A5BA-3E3B0328C30D}'/><EventID>4634</EventID><Version>0</Version><Level>0</Level><Task>12545</Task><Opcode>0</Opcode><Keywords>0x8020000000000000</Keywords><TimeCreated SystemTime='2013-09-25T13:55:10.247586400Z'/><EventRecordID>129026</EventRecordID><Correlation/><Execution ProcessID='668' ThreadID='1140'/><Channel>Security</Channel><Computer>vakintsev.argus.nio1.loniis</Computer><Security/></System><EventData><Data Name='TargetUserSid'>S-1-5-21-1614895754-436374069-839522115-2312</Data><Data Name='TargetUserName'>v.akintsev</Data><Data Name='TargetDomainName'>ARGUS</Data><Data Name='TargetLogonId'>0x610545b3</Data><Data Name='LogonType'>7</Data></EventData></Event>
<Event xmlns='http://schemas.microsoft.com/win/2004/08/events/event'><System><Provider Name='Microsoft-Windows-Security-Auditing' Guid='{54849625-5478-4994-A5BA-3E3B0328C30D}'/><EventID>4624</EventID><Version>0</Version><Level>0</Level><Task>12544</Task><Opcode>0</Opcode><Keywords>0x8020000000000000</Keywords><TimeCreated SystemTime='2013-09-26T08:30:07.419397600Z'/><EventRecordID>129051</EventRecordID><Correlation/><Execution ProcessID='668' ThreadID='9836'/><Channel>Security</Channel><Computer>vakintsev.argus.nio1.loniis</Computer><Security/></System><EventData><Data Name='SubjectUserSid'>S-1-5-18</Data><Data Name='SubjectUserName'>VAKINTSEV$</Data><Data Name='SubjectDomainName'>ARGUS</Data><Data Name='SubjectLogonId'>0x3e7</Data><Data Name='TargetUserSid'>S-1-5-21-1614895754-436374069-839522115-2312</Data><Data Name='TargetUserName'>v.akintsev</Data><Data Name='TargetDomainName'>ARGUS</Data><Data Name='TargetLogonId'>0x6f9bf2f7</Data><Data Name='LogonType'>7</Data><Data Name='LogonProcessName'>Negotiat</Data><Data Name='AuthenticationPackageName'>Negotiate</Data><Data Name='WorkstationName'>VAKINTSEV</Data><Data Name='LogonGuid'>{A1CE5A5A-ED5B-A603-480F-6819C15C5B13}</Data><Data Name='TransmittedServices'>-</Data><Data Name='LmPackageName'>-</Data><Data Name='KeyLength'>0</Data><Data Name='ProcessId'>0x29c</Data><Data Name='ProcessName'>C:\Windows\System32\lsass.exe</Data><Data Name='IpAddress'>-</Data><Data Name='IpPort'>-</Data></EventData></Event>
<Event xmlns='http://schemas.microsoft.com/win/2004/08/events/event'><System><Provider Name='Microsoft-Windows-Security-Auditing' Guid='{54849625-5478-4994-A5BA-3E3B0328C30D}'/><EventID>4634</EventID><Version>0</Version><Level>0</Level><Task>12545</Task><Opcode>0</Opcode><Keywords>0x8020000000000000</Keywords><TimeCreated SystemTime='2013-09-26T08:30:07.419397600Z'/><EventRecordID>129053</EventRecordID><Correlation/><Execution ProcessID='668' ThreadID='3632'/><Channel>Security</Channel><Computer>vakintsev.argus.nio1.loniis</Computer><Security/></System><EventData><Data Name='TargetUserSid'>S-1-5-21-1614895754-436374069-839522115-2312</Data><Data Name='TargetUserName'>v.akintsev</Data><Data Name='TargetDomainName'>ARGUS</Data><Data Name='TargetLogonId'>0x6f9bf2f7</Data><Data Name='LogonType'>7</Data></EventData></Event>
<Event xmlns='http://schemas.microsoft.com/win/2004/08/events/event'><System><Provider Name='Microsoft-Windows-Security-Auditing' Guid='{54849625-5478-4994-A5BA-3E3B0328C30D}'/><EventID>4624</EventID><Version>0</Version><Level>0</Level><Task>12544</Task><Opcode>0</Opcode><Keywords>0x8020000000000000</Keywords><TimeCreated SystemTime='2013-09-26T08:30:07.479401000Z'/><EventRecordID>129055</EventRecordID><Correlation/><Execution ProcessID='668' ThreadID='716'/><Channel>Security</Channel><Computer>vakintsev.argus.nio1.loniis</Computer><Security/></System><EventData><Data Name='SubjectUserSid'>S-1-5-18</Data><Data Name='SubjectUserName'>VAKINTSEV$</Data><Data Name='SubjectDomainName'>ARGUS</Data><Data Name='SubjectLogonId'>0x3e7</Data><Data Name='TargetUserSid'>S-1-5-21-1614895754-436374069-839522115-2312</Data><Data Name='TargetUserName'>v.akintsev</Data><Data Name='TargetDomainName'>ARGUS</Data><Data Name='TargetLogonId'>0x6f9bf271</Data><Data Name='LogonType'>7</Data><Data Name='LogonProcessName'>User32 </Data><Data Name='AuthenticationPackageName'>Negotiate</Data><Data Name='WorkstationName'>VAKINTSEV</Data><Data Name='LogonGuid'>{00000000-0000-0000-0000-000000000000}</Data><Data Name='TransmittedServices'>-</Data><Data Name='LmPackageName'>-</Data><Data Name='KeyLength'>0</Data><Data Name='ProcessId'>0x258</Data><Data Name='ProcessName'>C:\Windows\System32\winlogon.exe</Data><Data Name='IpAddress'>127.0.0.1</Data><Data Name='IpPort'>0</Data></EventData></Event>
<Event xmlns='http://schemas.microsoft.com/win/2004/08/events/event'><System><Provider Name='Microsoft-Windows-Security-Auditing' Guid='{54849625-5478-4994-A5BA-3E3B0328C30D}'/><EventID>4634</EventID><Version>0</Version><Level>0</Level><Task>12545</Task><Opcode>0</Opcode><Keywords>0x8020000000000000</Keywords><TimeCreated SystemTime='2013-09-26T08:30:07.612408700Z'/><EventRecordID>129057</EventRecordID><Correlation/><Execution ProcessID='668' ThreadID='716'/><Channel>Security</Channel><Computer>vakintsev.argus.nio1.loniis</Computer><Security/></System><EventData><Data Name='TargetUserSid'>S-1-5-21-1614895754-436374069-839522115-2312</Data><Data Name='TargetUserName'>v.akintsev</Data><Data Name='TargetDomainName'>ARGUS</Data><Data Name='TargetLogonId'>0x6f9bf271</Data><Data Name='LogonType'>7</Data></EventData></Event>
<Event xmlns='http://schemas.microsoft.com/win/2004/08/events/event'><System><Provider Name='Microsoft-Windows-Security-Auditing' Guid='{54849625-5478-4994-A5BA-3E3B0328C30D}'/><EventID>4624</EventID><Version>0</Version><Level>0</Level><Task>12544</Task><Opcode>0</Opcode><Keywords>0x8020000000000000</Keywords><TimeCreated SystemTime='2013-09-26T09:26:19.274256700Z'/><EventRecordID>129066</EventRecordID><Correlation/><Execution ProcessID='668' ThreadID='1140'/><Channel>Security</Channel><Computer>vakintsev.argus.nio1.loniis</Computer><Security/></System><EventData><Data Name='SubjectUserSid'>S-1-5-18</Data><Data Name='SubjectUserName'>VAKINTSEV$</Data><Data Name='SubjectDomainName'>ARGUS</Data><Data Name='SubjectLogonId'>0x3e7</Data><Data Name='TargetUserSid'>S-1-5-21-1614895754-436374069-839522115-2312</Data><Data Name='TargetUserName'>v.akintsev</Data><Data Name='TargetDomainName'>ARGUS</Data><Data Name='TargetLogonId'>0x71584e14</Data><Data Name='LogonType'>7</Data><Data Name='LogonProcessName'>User32 </Data><Data Name='AuthenticationPackageName'>Negotiate</Data><Data Name='WorkstationName'>VAKINTSEV</Data><Data Name='LogonGuid'>{00000000-0000-0000-0000-000000000000}</Data><Data Name='TransmittedServices'>-</Data><Data Name='LmPackageName'>-</Data><Data Name='KeyLength'>0</Data><Data Name='ProcessId'>0x258</Data><Data Name='ProcessName'>C:\Windows\System32\winlogon.exe</Data><Data Name='IpAddress'>127.0.0.1</Data><Data Name='IpPort'>0</Data></EventData></Event>
<Event xmlns='http://schemas.microsoft.com/win/2004/08/events/event'><System><Provider Name='Microsoft-Windows-Security-Auditing' Guid='{54849625-5478-4994-A5BA-3E3B0328C30D}'/><EventID>4634</EventID><Version>0</Version><Level>0</Level><Task>12545</Task><Opcode>0</Opcode><Keywords>0x8020000000000000</Keywords><TimeCreated SystemTime='2013-09-26T09:26:19.274256700Z'/><EventRecordID>129068</EventRecordID><Correlation/><Execution ProcessID='668' ThreadID='1140'/><Channel>Security</Channel><Computer>vakintsev.argus.nio1.loniis</Computer><Security/></System><EventData><Data Name='TargetUserSid'>S-1-5-21-1614895754-436374069-839522115-2312</Data><Data Name='TargetUserName'>v.akintsev</Data><Data Name='TargetDomainName'>ARGUS</Data><Data Name='TargetLogonId'>0x71584e14</Data><Data Name='LogonType'>7</Data></EventData></Event>
<Event xmlns='http://schemas.microsoft.com/win/2004/08/events/event'><System><Provider Name='Microsoft-Windows-Security-Auditing' Guid='{54849625-5478-4994-A5BA-3E3B0328C30D}'/><EventID>4624</EventID><Version>0</Version><Level>0</Level><Task>12544</Task><Opcode>0</Opcode><Keywords>0x8020000000000000</Keywords><TimeCreated SystemTime='2013-09-26T09:26:19.409264400Z'/><EventRecordID>129070</EventRecordID><Correlation/><Execution ProcessID='668' ThreadID='2932'/><Channel>Security</Channel><Computer>vakintsev.argus.nio1.loniis</Computer><Security/></System><EventData><Data Name='SubjectUserSid'>S-1-5-18</Data><Data Name='SubjectUserName'>VAKINTSEV$</Data><Data Name='SubjectDomainName'>ARGUS</Data><Data Name='SubjectLogonId'>0x3e7</Data><Data Name='TargetUserSid'>S-1-5-21-1614895754-436374069-839522115-2312</Data><Data Name='TargetUserName'>v.akintsev</Data><Data Name='TargetDomainName'>ARGUS</Data><Data Name='TargetLogonId'>0x71584e29</Data><Data Name='LogonType'>7</Data><Data Name='LogonProcessName'>Negotiat</Data><Data Name='AuthenticationPackageName'>Negotiate</Data><Data Name='WorkstationName'>VAKINTSEV</Data><Data Name='LogonGuid'>{0510507A-6AFA-289D-39C2-6F4F1C38B089}</Data><Data Name='TransmittedServices'>-</Data><Data Name='LmPackageName'>-</Data><Data Name='KeyLength'>0</Data><Data Name='ProcessId'>0x29c</Data><Data Name='ProcessName'>C:\Windows\System32\lsass.exe</Data><Data Name='IpAddress'>-</Data><Data Name='IpPort'>-</Data></EventData></Event>
<Event xmlns='http://schemas.microsoft.com/win/2004/08/events/event'><System><Provider Name='Microsoft-Windows-Security-Auditing' Guid='{54849625-5478-4994-A5BA-3E3B0328C30D}'/><EventID>4634</EventID><Version>0</Version><Level>0</Level><Task>12545</Task><Opcode>0</Opcode><Keywords>0x8020000000000000</Keywords><TimeCreated SystemTime='2013-09-26T09:26:19.409264400Z'/><EventRecordID>129072</EventRecordID><Correlation/><Execution ProcessID='668' ThreadID='712'/><Channel>Security</Channel><Computer>vakintsev.argus.nio1.loniis</Computer><Security/></System><EventData><Data Name='TargetUserSid'>S-1-5-21-1614895754-436374069-839522115-2312</Data><Data Name='TargetUserName'>v.akintsev</Data><Data Name='TargetDomainName'>ARGUS</Data><Data Name='TargetLogonId'>0x71584e29</Data><Data Name='LogonType'>7</Data></EventData></Event>
<Event xmlns='http://schemas.microsoft.com/win/2004/08/events/event'><System><Provider Name='Microsoft-Windows-Security-Auditing' Guid='{54849625-5478-4994-A5BA-3E3B0328C30D}'/><EventID>4624</EventID><Version>0</Version><Level>0</Level><Task>12544</Task><Opcode>0</Opcode><Keywords>0x8020000000000000</Keywords><TimeCreated SystemTime='2013-09-26T10:07:47.482438400Z'/><EventRecordID>129077</EventRecordID><Correlation/><Execution ProcessID='668' ThreadID='716'/><Channel>Security</Channel><Computer>vakintsev.argus.nio1.loniis</Computer><Security/></System><EventData><Data Name='SubjectUserSid'>S-1-5-18</Data><Data Name='SubjectUserName'>VAKINTSEV$</Data><Data Name='SubjectDomainName'>ARGUS</Data><Data Name='SubjectLogonId'>0x3e7</Data><Data Name='TargetUserSid'>S-1-5-21-1614895754-436374069-839522115-2312</Data><Data Name='TargetUserName'>v.akintsev</Data><Data Name='TargetDomainName'>ARGUS</Data><Data Name='TargetLogonId'>0x7223469f</Data><Data Name='LogonType'>7</Data><Data Name='LogonProcessName'>User32 </Data><Data Name='AuthenticationPackageName'>Negotiate</Data><Data Name='WorkstationName'>VAKINTSEV</Data><Data Name='LogonGuid'>{00000000-0000-0000-0000-000000000000}</Data><Data Name='TransmittedServices'>-</Data><Data Name='LmPackageName'>-</Data><Data Name='KeyLength'>0</Data><Data Name='ProcessId'>0x258</Data><Data Name='ProcessName'>C:\Windows\System32\winlogon.exe</Data><Data Name='IpAddress'>127.0.0.1</Data><Data Name='IpPort'>0</Data></EventData></Event>
<Event xmlns='http://schemas.microsoft.com/win/2004/08/events/event'><System><Provider Name='Microsoft-Windows-Security-Auditing' Guid='{54849625-5478-4994-A5BA-3E3B0328C30D}'/><EventID>4624</EventID><Version>0</Version><Level>0</Level><Task>12544</Task><Opcode>0</Opcode><Keywords>0x8020000000000000</Keywords><TimeCreated SystemTime='2013-09-26T10:07:47.501439500Z'/><EventRecordID>129080</EventRecordID><Correlation/><Execution ProcessID='668' ThreadID='4796'/><Channel>Security</Channel><Computer>vakintsev.argus.nio1.loniis</Computer><Security/></System><EventData><Data Name='SubjectUserSid'>S-1-5-18</Data><Data Name='SubjectUserName'>VAKINTSEV$</Data><Data Name='SubjectDomainName'>ARGUS</Data><Data Name='SubjectLogonId'>0x3e7</Data><Data Name='TargetUserSid'>S-1-5-21-1614895754-436374069-839522115-2312</Data><Data Name='TargetUserName'>v.akintsev</Data><Data Name='TargetDomainName'>ARGUS</Data><Data Name='TargetLogonId'>0x722346c3</Data><Data Name='LogonType'>7</Data><Data Name='LogonProcessName'>Negotiat</Data><Data Name='AuthenticationPackageName'>Negotiate</Data><Data Name='WorkstationName'>VAKINTSEV</Data><Data Name='LogonGuid'>{1F114DF5-DA89-E93B-101A-22DEB3D6ED13}</Data><Data Name='TransmittedServices'>-</Data><Data Name='LmPackageName'>-</Data><Data Name='KeyLength'>0</Data><Data Name='ProcessId'>0x29c</Data><Data Name='ProcessName'>C:\Windows\System32\lsass.exe</Data><Data Name='IpAddress'>-</Data><Data Name='IpPort'>-</Data></EventData></Event>
<Event xmlns='http://schemas.microsoft.com/win/2004/08/events/event'><System><Provider Name='Microsoft-Windows-Security-Auditing' Guid='{54849625-5478-4994-A5BA-3E3B0328C30D}'/><EventID>4634</EventID><Version>0</Version><Level>0</Level><Task>12545</Task><Opcode>0</Opcode><Keywords>0x8020000000000000</Keywords><TimeCreated SystemTime='2013-09-26T10:07:47.501439500Z'/><EventRecordID>129082</EventRecordID><Correlation/><Execution ProcessID='668' ThreadID='716'/><Channel>Security</Channel><Computer>vakintsev.argus.nio1.loniis</Computer><Security/></System><EventData><Data Name='TargetUserSid'>S-1-5-21-1614895754-436374069-839522115-2312</Data><Data Name='TargetUserName'>v.akintsev</Data><Data Name='TargetDomainName'>ARGUS</Data><Data Name='TargetLogonId'>0x722346c3</Data><Data Name='LogonType'>7</Data></EventData></Event>
<Event xmlns='http://schemas.microsoft.com/win/2004/08/events/event'><System><Provider Name='Microsoft-Windows-Security-Auditing' Guid='{54849625-5478-4994-A5BA-3E3B0328C30D}'/><EventID>4634</EventID><Version>0</Version><Level>0</Level><Task>12545</Task><Opcode>0</Opcode><Keywords>0x8020000000000000</Keywords><TimeCreated SystemTime='2013-09-26T10:07:47.550442300Z'/><EventRecordID>129083</EventRecordID><Correlation/><Execution ProcessID='668' ThreadID='716'/><Channel>Security</Channel><Computer>vakintsev.argus.nio1.loniis</Computer><Security/></System><EventData><Data Name='TargetUserSid'>S-1-5-21-1614895754-436374069-839522115-2312</Data><Data Name='TargetUserName'>v.akintsev</Data><Data Name='TargetDomainName'>ARGUS</Data><Data Name='TargetLogonId'>0x7223469f</Data><Data Name='LogonType'>7</Data></EventData></Event>
<Event xmlns='http://schemas.microsoft.com/win/2004/08/events/event'><System><Provider Name='Microsoft-Windows-Security-Auditing' Guid='{54849625-5478-4994-A5BA-3E3B0328C30D}'/><EventID>4624</EventID><Version>0</Version><Level>0</Level><Task>12544</Task><Opcode>0</Opcode><Keywords>0x8020000000000000</Keywords><TimeCreated SystemTime='2013-09-26T11:04:49.091392100Z'/><EventRecordID>129089</EventRecordID><Correlation/><Execution ProcessID='668' ThreadID='716'/><Channel>Security</Channel><Computer>vakintsev.argus.nio1.loniis</Computer><Security/></System><EventData><Data Name='SubjectUserSid'>S-1-5-18</Data><Data Name='SubjectUserName'>VAKINTSEV$</Data><Data Name='SubjectDomainName'>ARGUS</Data><Data Name='SubjectLogonId'>0x3e7</Data><Data Name='TargetUserSid'>S-1-5-21-1614895754-436374069-839522115-2312</Data><Data Name='TargetUserName'>v.akintsev</Data><Data Name='TargetDomainName'>ARGUS</Data><Data Name='TargetLogonId'>0x72661120</Data><Data Name='LogonType'>7</Data><Data Name='LogonProcessName'>User32 </Data><Data Name='AuthenticationPackageName'>Negotiate</Data><Data Name='WorkstationName'>VAKINTSEV</Data><Data Name='LogonGuid'>{00000000-0000-0000-0000-000000000000}</Data><Data Name='TransmittedServices'>-</Data><Data Name='LmPackageName'>-</Data><Data Name='KeyLength'>0</Data><Data Name='ProcessId'>0x258</Data><Data Name='ProcessName'>C:\Windows\System32\winlogon.exe</Data><Data Name='IpAddress'>127.0.0.1</Data><Data Name='IpPort'>0</Data></EventData></Event>
<Event xmlns='http://schemas.microsoft.com/win/2004/08/events/event'><System><Provider Name='Microsoft-Windows-Security-Auditing' Guid='{54849625-5478-4994-A5BA-3E3B0328C30D}'/><EventID>4634</EventID><Version>0</Version><Level>0</Level><Task>12545</Task><Opcode>0</Opcode><Keywords>0x8020000000000000</Keywords><TimeCreated SystemTime='2013-09-26T11:04:49.092392100Z'/><EventRecordID>129091</EventRecordID><Correlation/><Execution ProcessID='668' ThreadID='716'/><Channel>Security</Channel><Computer>vakintsev.argus.nio1.loniis</Computer><Security/></System><EventData><Data Name='TargetUserSid'>S-1-5-21-1614895754-436374069-839522115-2312</Data><Data Name='TargetUserName'>v.akintsev</Data><Data Name='TargetDomainName'>ARGUS</Data><Data Name='TargetLogonId'>0x72661120</Data><Data Name='LogonType'>7</Data></EventData></Event>
<Event xmlns='http://schemas.microsoft.com/win/2004/08/events/event'><System><Provider Name='Microsoft-Windows-Security-Auditing' Guid='{54849625-5478-4994-A5BA-3E3B0328C30D}'/><EventID>4624</EventID><Version>0</Version><Level>0</Level><Task>12544</Task><Opcode>0</Opcode><Keywords>0x8020000000000000</Keywords><TimeCreated SystemTime='2013-09-26T11:04:49.105392900Z'/><EventRecordID>129093</EventRecordID><Correlation/><Execution ProcessID='668' ThreadID='8088'/><Channel>Security</Channel><Computer>vakintsev.argus.nio1.loniis</Computer><Security/></System><EventData><Data Name='SubjectUserSid'>S-1-5-18</Data><Data Name='SubjectUserName'>VAKINTSEV$</Data><Data Name='SubjectDomainName'>ARGUS</Data><Data Name='SubjectLogonId'>0x3e7</Data><Data Name='TargetUserSid'>S-1-5-21-1614895754-436374069-839522115-2312</Data><Data Name='TargetUserName'>v.akintsev</Data><Data Name='TargetDomainName'>ARGUS</Data><Data Name='TargetLogonId'>0x72661139</Data><Data Name='LogonType'>7</Data><Data Name='LogonProcessName'>Negotiat</Data><Data Name='AuthenticationPackageName'>Negotiate</Data><Data Name='WorkstationName'>VAKINTSEV</Data><Data Name='LogonGuid'>{20533449-B425-28F2-14D1-0F12D88486B8}</Data><Data Name='TransmittedServices'>-</Data><Data Name='LmPackageName'>-</Data><Data Name='KeyLength'>0</Data><Data Name='ProcessId'>0x29c</Data><Data Name='ProcessName'>C:\Windows\System32\lsass.exe</Data><Data Name='IpAddress'>-</Data><Data Name='IpPort'>-</Data></EventData></Event>
<Event xmlns='http://schemas.microsoft.com/win/2004/08/events/event'><System><Provider Name='Microsoft-Windows-Security-Auditing' Guid='{54849625-5478-4994-A5BA-3E3B0328C30D}'/><EventID>4634</EventID><Version>0</Version><Level>0</Level><Task>12545</Task><Opcode>0</Opcode><Keywords>0x8020000000000000</Keywords><TimeCreated SystemTime='2013-09-26T11:04:49.105392900Z'/><EventRecordID>129095</EventRecordID><Correlation/><Execution ProcessID='668' ThreadID='712'/><Channel>Security</Channel><Computer>vakintsev.argus.nio1.loniis</Computer><Security/></System><EventData><Data Name='TargetUserSid'>S-1-5-21-1614895754-436374069-839522115-2312</Data><Data Name='TargetUserName'>v.akintsev</Data><Data Name='TargetDomainName'>ARGUS</Data><Data Name='TargetLogonId'>0x72661139</Data><Data Name='LogonType'>7</Data></EventData></Event>
<Event xmlns='http://schemas.microsoft.com/win/2004/08/events/event'><System><Provider Name='Microsoft-Windows-Security-Auditing' Guid='{54849625-5478-4994-A5BA-3E3B0328C30D}'/><EventID>4624</EventID><Version>0</Version><Level>0</Level><Task>12544</Task><Opcode>0</Opcode><Keywords>0x8020000000000000</Keywords><TimeCreated SystemTime='2013-09-26T12:28:03.669065600Z'/><EventRecordID>129112</EventRecordID><Correlation/><Execution ProcessID='668' ThreadID='712'/><Channel>Security</Channel><Computer>vakintsev.argus.nio1.loniis</Computer><Security/></System><EventData><Data Name='SubjectUserSid'>S-1-5-18</Data><Data Name='SubjectUserName'>VAKINTSEV$</Data><Data Name='SubjectDomainName'>ARGUS</Data><Data Name='SubjectLogonId'>0x3e7</Data><Data Name='TargetUserSid'>S-1-5-21-1614895754-436374069-839522115-2312</Data><Data Name='TargetUserName'>v.akintsev</Data><Data Name='TargetDomainName'>ARGUS</Data><Data Name='TargetLogonId'>0x73a952fe</Data><Data Name='LogonType'>7</Data><Data Name='LogonProcessName'>User32 </Data><Data Name='AuthenticationPackageName'>Negotiate</Data><Data Name='WorkstationName'>VAKINTSEV</Data><Data Name='LogonGuid'>{00000000-0000-0000-0000-000000000000}</Data><Data Name='TransmittedServices'>-</Data><Data Name='LmPackageName'>-</Data><Data Name='KeyLength'>0</Data><Data Name='ProcessId'>0x258</Data><Data Name='ProcessName'>C:\Windows\System32\winlogon.exe</Data><Data Name='IpAddress'>127.0.0.1</Data><Data Name='IpPort'>0</Data></EventData></Event>
<Event xmlns='http://schemas.microsoft.com/win/2004/08/events/event'><System><Provider Name='Microsoft-Windows-Security-Auditing' Guid='{54849625-5478-4994-A5BA-3E3B0328C30D}'/><EventID>4634</EventID><Version>0</Version><Level>0</Level><Task>12545</Task><Opcode>0</Opcode><Keywords>0x8020000000000000</Keywords><TimeCreated SystemTime='2013-09-26T12:28:03.669065600Z'/><EventRecordID>129114</EventRecordID><Correlation/><Execution ProcessID='668' ThreadID='712'/><Channel>Security</Channel><Computer>vakintsev.argus.nio1.loniis</Computer><Security/></System><EventData><Data Name='TargetUserSid'>S-1-5-21-1614895754-436374069-839522115-2312</Data><Data Name='TargetUserName'>v.akintsev</Data><Data Name='TargetDomainName'>ARGUS</Data><Data Name='TargetLogonId'>0x73a952fe</Data><Data Name='LogonType'>7</Data></EventData></Event>
<Event xmlns='http://schemas.microsoft.com/win/2004/08/events/event'><System><Provider Name='Microsoft-Windows-Security-Auditing' Guid='{54849625-5478-4994-A5BA-3E3B0328C30D}'/><EventID>4624</EventID><Version>0</Version><Level>0</Level><Task>12544</Task><Opcode>0</Opcode><Keywords>0x8020000000000000</Keywords><TimeCreated SystemTime='2013-09-26T12:28:03.809073600Z'/><EventRecordID>129116</EventRecordID><Correlation/><Execution ProcessID='668' ThreadID='7420'/><Channel>Security</Channel><Computer>vakintsev.argus.nio1.loniis</Computer><Security/></System><EventData><Data Name='SubjectUserSid'>S-1-5-18</Data><Data Name='SubjectUserName'>VAKINTSEV$</Data><Data Name='SubjectDomainName'>ARGUS</Data><Data Name='SubjectLogonId'>0x3e7</Data><Data Name='TargetUserSid'>S-1-5-21-1614895754-436374069-839522115-2312</Data><Data Name='TargetUserName'>v.akintsev</Data><Data Name='TargetDomainName'>ARGUS</Data><Data Name='TargetLogonId'>0x73a95315</Data><Data Name='LogonType'>7</Data><Data Name='LogonProcessName'>Negotiat</Data><Data Name='AuthenticationPackageName'>Negotiate</Data><Data Name='WorkstationName'>VAKINTSEV</Data><Data Name='LogonGuid'>{DBAA9C77-83B1-BA03-0C90-B55970246BF5}</Data><Data Name='TransmittedServices'>-</Data><Data Name='LmPackageName'>-</Data><Data Name='KeyLength'>0</Data><Data Name='ProcessId'>0x29c</Data><Data Name='ProcessName'>C:\Windows\System32\lsass.exe</Data><Data Name='IpAddress'>-</Data><Data Name='IpPort'>-</Data></EventData></Event>
<Event xmlns='http://schemas.microsoft.com/win/2004/08/events/event'><System><Provider Name='Microsoft-Windows-Security-Auditing' Guid='{54849625-5478-4994-A5BA-3E3B0328C30D}'/><EventID>4634</EventID><Version>0</Version><Level>0</Level><Task>12545</Task><Opcode>0</Opcode><Keywords>0x8020000000000000</Keywords><TimeCreated SystemTime='2013-09-26T12:28:03.809073600Z'/><EventRecordID>129118</EventRecordID><Correlation/><Execution ProcessID='668' ThreadID='712'/><Channel>Security</Channel><Computer>vakintsev.argus.nio1.loniis</Computer><Security/></System><EventData><Data Name='TargetUserSid'>S-1-5-21-1614895754-436374069-839522115-2312</Data><Data Name='TargetUserName'>v.akintsev</Data><Data Name='TargetDomainName'>ARGUS</Data><Data Name='TargetLogonId'>0x73a95315</Data><Data Name='LogonType'>7</Data></EventData></Event>
<Event xmlns='http://schemas.microsoft.com/win/2004/08/events/event'><System><Provider Name='Microsoft-Windows-Security-Auditing' Guid='{54849625-5478-4994-A5BA-3E3B0328C30D}'/><EventID>4624</EventID><Version>0</Version><Level>0</Level><Task>12544</Task><Opcode>0</Opcode><Keywords>0x8020000000000000</Keywords><TimeCreated SystemTime='2013-09-26T13:16:25.790057400Z'/><EventRecordID>129122</EventRecordID><Correlation/><Execution ProcessID='668' ThreadID='716'/><Channel>Security</Channel><Computer>vakintsev.argus.nio1.loniis</Computer><Security/></System><EventData><Data Name='SubjectUserSid'>S-1-5-18</Data><Data Name='SubjectUserName'>VAKINTSEV$</Data><Data Name='SubjectDomainName'>ARGUS</Data><Data Name='SubjectLogonId'>0x3e7</Data><Data Name='TargetUserSid'>S-1-5-21-1614895754-436374069-839522115-2312</Data><Data Name='TargetUserName'>v.akintsev</Data><Data Name='TargetDomainName'>ARGUS</Data><Data Name='TargetLogonId'>0x7431aa3c</Data><Data Name='LogonType'>7</Data><Data Name='LogonProcessName'>User32 </Data><Data Name='AuthenticationPackageName'>Negotiate</Data><Data Name='WorkstationName'>VAKINTSEV</Data><Data Name='LogonGuid'>{00000000-0000-0000-0000-000000000000}</Data><Data Name='TransmittedServices'>-</Data><Data Name='LmPackageName'>-</Data><Data Name='KeyLength'>0</Data><Data Name='ProcessId'>0x258</Data><Data Name='ProcessName'>C:\Windows\System32\winlogon.exe</Data><Data Name='IpAddress'>127.0.0.1</Data><Data Name='IpPort'>0</Data></EventData></Event>
<Event xmlns='http://schemas.microsoft.com/win/2004/08/events/event'><System><Provider Name='Microsoft-Windows-Security-Auditing' Guid='{54849625-5478-4994-A5BA-3E3B0328C30D}'/><EventID>4634</EventID><Version>0</Version><Level>0</Level><Task>12545</Task><Opcode>0</Opcode><Keywords>0x8020000000000000</Keywords><TimeCreated SystemTime='2013-09-26T13:16:25.790057400Z'/><EventRecordID>129124</EventRecordID><Correlation/><Execution ProcessID='668' ThreadID='716'/><Channel>Security</Channel><Computer>vakintsev.argus.nio1.loniis</Computer><Security/></System><EventData><Data Name='TargetUserSid'>S-1-5-21-1614895754-436374069-839522115-2312</Data><Data Name='TargetUserName'>v.akintsev</Data><Data Name='TargetDomainName'>ARGUS</Data><Data Name='TargetLogonId'>0x7431aa3c</Data><Data Name='LogonType'>7</Data></EventData></Event>
<Event xmlns='http://schemas.microsoft.com/win/2004/08/events/event'><System><Provider Name='Microsoft-Windows-Security-Auditing' Guid='{54849625-5478-4994-A5BA-3E3B0328C30D}'/><EventID>4624</EventID><Version>0</Version><Level>0</Level><Task>12544</Task><Opcode>0</Opcode><Keywords>0x8020000000000000</Keywords><TimeCreated SystemTime='2013-09-26T13:16:25.837060100Z'/><EventRecordID>129126</EventRecordID><Correlation/><Execution ProcessID='668' ThreadID='5356'/><Channel>Security</Channel><Computer>vakintsev.argus.nio1.loniis</Computer><Security/></System><EventData><Data Name='SubjectUserSid'>S-1-5-18</Data><Data Name='SubjectUserName'>VAKINTSEV$</Data><Data Name='SubjectDomainName'>ARGUS</Data><Data Name='SubjectLogonId'>0x3e7</Data><Data Name='TargetUserSid'>S-1-5-21-1614895754-436374069-839522115-2312</Data><Data Name='TargetUserName'>v.akintsev</Data><Data Name='TargetDomainName'>ARGUS</Data><Data Name='TargetLogonId'>0x7431aa9a</Data><Data Name='LogonType'>7</Data><Data Name='LogonProcessName'>Negotiat</Data><Data Name='AuthenticationPackageName'>Negotiate</Data><Data Name='WorkstationName'>VAKINTSEV</Data><Data Name='LogonGuid'>{0C1E0880-16C0-686D-C954-1C3667603928}</Data><Data Name='TransmittedServices'>-</Data><Data Name='LmPackageName'>-</Data><Data Name='KeyLength'>0</Data><Data Name='ProcessId'>0x29c</Data><Data Name='ProcessName'>C:\Windows\System32\lsass.exe</Data><Data Name='IpAddress'>-</Data><Data Name='IpPort'>-</Data></EventData></Event>
<Event xmlns='http://schemas.microsoft.com/win/2004/08/events/event'><System><Provider Name='Microsoft-Windows-Security-Auditing' Guid='{54849625-5478-4994-A5BA-3E3B0328C30D}'/><EventID>4634</EventID><Version>0</Version><Level>0</Level><Task>12545</Task><Opcode>0</Opcode><Keywords>0x8020000000000000</Keywords><TimeCreated SystemTime='2013-09-26T13:16:25.838060200Z'/><EventRecordID>129128</EventRecordID><Correlation/><Execution ProcessID='668' ThreadID='712'/><Channel>Security</Channel><Computer>vakintsev.argus.nio1.loniis</Computer><Security/></System><EventData><Data Name='TargetUserSid'>S-1-5-21-1614895754-436374069-839522115-2312</Data><Data Name='TargetUserName'>v.akintsev</Data><Data Name='TargetDomainName'>ARGUS</Data><Data Name='TargetLogonId'>0x7431aa9a</Data><Data Name='LogonType'>7</Data></EventData></Event>
<Event xmlns='http://schemas.microsoft.com/win/2004/08/events/event'><System><Provider Name='Microsoft-Windows-Security-Auditing' Guid='{54849625-5478-4994-A5BA-3E3B0328C30D}'/><EventID>4624</EventID><Version>0</Version><Level>0</Level><Task>12544</Task><Opcode>0</Opcode><Keywords>0x8020000000000000</Keywords><TimeCreated SystemTime='2013-09-27T07:42:57.054420500Z'/><EventRecordID>129186</EventRecordID><Correlation/><Execution ProcessID='668' ThreadID='716'/><Channel>Security</Channel><Computer>vakintsev.argus.nio1.loniis</Computer><Security/></System><EventData><Data Name='SubjectUserSid'>S-1-5-18</Data><Data Name='SubjectUserName'>VAKINTSEV$</Data><Data Name='SubjectDomainName'>ARGUS</Data><Data Name='SubjectLogonId'>0x3e7</Data><Data Name='TargetUserSid'>S-1-5-21-1614895754-436374069-839522115-2312</Data><Data Name='TargetUserName'>v.akintsev</Data><Data Name='TargetDomainName'>ARGUS</Data><Data Name='TargetLogonId'>0x8bc8bbd6</Data><Data Name='LogonType'>7</Data><Data Name='LogonProcessName'>User32 </Data><Data Name='AuthenticationPackageName'>Negotiate</Data><Data Name='WorkstationName'>VAKINTSEV</Data><Data Name='LogonGuid'>{00000000-0000-0000-0000-000000000000}</Data><Data Name='TransmittedServices'>-</Data><Data Name='LmPackageName'>-</Data><Data Name='KeyLength'>0</Data><Data Name='ProcessId'>0x258</Data><Data Name='ProcessName'>C:\Windows\System32\winlogon.exe</Data><Data Name='IpAddress'>127.0.0.1</Data><Data Name='IpPort'>0</Data></EventData></Event>
<Event xmlns='http://schemas.microsoft.com/win/2004/08/events/event'><System><Provider Name='Microsoft-Windows-Security-Auditing' Guid='{54849625-5478-4994-A5BA-3E3B0328C30D}'/><EventID>4634</EventID><Version>0</Version><Level>0</Level><Task>12545</Task><Opcode>0</Opcode><Keywords>0x8020000000000000</Keywords><TimeCreated SystemTime='2013-09-27T07:42:57.055420600Z'/><EventRecordID>129188</EventRecordID><Correlation/><Execution ProcessID='668' ThreadID='716'/><Channel>Security</Channel><Computer>vakintsev.argus.nio1.loniis</Computer><Security/></System><EventData><Data Name='TargetUserSid'>S-1-5-21-1614895754-436374069-839522115-2312</Data><Data Name='TargetUserName'>v.akintsev</Data><Data Name='TargetDomainName'>ARGUS</Data><Data Name='TargetLogonId'>0x8bc8bbd6</Data><Data Name='LogonType'>7</Data></EventData></Event>
<Event xmlns='http://schemas.microsoft.com/win/2004/08/events/event'><System><Provider Name='Microsoft-Windows-Security-Auditing' Guid='{54849625-5478-4994-A5BA-3E3B0328C30D}'/><EventID>4624</EventID><Version>0</Version><Level>0</Level><Task>12544</Task><Opcode>0</Opcode><Keywords>0x8020000000000000</Keywords><TimeCreated SystemTime='2013-09-27T07:42:57.243431300Z'/><EventRecordID>129190</EventRecordID><Correlation/><Execution ProcessID='668' ThreadID='4164'/><Channel>Security</Channel><Computer>vakintsev.argus.nio1.loniis</Computer><Security/></System><EventData><Data Name='SubjectUserSid'>S-1-5-18</Data><Data Name='SubjectUserName'>VAKINTSEV$</Data><Data Name='SubjectDomainName'>ARGUS</Data><Data Name='SubjectLogonId'>0x3e7</Data><Data Name='TargetUserSid'>S-1-5-21-1614895754-436374069-839522115-2312</Data><Data Name='TargetUserName'>v.akintsev</Data><Data Name='TargetDomainName'>ARGUS</Data><Data Name='TargetLogonId'>0x8bc8bbe8</Data><Data Name='LogonType'>7</Data><Data Name='LogonProcessName'>Negotiat</Data><Data Name='AuthenticationPackageName'>Negotiate</Data><Data Name='WorkstationName'>VAKINTSEV</Data><Data Name='LogonGuid'>{60CB797B-1654-9457-1386-9BA0BABEAB1F}</Data><Data Name='TransmittedServices'>-</Data><Data Name='LmPackageName'>-</Data><Data Name='KeyLength'>0</Data><Data Name='ProcessId'>0x29c</Data><Data Name='ProcessName'>C:\Windows\System32\lsass.exe</Data><Data Name='IpAddress'>-</Data><Data Name='IpPort'>-</Data></EventData></Event>
<Event xmlns='http://schemas.microsoft.com/win/2004/08/events/event'><System><Provider Name='Microsoft-Windows-Security-Auditing' Guid='{54849625-5478-4994-A5BA-3E3B0328C30D}'/><EventID>4634</EventID><Version>0</Version><Level>0</Level><Task>12545</Task><Opcode>0</Opcode><Keywords>0x8020000000000000</Keywords><TimeCreated SystemTime='2013-09-27T07:42:57.244431400Z'/><EventRecordID>129192</EventRecordID><Correlation/><Execution ProcessID='668' ThreadID='712'/><Channel>Security</Channel><Computer>vakintsev.argus.nio1.loniis</Computer><Security/></System><EventData><Data Name='TargetUserSid'>S-1-5-21-1614895754-436374069-839522115-2312</Data><Data Name='TargetUserName'>v.akintsev</Data><Data Name='TargetDomainName'>ARGUS</Data><Data Name='TargetLogonId'>0x8bc8bbe8</Data><Data Name='LogonType'>7</Data></EventData></Event>
<Event xmlns='http://schemas.microsoft.com/win/2004/08/events/event'><System><Provider Name='Microsoft-Windows-Security-Auditing' Guid='{54849625-5478-4994-A5BA-3E3B0328C30D}'/><EventID>4624</EventID><Version>0</Version><Level>0</Level><Task>12544</Task><Opcode>0</Opcode><Keywords>0x8020000000000000</Keywords><TimeCreated SystemTime='2013-09-27T08:11:58.811043300Z'/><EventRecordID>129194</EventRecordID><Correlation/><Execution ProcessID='668' ThreadID='1140'/><Channel>Security</Channel><Computer>vakintsev.argus.nio1.loniis</Computer><Security/></System><EventData><Data Name='SubjectUserSid'>S-1-5-18</Data><Data Name='SubjectUserName'>VAKINTSEV$</Data><Data Name='SubjectDomainName'>ARGUS</Data><Data Name='SubjectLogonId'>0x3e7</Data><Data Name='TargetUserSid'>S-1-5-21-1614895754-436374069-839522115-2312</Data><Data Name='TargetUserName'>v.akintsev</Data><Data Name='TargetDomainName'>ARGUS</Data><Data Name='TargetLogonId'>0x8c5e6e17</Data><Data Name='LogonType'>7</Data><Data Name='LogonProcessName'>User32 </Data><Data Name='AuthenticationPackageName'>Negotiate</Data><Data Name='WorkstationName'>VAKINTSEV</Data><Data Name='LogonGuid'>{3EA47F51-F11C-13FF-B032-3E0EEE3003D7}</Data><Data Name='TransmittedServices'>-</Data><Data Name='LmPackageName'>-</Data><Data Name='KeyLength'>0</Data><Data Name='ProcessId'>0x258</Data><Data Name='ProcessName'>C:\Windows\System32\winlogon.exe</Data><Data Name='IpAddress'>127.0.0.1</Data><Data Name='IpPort'>0</Data></EventData></Event>
<Event xmlns='http://schemas.microsoft.com/win/2004/08/events/event'><System><Provider Name='Microsoft-Windows-Security-Auditing' Guid='{54849625-5478-4994-A5BA-3E3B0328C30D}'/><EventID>4634</EventID><Version>0</Version><Level>0</Level><Task>12545</Task><Opcode>0</Opcode><Keywords>0x8020000000000000</Keywords><TimeCreated SystemTime='2013-09-27T08:11:58.811043300Z'/><EventRecordID>129196</EventRecordID><Correlation/><Execution ProcessID='668' ThreadID='1140'/><Channel>Security</Channel><Computer>vakintsev.argus.nio1.loniis</Computer><Security/></System><EventData><Data Name='TargetUserSid'>S-1-5-21-1614895754-436374069-839522115-2312</Data><Data Name='TargetUserName'>v.akintsev</Data><Data Name='TargetDomainName'>ARGUS</Data><Data Name='TargetLogonId'>0x8c5e6e17</Data><Data Name='LogonType'>7</Data></EventData></Event>
<Event xmlns='http://schemas.microsoft.com/win/2004/08/events/event'><System><Provider Name='Microsoft-Windows-Security-Auditing' Guid='{54849625-5478-4994-A5BA-3E3B0328C30D}'/><EventID>4624</EventID><Version>0</Version><Level>0</Level><Task>12544</Task><Opcode>0</Opcode><Keywords>0x8020000000000000</Keywords><TimeCreated SystemTime='2013-09-27T10:14:43.569283400Z'/><EventRecordID>129218</EventRecordID><Correlation/><Execution ProcessID='668' ThreadID='1140'/><Channel>Security</Channel><Computer>vakintsev.argus.nio1.loniis</Computer><Security/></System><EventData><Data Name='SubjectUserSid'>S-1-5-18</Data><Data Name='SubjectUserName'>VAKINTSEV$</Data><Data Name='SubjectDomainName'>ARGUS</Data><Data Name='SubjectLogonId'>0x3e7</Data><Data Name='TargetUserSid'>S-1-5-21-1614895754-436374069-839522115-2312</Data><Data Name='TargetUserName'>v.akintsev</Data><Data Name='TargetDomainName'>ARGUS</Data><Data Name='TargetLogonId'>0x8d036806</Data><Data Name='LogonType'>7</Data><Data Name='LogonProcessName'>User32 </Data><Data Name='AuthenticationPackageName'>Negotiate</Data><Data Name='WorkstationName'>VAKINTSEV</Data><Data Name='LogonGuid'>{00000000-0000-0000-0000-000000000000}</Data><Data Name='TransmittedServices'>-</Data><Data Name='LmPackageName'>-</Data><Data Name='KeyLength'>0</Data><Data Name='ProcessId'>0x258</Data><Data Name='ProcessName'>C:\Windows\System32\winlogon.exe</Data><Data Name='IpAddress'>127.0.0.1</Data><Data Name='IpPort'>0</Data></EventData></Event>
<Event xmlns='http://schemas.microsoft.com/win/2004/08/events/event'><System><Provider Name='Microsoft-Windows-Security-Auditing' Guid='{54849625-5478-4994-A5BA-3E3B0328C30D}'/><EventID>4634</EventID><Version>0</Version><Level>0</Level><Task>12545</Task><Opcode>0</Opcode><Keywords>0x8020000000000000</Keywords><TimeCreated SystemTime='2013-09-27T10:14:43.569283400Z'/><EventRecordID>129220</EventRecordID><Correlation/><Execution ProcessID='668' ThreadID='1140'/><Channel>Security</Channel><Computer>vakintsev.argus.nio1.loniis</Computer><Security/></System><EventData><Data Name='TargetUserSid'>S-1-5-21-1614895754-436374069-839522115-2312</Data><Data Name='TargetUserName'>v.akintsev</Data><Data Name='TargetDomainName'>ARGUS</Data><Data Name='TargetLogonId'>0x8d036806</Data><Data Name='LogonType'>7</Data></EventData></Event>
<Event xmlns='http://schemas.microsoft.com/win/2004/08/events/event'><System><Provider Name='Microsoft-Windows-Security-Auditing' Guid='{54849625-5478-4994-A5BA-3E3B0328C30D}'/><EventID>4624</EventID><Version>0</Version><Level>0</Level><Task>12544</Task><Opcode>0</Opcode><Keywords>0x8020000000000000</Keywords><TimeCreated SystemTime='2013-09-27T10:14:44.706348400Z'/><EventRecordID>129222</EventRecordID><Correlation/><Execution ProcessID='668' ThreadID='9900'/><Channel>Security</Channel><Computer>vakintsev.argus.nio1.loniis</Computer><Security/></System><EventData><Data Name='SubjectUserSid'>S-1-5-18</Data><Data Name='SubjectUserName'>VAKINTSEV$</Data><Data Name='SubjectDomainName'>ARGUS</Data><Data Name='SubjectLogonId'>0x3e7</Data><Data Name='TargetUserSid'>S-1-5-21-1614895754-436374069-839522115-2312</Data><Data Name='TargetUserName'>v.akintsev</Data><Data Name='TargetDomainName'>ARGUS</Data><Data Name='TargetLogonId'>0x8d036818</Data><Data Name='LogonType'>7</Data><Data Name='LogonProcessName'>Negotiat</Data><Data Name='AuthenticationPackageName'>Negotiate</Data><Data Name='WorkstationName'>VAKINTSEV</Data><Data Name='LogonGuid'>{475F4CE0-2F9D-479C-040A-3F3FB5FA58AF}</Data><Data Name='TransmittedServices'>-</Data><Data Name='LmPackageName'>-</Data><Data Name='KeyLength'>0</Data><Data Name='ProcessId'>0x29c</Data><Data Name='ProcessName'>C:\Windows\System32\lsass.exe</Data><Data Name='IpAddress'>-</Data><Data Name='IpPort'>-</Data></EventData></Event>
<Event xmlns='http://schemas.microsoft.com/win/2004/08/events/event'><System><Provider Name='Microsoft-Windows-Security-Auditing' Guid='{54849625-5478-4994-A5BA-3E3B0328C30D}'/><EventID>4634</EventID><Version>0</Version><Level>0</Level><Task>12545</Task><Opcode>0</Opcode><Keywords>0x8020000000000000</Keywords><TimeCreated SystemTime='2013-09-27T10:14:44.706348400Z'/><EventRecordID>129224</EventRecordID><Correlation/><Execution ProcessID='668' ThreadID='712'/><Channel>Security</Channel><Computer>vakintsev.argus.nio1.loniis</Computer><Security/></System><EventData><Data Name='TargetUserSid'>S-1-5-21-1614895754-436374069-839522115-2312</Data><Data Name='TargetUserName'>v.akintsev</Data><Data Name='TargetDomainName'>ARGUS</Data><Data Name='TargetLogonId'>0x8d036818</Data><Data Name='LogonType'>7</Data></EventData></Event>
