<Event xmlns='http://schemas.microsoft.com/win/2004/08/events/event'><System><Provider Name='Microsoft-Windows-Kernel-General' Guid='{A68CA8B7-004F-D7B6-A698-07E2DE0F1F5D}'/><EventID>1</EventID><Version>0</Version><Level>4</Level><Task>0</Task><Opcode>0</Opcode><Keywords>0x8000000000000010</Keywords><TimeCreated SystemTime='2013-08-02T15:05:41.269000000Z'/><EventRecordID>235495</EventRecordID><Correlation/><Execution ProcessID='356' ThreadID='1156'/><Channel>System</Channel><Computer>vakintsev.argus.nio1.loniis</Computer><Security/></System><EventData><Data Name='NewTime'>2013-08-02T15:05:41.269000000Z</Data><Data Name='OldTime'>2013-08-02T15:05:41.269883600Z</Data></EventData></Event>
<Event xmlns='http://schemas.microsoft.com/win/2004/08/events/event'><System><Provider Name='Microsoft-Windows-Kernel-General' Guid='{A68CA8B7-004F-D7B6-A698-07E2DE0F1F5D}'/><EventID>13</EventID><Version>0</Version><Level>4</Level><Task>0</Task><Opcode>0</Opcode><Keywords>0x8000000000000000</Keywords><TimeCreated SystemTime='2013-08-02T15:05:48.133012000Z'/><EventRecordID>235507</EventRecordID><Correlation/><Execution ProcessID='4' ThreadID='3964'/><Channel>System</Channel><Computer>vakintsev.argus.nio1.loniis</Computer><Security/></System><EventData><Data Name='StopTime'>2013-08-02T15:05:48.133012000Z</Data></EventData></Event>
<Event xmlns='http://schemas.microsoft.com/win/2004/08/events/event'><System><Provider Name='Microsoft-Windows-Kernel-General' Guid='{A68CA8B7-004F-D7B6-A698-07E2DE0F1F5D}'/><EventID>12</EventID><Version>0</Version><Level>4</Level><Task>0</Task><Opcode>0</Opcode><Keywords>0x8000000000000000</Keywords><TimeCreated SystemTime='2013-08-05T06:39:13.780800500Z'/><EventRecordID>235508</EventRecordID><Correlation/><Execution ProcessID='4' ThreadID='8'/><Channel>System</Channel><Computer>vakintsev.argus.nio1.loniis</Computer><Security UserID='S-1-5-18'/></System><EventData><Data Name='MajorVersion'>6</Data><Data Name='MinorVersion'>1</Data><Data Name='BuildVersion'>7601</Data><Data Name='QfeVersion'>18113</Data><Data Name='ServiceVersion'>1</Data><Data Name='BootMode'>0</Data><Data Name='StartTime'>2013-08-05T06:39:13.109999300Z</Data></EventData></Event>
<Event xmlns='http://schemas.microsoft.com/win/2004/08/events/event'><System><Provider Name='Microsoft-Windows-Kernel-General' Guid='{A68CA8B7-004F-D7B6-A698-07E2DE0F1F5D}'/><EventID>1</EventID><Version>0</Version><Level>4</Level><Task>0</Task><Opcode>0</Opcode><Keywords>0x8000000000000010</Keywords><TimeCreated SystemTime='2013-08-05T16:16:40.989000000Z'/><EventRecordID>235775</EventRecordID><Correlation/><Execution ProcessID='516' ThreadID='396'/><Channel>System</Channel><Computer>vakintsev.argus.nio1.loniis</Computer><Security UserID='S-1-5-19'/></System><EventData><Data Name='NewTime'>2013-08-05T16:16:40.989000000Z</Data><Data Name='OldTime'>2013-08-05T16:16:40.991090100Z</Data></EventData></Event>
<Event xmlns='http://schemas.microsoft.com/win/2004/08/events/event'><System><Provider Name='Microsoft-Windows-Kernel-General' Guid='{A68CA8B7-004F-D7B6-A698-07E2DE0F1F5D}'/><EventID>1</EventID><Version>0</Version><Level>4</Level><Task>0</Task><Opcode>0</Opcode><Keywords>0x8000000000000010</Keywords><TimeCreated SystemTime='2013-08-06T06:47:24.500000000Z'/><EventRecordID>235781</EventRecordID><Correlation/><Execution ProcessID='4' ThreadID='60'/><Channel>System</Channel><Computer>vakintsev.argus.nio1.loniis</Computer><Security/></System><EventData><Data Name='NewTime'>2013-08-06T06:47:24.500000000Z</Data><Data Name='OldTime'>2013-08-05T16:17:33.630010900Z</Data></EventData></Event>
<Event xmlns='http://schemas.microsoft.com/win/2004/08/events/event'><System><Provider Name='Microsoft-Windows-Kernel-General' Guid='{A68CA8B7-004F-D7B6-A698-07E2DE0F1F5D}'/><EventID>1</EventID><Version>0</Version><Level>4</Level><Task>0</Task><Opcode>0</Opcode><Keywords>0x8000000000000010</Keywords><TimeCreated SystemTime='2013-08-06T13:34:26.673000000Z'/><EventRecordID>235916</EventRecordID><Correlation/><Execution ProcessID='516' ThreadID='396'/><Channel>System</Channel><Computer>vakintsev.argus.nio1.loniis</Computer><Security UserID='S-1-5-19'/></System><EventData><Data Name='NewTime'>2013-08-06T13:34:26.673000000Z</Data><Data Name='OldTime'>2013-08-06T13:34:26.673183000Z</Data></EventData></Event>
<Event xmlns='http://schemas.microsoft.com/win/2004/08/events/event'><System><Provider Name='Microsoft-Windows-Kernel-General' Guid='{A68CA8B7-004F-D7B6-A698-07E2DE0F1F5D}'/><EventID>1</EventID><Version>0</Version><Level>4</Level><Task>0</Task><Opcode>0</Opcode><Keywords>0x8000000000000010</Keywords><TimeCreated SystemTime='2013-08-07T06:27:12.502000100Z'/><EventRecordID>235922</EventRecordID><Correlation/><Execution ProcessID='4' ThreadID='68'/><Channel>System</Channel><Computer>vakintsev.argus.nio1.loniis</Computer><Security/></System><EventData><Data Name='NewTime'>2013-08-07T06:27:12.500000000Z</Data><Data Name='OldTime'>2013-08-06T13:35:09.241434800Z</Data></EventData></Event>
<Event xmlns='http://schemas.microsoft.com/win/2004/08/events/event'><System><Provider Name='Microsoft-Windows-Kernel-General' Guid='{A68CA8B7-004F-D7B6-A698-07E2DE0F1F5D}'/><EventID>1</EventID><Version>0</Version><Level>4</Level><Task>0</Task><Opcode>0</Opcode><Keywords>0x8000000000000010</Keywords><TimeCreated SystemTime='2013-08-07T16:02:11.217000000Z'/><EventRecordID>236081</EventRecordID><Correlation/><Execution ProcessID='516' ThreadID='396'/><Channel>System</Channel><Computer>vakintsev.argus.nio1.loniis</Computer><Security UserID='S-1-5-19'/></System><EventData><Data Name='NewTime'>2013-08-07T16:02:11.217000000Z</Data><Data Name='OldTime'>2013-08-07T16:02:11.217782400Z</Data></EventData></Event>
<Event xmlns='http://schemas.microsoft.com/win/2004/08/events/event'><System><Provider Name='Microsoft-Windows-Kernel-General' Guid='{A68CA8B7-004F-D7B6-A698-07E2DE0F1F5D}'/><EventID>1</EventID><Version>0</Version><Level>4</Level><Task>0</Task><Opcode>0</Opcode><Keywords>0x8000000000000010</Keywords><TimeCreated SystemTime='2013-08-07T16:03:13.500000000Z'/><EventRecordID>236087</EventRecordID><Correlation/><Execution ProcessID='4' ThreadID='68'/><Channel>System</Channel><Computer>vakintsev.argus.nio1.loniis</Computer><Security/></System><EventData><Data Name='NewTime'>2013-08-07T16:03:13.500000000Z</Data><Data Name='OldTime'>2013-08-07T16:03:12.350496600Z</Data></EventData></Event>
<Event xmlns='http://schemas.microsoft.com/win/2004/08/events/event'><System><Provider Name='Microsoft-Windows-Kernel-General' Guid='{A68CA8B7-004F-D7B6-A698-07E2DE0F1F5D}'/><EventID>1</EventID><Version>0</Version><Level>4</Level><Task>0</Task><Opcode>0</Opcode><Keywords>0x8000000000000010</Keywords><TimeCreated SystemTime='2013-08-08T07:21:57.501000100Z'/><EventRecordID>236088</EventRecordID><Correlation/><Execution ProcessID='4' ThreadID='68'/><Channel>System</Channel><Computer>vakintsev.argus.nio1.loniis</Computer><Security/></System><EventData><Data Name='NewTime'>2013-08-08T07:21:57.500000000Z</Data><Data Name='OldTime'>2013-08-07T16:03:13.568003900Z</Data></EventData></Event>
<Event xmlns='http://schemas.microsoft.com/win/2004/08/events/event'><System><Provider Name='Microsoft-Windows-Kernel-General' Guid='{A68CA8B7-004F-D7B6-A698-07E2DE0F1F5D}'/><EventID>1</EventID><Version>0</Version><Level>4</Level><Task>0</Task><Opcode>0</Opcode><Keywords>0x8000000000000010</Keywords><TimeCreated SystemTime='2013-08-08T14:16:00.983000000Z'/><EventRecordID>236252</EventRecordID><Correlation/><Execution ProcessID='516' ThreadID='396'/><Channel>System</Channel><Computer>vakintsev.argus.nio1.loniis</Computer><Security UserID='S-1-5-19'/></System><EventData><Data Name='NewTime'>2013-08-08T14:16:00.983000000Z</Data><Data Name='OldTime'>2013-08-08T14:16:00.984596300Z</Data></EventData></Event>
<Event xmlns='http://schemas.microsoft.com/win/2004/08/events/event'><System><Provider Name='Microsoft-Windows-Kernel-General' Guid='{A68CA8B7-004F-D7B6-A698-07E2DE0F1F5D}'/><EventID>1</EventID><Version>0</Version><Level>4</Level><Task>0</Task><Opcode>0</Opcode><Keywords>0x8000000000000010</Keywords><TimeCreated SystemTime='2013-08-09T05:55:39.501000100Z'/><EventRecordID>236261</EventRecordID><Correlation/><Execution ProcessID='4' ThreadID='60'/><Channel>System</Channel><Computer>vakintsev.argus.nio1.loniis</Computer><Security/></System><EventData><Data Name='NewTime'>2013-08-09T05:55:39.500000000Z</Data><Data Name='OldTime'>2013-08-08T14:17:10.883998100Z</Data></EventData></Event>
<Event xmlns='http://schemas.microsoft.com/win/2004/08/events/event'><System><Provider Name='Microsoft-Windows-Kernel-General' Guid='{A68CA8B7-004F-D7B6-A698-07E2DE0F1F5D}'/><EventID>12</EventID><Version>0</Version><Level>4</Level><Task>0</Task><Opcode>0</Opcode><Keywords>0x8000000000000000</Keywords><TimeCreated SystemTime='2013-08-09T08:14:21.796400500Z'/><EventRecordID>236331</EventRecordID><Correlation/><Execution ProcessID='4' ThreadID='8'/><Channel>System</Channel><Computer>vakintsev.argus.nio1.loniis</Computer><Security UserID='S-1-5-18'/></System><EventData><Data Name='MajorVersion'>6</Data><Data Name='MinorVersion'>1</Data><Data Name='BuildVersion'>7601</Data><Data Name='QfeVersion'>18113</Data><Data Name='ServiceVersion'>1</Data><Data Name='BootMode'>0</Data><Data Name='StartTime'>2013-08-09T08:14:21.125599400Z</Data></EventData></Event>
<Event xmlns='http://schemas.microsoft.com/win/2004/08/events/event'><System><Provider Name='Microsoft-Windows-Kernel-General' Guid='{A68CA8B7-004F-D7B6-A698-07E2DE0F1F5D}'/><EventID>1</EventID><Version>0</Version><Level>4</Level><Task>0</Task><Opcode>0</Opcode><Keywords>0x8000000000000010</Keywords><TimeCreated SystemTime='2013-08-09T15:50:03.809000000Z'/><EventRecordID>236559</EventRecordID><Correlation/><Execution ProcessID='356' ThreadID='364'/><Channel>System</Channel><Computer>vakintsev.argus.nio1.loniis</Computer><Security UserID='S-1-5-19'/></System><EventData><Data Name='NewTime'>2013-08-09T15:50:03.808000000Z</Data><Data Name='OldTime'>2013-08-09T15:50:03.808674600Z</Data></EventData></Event>
<Event xmlns='http://schemas.microsoft.com/win/2004/08/events/event'><System><Provider Name='Microsoft-Windows-Kernel-General' Guid='{A68CA8B7-004F-D7B6-A698-07E2DE0F1F5D}'/><EventID>1</EventID><Version>0</Version><Level>4</Level><Task>0</Task><Opcode>0</Opcode><Keywords>0x8000000000000010</Keywords><TimeCreated SystemTime='2013-08-12T07:42:31.501000000Z'/><EventRecordID>236562</EventRecordID><Correlation/><Execution ProcessID='4' ThreadID='44'/><Channel>System</Channel><Computer>vakintsev.argus.nio1.loniis</Computer><Security/></System><EventData><Data Name='NewTime'>2013-08-12T07:42:31.500000000Z</Data><Data Name='OldTime'>2013-08-09T15:50:32.593646400Z</Data></EventData></Event>
<Event xmlns='http://schemas.microsoft.com/win/2004/08/events/event'><System><Provider Name='Microsoft-Windows-Kernel-General' Guid='{A68CA8B7-004F-D7B6-A698-07E2DE0F1F5D}'/><EventID>1</EventID><Version>0</Version><Level>4</Level><Task>0</Task><Opcode>0</Opcode><Keywords>0x8000000000000010</Keywords><TimeCreated SystemTime='2013-08-12T17:36:56.625000000Z'/><EventRecordID>236740</EventRecordID><Correlation/><Execution ProcessID='356' ThreadID='364'/><Channel>System</Channel><Computer>vakintsev.argus.nio1.loniis</Computer><Security UserID='S-1-5-19'/></System><EventData><Data Name='NewTime'>2013-08-12T17:36:56.625000000Z</Data><Data Name='OldTime'>2013-08-12T17:36:56.625295400Z</Data></EventData></Event>
<Event xmlns='http://schemas.microsoft.com/win/2004/08/events/event'><System><Provider Name='Microsoft-Windows-Kernel-General' Guid='{A68CA8B7-004F-D7B6-A698-07E2DE0F1F5D}'/><EventID>1</EventID><Version>0</Version><Level>4</Level><Task>0</Task><Opcode>0</Opcode><Keywords>0x8000000000000010</Keywords><TimeCreated SystemTime='2013-08-13T07:11:21.501000000Z'/><EventRecordID>236745</EventRecordID><Correlation/><Execution ProcessID='4' ThreadID='44'/><Channel>System</Channel><Computer>vakintsev.argus.nio1.loniis</Computer><Security/></System><EventData><Data Name='NewTime'>2013-08-13T07:11:21.500000000Z</Data><Data Name='OldTime'>2013-08-12T17:37:19.341299300Z</Data></EventData></Event>
<Event xmlns='http://schemas.microsoft.com/win/2004/08/events/event'><System><Provider Name='Microsoft-Windows-Kernel-General' Guid='{A68CA8B7-004F-D7B6-A698-07E2DE0F1F5D}'/><EventID>1</EventID><Version>0</Version><Level>4</Level><Task>0</Task><Opcode>0</Opcode><Keywords>0x8000000000000010</Keywords><TimeCreated SystemTime='2013-08-13T14:56:49.299000000Z'/><EventRecordID>236873</EventRecordID><Correlation/><Execution ProcessID='356' ThreadID='364'/><Channel>System</Channel><Computer>vakintsev.argus.nio1.loniis</Computer><Security UserID='S-1-5-19'/></System><EventData><Data Name='NewTime'>2013-08-13T14:56:49.299000000Z</Data><Data Name='OldTime'>2013-08-13T14:56:49.299508600Z</Data></EventData></Event>
<Event xmlns='http://schemas.microsoft.com/win/2004/08/events/event'><System><Provider Name='Microsoft-Windows-Kernel-General' Guid='{A68CA8B7-004F-D7B6-A698-07E2DE0F1F5D}'/><EventID>1</EventID><Version>0</Version><Level>4</Level><Task>0</Task><Opcode>0</Opcode><Keywords>0x8000000000000010</Keywords><TimeCreated SystemTime='2013-08-14T07:32:35.501000000Z'/><EventRecordID>236878</EventRecordID><Correlation/><Execution ProcessID='4' ThreadID='68'/><Channel>System</Channel><Computer>vakintsev.argus.nio1.loniis</Computer><Security/></System><EventData><Data Name='NewTime'>2013-08-14T07:32:35.500000000Z</Data><Data Name='OldTime'>2013-08-13T14:57:05.781942800Z</Data></EventData></Event>
<Event xmlns='http://schemas.microsoft.com/win/2004/08/events/event'><System><Provider Name='Microsoft-Windows-Kernel-General' Guid='{A68CA8B7-004F-D7B6-A698-07E2DE0F1F5D}'/><EventID>1</EventID><Version>0</Version><Level>4</Level><Task>0</Task><Opcode>0</Opcode><Keywords>0x8000000000000010</Keywords><TimeCreated SystemTime='2013-08-14T17:32:20.495000000Z'/><EventRecordID>237054</EventRecordID><Correlation/><Execution ProcessID='356' ThreadID='364'/><Channel>System</Channel><Computer>vakintsev.argus.nio1.loniis</Computer><Security UserID='S-1-5-19'/></System><EventData><Data Name='NewTime'>2013-08-14T17:32:20.495000000Z</Data><Data Name='OldTime'>2013-08-14T17:32:20.496272600Z</Data></EventData></Event>
<Event xmlns='http://schemas.microsoft.com/win/2004/08/events/event'><System><Provider Name='Microsoft-Windows-Kernel-General' Guid='{A68CA8B7-004F-D7B6-A698-07E2DE0F1F5D}'/><EventID>1</EventID><Version>0</Version><Level>4</Level><Task>0</Task><Opcode>0</Opcode><Keywords>0x8000000000000010</Keywords><TimeCreated SystemTime='2013-08-15T07:32:39.501000100Z'/><EventRecordID>237059</EventRecordID><Correlation/><Execution ProcessID='4' ThreadID='52'/><Channel>System</Channel><Computer>vakintsev.argus.nio1.loniis</Computer><Security/></System><EventData><Data Name='NewTime'>2013-08-15T07:32:39.500000000Z</Data><Data Name='OldTime'>2013-08-14T17:32:42.435254900Z</Data></EventData></Event>
<Event xmlns='http://schemas.microsoft.com/win/2004/08/events/event'><System><Provider Name='Microsoft-Windows-Kernel-General' Guid='{A68CA8B7-004F-D7B6-A698-07E2DE0F1F5D}'/><EventID>1</EventID><Version>0</Version><Level>4</Level><Task>0</Task><Opcode>0</Opcode><Keywords>0x8000000000000010</Keywords><TimeCreated SystemTime='2013-08-15T09:29:27.186000000Z'/><EventRecordID>237118</EventRecordID><Correlation/><Execution ProcessID='356' ThreadID='364'/><Channel>System</Channel><Computer>vakintsev.argus.nio1.loniis</Computer><Security UserID='S-1-5-19'/></System><EventData><Data Name='NewTime'>2013-08-15T09:29:27.186000000Z</Data><Data Name='OldTime'>2013-08-15T09:29:27.186242300Z</Data></EventData></Event>
<Event xmlns='http://schemas.microsoft.com/win/2004/08/events/event'><System><Provider Name='Microsoft-Windows-Kernel-General' Guid='{A68CA8B7-004F-D7B6-A698-07E2DE0F1F5D}'/><EventID>1</EventID><Version>0</Version><Level>4</Level><Task>0</Task><Opcode>0</Opcode><Keywords>0x8000000000000010</Keywords><TimeCreated SystemTime='2013-08-15T10:26:38.501000100Z'/><EventRecordID>237124</EventRecordID><Correlation/><Execution ProcessID='4' ThreadID='3624'/><Channel>System</Channel><Computer>vakintsev.argus.nio1.loniis</Computer><Security/></System><EventData><Data Name='NewTime'>2013-08-15T10:26:38.500000000Z</Data><Data Name='OldTime'>2013-08-15T09:29:43.477931800Z</Data></EventData></Event>
<Event xmlns='http://schemas.microsoft.com/win/2004/08/events/event'><System><Provider Name='Microsoft-Windows-Kernel-General' Guid='{A68CA8B7-004F-D7B6-A698-07E2DE0F1F5D}'/><EventID>1</EventID><Version>0</Version><Level>4</Level><Task>0</Task><Opcode>0</Opcode><Keywords>0x8000000000000010</Keywords><TimeCreated SystemTime='2013-08-15T15:03:54.500000000Z'/><EventRecordID>237207</EventRecordID><Correlation/><Execution ProcessID='4' ThreadID='56'/><Channel>System</Channel><Computer>vakintsev.argus.nio1.loniis</Computer><Security/></System><EventData><Data Name='NewTime'>2013-08-15T15:03:54.500000000Z</Data><Data Name='OldTime'>2013-08-15T15:03:55.762597000Z</Data></EventData></Event>
<Event xmlns='http://schemas.microsoft.com/win/2004/08/events/event'><System><Provider Name='Microsoft-Windows-Kernel-General' Guid='{A68CA8B7-004F-D7B6-A698-07E2DE0F1F5D}'/><EventID>1</EventID><Version>0</Version><Level>4</Level><Task>0</Task><Opcode>0</Opcode><Keywords>0x8000000000000010</Keywords><TimeCreated SystemTime='2013-08-16T07:48:01.501000100Z'/><EventRecordID>237208</EventRecordID><Correlation/><Execution ProcessID='4' ThreadID='56'/><Channel>System</Channel><Computer>vakintsev.argus.nio1.loniis</Computer><Security/></System><EventData><Data Name='NewTime'>2013-08-16T07:48:01.500000000Z</Data><Data Name='OldTime'>2013-08-15T15:03:54.567003800Z</Data></EventData></Event>
<Event xmlns='http://schemas.microsoft.com/win/2004/08/events/event'><System><Provider Name='Microsoft-Windows-Kernel-General' Guid='{A68CA8B7-004F-D7B6-A698-07E2DE0F1F5D}'/><EventID>1</EventID><Version>0</Version><Level>4</Level><Task>0</Task><Opcode>0</Opcode><Keywords>0x8000000000000010</Keywords><TimeCreated SystemTime='2013-08-16T16:49:33.351000000Z'/><EventRecordID>237332</EventRecordID><Correlation/><Execution ProcessID='356' ThreadID='364'/><Channel>System</Channel><Computer>vakintsev.argus.nio1.loniis</Computer><Security UserID='S-1-5-19'/></System><EventData><Data Name='NewTime'>2013-08-16T16:49:33.351000000Z</Data><Data Name='OldTime'>2013-08-16T16:49:33.352202400Z</Data></EventData></Event>
<Event xmlns='http://schemas.microsoft.com/win/2004/08/events/event'><System><Provider Name='Microsoft-Windows-Kernel-General' Guid='{A68CA8B7-004F-D7B6-A698-07E2DE0F1F5D}'/><EventID>1</EventID><Version>0</Version><Level>4</Level><Task>0</Task><Opcode>0</Opcode><Keywords>0x8000000000000010</Keywords><TimeCreated SystemTime='2013-08-19T07:20:31.501000100Z'/><EventRecordID>237338</EventRecordID><Correlation/><Execution ProcessID='4' ThreadID='7100'/><Channel>System</Channel><Computer>vakintsev.argus.nio1.loniis</Computer><Security/></System><EventData><Data Name='NewTime'>2013-08-19T07:20:31.500000000Z</Data><Data Name='OldTime'>2013-08-16T16:49:59.184477600Z</Data></EventData></Event>
<Event xmlns='http://schemas.microsoft.com/win/2004/08/events/event'><System><Provider Name='Microsoft-Windows-Kernel-General' Guid='{A68CA8B7-004F-D7B6-A698-07E2DE0F1F5D}'/><EventID>12</EventID><Version>0</Version><Level>4</Level><Task>0</Task><Opcode>0</Opcode><Keywords>0x8000000000000000</Keywords><TimeCreated SystemTime='2013-08-19T07:43:52.718400400Z'/><EventRecordID>237369</EventRecordID><Correlation/><Execution ProcessID='4' ThreadID='8'/><Channel>System</Channel><Computer>vakintsev.argus.nio1.loniis</Computer><Security UserID='S-1-5-18'/></System><EventData><Data Name='MajorVersion'>6</Data><Data Name='MinorVersion'>1</Data><Data Name='BuildVersion'>7601</Data><Data Name='QfeVersion'>18113</Data><Data Name='ServiceVersion'>1</Data><Data Name='BootMode'>0</Data><Data Name='StartTime'>2013-08-19T07:43:52.109999300Z</Data></EventData></Event>
<Event xmlns='http://schemas.microsoft.com/win/2004/08/events/event'><System><Provider Name='Microsoft-Windows-Kernel-General' Guid='{A68CA8B7-004F-D7B6-A698-07E2DE0F1F5D}'/><EventID>1</EventID><Version>0</Version><Level>4</Level><Task>0</Task><Opcode>0</Opcode><Keywords>0x8000000000000010</Keywords><TimeCreated SystemTime='2013-08-19T16:28:39.444000000Z'/><EventRecordID>237644</EventRecordID><Correlation/><Execution ProcessID='500' ThreadID='504'/><Channel>System</Channel><Computer>vakintsev.argus.nio1.loniis</Computer><Security UserID='S-1-5-19'/></System><EventData><Data Name='NewTime'>2013-08-19T16:28:39.444000000Z</Data><Data Name='OldTime'>2013-08-19T16:28:39.444982000Z</Data></EventData></Event>
<Event xmlns='http://schemas.microsoft.com/win/2004/08/events/event'><System><Provider Name='Microsoft-Windows-Kernel-General' Guid='{A68CA8B7-004F-D7B6-A698-07E2DE0F1F5D}'/><EventID>1</EventID><Version>0</Version><Level>4</Level><Task>0</Task><Opcode>0</Opcode><Keywords>0x8000000000000010</Keywords><TimeCreated SystemTime='2013-08-20T07:09:17.500000000Z'/><EventRecordID>237649</EventRecordID><Correlation/><Execution ProcessID='4' ThreadID='48'/><Channel>System</Channel><Computer>vakintsev.argus.nio1.loniis</Computer><Security/></System><EventData><Data Name='NewTime'>2013-08-20T07:09:17.500000000Z</Data><Data Name='OldTime'>2013-08-19T16:29:07.748619000Z</Data></EventData></Event>
<Event xmlns='http://schemas.microsoft.com/win/2004/08/events/event'><System><Provider Name='Microsoft-Windows-Kernel-General' Guid='{A68CA8B7-004F-D7B6-A698-07E2DE0F1F5D}'/><EventID>1</EventID><Version>0</Version><Level>4</Level><Task>0</Task><Opcode>0</Opcode><Keywords>0x8000000000000010</Keywords><TimeCreated SystemTime='2013-08-20T14:23:20.469000000Z'/><EventRecordID>237769</EventRecordID><Correlation/><Execution ProcessID='500' ThreadID='504'/><Channel>System</Channel><Computer>vakintsev.argus.nio1.loniis</Computer><Security UserID='S-1-5-19'/></System><EventData><Data Name='NewTime'>2013-08-20T14:23:20.469000000Z</Data><Data Name='OldTime'>2013-08-20T14:23:20.469508500Z</Data></EventData></Event>
<Event xmlns='http://schemas.microsoft.com/win/2004/08/events/event'><System><Provider Name='Microsoft-Windows-Kernel-General' Guid='{A68CA8B7-004F-D7B6-A698-07E2DE0F1F5D}'/><EventID>1</EventID><Version>0</Version><Level>4</Level><Task>0</Task><Opcode>0</Opcode><Keywords>0x8000000000000010</Keywords><TimeCreated SystemTime='2013-08-21T07:07:20.501000000Z'/><EventRecordID>237775</EventRecordID><Correlation/><Execution ProcessID='4' ThreadID='68'/><Channel>System</Channel><Computer>vakintsev.argus.nio1.loniis</Computer><Security/></System><EventData><Data Name='NewTime'>2013-08-21T07:07:20.500000000Z</Data><Data Name='OldTime'>2013-08-20T14:24:19.952392300Z</Data></EventData></Event>
<Event xmlns='http://schemas.microsoft.com/win/2004/08/events/event'><System><Provider Name='Microsoft-Windows-Kernel-General' Guid='{A68CA8B7-004F-D7B6-A698-07E2DE0F1F5D}'/><EventID>1</EventID><Version>0</Version><Level>4</Level><Task>0</Task><Opcode>0</Opcode><Keywords>0x8000000000000010</Keywords><TimeCreated SystemTime='2013-08-21T09:52:29.102000000Z'/><EventRecordID>237841</EventRecordID><Correlation/><Execution ProcessID='500' ThreadID='2876'/><Channel>System</Channel><Computer>vakintsev.argus.nio1.loniis</Computer><Security UserID='S-1-5-19'/></System><EventData><Data Name='NewTime'>2013-08-21T09:52:29.102000000Z</Data><Data Name='OldTime'>2013-08-21T09:52:29.111202900Z</Data></EventData></Event>
<Event xmlns='http://schemas.microsoft.com/win/2004/08/events/event'><System><Provider Name='Microsoft-Windows-Kernel-General' Guid='{A68CA8B7-004F-D7B6-A698-07E2DE0F1F5D}'/><EventID>1</EventID><Version>0</Version><Level>4</Level><Task>0</Task><Opcode>0</Opcode><Keywords>0x8000000000000010</Keywords><TimeCreated SystemTime='2013-08-21T10:53:45.000000000Z'/><EventRecordID>237842</EventRecordID><Correlation/><Execution ProcessID='6416' ThreadID='5452'/><Channel>System</Channel><Computer>vakintsev.argus.nio1.loniis</Computer><Security UserID='S-1-5-21-1614895754-436374069-839522115-2312'/></System><EventData><Data Name='NewTime'>2013-08-21T10:53:45.000000000Z</Data><Data Name='OldTime'>2013-08-21T09:53:47.098455800Z</Data></EventData></Event>
<Event xmlns='http://schemas.microsoft.com/win/2004/08/events/event'><System><Provider Name='Microsoft-Windows-Kernel-General' Guid='{A68CA8B7-004F-D7B6-A698-07E2DE0F1F5D}'/><EventID>1</EventID><Version>0</Version><Level>4</Level><Task>0</Task><Opcode>0</Opcode><Keywords>0x8000000000000010</Keywords><TimeCreated SystemTime='2013-08-21T10:53:45.000000000Z'/><EventRecordID>237843</EventRecordID><Correlation/><Execution ProcessID='6416' ThreadID='5452'/><Channel>System</Channel><Computer>vakintsev.argus.nio1.loniis</Computer><Security UserID='S-1-5-21-1614895754-436374069-839522115-2312'/></System><EventData><Data Name='NewTime'>2013-08-21T10:53:45.000000000Z</Data><Data Name='OldTime'>2013-08-21T10:53:45.001000000Z</Data></EventData></Event>
<Event xmlns='http://schemas.microsoft.com/win/2004/08/events/event'><System><Provider Name='Microsoft-Windows-Kernel-General' Guid='{A68CA8B7-004F-D7B6-A698-07E2DE0F1F5D}'/><EventID>1</EventID><Version>0</Version><Level>4</Level><Task>0</Task><Opcode>0</Opcode><Keywords>0x8000000000000010</Keywords><TimeCreated SystemTime='2013-08-21T09:57:29.000000000Z'/><EventRecordID>237846</EventRecordID><Correlation/><Execution ProcessID='2484' ThreadID='7852'/><Channel>System</Channel><Computer>vakintsev.argus.nio1.loniis</Computer><Security UserID='S-1-5-21-1614895754-436374069-839522115-2312'/></System><EventData><Data Name='NewTime'>2013-08-21T09:57:29.000000000Z</Data><Data Name='OldTime'>2013-08-21T10:57:31.226939500Z</Data></EventData></Event>
<Event xmlns='http://schemas.microsoft.com/win/2004/08/events/event'><System><Provider Name='Microsoft-Windows-Kernel-General' Guid='{A68CA8B7-004F-D7B6-A698-07E2DE0F1F5D}'/><EventID>1</EventID><Version>0</Version><Level>4</Level><Task>0</Task><Opcode>0</Opcode><Keywords>0x8000000000000010</Keywords><TimeCreated SystemTime='2013-08-21T09:57:29.001000000Z'/><EventRecordID>237847</EventRecordID><Correlation/><Execution ProcessID='2484' ThreadID='7852'/><Channel>System</Channel><Computer>vakintsev.argus.nio1.loniis</Computer><Security UserID='S-1-5-21-1614895754-436374069-839522115-2312'/></System><EventData><Data Name='NewTime'>2013-08-21T09:57:29.000000000Z</Data><Data Name='OldTime'>2013-08-21T09:57:29.000000000Z</Data></EventData></Event>
<Event xmlns='http://schemas.microsoft.com/win/2004/08/events/event'><System><Provider Name='Microsoft-Windows-Kernel-General' Guid='{A68CA8B7-004F-D7B6-A698-07E2DE0F1F5D}'/><EventID>1</EventID><Version>0</Version><Level>4</Level><Task>0</Task><Opcode>0</Opcode><Keywords>0x8000000000000010</Keywords><TimeCreated SystemTime='2013-08-22T07:44:47.501000000Z'/><EventRecordID>237953</EventRecordID><Correlation/><Execution ProcessID='4' ThreadID='64'/><Channel>System</Channel><Computer>vakintsev.argus.nio1.loniis</Computer><Security/></System><EventData><Data Name='NewTime'>2013-08-22T07:44:47.500000000Z</Data><Data Name='OldTime'>2013-08-21T15:15:24.635063900Z</Data></EventData></Event>
<Event xmlns='http://schemas.microsoft.com/win/2004/08/events/event'><System><Provider Name='Microsoft-Windows-Kernel-General' Guid='{A68CA8B7-004F-D7B6-A698-07E2DE0F1F5D}'/><EventID>1</EventID><Version>0</Version><Level>4</Level><Task>0</Task><Opcode>0</Opcode><Keywords>0x8000000000000010</Keywords><TimeCreated SystemTime='2013-08-22T15:31:14.500000000Z'/><EventRecordID>238089</EventRecordID><Correlation/><Execution ProcessID='4' ThreadID='68'/><Channel>System</Channel><Computer>vakintsev.argus.nio1.loniis</Computer><Security/></System><EventData><Data Name='NewTime'>2013-08-22T15:31:14.500000000Z</Data><Data Name='OldTime'>2013-08-22T15:31:16.736892800Z</Data></EventData></Event>
<Event xmlns='http://schemas.microsoft.com/win/2004/08/events/event'><System><Provider Name='Microsoft-Windows-Kernel-General' Guid='{A68CA8B7-004F-D7B6-A698-07E2DE0F1F5D}'/><EventID>1</EventID><Version>0</Version><Level>4</Level><Task>0</Task><Opcode>0</Opcode><Keywords>0x8000000000000010</Keywords><TimeCreated SystemTime='2013-08-23T07:15:09.501000000Z'/><EventRecordID>238090</EventRecordID><Correlation/><Execution ProcessID='4' ThreadID='68'/><Channel>System</Channel><Computer>vakintsev.argus.nio1.loniis</Computer><Security/></System><EventData><Data Name='NewTime'>2013-08-23T07:15:09.500000000Z</Data><Data Name='OldTime'>2013-08-22T15:31:14.565003700Z</Data></EventData></Event>
<Event xmlns='http://schemas.microsoft.com/win/2004/08/events/event'><System><Provider Name='Microsoft-Windows-Kernel-General' Guid='{A68CA8B7-004F-D7B6-A698-07E2DE0F1F5D}'/><EventID>1</EventID><Version>0</Version><Level>4</Level><Task>0</Task><Opcode>0</Opcode><Keywords>0x8000000000000010</Keywords><TimeCreated SystemTime='2013-08-23T14:26:34.801000000Z'/><EventRecordID>238290</EventRecordID><Correlation/><Execution ProcessID='500' ThreadID='2876'/><Channel>System</Channel><Computer>vakintsev.argus.nio1.loniis</Computer><Security UserID='S-1-5-19'/></System><EventData><Data Name='NewTime'>2013-08-23T14:26:34.801000000Z</Data><Data Name='OldTime'>2013-08-23T14:26:34.801941300Z</Data></EventData></Event>
<Event xmlns='http://schemas.microsoft.com/win/2004/08/events/event'><System><Provider Name='Microsoft-Windows-Kernel-General' Guid='{A68CA8B7-004F-D7B6-A698-07E2DE0F1F5D}'/><EventID>13</EventID><Version>0</Version><Level>4</Level><Task>0</Task><Opcode>0</Opcode><Keywords>0x8000000000000000</Keywords><TimeCreated SystemTime='2013-08-23T14:26:45.565018700Z'/><EventRecordID>238304</EventRecordID><Correlation/><Execution ProcessID='4' ThreadID='3616'/><Channel>System</Channel><Computer>vakintsev.argus.nio1.loniis</Computer><Security/></System><EventData><Data Name='StopTime'>2013-08-23T14:26:45.565018700Z</Data></EventData></Event>
<Event xmlns='http://schemas.microsoft.com/win/2004/08/events/event'><System><Provider Name='Microsoft-Windows-Kernel-General' Guid='{A68CA8B7-004F-D7B6-A698-07E2DE0F1F5D}'/><EventID>12</EventID><Version>0</Version><Level>4</Level><Task>0</Task><Opcode>0</Opcode><Keywords>0x8000000000000000</Keywords><TimeCreated SystemTime='2013-08-26T07:45:50.780800500Z'/><EventRecordID>238305</EventRecordID><Correlation/><Execution ProcessID='4' ThreadID='8'/><Channel>System</Channel><Computer>vakintsev.argus.nio1.loniis</Computer><Security UserID='S-1-5-18'/></System><EventData><Data Name='MajorVersion'>6</Data><Data Name='MinorVersion'>1</Data><Data Name='BuildVersion'>7601</Data><Data Name='QfeVersion'>18113</Data><Data Name='ServiceVersion'>1</Data><Data Name='BootMode'>0</Data><Data Name='StartTime'>2013-08-26T07:45:50.109999300Z</Data></EventData></Event>
<Event xmlns='http://schemas.microsoft.com/win/2004/08/events/event'><System><Provider Name='Microsoft-Windows-Kernel-General' Guid='{A68CA8B7-004F-D7B6-A698-07E2DE0F1F5D}'/><EventID>13</EventID><Version>0</Version><Level>4</Level><Task>0</Task><Opcode>0</Opcode><Keywords>0x8000000000000000</Keywords><TimeCreated SystemTime='2013-08-26T07:46:33.602875200Z'/><EventRecordID>238312</EventRecordID><Correlation/><Execution ProcessID='4' ThreadID='40'/><Channel>System</Channel><Computer>vakintsev.argus.nio1.loniis</Computer><Security/></System><EventData><Data Name='StopTime'>2013-08-26T07:46:33.602875200Z</Data></EventData></Event>
<Event xmlns='http://schemas.microsoft.com/win/2004/08/events/event'><System><Provider Name='Microsoft-Windows-Kernel-General' Guid='{A68CA8B7-004F-D7B6-A698-07E2DE0F1F5D}'/><EventID>12</EventID><Version>0</Version><Level>4</Level><Task>0</Task><Opcode>0</Opcode><Keywords>0x8000000000000000</Keywords><TimeCreated SystemTime='2013-08-26T07:46:59.718400400Z'/><EventRecordID>238313</EventRecordID><Correlation/><Execution ProcessID='4' ThreadID='8'/><Channel>System</Channel><Computer>vakintsev.argus.nio1.loniis</Computer><Security UserID='S-1-5-18'/></System><EventData><Data Name='MajorVersion'>6</Data><Data Name='MinorVersion'>1</Data><Data Name='BuildVersion'>7601</Data><Data Name='QfeVersion'>18205</Data><Data Name='ServiceVersion'>1</Data><Data Name='BootMode'>0</Data><Data Name='StartTime'>2013-08-26T07:46:59.109999300Z</Data></EventData></Event>
<Event xmlns='http://schemas.microsoft.com/win/2004/08/events/event'><System><Provider Name='Microsoft-Windows-Kernel-General' Guid='{A68CA8B7-004F-D7B6-A698-07E2DE0F1F5D}'/><EventID>12</EventID><Version>0</Version><Level>4</Level><Task>0</Task><Opcode>0</Opcode><Keywords>0x8000000000000000</Keywords><TimeCreated SystemTime='2013-08-26T08:59:03.796400500Z'/><EventRecordID>238458</EventRecordID><Correlation/><Execution ProcessID='4' ThreadID='8'/><Channel>System</Channel><Computer>vakintsev.argus.nio1.loniis</Computer><Security UserID='S-1-5-18'/></System><EventData><Data Name='MajorVersion'>6</Data><Data Name='MinorVersion'>1</Data><Data Name='BuildVersion'>7601</Data><Data Name='QfeVersion'>18205</Data><Data Name='ServiceVersion'>1</Data><Data Name='BootMode'>0</Data><Data Name='StartTime'>2013-08-26T08:59:03.125599400Z</Data></EventData></Event>
<Event xmlns='http://schemas.microsoft.com/win/2004/08/events/event'><System><Provider Name='Microsoft-Windows-Kernel-General' Guid='{A68CA8B7-004F-D7B6-A698-07E2DE0F1F5D}'/><EventID>1</EventID><Version>0</Version><Level>4</Level><Task>0</Task><Opcode>0</Opcode><Keywords>0x8000000000000010</Keywords><TimeCreated SystemTime='2013-08-26T17:42:44.500000000Z'/><EventRecordID>238689</EventRecordID><Correlation/><Execution ProcessID='4' ThreadID='60'/><Channel>System</Channel><Computer>vakintsev.argus.nio1.loniis</Computer><Security/></System><EventData><Data Name='NewTime'>2013-08-26T17:42:44.500000000Z</Data><Data Name='OldTime'>2013-08-26T17:42:46.294471000Z</Data></EventData></Event>
<Event xmlns='http://schemas.microsoft.com/win/2004/08/events/event'><System><Provider Name='Microsoft-Windows-Kernel-General' Guid='{A68CA8B7-004F-D7B6-A698-07E2DE0F1F5D}'/><EventID>1</EventID><Version>0</Version><Level>4</Level><Task>0</Task><Opcode>0</Opcode><Keywords>0x8000000000000010</Keywords><TimeCreated SystemTime='2013-08-27T07:01:10.501000100Z'/><EventRecordID>238690</EventRecordID><Correlation/><Execution ProcessID='4' ThreadID='60'/><Channel>System</Channel><Computer>vakintsev.argus.nio1.loniis</Computer><Security/></System><EventData><Data Name='NewTime'>2013-08-27T07:01:10.500000000Z</Data><Data Name='OldTime'>2013-08-26T17:42:44.567003800Z</Data></EventData></Event>
<Event xmlns='http://schemas.microsoft.com/win/2004/08/events/event'><System><Provider Name='Microsoft-Windows-Kernel-General' Guid='{A68CA8B7-004F-D7B6-A698-07E2DE0F1F5D}'/><EventID>1</EventID><Version>0</Version><Level>4</Level><Task>0</Task><Opcode>0</Opcode><Keywords>0x8000000000000010</Keywords><TimeCreated SystemTime='2013-08-27T15:26:21.500000000Z'/><EventRecordID>238822</EventRecordID><Correlation/><Execution ProcessID='4' ThreadID='64'/><Channel>System</Channel><Computer>vakintsev.argus.nio1.loniis</Computer><Security/></System><EventData><Data Name='NewTime'>2013-08-27T15:26:21.500000000Z</Data><Data Name='OldTime'>2013-08-27T15:26:23.791821200Z</Data></EventData></Event>
<Event xmlns='http://schemas.microsoft.com/win/2004/08/events/event'><System><Provider Name='Microsoft-Windows-Kernel-General' Guid='{A68CA8B7-004F-D7B6-A698-07E2DE0F1F5D}'/><EventID>1</EventID><Version>0</Version><Level>4</Level><Task>0</Task><Opcode>0</Opcode><Keywords>0x8000000000000010</Keywords><TimeCreated SystemTime='2013-08-28T07:06:35.500000000Z'/><EventRecordID>238823</EventRecordID><Correlation/><Execution ProcessID='4' ThreadID='64'/><Channel>System</Channel><Computer>vakintsev.argus.nio1.loniis</Computer><Security/></System><EventData><Data Name='NewTime'>2013-08-28T07:06:35.500000000Z</Data><Data Name='OldTime'>2013-08-27T15:26:21.620006800Z</Data></EventData></Event>
<Event xmlns='http://schemas.microsoft.com/win/2004/08/events/event'><System><Provider Name='Microsoft-Windows-Kernel-General' Guid='{A68CA8B7-004F-D7B6-A698-07E2DE0F1F5D}'/><EventID>1</EventID><Version>0</Version><Level>4</Level><Task>0</Task><Opcode>0</Opcode><Keywords>0x8000000000000010</Keywords><TimeCreated SystemTime='2013-08-28T16:26:57.500000000Z'/><EventRecordID>238983</EventRecordID><Correlation/><Execution ProcessID='4' ThreadID='64'/><Channel>System</Channel><Computer>vakintsev.argus.nio1.loniis</Computer><Security/></System><EventData><Data Name='NewTime'>2013-08-28T16:26:57.500000000Z</Data><Data Name='OldTime'>2013-08-28T16:26:59.346174000Z</Data></EventData></Event>
<Event xmlns='http://schemas.microsoft.com/win/2004/08/events/event'><System><Provider Name='Microsoft-Windows-Kernel-General' Guid='{A68CA8B7-004F-D7B6-A698-07E2DE0F1F5D}'/><EventID>1</EventID><Version>0</Version><Level>4</Level><Task>0</Task><Opcode>0</Opcode><Keywords>0x8000000000000010</Keywords><TimeCreated SystemTime='2013-08-29T08:20:38.501000100Z'/><EventRecordID>238984</EventRecordID><Correlation/><Execution ProcessID='4' ThreadID='64'/><Channel>System</Channel><Computer>vakintsev.argus.nio1.loniis</Computer><Security/></System><EventData><Data Name='NewTime'>2013-08-29T08:20:38.500000000Z</Data><Data Name='OldTime'>2013-08-28T16:26:57.560003400Z</Data></EventData></Event>
<Event xmlns='http://schemas.microsoft.com/win/2004/08/events/event'><System><Provider Name='Microsoft-Windows-Kernel-General' Guid='{A68CA8B7-004F-D7B6-A698-07E2DE0F1F5D}'/><EventID>1</EventID><Version>0</Version><Level>4</Level><Task>0</Task><Opcode>0</Opcode><Keywords>0x8000000000000010</Keywords><TimeCreated SystemTime='2013-08-29T18:19:02.500000000Z'/><EventRecordID>239195</EventRecordID><Correlation/><Execution ProcessID='4' ThreadID='60'/><Channel>System</Channel><Computer>vakintsev.argus.nio1.loniis</Computer><Security/></System><EventData><Data Name='NewTime'>2013-08-29T18:19:02.500000000Z</Data><Data Name='OldTime'>2013-08-29T18:19:04.865726700Z</Data></EventData></Event>
<Event xmlns='http://schemas.microsoft.com/win/2004/08/events/event'><System><Provider Name='Microsoft-Windows-Kernel-General' Guid='{A68CA8B7-004F-D7B6-A698-07E2DE0F1F5D}'/><EventID>1</EventID><Version>0</Version><Level>4</Level><Task>0</Task><Opcode>0</Opcode><Keywords>0x8000000000000010</Keywords><TimeCreated SystemTime='2013-08-30T08:13:08.501000000Z'/><EventRecordID>239196</EventRecordID><Correlation/><Execution ProcessID='4' ThreadID='60'/><Channel>System</Channel><Computer>vakintsev.argus.nio1.loniis</Computer><Security/></System><EventData><Data Name='NewTime'>2013-08-30T08:13:08.500000000Z</Data><Data Name='OldTime'>2013-08-29T18:19:02.564003700Z</Data></EventData></Event>
<Event xmlns='http://schemas.microsoft.com/win/2004/08/events/event'><System><Provider Name='Microsoft-Windows-Kernel-General' Guid='{A68CA8B7-004F-D7B6-A698-07E2DE0F1F5D}'/><EventID>13</EventID><Version>0</Version><Level>4</Level><Task>0</Task><Opcode>0</Opcode><Keywords>0x8000000000000000</Keywords><TimeCreated SystemTime='2013-08-30T15:31:47.090102500Z'/><EventRecordID>239352</EventRecordID><Correlation/><Execution ProcessID='4' ThreadID='32'/><Channel>System</Channel><Computer>vakintsev.argus.nio1.loniis</Computer><Security/></System><EventData><Data Name='StopTime'>2013-08-30T15:31:47.090102500Z</Data></EventData></Event>
<Event xmlns='http://schemas.microsoft.com/win/2004/08/events/event'><System><Provider Name='Microsoft-Windows-Kernel-General' Guid='{A68CA8B7-004F-D7B6-A698-07E2DE0F1F5D}'/><EventID>12</EventID><Version>0</Version><Level>4</Level><Task>0</Task><Opcode>0</Opcode><Keywords>0x8000000000000000</Keywords><TimeCreated SystemTime='2013-09-02T07:19:32.780800500Z'/><EventRecordID>239353</EventRecordID><Correlation/><Execution ProcessID='4' ThreadID='8'/><Channel>System</Channel><Computer>vakintsev.argus.nio1.loniis</Computer><Security UserID='S-1-5-18'/></System><EventData><Data Name='MajorVersion'>6</Data><Data Name='MinorVersion'>1</Data><Data Name='BuildVersion'>7601</Data><Data Name='QfeVersion'>18205</Data><Data Name='ServiceVersion'>1</Data><Data Name='BootMode'>0</Data><Data Name='StartTime'>2013-09-02T07:19:32.109999300Z</Data></EventData></Event>
<Event xmlns='http://schemas.microsoft.com/win/2004/08/events/event'><System><Provider Name='Microsoft-Windows-Kernel-General' Guid='{A68CA8B7-004F-D7B6-A698-07E2DE0F1F5D}'/><EventID>1</EventID><Version>0</Version><Level>4</Level><Task>0</Task><Opcode>0</Opcode><Keywords>0x8000000000000010</Keywords><TimeCreated SystemTime='2013-09-02T16:26:30.500000000Z'/><EventRecordID>239625</EventRecordID><Correlation/><Execution ProcessID='4' ThreadID='56'/><Channel>System</Channel><Computer>vakintsev.argus.nio1.loniis</Computer><Security/></System><EventData><Data Name='NewTime'>2013-09-02T16:26:30.500000000Z</Data><Data Name='OldTime'>2013-09-02T16:26:32.966443000Z</Data></EventData></Event>
<Event xmlns='http://schemas.microsoft.com/win/2004/08/events/event'><System><Provider Name='Microsoft-Windows-Kernel-General' Guid='{A68CA8B7-004F-D7B6-A698-07E2DE0F1F5D}'/><EventID>1</EventID><Version>0</Version><Level>4</Level><Task>0</Task><Opcode>0</Opcode><Keywords>0x8000000000000010</Keywords><TimeCreated SystemTime='2013-09-03T06:41:52.501000100Z'/><EventRecordID>239626</EventRecordID><Correlation/><Execution ProcessID='4' ThreadID='56'/><Channel>System</Channel><Computer>vakintsev.argus.nio1.loniis</Computer><Security/></System><EventData><Data Name='NewTime'>2013-09-03T06:41:52.500000000Z</Data><Data Name='OldTime'>2013-09-02T16:26:30.561003500Z</Data></EventData></Event>
<Event xmlns='http://schemas.microsoft.com/win/2004/08/events/event'><System><Provider Name='Microsoft-Windows-Kernel-General' Guid='{A68CA8B7-004F-D7B6-A698-07E2DE0F1F5D}'/><EventID>13</EventID><Version>0</Version><Level>4</Level><Task>0</Task><Opcode>0</Opcode><Keywords>0x8000000000000000</Keywords><TimeCreated SystemTime='2013-09-03T06:44:32.944716500Z'/><EventRecordID>239687</EventRecordID><Correlation/><Execution ProcessID='4' ThreadID='40'/><Channel>System</Channel><Computer>vakintsev.argus.nio1.loniis</Computer><Security/></System><EventData><Data Name='StopTime'>2013-09-03T06:44:32.944716500Z</Data></EventData></Event>
<Event xmlns='http://schemas.microsoft.com/win/2004/08/events/event'><System><Provider Name='Microsoft-Windows-Kernel-General' Guid='{A68CA8B7-004F-D7B6-A698-07E2DE0F1F5D}'/><EventID>12</EventID><Version>0</Version><Level>4</Level><Task>0</Task><Opcode>0</Opcode><Keywords>0x8000000000000000</Keywords><TimeCreated SystemTime='2013-09-03T06:45:01.718400400Z'/><EventRecordID>239688</EventRecordID><Correlation/><Execution ProcessID='4' ThreadID='8'/><Channel>System</Channel><Computer>vakintsev.argus.nio1.loniis</Computer><Security UserID='S-1-5-18'/></System><EventData><Data Name='MajorVersion'>6</Data><Data Name='MinorVersion'>1</Data><Data Name='BuildVersion'>7601</Data><Data Name='QfeVersion'>18205</Data><Data Name='ServiceVersion'>1</Data><Data Name='BootMode'>0</Data><Data Name='StartTime'>2013-09-03T06:45:01.109999300Z</Data></EventData></Event>
<Event xmlns='http://schemas.microsoft.com/win/2004/08/events/event'><System><Provider Name='Microsoft-Windows-Kernel-General' Guid='{A68CA8B7-004F-D7B6-A698-07E2DE0F1F5D}'/><EventID>1</EventID><Version>0</Version><Level>4</Level><Task>0</Task><Opcode>0</Opcode><Keywords>0x8000000000000010</Keywords><TimeCreated SystemTime='2013-09-03T16:29:28.500000000Z'/><EventRecordID>239960</EventRecordID><Correlation/><Execution ProcessID='4' ThreadID='64'/><Channel>System</Channel><Computer>vakintsev.argus.nio1.loniis</Computer><Security/></System><EventData><Data Name='NewTime'>2013-09-03T16:29:28.500000000Z</Data><Data Name='OldTime'>2013-09-03T16:29:31.240112700Z</Data></EventData></Event>
<Event xmlns='http://schemas.microsoft.com/win/2004/08/events/event'><System><Provider Name='Microsoft-Windows-Kernel-General' Guid='{A68CA8B7-004F-D7B6-A698-07E2DE0F1F5D}'/><EventID>1</EventID><Version>0</Version><Level>4</Level><Task>0</Task><Opcode>0</Opcode><Keywords>0x8000000000000010</Keywords><TimeCreated SystemTime='2013-09-04T07:41:44.501000100Z'/><EventRecordID>239961</EventRecordID><Correlation/><Execution ProcessID='4' ThreadID='64'/><Channel>System</Channel><Computer>vakintsev.argus.nio1.loniis</Computer><Security/></System><EventData><Data Name='NewTime'>2013-09-04T07:41:44.500000000Z</Data><Data Name='OldTime'>2013-09-03T16:29:28.562003500Z</Data></EventData></Event>
<Event xmlns='http://schemas.microsoft.com/win/2004/08/events/event'><System><Provider Name='Microsoft-Windows-Kernel-General' Guid='{A68CA8B7-004F-D7B6-A698-07E2DE0F1F5D}'/><EventID>1</EventID><Version>0</Version><Level>4</Level><Task>0</Task><Opcode>0</Opcode><Keywords>0x8000000000000010</Keywords><TimeCreated SystemTime='2013-09-04T15:01:35.500000000Z'/><EventRecordID>240098</EventRecordID><Correlation/><Execution ProcessID='4' ThreadID='64'/><Channel>System</Channel><Computer>vakintsev.argus.nio1.loniis</Computer><Security/></System><EventData><Data Name='NewTime'>2013-09-04T15:01:35.500000000Z</Data><Data Name='OldTime'>2013-09-04T15:01:37.600599000Z</Data></EventData></Event>
<Event xmlns='http://schemas.microsoft.com/win/2004/08/events/event'><System><Provider Name='Microsoft-Windows-Kernel-General' Guid='{A68CA8B7-004F-D7B6-A698-07E2DE0F1F5D}'/><EventID>1</EventID><Version>0</Version><Level>4</Level><Task>0</Task><Opcode>0</Opcode><Keywords>0x8000000000000010</Keywords><TimeCreated SystemTime='2013-09-05T07:09:36.501000000Z'/><EventRecordID>240099</EventRecordID><Correlation/><Execution ProcessID='4' ThreadID='64'/><Channel>System</Channel><Computer>vakintsev.argus.nio1.loniis</Computer><Security/></System><EventData><Data Name='NewTime'>2013-09-05T07:09:36.500000000Z</Data><Data Name='OldTime'>2013-09-04T15:01:35.562003600Z</Data></EventData></Event>
<Event xmlns='http://schemas.microsoft.com/win/2004/08/events/event'><System><Provider Name='Microsoft-Windows-Kernel-General' Guid='{A68CA8B7-004F-D7B6-A698-07E2DE0F1F5D}'/><EventID>1</EventID><Version>0</Version><Level>4</Level><Task>0</Task><Opcode>0</Opcode><Keywords>0x8000000000000010</Keywords><TimeCreated SystemTime='2013-09-05T15:30:58.500000000Z'/><EventRecordID>240242</EventRecordID><Correlation/><Execution ProcessID='4' ThreadID='68'/><Channel>System</Channel><Computer>vakintsev.argus.nio1.loniis</Computer><Security/></System><EventData><Data Name='NewTime'>2013-09-05T15:30:58.500000000Z</Data><Data Name='OldTime'>2013-09-05T15:31:00.550709200Z</Data></EventData></Event>
<Event xmlns='http://schemas.microsoft.com/win/2004/08/events/event'><System><Provider Name='Microsoft-Windows-Kernel-General' Guid='{A68CA8B7-004F-D7B6-A698-07E2DE0F1F5D}'/><EventID>1</EventID><Version>0</Version><Level>4</Level><Task>0</Task><Opcode>0</Opcode><Keywords>0x8000000000000010</Keywords><TimeCreated SystemTime='2013-09-06T07:34:23.501000000Z'/><EventRecordID>240243</EventRecordID><Correlation/><Execution ProcessID='4' ThreadID='68'/><Channel>System</Channel><Computer>vakintsev.argus.nio1.loniis</Computer><Security/></System><EventData><Data Name='NewTime'>2013-09-06T07:34:23.500000000Z</Data><Data Name='OldTime'>2013-09-05T15:30:58.567003900Z</Data></EventData></Event>
<Event xmlns='http://schemas.microsoft.com/win/2004/08/events/event'><System><Provider Name='Microsoft-Windows-Kernel-General' Guid='{A68CA8B7-004F-D7B6-A698-07E2DE0F1F5D}'/><EventID>1</EventID><Version>0</Version><Level>4</Level><Task>0</Task><Opcode>0</Opcode><Keywords>0x8000000000000010</Keywords><TimeCreated SystemTime='2013-09-06T17:11:53.500000000Z'/><EventRecordID>240411</EventRecordID><Correlation/><Execution ProcessID='4' ThreadID='52'/><Channel>System</Channel><Computer>vakintsev.argus.nio1.loniis</Computer><Security/></System><EventData><Data Name='NewTime'>2013-09-06T17:11:53.500000000Z</Data><Data Name='OldTime'>2013-09-06T17:11:56.424033800Z</Data></EventData></Event>
<Event xmlns='http://schemas.microsoft.com/win/2004/08/events/event'><System><Provider Name='Microsoft-Windows-Kernel-General' Guid='{A68CA8B7-004F-D7B6-A698-07E2DE0F1F5D}'/><EventID>1</EventID><Version>0</Version><Level>4</Level><Task>0</Task><Opcode>0</Opcode><Keywords>0x8000000000000010</Keywords><TimeCreated SystemTime='2013-09-09T07:14:46.500000000Z'/><EventRecordID>240412</EventRecordID><Correlation/><Execution ProcessID='4' ThreadID='52'/><Channel>System</Channel><Computer>vakintsev.argus.nio1.loniis</Computer><Security/></System><EventData><Data Name='NewTime'>2013-09-09T07:14:46.500000000Z</Data><Data Name='OldTime'>2013-09-06T17:11:53.564003700Z</Data></EventData></Event>
<Event xmlns='http://schemas.microsoft.com/win/2004/08/events/event'><System><Provider Name='Microsoft-Windows-Kernel-General' Guid='{A68CA8B7-004F-D7B6-A698-07E2DE0F1F5D}'/><EventID>1</EventID><Version>0</Version><Level>4</Level><Task>0</Task><Opcode>0</Opcode><Keywords>0x8000000000000010</Keywords><TimeCreated SystemTime='2013-09-09T16:46:14.500000000Z'/><EventRecordID>240592</EventRecordID><Correlation/><Execution ProcessID='4' ThreadID='4228'/><Channel>System</Channel><Computer>vakintsev.argus.nio1.loniis</Computer><Security/></System><EventData><Data Name='NewTime'>2013-09-09T16:46:14.500000000Z</Data><Data Name='OldTime'>2013-09-09T16:46:17.310322200Z</Data></EventData></Event>
<Event xmlns='http://schemas.microsoft.com/win/2004/08/events/event'><System><Provider Name='Microsoft-Windows-Kernel-General' Guid='{A68CA8B7-004F-D7B6-A698-07E2DE0F1F5D}'/><EventID>1</EventID><Version>0</Version><Level>4</Level><Task>0</Task><Opcode>0</Opcode><Keywords>0x8000000000000010</Keywords><TimeCreated SystemTime='2013-09-10T06:56:10.501000100Z'/><EventRecordID>240593</EventRecordID><Correlation/><Execution ProcessID='4' ThreadID='4228'/><Channel>System</Channel><Computer>vakintsev.argus.nio1.loniis</Computer><Security/></System><EventData><Data Name='NewTime'>2013-09-10T06:56:10.500000000Z</Data><Data Name='OldTime'>2013-09-09T16:46:14.560003400Z</Data></EventData></Event>
