<Event xmlns='http://schemas.microsoft.com/win/2004/08/events/event'><System><Provider Name='Microsoft-Windows-Kernel-General' Guid='{A68CA8B7-004F-D7B6-A698-07E2DE0F1F5D}'/><EventID>13</EventID><Version>0</Version><Level>4</Level><Task>0</Task><Opcode>0</Opcode><Keywords>0x8000000000000000</Keywords><TimeCreated SystemTime='2013-05-24T15:14:15.603837700Z'/><EventRecordID>222595</EventRecordID><Correlation/><Execution ProcessID='4' ThreadID='7904'/><Channel>System</Channel><Computer>vakintsev.argus.nio1.loniis</Computer><Security/></System><EventData><Data Name='StopTime'>2013-05-24T15:14:15.603837700Z</Data></EventData></Event>
<Event xmlns='http://schemas.microsoft.com/win/2004/08/events/event'><System><Provider Name='Microsoft-Windows-Kernel-General' Guid='{A68CA8B7-004F-D7B6-A698-07E2DE0F1F5D}'/><EventID>12</EventID><Version>0</Version><Level>4</Level><Task>0</Task><Opcode>0</Opcode><Keywords>0x8000000000000000</Keywords><TimeCreated SystemTime='2013-05-24T15:14:38.796400500Z'/><EventRecordID>222596</EventRecordID><Correlation/><Execution ProcessID='4' ThreadID='8'/><Channel>System</Channel><Computer>vakintsev.argus.nio1.loniis</Computer><Security UserID='S-1-5-18'/></System><EventData><Data Name='MajorVersion'>6</Data><Data Name='MinorVersion'>1</Data><Data Name='BuildVersion'>7601</Data><Data Name='QfeVersion'>18113</Data><Data Name='ServiceVersion'>1</Data><Data Name='BootMode'>0</Data><Data Name='StartTime'>2013-05-24T15:14:38.109999300Z</Data></EventData></Event>
<Event xmlns='http://schemas.microsoft.com/win/2004/08/events/event'><System><Provider Name='Microsoft-Windows-Kernel-General' Guid='{A68CA8B7-004F-D7B6-A698-07E2DE0F1F5D}'/><EventID>1</EventID><Version>0</Version><Level>4</Level><Task>0</Task><Opcode>0</Opcode><Keywords>0x8000000000000010</Keywords><TimeCreated SystemTime='2013-05-24T17:34:01.664000000Z'/><EventRecordID>222759</EventRecordID><Correlation/><Execution ProcessID='316' ThreadID='312'/><Channel>System</Channel><Computer>vakintsev.argus.nio1.loniis</Computer><Security UserID='S-1-5-19'/></System><EventData><Data Name='NewTime'>2013-05-24T17:34:01.664000000Z</Data><Data Name='OldTime'>2013-05-24T17:34:01.664611100Z</Data></EventData></Event>
<Event xmlns='http://schemas.microsoft.com/win/2004/08/events/event'><System><Provider Name='Microsoft-Windows-Kernel-General' Guid='{A68CA8B7-004F-D7B6-A698-07E2DE0F1F5D}'/><EventID>1</EventID><Version>0</Version><Level>4</Level><Task>0</Task><Opcode>0</Opcode><Keywords>0x8000000000000010</Keywords><TimeCreated SystemTime='2013-05-27T05:56:34.501000100Z'/><EventRecordID>222761</EventRecordID><Correlation/><Execution ProcessID='4' ThreadID='56'/><Channel>System</Channel><Computer>vakintsev.argus.nio1.loniis</Computer><Security/></System><EventData><Data Name='NewTime'>2013-05-27T05:56:34.500000000Z</Data><Data Name='OldTime'>2013-05-24T17:34:18.172944300Z</Data></EventData></Event>
<Event xmlns='http://schemas.microsoft.com/win/2004/08/events/event'><System><Provider Name='Microsoft-Windows-Kernel-General' Guid='{A68CA8B7-004F-D7B6-A698-07E2DE0F1F5D}'/><EventID>12</EventID><Version>0</Version><Level>4</Level><Task>0</Task><Opcode>0</Opcode><Keywords>0x8000000000000000</Keywords><TimeCreated SystemTime='2013-05-27T07:52:39.718400400Z'/><EventRecordID>222830</EventRecordID><Correlation/><Execution ProcessID='4' ThreadID='8'/><Channel>System</Channel><Computer>vakintsev.argus.nio1.loniis</Computer><Security UserID='S-1-5-18'/></System><EventData><Data Name='MajorVersion'>6</Data><Data Name='MinorVersion'>1</Data><Data Name='BuildVersion'>7601</Data><Data Name='QfeVersion'>18113</Data><Data Name='ServiceVersion'>1</Data><Data Name='BootMode'>0</Data><Data Name='StartTime'>2013-05-27T07:52:39.109999300Z</Data></EventData></Event>
<Event xmlns='http://schemas.microsoft.com/win/2004/08/events/event'><System><Provider Name='Microsoft-Windows-Kernel-General' Guid='{A68CA8B7-004F-D7B6-A698-07E2DE0F1F5D}'/><EventID>12</EventID><Version>0</Version><Level>4</Level><Task>0</Task><Opcode>0</Opcode><Keywords>0x8000000000000000</Keywords><TimeCreated SystemTime='2013-05-27T09:55:39.780800500Z'/><EventRecordID>223003</EventRecordID><Correlation/><Execution ProcessID='4' ThreadID='8'/><Channel>System</Channel><Computer>vakintsev.argus.nio1.loniis</Computer><Security UserID='S-1-5-18'/></System><EventData><Data Name='MajorVersion'>6</Data><Data Name='MinorVersion'>1</Data><Data Name='BuildVersion'>7601</Data><Data Name='QfeVersion'>18113</Data><Data Name='ServiceVersion'>1</Data><Data Name='BootMode'>0</Data><Data Name='StartTime'>2013-05-27T09:55:39.109999300Z</Data></EventData></Event>
<Event xmlns='http://schemas.microsoft.com/win/2004/08/events/event'><System><Provider Name='Microsoft-Windows-Kernel-General' Guid='{A68CA8B7-004F-D7B6-A698-07E2DE0F1F5D}'/><EventID>1</EventID><Version>0</Version><Level>4</Level><Task>0</Task><Opcode>0</Opcode><Keywords>0x8000000000000010</Keywords><TimeCreated SystemTime='2013-05-27T17:03:22.145000000Z'/><EventRecordID>223219</EventRecordID><Correlation/><Execution ProcessID='320' ThreadID='316'/><Channel>System</Channel><Computer>vakintsev.argus.nio1.loniis</Computer><Security UserID='S-1-5-19'/></System><EventData><Data Name='NewTime'>2013-05-27T17:03:22.145000000Z</Data><Data Name='OldTime'>2013-05-27T17:03:22.145142600Z</Data></EventData></Event>
<Event xmlns='http://schemas.microsoft.com/win/2004/08/events/event'><System><Provider Name='Microsoft-Windows-Kernel-General' Guid='{A68CA8B7-004F-D7B6-A698-07E2DE0F1F5D}'/><EventID>1</EventID><Version>0</Version><Level>4</Level><Task>0</Task><Opcode>0</Opcode><Keywords>0x8000000000000010</Keywords><TimeCreated SystemTime='2013-05-28T07:54:59.501000100Z'/><EventRecordID>223221</EventRecordID><Correlation/><Execution ProcessID='4' ThreadID='44'/><Channel>System</Channel><Computer>vakintsev.argus.nio1.loniis</Computer><Security/></System><EventData><Data Name='NewTime'>2013-05-28T07:54:59.500000000Z</Data><Data Name='OldTime'>2013-05-27T17:03:38.286923200Z</Data></EventData></Event>
<Event xmlns='http://schemas.microsoft.com/win/2004/08/events/event'><System><Provider Name='Microsoft-Windows-Kernel-General' Guid='{A68CA8B7-004F-D7B6-A698-07E2DE0F1F5D}'/><EventID>1</EventID><Version>0</Version><Level>4</Level><Task>0</Task><Opcode>0</Opcode><Keywords>0x8000000000000010</Keywords><TimeCreated SystemTime='2013-05-28T15:51:50.199000000Z'/><EventRecordID>223368</EventRecordID><Correlation/><Execution ProcessID='320' ThreadID='316'/><Channel>System</Channel><Computer>vakintsev.argus.nio1.loniis</Computer><Security UserID='S-1-5-19'/></System><EventData><Data Name='NewTime'>2013-05-28T15:51:50.199000000Z</Data><Data Name='OldTime'>2013-05-28T15:51:50.199016900Z</Data></EventData></Event>
<Event xmlns='http://schemas.microsoft.com/win/2004/08/events/event'><System><Provider Name='Microsoft-Windows-Kernel-General' Guid='{A68CA8B7-004F-D7B6-A698-07E2DE0F1F5D}'/><EventID>1</EventID><Version>0</Version><Level>4</Level><Task>0</Task><Opcode>0</Opcode><Keywords>0x8000000000000010</Keywords><TimeCreated SystemTime='2013-05-29T06:37:29.501000100Z'/><EventRecordID>223372</EventRecordID><Correlation/><Execution ProcessID='4' ThreadID='48'/><Channel>System</Channel><Computer>vakintsev.argus.nio1.loniis</Computer><Security/></System><EventData><Data Name='NewTime'>2013-05-29T06:37:29.500000000Z</Data><Data Name='OldTime'>2013-05-28T15:52:10.045135100Z</Data></EventData></Event>
<Event xmlns='http://schemas.microsoft.com/win/2004/08/events/event'><System><Provider Name='Microsoft-Windows-Kernel-General' Guid='{A68CA8B7-004F-D7B6-A698-07E2DE0F1F5D}'/><EventID>12</EventID><Version>0</Version><Level>4</Level><Task>0</Task><Opcode>0</Opcode><Keywords>0x8000000000000000</Keywords><TimeCreated SystemTime='2013-05-29T10:06:53.780800500Z'/><EventRecordID>223461</EventRecordID><Correlation/><Execution ProcessID='4' ThreadID='8'/><Channel>System</Channel><Computer>vakintsev.argus.nio1.loniis</Computer><Security UserID='S-1-5-18'/></System><EventData><Data Name='MajorVersion'>6</Data><Data Name='MinorVersion'>1</Data><Data Name='BuildVersion'>7601</Data><Data Name='QfeVersion'>18113</Data><Data Name='ServiceVersion'>1</Data><Data Name='BootMode'>0</Data><Data Name='StartTime'>2013-05-29T10:06:53.109999300Z</Data></EventData></Event>
<Event xmlns='http://schemas.microsoft.com/win/2004/08/events/event'><System><Provider Name='Microsoft-Windows-Kernel-General' Guid='{A68CA8B7-004F-D7B6-A698-07E2DE0F1F5D}'/><EventID>1</EventID><Version>0</Version><Level>4</Level><Task>0</Task><Opcode>0</Opcode><Keywords>0x8000000000000010</Keywords><TimeCreated SystemTime='2013-05-29T14:45:22.500000000Z'/><EventRecordID>223672</EventRecordID><Correlation/><Execution ProcessID='4' ThreadID='48'/><Channel>System</Channel><Computer>vakintsev.argus.nio1.loniis</Computer><Security/></System><EventData><Data Name='NewTime'>2013-05-29T14:45:22.500000000Z</Data><Data Name='OldTime'>2013-05-29T14:45:24.571604100Z</Data></EventData></Event>
<Event xmlns='http://schemas.microsoft.com/win/2004/08/events/event'><System><Provider Name='Microsoft-Windows-Kernel-General' Guid='{A68CA8B7-004F-D7B6-A698-07E2DE0F1F5D}'/><EventID>1</EventID><Version>0</Version><Level>4</Level><Task>0</Task><Opcode>0</Opcode><Keywords>0x8000000000000010</Keywords><TimeCreated SystemTime='2013-05-30T05:58:34.502000100Z'/><EventRecordID>223673</EventRecordID><Correlation/><Execution ProcessID='4' ThreadID='48'/><Channel>System</Channel><Computer>vakintsev.argus.nio1.loniis</Computer><Security/></System><EventData><Data Name='NewTime'>2013-05-30T05:58:34.500000000Z</Data><Data Name='OldTime'>2013-05-29T14:45:22.571004100Z</Data></EventData></Event>
<Event xmlns='http://schemas.microsoft.com/win/2004/08/events/event'><System><Provider Name='Microsoft-Windows-Kernel-General' Guid='{A68CA8B7-004F-D7B6-A698-07E2DE0F1F5D}'/><EventID>1</EventID><Version>0</Version><Level>4</Level><Task>0</Task><Opcode>0</Opcode><Keywords>0x8000000000000010</Keywords><TimeCreated SystemTime='2013-05-30T14:31:29.230000000Z'/><EventRecordID>223842</EventRecordID><Correlation/><Execution ProcessID='348' ThreadID='332'/><Channel>System</Channel><Computer>vakintsev.argus.nio1.loniis</Computer><Security UserID='S-1-5-19'/></System><EventData><Data Name='NewTime'>2013-05-30T14:31:29.229000000Z</Data><Data Name='OldTime'>2013-05-30T14:31:29.229299900Z</Data></EventData></Event>
<Event xmlns='http://schemas.microsoft.com/win/2004/08/events/event'><System><Provider Name='Microsoft-Windows-Kernel-General' Guid='{A68CA8B7-004F-D7B6-A698-07E2DE0F1F5D}'/><EventID>1</EventID><Version>0</Version><Level>4</Level><Task>0</Task><Opcode>0</Opcode><Keywords>0x8000000000000010</Keywords><TimeCreated SystemTime='2013-05-31T07:16:03.502000100Z'/><EventRecordID>223847</EventRecordID><Correlation/><Execution ProcessID='4' ThreadID='48'/><Channel>System</Channel><Computer>vakintsev.argus.nio1.loniis</Computer><Security/></System><EventData><Data Name='NewTime'>2013-05-31T07:16:03.500000000Z</Data><Data Name='OldTime'>2013-05-30T14:31:44.720886000Z</Data></EventData></Event>
<Event xmlns='http://schemas.microsoft.com/win/2004/08/events/event'><System><Provider Name='Microsoft-Windows-Kernel-General' Guid='{A68CA8B7-004F-D7B6-A698-07E2DE0F1F5D}'/><EventID>1</EventID><Version>0</Version><Level>4</Level><Task>0</Task><Opcode>0</Opcode><Keywords>0x8000000000000010</Keywords><TimeCreated SystemTime='2013-05-31T15:16:30.064000000Z'/><EventRecordID>223969</EventRecordID><Correlation/><Execution ProcessID='348' ThreadID='332'/><Channel>System</Channel><Computer>vakintsev.argus.nio1.loniis</Computer><Security UserID='S-1-5-19'/></System><EventData><Data Name='NewTime'>2013-05-31T15:16:30.063000000Z</Data><Data Name='OldTime'>2013-05-31T15:16:30.067273600Z</Data></EventData></Event>
<Event xmlns='http://schemas.microsoft.com/win/2004/08/events/event'><System><Provider Name='Microsoft-Windows-Kernel-General' Guid='{A68CA8B7-004F-D7B6-A698-07E2DE0F1F5D}'/><EventID>1</EventID><Version>0</Version><Level>4</Level><Task>0</Task><Opcode>0</Opcode><Keywords>0x8000000000000010</Keywords><TimeCreated SystemTime='2013-06-03T06:24:01.501000100Z'/><EventRecordID>223974</EventRecordID><Correlation/><Execution ProcessID='4' ThreadID='48'/><Channel>System</Channel><Computer>vakintsev.argus.nio1.loniis</Computer><Security/></System><EventData><Data Name='NewTime'>2013-06-03T06:24:01.500000000Z</Data><Data Name='OldTime'>2013-05-31T15:16:55.094431600Z</Data></EventData></Event>
<Event xmlns='http://schemas.microsoft.com/win/2004/08/events/event'><System><Provider Name='Microsoft-Windows-Kernel-General' Guid='{A68CA8B7-004F-D7B6-A698-07E2DE0F1F5D}'/><EventID>1</EventID><Version>0</Version><Level>4</Level><Task>0</Task><Opcode>0</Opcode><Keywords>0x8000000000000010</Keywords><TimeCreated SystemTime='2013-06-03T15:27:34.162999900Z'/><EventRecordID>224276</EventRecordID><Correlation/><Execution ProcessID='348' ThreadID='332'/><Channel>System</Channel><Computer>vakintsev.argus.nio1.loniis</Computer><Security UserID='S-1-5-19'/></System><EventData><Data Name='NewTime'>2013-06-03T15:27:34.162000000Z</Data><Data Name='OldTime'>2013-06-03T15:27:34.162643200Z</Data></EventData></Event>
<Event xmlns='http://schemas.microsoft.com/win/2004/08/events/event'><System><Provider Name='Microsoft-Windows-Kernel-General' Guid='{A68CA8B7-004F-D7B6-A698-07E2DE0F1F5D}'/><EventID>1</EventID><Version>0</Version><Level>4</Level><Task>0</Task><Opcode>0</Opcode><Keywords>0x8000000000000010</Keywords><TimeCreated SystemTime='2013-06-04T06:35:58.506000300Z'/><EventRecordID>224279</EventRecordID><Correlation/><Execution ProcessID='4' ThreadID='44'/><Channel>System</Channel><Computer>vakintsev.argus.nio1.loniis</Computer><Security/></System><EventData><Data Name='NewTime'>2013-06-04T06:35:58.500000000Z</Data><Data Name='OldTime'>2013-06-03T15:28:04.344722000Z</Data></EventData></Event>
<Event xmlns='http://schemas.microsoft.com/win/2004/08/events/event'><System><Provider Name='Microsoft-Windows-Kernel-General' Guid='{A68CA8B7-004F-D7B6-A698-07E2DE0F1F5D}'/><EventID>1</EventID><Version>0</Version><Level>4</Level><Task>0</Task><Opcode>0</Opcode><Keywords>0x8000000000000010</Keywords><TimeCreated SystemTime='2013-06-05T14:31:13.799000000Z'/><EventRecordID>224607</EventRecordID><Correlation/><Execution ProcessID='348' ThreadID='332'/><Channel>System</Channel><Computer>vakintsev.argus.nio1.loniis</Computer><Security UserID='S-1-5-19'/></System><EventData><Data Name='NewTime'>2013-06-05T14:31:13.798000000Z</Data><Data Name='OldTime'>2013-06-05T14:31:13.798211700Z</Data></EventData></Event>
<Event xmlns='http://schemas.microsoft.com/win/2004/08/events/event'><System><Provider Name='Microsoft-Windows-Kernel-General' Guid='{A68CA8B7-004F-D7B6-A698-07E2DE0F1F5D}'/><EventID>1</EventID><Version>0</Version><Level>4</Level><Task>0</Task><Opcode>0</Opcode><Keywords>0x8000000000000010</Keywords><TimeCreated SystemTime='2013-06-06T06:31:11.501000100Z'/><EventRecordID>224612</EventRecordID><Correlation/><Execution ProcessID='4' ThreadID='68'/><Channel>System</Channel><Computer>vakintsev.argus.nio1.loniis</Computer><Security/></System><EventData><Data Name='NewTime'>2013-06-06T06:31:11.500000000Z</Data><Data Name='OldTime'>2013-06-05T14:31:28.982866100Z</Data></EventData></Event>
<Event xmlns='http://schemas.microsoft.com/win/2004/08/events/event'><System><Provider Name='Microsoft-Windows-Kernel-General' Guid='{A68CA8B7-004F-D7B6-A698-07E2DE0F1F5D}'/><EventID>1</EventID><Version>0</Version><Level>4</Level><Task>0</Task><Opcode>0</Opcode><Keywords>0x8000000000000010</Keywords><TimeCreated SystemTime='2013-06-06T15:14:32.766000000Z'/><EventRecordID>224781</EventRecordID><Correlation/><Execution ProcessID='348' ThreadID='332'/><Channel>System</Channel><Computer>vakintsev.argus.nio1.loniis</Computer><Security UserID='S-1-5-19'/></System><EventData><Data Name='NewTime'>2013-06-06T15:14:32.766000000Z</Data><Data Name='OldTime'>2013-06-06T15:14:32.766629400Z</Data></EventData></Event>
<Event xmlns='http://schemas.microsoft.com/win/2004/08/events/event'><System><Provider Name='Microsoft-Windows-Kernel-General' Guid='{A68CA8B7-004F-D7B6-A698-07E2DE0F1F5D}'/><EventID>1</EventID><Version>0</Version><Level>4</Level><Task>0</Task><Opcode>0</Opcode><Keywords>0x8000000000000010</Keywords><TimeCreated SystemTime='2013-06-07T06:26:03.500000000Z'/><EventRecordID>224786</EventRecordID><Correlation/><Execution ProcessID='4' ThreadID='44'/><Channel>System</Channel><Computer>vakintsev.argus.nio1.loniis</Computer><Security/></System><EventData><Data Name='NewTime'>2013-06-07T06:26:03.500000000Z</Data><Data Name='OldTime'>2013-06-06T15:14:57.438407000Z</Data></EventData></Event>
<Event xmlns='http://schemas.microsoft.com/win/2004/08/events/event'><System><Provider Name='Microsoft-Windows-Kernel-General' Guid='{A68CA8B7-004F-D7B6-A698-07E2DE0F1F5D}'/><EventID>1</EventID><Version>0</Version><Level>4</Level><Task>0</Task><Opcode>0</Opcode><Keywords>0x8000000000000010</Keywords><TimeCreated SystemTime='2013-06-07T14:49:46.883000000Z'/><EventRecordID>224973</EventRecordID><Correlation/><Execution ProcessID='348' ThreadID='2960'/><Channel>System</Channel><Computer>vakintsev.argus.nio1.loniis</Computer><Security/></System><EventData><Data Name='NewTime'>2013-06-07T14:49:46.883000000Z</Data><Data Name='OldTime'>2013-06-07T14:49:46.883767700Z</Data></EventData></Event>
<Event xmlns='http://schemas.microsoft.com/win/2004/08/events/event'><System><Provider Name='Microsoft-Windows-Kernel-General' Guid='{A68CA8B7-004F-D7B6-A698-07E2DE0F1F5D}'/><EventID>13</EventID><Version>0</Version><Level>4</Level><Task>0</Task><Opcode>0</Opcode><Keywords>0x8000000000000000</Keywords><TimeCreated SystemTime='2013-06-07T14:50:10.361034300Z'/><EventRecordID>224991</EventRecordID><Correlation/><Execution ProcessID='4' ThreadID='5956'/><Channel>System</Channel><Computer>vakintsev.argus.nio1.loniis</Computer><Security/></System><EventData><Data Name='StopTime'>2013-06-07T14:50:10.361034300Z</Data></EventData></Event>
<Event xmlns='http://schemas.microsoft.com/win/2004/08/events/event'><System><Provider Name='Microsoft-Windows-Kernel-General' Guid='{A68CA8B7-004F-D7B6-A698-07E2DE0F1F5D}'/><EventID>12</EventID><Version>0</Version><Level>4</Level><Task>0</Task><Opcode>0</Opcode><Keywords>0x8000000000000000</Keywords><TimeCreated SystemTime='2013-06-10T06:16:25.796400500Z'/><EventRecordID>224993</EventRecordID><Correlation/><Execution ProcessID='4' ThreadID='8'/><Channel>System</Channel><Computer>vakintsev.argus.nio1.loniis</Computer><Security UserID='S-1-5-18'/></System><EventData><Data Name='MajorVersion'>6</Data><Data Name='MinorVersion'>1</Data><Data Name='BuildVersion'>7601</Data><Data Name='QfeVersion'>18113</Data><Data Name='ServiceVersion'>1</Data><Data Name='BootMode'>0</Data><Data Name='StartTime'>2013-06-10T06:16:25.109999300Z</Data></EventData></Event>
<Event xmlns='http://schemas.microsoft.com/win/2004/08/events/event'><System><Provider Name='Microsoft-Windows-Kernel-General' Guid='{A68CA8B7-004F-D7B6-A698-07E2DE0F1F5D}'/><EventID>1</EventID><Version>0</Version><Level>4</Level><Task>0</Task><Opcode>0</Opcode><Keywords>0x8000000000000010</Keywords><TimeCreated SystemTime='2013-06-10T15:08:14.200000000Z'/><EventRecordID>225233</EventRecordID><Correlation/><Execution ProcessID='356' ThreadID='492'/><Channel>System</Channel><Computer>vakintsev.argus.nio1.loniis</Computer><Security UserID='S-1-5-19'/></System><EventData><Data Name='NewTime'>2013-06-10T15:08:14.200000000Z</Data><Data Name='OldTime'>2013-06-10T15:08:14.200193100Z</Data></EventData></Event>
<Event xmlns='http://schemas.microsoft.com/win/2004/08/events/event'><System><Provider Name='Microsoft-Windows-Kernel-General' Guid='{A68CA8B7-004F-D7B6-A698-07E2DE0F1F5D}'/><EventID>1</EventID><Version>0</Version><Level>4</Level><Task>0</Task><Opcode>0</Opcode><Keywords>0x8000000000000010</Keywords><TimeCreated SystemTime='2013-06-11T05:58:47.501000100Z'/><EventRecordID>225238</EventRecordID><Correlation/><Execution ProcessID='4' ThreadID='68'/><Channel>System</Channel><Computer>vakintsev.argus.nio1.loniis</Computer><Security/></System><EventData><Data Name='NewTime'>2013-06-11T05:58:47.500000000Z</Data><Data Name='OldTime'>2013-06-10T15:08:44.025705900Z</Data></EventData></Event>
<Event xmlns='http://schemas.microsoft.com/win/2004/08/events/event'><System><Provider Name='Microsoft-Windows-Kernel-General' Guid='{A68CA8B7-004F-D7B6-A698-07E2DE0F1F5D}'/><EventID>12</EventID><Version>0</Version><Level>4</Level><Task>0</Task><Opcode>0</Opcode><Keywords>0x8000000000000000</Keywords><TimeCreated SystemTime='2013-06-11T12:26:19.796400500Z'/><EventRecordID>225379</EventRecordID><Correlation/><Execution ProcessID='4' ThreadID='8'/><Channel>System</Channel><Computer>vakintsev.argus.nio1.loniis</Computer><Security UserID='S-1-5-18'/></System><EventData><Data Name='MajorVersion'>6</Data><Data Name='MinorVersion'>1</Data><Data Name='BuildVersion'>7601</Data><Data Name='QfeVersion'>18113</Data><Data Name='ServiceVersion'>1</Data><Data Name='BootMode'>0</Data><Data Name='StartTime'>2013-06-11T12:26:19.109999300Z</Data></EventData></Event>
<Event xmlns='http://schemas.microsoft.com/win/2004/08/events/event'><System><Provider Name='Microsoft-Windows-Kernel-General' Guid='{A68CA8B7-004F-D7B6-A698-07E2DE0F1F5D}'/><EventID>1</EventID><Version>0</Version><Level>4</Level><Task>0</Task><Opcode>0</Opcode><Keywords>0x8000000000000010</Keywords><TimeCreated SystemTime='2013-06-11T14:15:58.338000000Z'/><EventRecordID>225612</EventRecordID><Correlation/><Execution ProcessID='564' ThreadID='2976'/><Channel>System</Channel><Computer>vakintsev.argus.nio1.loniis</Computer><Security UserID='S-1-5-19'/></System><EventData><Data Name='NewTime'>2013-06-11T14:15:58.338000000Z</Data><Data Name='OldTime'>2013-06-11T14:15:58.338843600Z</Data></EventData></Event>
<Event xmlns='http://schemas.microsoft.com/win/2004/08/events/event'><System><Provider Name='Microsoft-Windows-Kernel-General' Guid='{A68CA8B7-004F-D7B6-A698-07E2DE0F1F5D}'/><EventID>13</EventID><Version>0</Version><Level>4</Level><Task>0</Task><Opcode>0</Opcode><Keywords>0x8000000000000000</Keywords><TimeCreated SystemTime='2013-06-11T14:16:08.384417500Z'/><EventRecordID>225625</EventRecordID><Correlation/><Execution ProcessID='4' ThreadID='40'/><Channel>System</Channel><Computer>vakintsev.argus.nio1.loniis</Computer><Security/></System><EventData><Data Name='StopTime'>2013-06-11T14:16:08.384417500Z</Data></EventData></Event>
<Event xmlns='http://schemas.microsoft.com/win/2004/08/events/event'><System><Provider Name='Microsoft-Windows-Kernel-General' Guid='{A68CA8B7-004F-D7B6-A698-07E2DE0F1F5D}'/><EventID>12</EventID><Version>0</Version><Level>4</Level><Task>0</Task><Opcode>0</Opcode><Keywords>0x8000000000000000</Keywords><TimeCreated SystemTime='2013-06-13T06:09:42.718400400Z'/><EventRecordID>225626</EventRecordID><Correlation/><Execution ProcessID='4' ThreadID='8'/><Channel>System</Channel><Computer>vakintsev.argus.nio1.loniis</Computer><Security UserID='S-1-5-18'/></System><EventData><Data Name='MajorVersion'>6</Data><Data Name='MinorVersion'>1</Data><Data Name='BuildVersion'>7601</Data><Data Name='QfeVersion'>18113</Data><Data Name='ServiceVersion'>1</Data><Data Name='BootMode'>0</Data><Data Name='StartTime'>2013-06-13T06:09:42.109999300Z</Data></EventData></Event>
<Event xmlns='http://schemas.microsoft.com/win/2004/08/events/event'><System><Provider Name='Microsoft-Windows-Kernel-General' Guid='{A68CA8B7-004F-D7B6-A698-07E2DE0F1F5D}'/><EventID>1</EventID><Version>0</Version><Level>4</Level><Task>0</Task><Opcode>0</Opcode><Keywords>0x8000000000000010</Keywords><TimeCreated SystemTime='2013-06-13T15:15:16.051000000Z'/><EventRecordID>225942</EventRecordID><Correlation/><Execution ProcessID='564' ThreadID='732'/><Channel>System</Channel><Computer>vakintsev.argus.nio1.loniis</Computer><Security UserID='S-1-5-19'/></System><EventData><Data Name='NewTime'>2013-06-13T15:15:16.051000000Z</Data><Data Name='OldTime'>2013-06-13T15:15:16.051564000Z</Data></EventData></Event>
<Event xmlns='http://schemas.microsoft.com/win/2004/08/events/event'><System><Provider Name='Microsoft-Windows-Kernel-General' Guid='{A68CA8B7-004F-D7B6-A698-07E2DE0F1F5D}'/><EventID>1</EventID><Version>0</Version><Level>4</Level><Task>0</Task><Opcode>0</Opcode><Keywords>0x8000000000000010</Keywords><TimeCreated SystemTime='2013-06-13T15:15:57.500000000Z'/><EventRecordID>225947</EventRecordID><Correlation/><Execution ProcessID='4' ThreadID='52'/><Channel>System</Channel><Computer>vakintsev.argus.nio1.loniis</Computer><Security/></System><EventData><Data Name='NewTime'>2013-06-13T15:15:57.500000000Z</Data><Data Name='OldTime'>2013-06-13T15:15:56.180295300Z</Data></EventData></Event>
<Event xmlns='http://schemas.microsoft.com/win/2004/08/events/event'><System><Provider Name='Microsoft-Windows-Kernel-General' Guid='{A68CA8B7-004F-D7B6-A698-07E2DE0F1F5D}'/><EventID>1</EventID><Version>0</Version><Level>4</Level><Task>0</Task><Opcode>0</Opcode><Keywords>0x8000000000000010</Keywords><TimeCreated SystemTime='2013-06-14T06:09:57.501000000Z'/><EventRecordID>225948</EventRecordID><Correlation/><Execution ProcessID='4' ThreadID='52'/><Channel>System</Channel><Computer>vakintsev.argus.nio1.loniis</Computer><Security/></System><EventData><Data Name='NewTime'>2013-06-14T06:09:57.500000000Z</Data><Data Name='OldTime'>2013-06-13T15:15:57.596005500Z</Data></EventData></Event>
<Event xmlns='http://schemas.microsoft.com/win/2004/08/events/event'><System><Provider Name='Microsoft-Windows-Kernel-General' Guid='{A68CA8B7-004F-D7B6-A698-07E2DE0F1F5D}'/><EventID>1</EventID><Version>0</Version><Level>4</Level><Task>0</Task><Opcode>0</Opcode><Keywords>0x8000000000000010</Keywords><TimeCreated SystemTime='2007-02-02T06:15:50.058946900Z'/><EventRecordID>225976</EventRecordID><Correlation/><Execution ProcessID='3044' ThreadID='7708'/><Channel>System</Channel><Computer>vakintsev.argus.nio1.loniis</Computer><Security UserID='S-1-5-21-1614895754-436374069-839522115-2312'/></System><EventData><Data Name='NewTime'>2007-02-02T06:15:50.000000000Z</Data><Data Name='OldTime'>2013-06-14T06:15:51.207500900Z</Data></EventData></Event>
<Event xmlns='http://schemas.microsoft.com/win/2004/08/events/event'><System><Provider Name='Microsoft-Windows-Kernel-General' Guid='{A68CA8B7-004F-D7B6-A698-07E2DE0F1F5D}'/><EventID>1</EventID><Version>0</Version><Level>4</Level><Task>0</Task><Opcode>0</Opcode><Keywords>0x8000000000000010</Keywords><TimeCreated SystemTime='2007-02-02T07:15:50.000999100Z'/><EventRecordID>225977</EventRecordID><Correlation/><Execution ProcessID='3044' ThreadID='7708'/><Channel>System</Channel><Computer>vakintsev.argus.nio1.loniis</Computer><Security UserID='S-1-5-21-1614895754-436374069-839522115-2312'/></System><EventData><Data Name='NewTime'>2007-02-02T07:15:50.000000000Z</Data><Data Name='OldTime'>2007-02-02T06:15:50.058946900Z</Data></EventData></Event>
<Event xmlns='http://schemas.microsoft.com/win/2004/08/events/event'><System><Provider Name='Microsoft-Windows-Kernel-General' Guid='{A68CA8B7-004F-D7B6-A698-07E2DE0F1F5D}'/><EventID>1</EventID><Version>0</Version><Level>4</Level><Task>0</Task><Opcode>0</Opcode><Keywords>0x8000000000000010</Keywords><TimeCreated SystemTime='2013-06-14T07:19:10.005994600Z'/><EventRecordID>225987</EventRecordID><Correlation/><Execution ProcessID='2096' ThreadID='7700'/><Channel>System</Channel><Computer>vakintsev.argus.nio1.loniis</Computer><Security UserID='S-1-5-21-1614895754-436374069-839522115-2312'/></System><EventData><Data Name='NewTime'>2013-06-14T07:19:10.000000000Z</Data><Data Name='OldTime'>2007-02-02T07:19:10.077767800Z</Data></EventData></Event>
<Event xmlns='http://schemas.microsoft.com/win/2004/08/events/event'><System><Provider Name='Microsoft-Windows-Kernel-General' Guid='{A68CA8B7-004F-D7B6-A698-07E2DE0F1F5D}'/><EventID>1</EventID><Version>0</Version><Level>4</Level><Task>0</Task><Opcode>0</Opcode><Keywords>0x8000000000000010</Keywords><TimeCreated SystemTime='2013-06-14T07:19:10.005994600Z'/><EventRecordID>225988</EventRecordID><Correlation/><Execution ProcessID='4' ThreadID='48'/><Channel>System</Channel><Computer>vakintsev.argus.nio1.loniis</Computer><Security UserID='S-1-5-18'/></System><EventData><Data Name='NewTime'>2013-06-14T07:19:10.005994600Z</Data><Data Name='OldTime'>2013-06-14T07:19:10.005994600Z</Data></EventData></Event>
<Event xmlns='http://schemas.microsoft.com/win/2004/08/events/event'><System><Provider Name='Microsoft-Windows-Kernel-General' Guid='{A68CA8B7-004F-D7B6-A698-07E2DE0F1F5D}'/><EventID>1</EventID><Version>0</Version><Level>4</Level><Task>0</Task><Opcode>0</Opcode><Keywords>0x8000000000000010</Keywords><TimeCreated SystemTime='2013-06-14T06:19:10.000999100Z'/><EventRecordID>225989</EventRecordID><Correlation/><Execution ProcessID='2096' ThreadID='7700'/><Channel>System</Channel><Computer>vakintsev.argus.nio1.loniis</Computer><Security UserID='S-1-5-21-1614895754-436374069-839522115-2312'/></System><EventData><Data Name='NewTime'>2013-06-14T06:19:10.000000000Z</Data><Data Name='OldTime'>2013-06-14T07:19:10.005994600Z</Data></EventData></Event>
<Event xmlns='http://schemas.microsoft.com/win/2004/08/events/event'><System><Provider Name='Microsoft-Windows-Kernel-General' Guid='{A68CA8B7-004F-D7B6-A698-07E2DE0F1F5D}'/><EventID>1</EventID><Version>0</Version><Level>4</Level><Task>0</Task><Opcode>0</Opcode><Keywords>0x8000000000000010</Keywords><TimeCreated SystemTime='2013-06-14T06:19:10.000999100Z'/><EventRecordID>225990</EventRecordID><Correlation/><Execution ProcessID='4' ThreadID='48'/><Channel>System</Channel><Computer>vakintsev.argus.nio1.loniis</Computer><Security UserID='S-1-5-18'/></System><EventData><Data Name='NewTime'>2013-06-14T06:19:10.000999100Z</Data><Data Name='OldTime'>2013-06-14T06:19:10.000999100Z</Data></EventData></Event>
<Event xmlns='http://schemas.microsoft.com/win/2004/08/events/event'><System><Provider Name='Microsoft-Windows-Kernel-General' Guid='{A68CA8B7-004F-D7B6-A698-07E2DE0F1F5D}'/><EventID>12</EventID><Version>0</Version><Level>4</Level><Task>0</Task><Opcode>0</Opcode><Keywords>0x8000000000000000</Keywords><TimeCreated SystemTime='2013-06-14T12:14:16.780800500Z'/><EventRecordID>226138</EventRecordID><Correlation/><Execution ProcessID='4' ThreadID='8'/><Channel>System</Channel><Computer>vakintsev.argus.nio1.loniis</Computer><Security UserID='S-1-5-18'/></System><EventData><Data Name='MajorVersion'>6</Data><Data Name='MinorVersion'>1</Data><Data Name='BuildVersion'>7601</Data><Data Name='QfeVersion'>18113</Data><Data Name='ServiceVersion'>1</Data><Data Name='BootMode'>0</Data><Data Name='StartTime'>2013-06-14T12:14:16.109999300Z</Data></EventData></Event>
<Event xmlns='http://schemas.microsoft.com/win/2004/08/events/event'><System><Provider Name='Microsoft-Windows-Kernel-General' Guid='{A68CA8B7-004F-D7B6-A698-07E2DE0F1F5D}'/><EventID>1</EventID><Version>0</Version><Level>4</Level><Task>0</Task><Opcode>0</Opcode><Keywords>0x8000000000000010</Keywords><TimeCreated SystemTime='2013-06-14T12:21:23.721000000Z'/><EventRecordID>226317</EventRecordID><Correlation/><Execution ProcessID='364' ThreadID='3736'/><Channel>System</Channel><Computer>vakintsev.argus.nio1.loniis</Computer><Security/></System><EventData><Data Name='NewTime'>2013-06-14T12:21:23.721000000Z</Data><Data Name='OldTime'>2013-06-14T12:21:23.721748100Z</Data></EventData></Event>
<Event xmlns='http://schemas.microsoft.com/win/2004/08/events/event'><System><Provider Name='Microsoft-Windows-Kernel-General' Guid='{A68CA8B7-004F-D7B6-A698-07E2DE0F1F5D}'/><EventID>13</EventID><Version>0</Version><Level>4</Level><Task>0</Task><Opcode>0</Opcode><Keywords>0x8000000000000000</Keywords><TimeCreated SystemTime='2013-06-14T12:21:31.973414400Z'/><EventRecordID>226328</EventRecordID><Correlation/><Execution ProcessID='4' ThreadID='36'/><Channel>System</Channel><Computer>vakintsev.argus.nio1.loniis</Computer><Security/></System><EventData><Data Name='StopTime'>2013-06-14T12:21:31.973414400Z</Data></EventData></Event>
<Event xmlns='http://schemas.microsoft.com/win/2004/08/events/event'><System><Provider Name='Microsoft-Windows-Kernel-General' Guid='{A68CA8B7-004F-D7B6-A698-07E2DE0F1F5D}'/><EventID>12</EventID><Version>0</Version><Level>4</Level><Task>0</Task><Opcode>0</Opcode><Keywords>0x8000000000000000</Keywords><TimeCreated SystemTime='2013-06-14T12:21:50.718400400Z'/><EventRecordID>226329</EventRecordID><Correlation/><Execution ProcessID='4' ThreadID='8'/><Channel>System</Channel><Computer>vakintsev.argus.nio1.loniis</Computer><Security UserID='S-1-5-18'/></System><EventData><Data Name='MajorVersion'>6</Data><Data Name='MinorVersion'>1</Data><Data Name='BuildVersion'>7601</Data><Data Name='QfeVersion'>18113</Data><Data Name='ServiceVersion'>1</Data><Data Name='BootMode'>0</Data><Data Name='StartTime'>2013-06-14T12:21:50.109999300Z</Data></EventData></Event>
<Event xmlns='http://schemas.microsoft.com/win/2004/08/events/event'><System><Provider Name='Microsoft-Windows-Kernel-General' Guid='{A68CA8B7-004F-D7B6-A698-07E2DE0F1F5D}'/><EventID>1</EventID><Version>0</Version><Level>4</Level><Task>0</Task><Opcode>0</Opcode><Keywords>0x8000000000000010</Keywords><TimeCreated SystemTime='2013-06-14T14:59:40.133000000Z'/><EventRecordID>226597</EventRecordID><Correlation/><Execution ProcessID='404' ThreadID='3340'/><Channel>System</Channel><Computer>vakintsev.argus.nio1.loniis</Computer><Security/></System><EventData><Data Name='NewTime'>2013-06-14T14:59:40.133000000Z</Data><Data Name='OldTime'>2013-06-14T14:59:40.133816000Z</Data></EventData></Event>
<Event xmlns='http://schemas.microsoft.com/win/2004/08/events/event'><System><Provider Name='Microsoft-Windows-Kernel-General' Guid='{A68CA8B7-004F-D7B6-A698-07E2DE0F1F5D}'/><EventID>13</EventID><Version>0</Version><Level>4</Level><Task>0</Task><Opcode>0</Opcode><Keywords>0x8000000000000000</Keywords><TimeCreated SystemTime='2013-06-14T14:59:46.903411800Z'/><EventRecordID>226606</EventRecordID><Correlation/><Execution ProcessID='4' ThreadID='1368'/><Channel>System</Channel><Computer>vakintsev.argus.nio1.loniis</Computer><Security/></System><EventData><Data Name='StopTime'>2013-06-14T14:59:46.903411800Z</Data></EventData></Event>
<Event xmlns='http://schemas.microsoft.com/win/2004/08/events/event'><System><Provider Name='Microsoft-Windows-Kernel-General' Guid='{A68CA8B7-004F-D7B6-A698-07E2DE0F1F5D}'/><EventID>12</EventID><Version>0</Version><Level>4</Level><Task>0</Task><Opcode>0</Opcode><Keywords>0x8000000000000000</Keywords><TimeCreated SystemTime='2013-06-17T06:14:42.718400400Z'/><EventRecordID>226608</EventRecordID><Correlation/><Execution ProcessID='4' ThreadID='8'/><Channel>System</Channel><Computer>vakintsev.argus.nio1.loniis</Computer><Security UserID='S-1-5-18'/></System><EventData><Data Name='MajorVersion'>6</Data><Data Name='MinorVersion'>1</Data><Data Name='BuildVersion'>7601</Data><Data Name='QfeVersion'>18113</Data><Data Name='ServiceVersion'>1</Data><Data Name='BootMode'>0</Data><Data Name='StartTime'>2013-06-17T06:14:42.109999300Z</Data></EventData></Event>
<Event xmlns='http://schemas.microsoft.com/win/2004/08/events/event'><System><Provider Name='Microsoft-Windows-Kernel-General' Guid='{A68CA8B7-004F-D7B6-A698-07E2DE0F1F5D}'/><EventID>13</EventID><Version>0</Version><Level>4</Level><Task>0</Task><Opcode>0</Opcode><Keywords>0x8000000000000000</Keywords><TimeCreated SystemTime='2013-06-17T06:16:06.334546200Z'/><EventRecordID>226618</EventRecordID><Correlation/><Execution ProcessID='4' ThreadID='344'/><Channel>System</Channel><Computer>vakintsev.argus.nio1.loniis</Computer><Security/></System><EventData><Data Name='StopTime'>2013-06-17T06:16:06.334546200Z</Data></EventData></Event>
<Event xmlns='http://schemas.microsoft.com/win/2004/08/events/event'><System><Provider Name='Microsoft-Windows-Kernel-General' Guid='{A68CA8B7-004F-D7B6-A698-07E2DE0F1F5D}'/><EventID>12</EventID><Version>0</Version><Level>4</Level><Task>0</Task><Opcode>0</Opcode><Keywords>0x8000000000000000</Keywords><TimeCreated SystemTime='2013-06-17T06:16:24.718400400Z'/><EventRecordID>226619</EventRecordID><Correlation/><Execution ProcessID='4' ThreadID='8'/><Channel>System</Channel><Computer>vakintsev.argus.nio1.loniis</Computer><Security UserID='S-1-5-18'/></System><EventData><Data Name='MajorVersion'>6</Data><Data Name='MinorVersion'>1</Data><Data Name='BuildVersion'>7601</Data><Data Name='QfeVersion'>18113</Data><Data Name='ServiceVersion'>1</Data><Data Name='BootMode'>0</Data><Data Name='StartTime'>2013-06-17T06:16:24.125599400Z</Data></EventData></Event>
<Event xmlns='http://schemas.microsoft.com/win/2004/08/events/event'><System><Provider Name='Microsoft-Windows-Kernel-General' Guid='{A68CA8B7-004F-D7B6-A698-07E2DE0F1F5D}'/><EventID>1</EventID><Version>0</Version><Level>4</Level><Task>0</Task><Opcode>0</Opcode><Keywords>0x8000000000000010</Keywords><TimeCreated SystemTime='2013-06-17T09:24:27.845000000Z'/><EventRecordID>226876</EventRecordID><Correlation/><Execution ProcessID='340' ThreadID='2996'/><Channel>System</Channel><Computer>vakintsev.argus.nio1.loniis</Computer><Security UserID='S-1-5-19'/></System><EventData><Data Name='NewTime'>2013-06-17T09:24:27.845000000Z</Data><Data Name='OldTime'>2013-06-17T09:24:27.845734700Z</Data></EventData></Event>
<Event xmlns='http://schemas.microsoft.com/win/2004/08/events/event'><System><Provider Name='Microsoft-Windows-Kernel-General' Guid='{A68CA8B7-004F-D7B6-A698-07E2DE0F1F5D}'/><EventID>13</EventID><Version>0</Version><Level>4</Level><Task>0</Task><Opcode>0</Opcode><Keywords>0x8000000000000000</Keywords><TimeCreated SystemTime='2013-06-17T09:24:37.641817100Z'/><EventRecordID>226892</EventRecordID><Correlation/><Execution ProcessID='4' ThreadID='5524'/><Channel>System</Channel><Computer>vakintsev.argus.nio1.loniis</Computer><Security/></System><EventData><Data Name='StopTime'>2013-06-17T09:24:37.641817100Z</Data></EventData></Event>
<Event xmlns='http://schemas.microsoft.com/win/2004/08/events/event'><System><Provider Name='Microsoft-Windows-Kernel-General' Guid='{A68CA8B7-004F-D7B6-A698-07E2DE0F1F5D}'/><EventID>12</EventID><Version>0</Version><Level>4</Level><Task>0</Task><Opcode>0</Opcode><Keywords>0x8000000000000000</Keywords><TimeCreated SystemTime='2013-06-17T09:24:55.718400400Z'/><EventRecordID>226893</EventRecordID><Correlation/><Execution ProcessID='4' ThreadID='8'/><Channel>System</Channel><Computer>vakintsev.argus.nio1.loniis</Computer><Security UserID='S-1-5-18'/></System><EventData><Data Name='MajorVersion'>6</Data><Data Name='MinorVersion'>1</Data><Data Name='BuildVersion'>7601</Data><Data Name='QfeVersion'>18113</Data><Data Name='ServiceVersion'>1</Data><Data Name='BootMode'>0</Data><Data Name='StartTime'>2013-06-17T09:24:55.109999300Z</Data></EventData></Event>
<Event xmlns='http://schemas.microsoft.com/win/2004/08/events/event'><System><Provider Name='Microsoft-Windows-Kernel-General' Guid='{A68CA8B7-004F-D7B6-A698-07E2DE0F1F5D}'/><EventID>1</EventID><Version>0</Version><Level>4</Level><Task>0</Task><Opcode>0</Opcode><Keywords>0x8000000000000010</Keywords><TimeCreated SystemTime='2013-06-17T17:41:26.320000000Z'/><EventRecordID>227149</EventRecordID><Correlation/><Execution ProcessID='328' ThreadID='340'/><Channel>System</Channel><Computer>vakintsev.argus.nio1.loniis</Computer><Security UserID='S-1-5-19'/></System><EventData><Data Name='NewTime'>2013-06-17T17:41:26.320000000Z</Data><Data Name='OldTime'>2013-06-17T17:41:26.320687900Z</Data></EventData></Event>
<Event xmlns='http://schemas.microsoft.com/win/2004/08/events/event'><System><Provider Name='Microsoft-Windows-Kernel-General' Guid='{A68CA8B7-004F-D7B6-A698-07E2DE0F1F5D}'/><EventID>1</EventID><Version>0</Version><Level>4</Level><Task>0</Task><Opcode>0</Opcode><Keywords>0x8000000000000010</Keywords><TimeCreated SystemTime='2013-06-18T06:53:09.500000000Z'/><EventRecordID>227154</EventRecordID><Correlation/><Execution ProcessID='4' ThreadID='44'/><Channel>System</Channel><Computer>vakintsev.argus.nio1.loniis</Computer><Security/></System><EventData><Data Name='NewTime'>2013-06-18T06:53:09.500000000Z</Data><Data Name='OldTime'>2013-06-17T17:41:43.275969800Z</Data></EventData></Event>
<Event xmlns='http://schemas.microsoft.com/win/2004/08/events/event'><System><Provider Name='Microsoft-Windows-Kernel-General' Guid='{A68CA8B7-004F-D7B6-A698-07E2DE0F1F5D}'/><EventID>1</EventID><Version>0</Version><Level>4</Level><Task>0</Task><Opcode>0</Opcode><Keywords>0x8000000000000010</Keywords><TimeCreated SystemTime='2013-06-18T15:30:12.037000000Z'/><EventRecordID>227320</EventRecordID><Correlation/><Execution ProcessID='328' ThreadID='340'/><Channel>System</Channel><Computer>vakintsev.argus.nio1.loniis</Computer><Security UserID='S-1-5-19'/></System><EventData><Data Name='NewTime'>2013-06-18T15:30:12.037000000Z</Data><Data Name='OldTime'>2013-06-18T15:30:12.037108000Z</Data></EventData></Event>
<Event xmlns='http://schemas.microsoft.com/win/2004/08/events/event'><System><Provider Name='Microsoft-Windows-Kernel-General' Guid='{A68CA8B7-004F-D7B6-A698-07E2DE0F1F5D}'/><EventID>1</EventID><Version>0</Version><Level>4</Level><Task>0</Task><Opcode>0</Opcode><Keywords>0x8000000000000010</Keywords><TimeCreated SystemTime='2013-06-19T06:40:53.501000100Z'/><EventRecordID>227325</EventRecordID><Correlation/><Execution ProcessID='4' ThreadID='56'/><Channel>System</Channel><Computer>vakintsev.argus.nio1.loniis</Computer><Security/></System><EventData><Data Name='NewTime'>2013-06-19T06:40:53.500000000Z</Data><Data Name='OldTime'>2013-06-18T15:30:44.206840000Z</Data></EventData></Event>
<Event xmlns='http://schemas.microsoft.com/win/2004/08/events/event'><System><Provider Name='Microsoft-Windows-Kernel-General' Guid='{A68CA8B7-004F-D7B6-A698-07E2DE0F1F5D}'/><EventID>1</EventID><Version>0</Version><Level>4</Level><Task>0</Task><Opcode>0</Opcode><Keywords>0x8000000000000010</Keywords><TimeCreated SystemTime='2013-06-20T06:22:03.372000000Z'/><EventRecordID>227593</EventRecordID><Correlation/><Execution ProcessID='328' ThreadID='2952'/><Channel>System</Channel><Computer>vakintsev.argus.nio1.loniis</Computer><Security UserID='S-1-5-19'/></System><EventData><Data Name='NewTime'>2013-06-20T06:22:03.372000000Z</Data><Data Name='OldTime'>2013-06-20T06:22:03.372808200Z</Data></EventData></Event>
<Event xmlns='http://schemas.microsoft.com/win/2004/08/events/event'><System><Provider Name='Microsoft-Windows-Kernel-General' Guid='{A68CA8B7-004F-D7B6-A698-07E2DE0F1F5D}'/><EventID>13</EventID><Version>0</Version><Level>4</Level><Task>0</Task><Opcode>0</Opcode><Keywords>0x8000000000000000</Keywords><TimeCreated SystemTime='2013-06-20T06:22:12.451215800Z'/><EventRecordID>227608</EventRecordID><Correlation/><Execution ProcessID='4' ThreadID='24'/><Channel>System</Channel><Computer>vakintsev.argus.nio1.loniis</Computer><Security/></System><EventData><Data Name='StopTime'>2013-06-20T06:22:12.451215800Z</Data></EventData></Event>
<Event xmlns='http://schemas.microsoft.com/win/2004/08/events/event'><System><Provider Name='Microsoft-Windows-Kernel-General' Guid='{A68CA8B7-004F-D7B6-A698-07E2DE0F1F5D}'/><EventID>12</EventID><Version>0</Version><Level>4</Level><Task>0</Task><Opcode>0</Opcode><Keywords>0x8000000000000000</Keywords><TimeCreated SystemTime='2013-06-20T06:22:31.780800500Z'/><EventRecordID>227610</EventRecordID><Correlation/><Execution ProcessID='4' ThreadID='8'/><Channel>System</Channel><Computer>vakintsev.argus.nio1.loniis</Computer><Security UserID='S-1-5-18'/></System><EventData><Data Name='MajorVersion'>6</Data><Data Name='MinorVersion'>1</Data><Data Name='BuildVersion'>7601</Data><Data Name='QfeVersion'>18113</Data><Data Name='ServiceVersion'>1</Data><Data Name='BootMode'>0</Data><Data Name='StartTime'>2013-06-20T06:22:31.109999300Z</Data></EventData></Event>
<Event xmlns='http://schemas.microsoft.com/win/2004/08/events/event'><System><Provider Name='Microsoft-Windows-Kernel-General' Guid='{A68CA8B7-004F-D7B6-A698-07E2DE0F1F5D}'/><EventID>1</EventID><Version>0</Version><Level>4</Level><Task>0</Task><Opcode>0</Opcode><Keywords>0x8000000000000010</Keywords><TimeCreated SystemTime='2013-06-21T14:03:54.519000000Z'/><EventRecordID>228037</EventRecordID><Correlation/><Execution ProcessID='392' ThreadID='356'/><Channel>System</Channel><Computer>vakintsev.argus.nio1.loniis</Computer><Security UserID='S-1-5-19'/></System><EventData><Data Name='NewTime'>2013-06-21T14:03:54.519000000Z</Data><Data Name='OldTime'>2013-06-21T14:03:54.519546700Z</Data></EventData></Event>
<Event xmlns='http://schemas.microsoft.com/win/2004/08/events/event'><System><Provider Name='Microsoft-Windows-Kernel-General' Guid='{A68CA8B7-004F-D7B6-A698-07E2DE0F1F5D}'/><EventID>1</EventID><Version>0</Version><Level>4</Level><Task>0</Task><Opcode>0</Opcode><Keywords>0x8000000000000010</Keywords><TimeCreated SystemTime='2013-06-24T06:37:56.502000100Z'/><EventRecordID>228042</EventRecordID><Correlation/><Execution ProcessID='4' ThreadID='56'/><Channel>System</Channel><Computer>vakintsev.argus.nio1.loniis</Computer><Security/></System><EventData><Data Name='NewTime'>2013-06-24T06:37:56.500000000Z</Data><Data Name='OldTime'>2013-06-21T14:04:32.980199900Z</Data></EventData></Event>
<Event xmlns='http://schemas.microsoft.com/win/2004/08/events/event'><System><Provider Name='Microsoft-Windows-Kernel-General' Guid='{A68CA8B7-004F-D7B6-A698-07E2DE0F1F5D}'/><EventID>1</EventID><Version>0</Version><Level>4</Level><Task>0</Task><Opcode>0</Opcode><Keywords>0x8000000000000010</Keywords><TimeCreated SystemTime='2013-06-25T16:14:41.741000000Z'/><EventRecordID>228341</EventRecordID><Correlation/><Execution ProcessID='392' ThreadID='356'/><Channel>System</Channel><Computer>vakintsev.argus.nio1.loniis</Computer><Security UserID='S-1-5-19'/></System><EventData><Data Name='NewTime'>2013-06-25T16:14:41.740000000Z</Data><Data Name='OldTime'>2013-06-25T16:14:41.740280200Z</Data></EventData></Event>
<Event xmlns='http://schemas.microsoft.com/win/2004/08/events/event'><System><Provider Name='Microsoft-Windows-Kernel-General' Guid='{A68CA8B7-004F-D7B6-A698-07E2DE0F1F5D}'/><EventID>1</EventID><Version>0</Version><Level>4</Level><Task>0</Task><Opcode>0</Opcode><Keywords>0x8000000000000010</Keywords><TimeCreated SystemTime='2013-06-26T06:39:24.500000000Z'/><EventRecordID>228346</EventRecordID><Correlation/><Execution ProcessID='4' ThreadID='44'/><Channel>System</Channel><Computer>vakintsev.argus.nio1.loniis</Computer><Security/></System><EventData><Data Name='NewTime'>2013-06-26T06:39:24.500000000Z</Data><Data Name='OldTime'>2013-06-25T16:15:08.391524400Z</Data></EventData></Event>
<Event xmlns='http://schemas.microsoft.com/win/2004/08/events/event'><System><Provider Name='Microsoft-Windows-Kernel-General' Guid='{A68CA8B7-004F-D7B6-A698-07E2DE0F1F5D}'/><EventID>1</EventID><Version>0</Version><Level>4</Level><Task>0</Task><Opcode>0</Opcode><Keywords>0x8000000000000010</Keywords><TimeCreated SystemTime='2013-06-26T14:52:53.402000000Z'/><EventRecordID>228475</EventRecordID><Correlation/><Execution ProcessID='392' ThreadID='356'/><Channel>System</Channel><Computer>vakintsev.argus.nio1.loniis</Computer><Security UserID='S-1-5-19'/></System><EventData><Data Name='NewTime'>2013-06-26T14:52:53.402000000Z</Data><Data Name='OldTime'>2013-06-26T14:52:53.402067200Z</Data></EventData></Event>
<Event xmlns='http://schemas.microsoft.com/win/2004/08/events/event'><System><Provider Name='Microsoft-Windows-Kernel-General' Guid='{A68CA8B7-004F-D7B6-A698-07E2DE0F1F5D}'/><EventID>1</EventID><Version>0</Version><Level>4</Level><Task>0</Task><Opcode>0</Opcode><Keywords>0x8000000000000010</Keywords><TimeCreated SystemTime='2013-06-27T06:48:41.501000100Z'/><EventRecordID>228480</EventRecordID><Correlation/><Execution ProcessID='4' ThreadID='52'/><Channel>System</Channel><Computer>vakintsev.argus.nio1.loniis</Computer><Security/></System><EventData><Data Name='NewTime'>2013-06-27T06:48:41.500000000Z</Data><Data Name='OldTime'>2013-06-26T14:53:17.032351500Z</Data></EventData></Event>
<Event xmlns='http://schemas.microsoft.com/win/2004/08/events/event'><System><Provider Name='Microsoft-Windows-Kernel-General' Guid='{A68CA8B7-004F-D7B6-A698-07E2DE0F1F5D}'/><EventID>1</EventID><Version>0</Version><Level>4</Level><Task>0</Task><Opcode>0</Opcode><Keywords>0x8000000000000010</Keywords><TimeCreated SystemTime='2013-06-27T15:23:16.445000000Z'/><EventRecordID>228726</EventRecordID><Correlation/><Execution ProcessID='392' ThreadID='3984'/><Channel>System</Channel><Computer>vakintsev.argus.nio1.loniis</Computer><Security/></System><EventData><Data Name='NewTime'>2013-06-27T15:23:16.445000000Z</Data><Data Name='OldTime'>2013-06-27T15:23:16.445080100Z</Data></EventData></Event>
<Event xmlns='http://schemas.microsoft.com/win/2004/08/events/event'><System><Provider Name='Microsoft-Windows-Kernel-General' Guid='{A68CA8B7-004F-D7B6-A698-07E2DE0F1F5D}'/><EventID>13</EventID><Version>0</Version><Level>4</Level><Task>0</Task><Opcode>0</Opcode><Keywords>0x8000000000000000</Keywords><TimeCreated SystemTime='2013-06-27T15:23:26.865818200Z'/><EventRecordID>228738</EventRecordID><Correlation/><Execution ProcessID='4' ThreadID='1596'/><Channel>System</Channel><Computer>vakintsev.argus.nio1.loniis</Computer><Security/></System><EventData><Data Name='StopTime'>2013-06-27T15:23:26.865818200Z</Data></EventData></Event>
