<Event xmlns='http://schemas.microsoft.com/win/2004/08/events/event'><System><Provider Name='Microsoft-Windows-Kernel-General' Guid='{A68CA8B7-004F-D7B6-A698-07E2DE0F1F5D}'/><EventID>1</EventID><Version>0</Version><Level>4</Level><Task>0</Task><Opcode>0</Opcode><Keywords>0x8000000000000010</Keywords><TimeCreated SystemTime='2012-12-31T19:58:15.976966800Z'/><EventRecordID>194842</EventRecordID><Correlation/><Execution ProcessID='4' ThreadID='44'/><Channel>System</Channel><Computer>KSizyukhin.argus.nio1.loniis</Computer><Security UserID='S-1-5-18'/></System><EventData><Data Name='NewTime'>2012-12-31T19:58:15.976966800Z</Data><Data Name='OldTime'>2012-12-31T19:58:15.976966800Z</Data></EventData></Event>
<Event xmlns='http://schemas.microsoft.com/win/2004/08/events/event'><System><Provider Name='Microsoft-Windows-Kernel-General' Guid='{A68CA8B7-004F-D7B6-A698-07E2DE0F1F5D}'/><EventID>1</EventID><Version>0</Version><Level>4</Level><Task>0</Task><Opcode>0</Opcode><Keywords>0x8000000000000010</Keywords><TimeCreated SystemTime='2012-12-31T19:59:59.987966800Z'/><EventRecordID>194843</EventRecordID><Correlation/><Execution ProcessID='4' ThreadID='68'/><Channel>System</Channel><Computer>KSizyukhin.argus.nio1.loniis</Computer><Security UserID='S-1-5-18'/></System><EventData><Data Name='NewTime'>2012-12-31T19:59:59.987966800Z</Data><Data Name='OldTime'>2012-12-31T19:59:59.987966800Z</Data></EventData></Event>
<Event xmlns='http://schemas.microsoft.com/win/2004/08/events/event'><System><Provider Name='Microsoft-Windows-Kernel-General' Guid='{A68CA8B7-004F-D7B6-A698-07E2DE0F1F5D}'/><EventID>1</EventID><Version>0</Version><Level>4</Level><Task>0</Task><Opcode>0</Opcode><Keywords>0x8000000000000010</Keywords><TimeCreated SystemTime='2012-12-31T20:00:00.001466800Z'/><EventRecordID>194844</EventRecordID><Correlation/><Execution ProcessID='4' ThreadID='48'/><Channel>System</Channel><Computer>KSizyukhin.argus.nio1.loniis</Computer><Security UserID='S-1-5-18'/></System><EventData><Data Name='NewTime'>2012-12-31T20:00:00.001466800Z</Data><Data Name='OldTime'>2012-12-31T20:00:00.001466800Z</Data></EventData></Event>
<Event xmlns='http://schemas.microsoft.com/win/2004/08/events/event'><System><Provider Name='Microsoft-Windows-Kernel-General' Guid='{A68CA8B7-004F-D7B6-A698-07E2DE0F1F5D}'/><EventID>1</EventID><Version>0</Version><Level>4</Level><Task>0</Task><Opcode>0</Opcode><Keywords>0x8000000000000010</Keywords><TimeCreated SystemTime='2012-12-31T20:00:00.042466800Z'/><EventRecordID>194845</EventRecordID><Correlation/><Execution ProcessID='4' ThreadID='48'/><Channel>System</Channel><Computer>KSizyukhin.argus.nio1.loniis</Computer><Security UserID='S-1-5-18'/></System><EventData><Data Name='NewTime'>2012-12-31T20:00:00.042466800Z</Data><Data Name='OldTime'>2012-12-31T20:00:00.042466800Z</Data></EventData></Event>
<Event xmlns='http://schemas.microsoft.com/win/2004/08/events/event'><System><Provider Name='Microsoft-Windows-Kernel-General' Guid='{A68CA8B7-004F-D7B6-A698-07E2DE0F1F5D}'/><EventID>1</EventID><Version>0</Version><Level>4</Level><Task>0</Task><Opcode>0</Opcode><Keywords>0x8000000000000010</Keywords><TimeCreated SystemTime='2013-01-28T12:24:47.093000000Z'/><EventRecordID>199549</EventRecordID><Correlation/><Execution ProcessID='312' ThreadID='3136'/><Channel>System</Channel><Computer>KSizyukhin.argus.nio1.loniis</Computer><Security/></System><EventData><Data Name='NewTime'>2013-01-28T12:24:47.093000000Z</Data><Data Name='OldTime'>2013-01-28T12:24:47.093994000Z</Data></EventData></Event>
<Event xmlns='http://schemas.microsoft.com/win/2004/08/events/event'><System><Provider Name='Microsoft-Windows-Kernel-General' Guid='{A68CA8B7-004F-D7B6-A698-07E2DE0F1F5D}'/><EventID>13</EventID><Version>0</Version><Level>4</Level><Task>0</Task><Opcode>0</Opcode><Keywords>0x8000000000000000</Keywords><TimeCreated SystemTime='2013-01-28T12:24:59.697822000Z'/><EventRecordID>199557</EventRecordID><Correlation/><Execution ProcessID='4' ThreadID='10524'/><Channel>System</Channel><Computer>KSizyukhin.argus.nio1.loniis</Computer><Security/></System><EventData><Data Name='StopTime'>2013-01-28T12:24:59.697822000Z</Data></EventData></Event>
<Event xmlns='http://schemas.microsoft.com/win/2004/08/events/event'><System><Provider Name='Microsoft-Windows-Kernel-General' Guid='{A68CA8B7-004F-D7B6-A698-07E2DE0F1F5D}'/><EventID>12</EventID><Version>0</Version><Level>4</Level><Task>0</Task><Opcode>0</Opcode><Keywords>0x8000000000000000</Keywords><TimeCreated SystemTime='2013-01-28T12:25:31.827600600Z'/><EventRecordID>199562</EventRecordID><Correlation/><Execution ProcessID='4' ThreadID='8'/><Channel>System</Channel><Computer>KSizyukhin.argus.nio1.loniis</Computer><Security UserID='S-1-5-18'/></System><EventData><Data Name='MajorVersion'>6</Data><Data Name='MinorVersion'>1</Data><Data Name='BuildVersion'>7601</Data><Data Name='QfeVersion'>17944</Data><Data Name='ServiceVersion'>1</Data><Data Name='BootMode'>0</Data><Data Name='StartTime'>2013-01-28T12:25:31.125599400Z</Data></EventData></Event>
<Event xmlns='http://schemas.microsoft.com/win/2004/08/events/event'><System><Provider Name='Microsoft-Windows-Kernel-General' Guid='{A68CA8B7-004F-D7B6-A698-07E2DE0F1F5D}'/><EventID>13</EventID><Version>0</Version><Level>4</Level><Task>0</Task><Opcode>0</Opcode><Keywords>0x8000000000000000</Keywords><TimeCreated SystemTime='2013-01-28T13:36:30.781151200Z'/><EventRecordID>199804</EventRecordID><Correlation/><Execution ProcessID='4' ThreadID='36'/><Channel>System</Channel><Computer>KSizyukhin.argus.nio1.loniis</Computer><Security/></System><EventData><Data Name='StopTime'>2013-01-28T13:36:30.781151200Z</Data></EventData></Event>
<Event xmlns='http://schemas.microsoft.com/win/2004/08/events/event'><System><Provider Name='Microsoft-Windows-Kernel-General' Guid='{A68CA8B7-004F-D7B6-A698-07E2DE0F1F5D}'/><EventID>12</EventID><Version>0</Version><Level>4</Level><Task>0</Task><Opcode>0</Opcode><Keywords>0x8000000000000000</Keywords><TimeCreated SystemTime='2013-01-28T13:36:52.827600600Z'/><EventRecordID>199811</EventRecordID><Correlation/><Execution ProcessID='4' ThreadID='8'/><Channel>System</Channel><Computer>KSizyukhin.argus.nio1.loniis</Computer><Security UserID='S-1-5-18'/></System><EventData><Data Name='MajorVersion'>6</Data><Data Name='MinorVersion'>1</Data><Data Name='BuildVersion'>7601</Data><Data Name='QfeVersion'>17944</Data><Data Name='ServiceVersion'>1</Data><Data Name='BootMode'>0</Data><Data Name='StartTime'>2013-01-28T13:36:52.125599400Z</Data></EventData></Event>
<Event xmlns='http://schemas.microsoft.com/win/2004/08/events/event'><System><Provider Name='Microsoft-Windows-Kernel-General' Guid='{A68CA8B7-004F-D7B6-A698-07E2DE0F1F5D}'/><EventID>13</EventID><Version>0</Version><Level>4</Level><Task>0</Task><Opcode>0</Opcode><Keywords>0x8000000000000000</Keywords><TimeCreated SystemTime='2013-03-05T09:02:40.070709800Z'/><EventRecordID>206521</EventRecordID><Correlation/><Execution ProcessID='4' ThreadID='28'/><Channel>System</Channel><Computer>KSizyukhin.argus.nio1.loniis</Computer><Security/></System><EventData><Data Name='StopTime'>2013-03-05T09:02:40.070709800Z</Data></EventData></Event>
<Event xmlns='http://schemas.microsoft.com/win/2004/08/events/event'><System><Provider Name='Microsoft-Windows-Kernel-General' Guid='{A68CA8B7-004F-D7B6-A698-07E2DE0F1F5D}'/><EventID>12</EventID><Version>0</Version><Level>4</Level><Task>0</Task><Opcode>0</Opcode><Keywords>0x8000000000000000</Keywords><TimeCreated SystemTime='2013-03-05T09:03:26.827600600Z'/><EventRecordID>206524</EventRecordID><Correlation/><Execution ProcessID='4' ThreadID='8'/><Channel>System</Channel><Computer>KSizyukhin.argus.nio1.loniis</Computer><Security UserID='S-1-5-18'/></System><EventData><Data Name='MajorVersion'>6</Data><Data Name='MinorVersion'>1</Data><Data Name='BuildVersion'>7601</Data><Data Name='QfeVersion'>17944</Data><Data Name='ServiceVersion'>1</Data><Data Name='BootMode'>0</Data><Data Name='StartTime'>2013-03-05T09:03:26.125599400Z</Data></EventData></Event>
<Event xmlns='http://schemas.microsoft.com/win/2004/08/events/event'><System><Provider Name='Microsoft-Windows-Kernel-General' Guid='{A68CA8B7-004F-D7B6-A698-07E2DE0F1F5D}'/><EventID>13</EventID><Version>0</Version><Level>4</Level><Task>0</Task><Opcode>0</Opcode><Keywords>0x8000000000000000</Keywords><TimeCreated SystemTime='2013-03-11T10:26:49.736292300Z'/><EventRecordID>207776</EventRecordID><Correlation/><Execution ProcessID='4' ThreadID='40'/><Channel>System</Channel><Computer>KSizyukhin.argus.nio1.loniis</Computer><Security/></System><EventData><Data Name='StopTime'>2013-03-11T10:26:49.736292300Z</Data></EventData></Event>
<Event xmlns='http://schemas.microsoft.com/win/2004/08/events/event'><System><Provider Name='Microsoft-Windows-Kernel-General' Guid='{A68CA8B7-004F-D7B6-A698-07E2DE0F1F5D}'/><EventID>12</EventID><Version>0</Version><Level>4</Level><Task>0</Task><Opcode>0</Opcode><Keywords>0x8000000000000000</Keywords><TimeCreated SystemTime='2013-03-11T10:27:32.827600600Z'/><EventRecordID>207778</EventRecordID><Correlation/><Execution ProcessID='4' ThreadID='8'/><Channel>System</Channel><Computer>KSizyukhin.argus.nio1.loniis</Computer><Security UserID='S-1-5-18'/></System><EventData><Data Name='MajorVersion'>6</Data><Data Name='MinorVersion'>1</Data><Data Name='BuildVersion'>7601</Data><Data Name='QfeVersion'>17944</Data><Data Name='ServiceVersion'>1</Data><Data Name='BootMode'>0</Data><Data Name='StartTime'>2013-03-11T10:27:32.125599400Z</Data></EventData></Event>
<Event xmlns='http://schemas.microsoft.com/win/2004/08/events/event'><System><Provider Name='Microsoft-Windows-Kernel-General' Guid='{A68CA8B7-004F-D7B6-A698-07E2DE0F1F5D}'/><EventID>1</EventID><Version>0</Version><Level>4</Level><Task>0</Task><Opcode>0</Opcode><Keywords>0x8000000000000010</Keywords><TimeCreated SystemTime='2013-04-03T07:30:01.278000000Z'/><EventRecordID>212897</EventRecordID><Correlation/><Execution ProcessID='1028' ThreadID='3304'/><Channel>System</Channel><Computer>KSizyukhin.argus.nio1.loniis</Computer><Security UserID='S-1-5-19'/></System><EventData><Data Name='NewTime'>2013-04-03T07:30:01.278000000Z</Data><Data Name='OldTime'>2013-04-03T07:30:01.292138800Z</Data></EventData></Event>
<Event xmlns='http://schemas.microsoft.com/win/2004/08/events/event'><System><Provider Name='Microsoft-Windows-Kernel-General' Guid='{A68CA8B7-004F-D7B6-A698-07E2DE0F1F5D}'/><EventID>1</EventID><Version>0</Version><Level>4</Level><Task>0</Task><Opcode>0</Opcode><Keywords>0x8000000000000010</Keywords><TimeCreated SystemTime='2013-04-05T11:09:31.384000000Z'/><EventRecordID>213367</EventRecordID><Correlation/><Execution ProcessID='1028' ThreadID='3304'/><Channel>System</Channel><Computer>KSizyukhin.argus.nio1.loniis</Computer><Security/></System><EventData><Data Name='NewTime'>2013-04-05T11:09:31.384000000Z</Data><Data Name='OldTime'>2013-04-05T11:09:31.447021600Z</Data></EventData></Event>
<Event xmlns='http://schemas.microsoft.com/win/2004/08/events/event'><System><Provider Name='Microsoft-Windows-Kernel-General' Guid='{A68CA8B7-004F-D7B6-A698-07E2DE0F1F5D}'/><EventID>13</EventID><Version>0</Version><Level>4</Level><Task>0</Task><Opcode>0</Opcode><Keywords>0x8000000000000000</Keywords><TimeCreated SystemTime='2013-04-05T11:09:53.068037800Z'/><EventRecordID>213380</EventRecordID><Correlation/><Execution ProcessID='4' ThreadID='13824'/><Channel>System</Channel><Computer>KSizyukhin.argus.nio1.loniis</Computer><Security/></System><EventData><Data Name='StopTime'>2013-04-05T11:09:53.068037800Z</Data></EventData></Event>
<Event xmlns='http://schemas.microsoft.com/win/2004/08/events/event'><System><Provider Name='Microsoft-Windows-Kernel-General' Guid='{A68CA8B7-004F-D7B6-A698-07E2DE0F1F5D}'/><EventID>12</EventID><Version>0</Version><Level>4</Level><Task>0</Task><Opcode>0</Opcode><Keywords>0x8000000000000000</Keywords><TimeCreated SystemTime='2013-04-05T11:10:18.765200500Z'/><EventRecordID>213382</EventRecordID><Correlation/><Execution ProcessID='4' ThreadID='8'/><Channel>System</Channel><Computer>KSizyukhin.argus.nio1.loniis</Computer><Security UserID='S-1-5-18'/></System><EventData><Data Name='MajorVersion'>6</Data><Data Name='MinorVersion'>1</Data><Data Name='BuildVersion'>7601</Data><Data Name='QfeVersion'>17944</Data><Data Name='ServiceVersion'>1</Data><Data Name='BootMode'>0</Data><Data Name='StartTime'>2013-04-05T11:10:18.125599400Z</Data></EventData></Event>
<Event xmlns='http://schemas.microsoft.com/win/2004/08/events/event'><System><Provider Name='Microsoft-Windows-Kernel-General' Guid='{A68CA8B7-004F-D7B6-A698-07E2DE0F1F5D}'/><EventID>1</EventID><Version>0</Version><Level>4</Level><Task>0</Task><Opcode>0</Opcode><Keywords>0x8000000000000010</Keywords><TimeCreated SystemTime='2013-04-10T03:16:43.497000000Z'/><EventRecordID>214541</EventRecordID><Correlation/><Execution ProcessID='1036' ThreadID='2988'/><Channel>System</Channel><Computer>KSizyukhin.argus.nio1.loniis</Computer><Security UserID='S-1-5-19'/></System><EventData><Data Name='NewTime'>2013-04-10T03:16:43.496000000Z</Data><Data Name='OldTime'>2013-04-10T03:16:43.507746900Z</Data></EventData></Event>
<Event xmlns='http://schemas.microsoft.com/win/2004/08/events/event'><System><Provider Name='Microsoft-Windows-Kernel-General' Guid='{A68CA8B7-004F-D7B6-A698-07E2DE0F1F5D}'/><EventID>1</EventID><Version>0</Version><Level>4</Level><Task>0</Task><Opcode>0</Opcode><Keywords>0x8000000000000010</Keywords><TimeCreated SystemTime='2013-04-13T06:22:18.566000000Z'/><EventRecordID>215227</EventRecordID><Correlation/><Execution ProcessID='1036' ThreadID='2988'/><Channel>System</Channel><Computer>KSizyukhin.argus.nio1.loniis</Computer><Security UserID='S-1-5-19'/></System><EventData><Data Name='NewTime'>2013-04-13T06:22:18.566000000Z</Data><Data Name='OldTime'>2013-04-13T06:22:18.588759900Z</Data></EventData></Event>
<Event xmlns='http://schemas.microsoft.com/win/2004/08/events/event'><System><Provider Name='Microsoft-Windows-Kernel-General' Guid='{A68CA8B7-004F-D7B6-A698-07E2DE0F1F5D}'/><EventID>1</EventID><Version>0</Version><Level>4</Level><Task>0</Task><Opcode>0</Opcode><Keywords>0x8000000000000010</Keywords><TimeCreated SystemTime='2013-04-17T04:32:11.873000000Z'/><EventRecordID>216048</EventRecordID><Correlation/><Execution ProcessID='1036' ThreadID='2988'/><Channel>System</Channel><Computer>KSizyukhin.argus.nio1.loniis</Computer><Security UserID='S-1-5-19'/></System><EventData><Data Name='NewTime'>2013-04-17T04:32:11.873000000Z</Data><Data Name='OldTime'>2013-04-17T04:32:11.882343000Z</Data></EventData></Event>
<Event xmlns='http://schemas.microsoft.com/win/2004/08/events/event'><System><Provider Name='Microsoft-Windows-Kernel-General' Guid='{A68CA8B7-004F-D7B6-A698-07E2DE0F1F5D}'/><EventID>13</EventID><Version>0</Version><Level>4</Level><Task>0</Task><Opcode>0</Opcode><Keywords>0x8000000000000000</Keywords><TimeCreated SystemTime='2013-04-19T08:43:33.810644700Z'/><EventRecordID>216648</EventRecordID><Correlation/><Execution ProcessID='4' ThreadID='24'/><Channel>System</Channel><Computer>KSizyukhin.argus.nio1.loniis</Computer><Security/></System><EventData><Data Name='StopTime'>2013-04-19T08:43:33.810644700Z</Data></EventData></Event>
<Event xmlns='http://schemas.microsoft.com/win/2004/08/events/event'><System><Provider Name='Microsoft-Windows-Kernel-General' Guid='{A68CA8B7-004F-D7B6-A698-07E2DE0F1F5D}'/><EventID>12</EventID><Version>0</Version><Level>4</Level><Task>0</Task><Opcode>0</Opcode><Keywords>0x8000000000000000</Keywords><TimeCreated SystemTime='2013-04-19T08:44:10.765200500Z'/><EventRecordID>216652</EventRecordID><Correlation/><Execution ProcessID='4' ThreadID='8'/><Channel>System</Channel><Computer>KSizyukhin.argus.nio1.loniis</Computer><Security UserID='S-1-5-18'/></System><EventData><Data Name='MajorVersion'>6</Data><Data Name='MinorVersion'>1</Data><Data Name='BuildVersion'>7601</Data><Data Name='QfeVersion'>17944</Data><Data Name='ServiceVersion'>1</Data><Data Name='BootMode'>0</Data><Data Name='StartTime'>2013-04-19T08:44:10.125599400Z</Data></EventData></Event>
<Event xmlns='http://schemas.microsoft.com/win/2004/08/events/event'><System><Provider Name='Microsoft-Windows-Kernel-General' Guid='{A68CA8B7-004F-D7B6-A698-07E2DE0F1F5D}'/><EventID>1</EventID><Version>0</Version><Level>4</Level><Task>0</Task><Opcode>0</Opcode><Keywords>0x8000000000000010</Keywords><TimeCreated SystemTime='2013-04-19T14:21:46.939000000Z'/><EventRecordID>217039</EventRecordID><Correlation/><Execution ProcessID='468' ThreadID='3012'/><Channel>System</Channel><Computer>KSizyukhin.argus.nio1.loniis</Computer><Security/></System><EventData><Data Name='NewTime'>2013-04-19T14:21:46.939000000Z</Data><Data Name='OldTime'>2013-04-19T14:21:46.939849200Z</Data></EventData></Event>
<Event xmlns='http://schemas.microsoft.com/win/2004/08/events/event'><System><Provider Name='Microsoft-Windows-Kernel-General' Guid='{A68CA8B7-004F-D7B6-A698-07E2DE0F1F5D}'/><EventID>13</EventID><Version>0</Version><Level>4</Level><Task>0</Task><Opcode>0</Opcode><Keywords>0x8000000000000000</Keywords><TimeCreated SystemTime='2013-04-19T14:22:03.178628300Z'/><EventRecordID>217057</EventRecordID><Correlation/><Execution ProcessID='4' ThreadID='32'/><Channel>System</Channel><Computer>KSizyukhin.argus.nio1.loniis</Computer><Security/></System><EventData><Data Name='StopTime'>2013-04-19T14:22:03.178628300Z</Data></EventData></Event>
<Event xmlns='http://schemas.microsoft.com/win/2004/08/events/event'><System><Provider Name='Microsoft-Windows-Kernel-General' Guid='{A68CA8B7-004F-D7B6-A698-07E2DE0F1F5D}'/><EventID>12</EventID><Version>0</Version><Level>4</Level><Task>0</Task><Opcode>0</Opcode><Keywords>0x8000000000000000</Keywords><TimeCreated SystemTime='2013-05-08T11:22:17.827600600Z'/><EventRecordID>217058</EventRecordID><Correlation/><Execution ProcessID='4' ThreadID='8'/><Channel>System</Channel><Computer>KSizyukhin.argus.nio1.loniis</Computer><Security UserID='S-1-5-18'/></System><EventData><Data Name='MajorVersion'>6</Data><Data Name='MinorVersion'>1</Data><Data Name='BuildVersion'>7601</Data><Data Name='QfeVersion'>17944</Data><Data Name='ServiceVersion'>1</Data><Data Name='BootMode'>0</Data><Data Name='StartTime'>2013-05-08T11:22:17.125599400Z</Data></EventData></Event>
<Event xmlns='http://schemas.microsoft.com/win/2004/08/events/event'><System><Provider Name='Microsoft-Windows-Kernel-General' Guid='{A68CA8B7-004F-D7B6-A698-07E2DE0F1F5D}'/><EventID>1</EventID><Version>0</Version><Level>4</Level><Task>0</Task><Opcode>0</Opcode><Keywords>0x8000000000000010</Keywords><TimeCreated SystemTime='2013-05-08T11:25:35.725000000Z'/><EventRecordID>217203</EventRecordID><Correlation/><Execution ProcessID='1072' ThreadID='308'/><Channel>System</Channel><Computer>KSizyukhin.argus.nio1.loniis</Computer><Security UserID='S-1-5-19'/></System><EventData><Data Name='NewTime'>2013-05-08T11:25:35.725000000Z</Data><Data Name='OldTime'>2013-05-08T11:25:35.725879400Z</Data></EventData></Event>
<Event xmlns='http://schemas.microsoft.com/win/2004/08/events/event'><System><Provider Name='Microsoft-Windows-Kernel-General' Guid='{A68CA8B7-004F-D7B6-A698-07E2DE0F1F5D}'/><EventID>13</EventID><Version>0</Version><Level>4</Level><Task>0</Task><Opcode>0</Opcode><Keywords>0x8000000000000000</Keywords><TimeCreated SystemTime='2013-05-08T11:25:41.902610700Z'/><EventRecordID>217213</EventRecordID><Correlation/><Execution ProcessID='4' ThreadID='28'/><Channel>System</Channel><Computer>KSizyukhin.argus.nio1.loniis</Computer><Security/></System><EventData><Data Name='StopTime'>2013-05-08T11:25:41.902610700Z</Data></EventData></Event>
<Event xmlns='http://schemas.microsoft.com/win/2004/08/events/event'><System><Provider Name='Microsoft-Windows-Kernel-General' Guid='{A68CA8B7-004F-D7B6-A698-07E2DE0F1F5D}'/><EventID>12</EventID><Version>0</Version><Level>4</Level><Task>0</Task><Opcode>0</Opcode><Keywords>0x8000000000000000</Keywords><TimeCreated SystemTime='2013-05-08T11:25:58.765200500Z'/><EventRecordID>217214</EventRecordID><Correlation/><Execution ProcessID='4' ThreadID='8'/><Channel>System</Channel><Computer>KSizyukhin.argus.nio1.loniis</Computer><Security UserID='S-1-5-18'/></System><EventData><Data Name='MajorVersion'>6</Data><Data Name='MinorVersion'>1</Data><Data Name='BuildVersion'>7601</Data><Data Name='QfeVersion'>18113</Data><Data Name='ServiceVersion'>1</Data><Data Name='BootMode'>0</Data><Data Name='StartTime'>2013-05-08T11:25:58.125599400Z</Data></EventData></Event>
<Event xmlns='http://schemas.microsoft.com/win/2004/08/events/event'><System><Provider Name='Microsoft-Windows-Kernel-General' Guid='{A68CA8B7-004F-D7B6-A698-07E2DE0F1F5D}'/><EventID>1</EventID><Version>0</Version><Level>4</Level><Task>0</Task><Opcode>0</Opcode><Keywords>0x8000000000000010</Keywords><TimeCreated SystemTime='2013-05-08T12:54:21.633000000Z'/><EventRecordID>217497</EventRecordID><Correlation/><Execution ProcessID='1068' ThreadID='3064'/><Channel>System</Channel><Computer>KSizyukhin.argus.nio1.loniis</Computer><Security/></System><EventData><Data Name='NewTime'>2013-05-08T12:54:21.633000000Z</Data><Data Name='OldTime'>2013-05-08T12:54:21.633304300Z</Data></EventData></Event>
<Event xmlns='http://schemas.microsoft.com/win/2004/08/events/event'><System><Provider Name='Microsoft-Windows-Kernel-General' Guid='{A68CA8B7-004F-D7B6-A698-07E2DE0F1F5D}'/><EventID>13</EventID><Version>0</Version><Level>4</Level><Task>0</Task><Opcode>0</Opcode><Keywords>0x8000000000000000</Keywords><TimeCreated SystemTime='2013-05-08T12:54:28.887012700Z'/><EventRecordID>217508</EventRecordID><Correlation/><Execution ProcessID='4' ThreadID='3012'/><Channel>System</Channel><Computer>KSizyukhin.argus.nio1.loniis</Computer><Security/></System><EventData><Data Name='StopTime'>2013-05-08T12:54:28.887012700Z</Data></EventData></Event>
<Event xmlns='http://schemas.microsoft.com/win/2004/08/events/event'><System><Provider Name='Microsoft-Windows-Kernel-General' Guid='{A68CA8B7-004F-D7B6-A698-07E2DE0F1F5D}'/><EventID>12</EventID><Version>0</Version><Level>4</Level><Task>0</Task><Opcode>0</Opcode><Keywords>0x8000000000000000</Keywords><TimeCreated SystemTime='2013-05-08T13:44:58.734000500Z'/><EventRecordID>217510</EventRecordID><Correlation/><Execution ProcessID='4' ThreadID='8'/><Channel>System</Channel><Computer>KSizyukhin.argus.nio1.loniis</Computer><Security UserID='S-1-5-18'/></System><EventData><Data Name='MajorVersion'>6</Data><Data Name='MinorVersion'>1</Data><Data Name='BuildVersion'>7601</Data><Data Name='QfeVersion'>18113</Data><Data Name='ServiceVersion'>1</Data><Data Name='BootMode'>0</Data><Data Name='StartTime'>2013-05-08T13:44:58.125599400Z</Data></EventData></Event>
<Event xmlns='http://schemas.microsoft.com/win/2004/08/events/event'><System><Provider Name='Microsoft-Windows-Kernel-General' Guid='{A68CA8B7-004F-D7B6-A698-07E2DE0F1F5D}'/><EventID>13</EventID><Version>0</Version><Level>4</Level><Task>0</Task><Opcode>0</Opcode><Keywords>0x8000000000000000</Keywords><TimeCreated SystemTime='2013-05-08T13:45:49.090888300Z'/><EventRecordID>217520</EventRecordID><Correlation/><Execution ProcessID='4' ThreadID='36'/><Channel>System</Channel><Computer>KSizyukhin.argus.nio1.loniis</Computer><Security/></System><EventData><Data Name='StopTime'>2013-05-08T13:45:49.090888300Z</Data></EventData></Event>
<Event xmlns='http://schemas.microsoft.com/win/2004/08/events/event'><System><Provider Name='Microsoft-Windows-Kernel-General' Guid='{A68CA8B7-004F-D7B6-A698-07E2DE0F1F5D}'/><EventID>12</EventID><Version>0</Version><Level>4</Level><Task>0</Task><Opcode>0</Opcode><Keywords>0x8000000000000000</Keywords><TimeCreated SystemTime='2013-05-08T13:46:09.796400600Z'/><EventRecordID>217521</EventRecordID><Correlation/><Execution ProcessID='4' ThreadID='8'/><Channel>System</Channel><Computer>KSizyukhin.argus.nio1.loniis</Computer><Security UserID='S-1-5-18'/></System><EventData><Data Name='MajorVersion'>6</Data><Data Name='MinorVersion'>1</Data><Data Name='BuildVersion'>7601</Data><Data Name='QfeVersion'>18113</Data><Data Name='ServiceVersion'>1</Data><Data Name='BootMode'>0</Data><Data Name='StartTime'>2013-05-08T13:46:09.125599400Z</Data></EventData></Event>
<Event xmlns='http://schemas.microsoft.com/win/2004/08/events/event'><System><Provider Name='Microsoft-Windows-Kernel-General' Guid='{A68CA8B7-004F-D7B6-A698-07E2DE0F1F5D}'/><EventID>1</EventID><Version>0</Version><Level>4</Level><Task>0</Task><Opcode>0</Opcode><Keywords>0x8000000000000010</Keywords><TimeCreated SystemTime='2013-05-13T07:43:05.862000000Z'/><EventRecordID>218999</EventRecordID><Correlation/><Execution ProcessID='1092' ThreadID='3252'/><Channel>System</Channel><Computer>KSizyukhin.argus.nio1.loniis</Computer><Security UserID='S-1-5-19'/></System><EventData><Data Name='NewTime'>2013-05-13T07:43:05.862000000Z</Data><Data Name='OldTime'>2013-05-13T07:43:05.862258600Z</Data></EventData></Event>
<Event xmlns='http://schemas.microsoft.com/win/2004/08/events/event'><System><Provider Name='Microsoft-Windows-Kernel-General' Guid='{A68CA8B7-004F-D7B6-A698-07E2DE0F1F5D}'/><EventID>13</EventID><Version>0</Version><Level>4</Level><Task>0</Task><Opcode>0</Opcode><Keywords>0x8000000000000000</Keywords><TimeCreated SystemTime='2013-05-13T07:43:13.381213100Z'/><EventRecordID>219012</EventRecordID><Correlation/><Execution ProcessID='4' ThreadID='40'/><Channel>System</Channel><Computer>KSizyukhin.argus.nio1.loniis</Computer><Security/></System><EventData><Data Name='StopTime'>2013-05-13T07:43:13.381213100Z</Data></EventData></Event>
<Event xmlns='http://schemas.microsoft.com/win/2004/08/events/event'><System><Provider Name='Microsoft-Windows-Kernel-General' Guid='{A68CA8B7-004F-D7B6-A698-07E2DE0F1F5D}'/><EventID>12</EventID><Version>0</Version><Level>4</Level><Task>0</Task><Opcode>0</Opcode><Keywords>0x8000000000000000</Keywords><TimeCreated SystemTime='2013-05-13T07:43:35.734000500Z'/><EventRecordID>219013</EventRecordID><Correlation/><Execution ProcessID='4' ThreadID='8'/><Channel>System</Channel><Computer>KSizyukhin.argus.nio1.loniis</Computer><Security UserID='S-1-5-18'/></System><EventData><Data Name='MajorVersion'>6</Data><Data Name='MinorVersion'>1</Data><Data Name='BuildVersion'>7601</Data><Data Name='QfeVersion'>18113</Data><Data Name='ServiceVersion'>1</Data><Data Name='BootMode'>0</Data><Data Name='StartTime'>2013-05-13T07:43:35.125599400Z</Data></EventData></Event>
<Event xmlns='http://schemas.microsoft.com/win/2004/08/events/event'><System><Provider Name='Microsoft-Windows-Kernel-General' Guid='{A68CA8B7-004F-D7B6-A698-07E2DE0F1F5D}'/><EventID>1</EventID><Version>0</Version><Level>4</Level><Task>0</Task><Opcode>0</Opcode><Keywords>0x8000000000000010</Keywords><TimeCreated SystemTime='2013-05-13T08:40:26.104000000Z'/><EventRecordID>219237</EventRecordID><Correlation/><Execution ProcessID='1064' ThreadID='2960'/><Channel>System</Channel><Computer>vakintsev.argus.nio1.loniis</Computer><Security/></System><EventData><Data Name='NewTime'>2013-05-13T08:40:26.104000000Z</Data><Data Name='OldTime'>2013-05-13T08:40:26.104695900Z</Data></EventData></Event>
<Event xmlns='http://schemas.microsoft.com/win/2004/08/events/event'><System><Provider Name='Microsoft-Windows-Kernel-General' Guid='{A68CA8B7-004F-D7B6-A698-07E2DE0F1F5D}'/><EventID>13</EventID><Version>0</Version><Level>4</Level><Task>0</Task><Opcode>0</Opcode><Keywords>0x8000000000000000</Keywords><TimeCreated SystemTime='2013-05-13T08:40:45.916034600Z'/><EventRecordID>219250</EventRecordID><Correlation/><Execution ProcessID='4' ThreadID='40'/><Channel>System</Channel><Computer>vakintsev.argus.nio1.loniis</Computer><Security/></System><EventData><Data Name='StopTime'>2013-05-13T08:40:45.916034600Z</Data></EventData></Event>
<Event xmlns='http://schemas.microsoft.com/win/2004/08/events/event'><System><Provider Name='Microsoft-Windows-Kernel-General' Guid='{A68CA8B7-004F-D7B6-A698-07E2DE0F1F5D}'/><EventID>12</EventID><Version>0</Version><Level>4</Level><Task>0</Task><Opcode>0</Opcode><Keywords>0x8000000000000000</Keywords><TimeCreated SystemTime='2013-05-13T08:53:05.749600500Z'/><EventRecordID>219252</EventRecordID><Correlation/><Execution ProcessID='4' ThreadID='8'/><Channel>System</Channel><Computer>vakintsev.argus.nio1.loniis</Computer><Security UserID='S-1-5-18'/></System><EventData><Data Name='MajorVersion'>6</Data><Data Name='MinorVersion'>1</Data><Data Name='BuildVersion'>7601</Data><Data Name='QfeVersion'>18113</Data><Data Name='ServiceVersion'>1</Data><Data Name='BootMode'>0</Data><Data Name='StartTime'>2013-05-13T08:53:05.109999400Z</Data></EventData></Event>
<Event xmlns='http://schemas.microsoft.com/win/2004/08/events/event'><System><Provider Name='Microsoft-Windows-Kernel-General' Guid='{A68CA8B7-004F-D7B6-A698-07E2DE0F1F5D}'/><EventID>1</EventID><Version>0</Version><Level>4</Level><Task>0</Task><Opcode>0</Opcode><Keywords>0x8000000000000010</Keywords><TimeCreated SystemTime='2013-05-13T09:14:16.507000000Z'/><EventRecordID>219471</EventRecordID><Correlation/><Execution ProcessID='1064' ThreadID='2872'/><Channel>System</Channel><Computer>vakintsev.argus.nio1.loniis</Computer><Security/></System><EventData><Data Name='NewTime'>2013-05-13T09:14:16.507000000Z</Data><Data Name='OldTime'>2013-05-13T09:14:16.507005300Z</Data></EventData></Event>
<Event xmlns='http://schemas.microsoft.com/win/2004/08/events/event'><System><Provider Name='Microsoft-Windows-Kernel-General' Guid='{A68CA8B7-004F-D7B6-A698-07E2DE0F1F5D}'/><EventID>13</EventID><Version>0</Version><Level>4</Level><Task>0</Task><Opcode>0</Opcode><Keywords>0x8000000000000000</Keywords><TimeCreated SystemTime='2013-05-13T09:14:21.982609500Z'/><EventRecordID>219479</EventRecordID><Correlation/><Execution ProcessID='4' ThreadID='2532'/><Channel>System</Channel><Computer>vakintsev.argus.nio1.loniis</Computer><Security/></System><EventData><Data Name='StopTime'>2013-05-13T09:14:21.982609500Z</Data></EventData></Event>
<Event xmlns='http://schemas.microsoft.com/win/2004/08/events/event'><System><Provider Name='Microsoft-Windows-Kernel-General' Guid='{A68CA8B7-004F-D7B6-A698-07E2DE0F1F5D}'/><EventID>12</EventID><Version>0</Version><Level>4</Level><Task>0</Task><Opcode>0</Opcode><Keywords>0x8000000000000000</Keywords><TimeCreated SystemTime='2013-05-13T09:14:41.765200500Z'/><EventRecordID>219481</EventRecordID><Correlation/><Execution ProcessID='4' ThreadID='8'/><Channel>System</Channel><Computer>vakintsev.argus.nio1.loniis</Computer><Security UserID='S-1-5-18'/></System><EventData><Data Name='MajorVersion'>6</Data><Data Name='MinorVersion'>1</Data><Data Name='BuildVersion'>7601</Data><Data Name='QfeVersion'>18113</Data><Data Name='ServiceVersion'>1</Data><Data Name='BootMode'>0</Data><Data Name='StartTime'>2013-05-13T09:14:41.109999400Z</Data></EventData></Event>
<Event xmlns='http://schemas.microsoft.com/win/2004/08/events/event'><System><Provider Name='Microsoft-Windows-Kernel-General' Guid='{A68CA8B7-004F-D7B6-A698-07E2DE0F1F5D}'/><EventID>12</EventID><Version>0</Version><Level>4</Level><Task>0</Task><Opcode>0</Opcode><Keywords>0x8000000000000000</Keywords><TimeCreated SystemTime='2013-05-13T12:43:30.765200500Z'/><EventRecordID>219762</EventRecordID><Correlation/><Execution ProcessID='4' ThreadID='8'/><Channel>System</Channel><Computer>vakintsev.argus.nio1.loniis</Computer><Security UserID='S-1-5-18'/></System><EventData><Data Name='MajorVersion'>6</Data><Data Name='MinorVersion'>1</Data><Data Name='BuildVersion'>7601</Data><Data Name='QfeVersion'>18113</Data><Data Name='ServiceVersion'>1</Data><Data Name='BootMode'>0</Data><Data Name='StartTime'>2013-05-13T12:43:30.125599400Z</Data></EventData></Event>
<Event xmlns='http://schemas.microsoft.com/win/2004/08/events/event'><System><Provider Name='Microsoft-Windows-Kernel-General' Guid='{A68CA8B7-004F-D7B6-A698-07E2DE0F1F5D}'/><EventID>13</EventID><Version>0</Version><Level>4</Level><Task>0</Task><Opcode>0</Opcode><Keywords>0x8000000000000000</Keywords><TimeCreated SystemTime='2013-05-13T14:43:52.747349200Z'/><EventRecordID>219981</EventRecordID><Correlation/><Execution ProcessID='4' ThreadID='32'/><Channel>System</Channel><Computer>vakintsev.argus.nio1.loniis</Computer><Security/></System><EventData><Data Name='StopTime'>2013-05-13T14:43:52.747349200Z</Data></EventData></Event>
<Event xmlns='http://schemas.microsoft.com/win/2004/08/events/event'><System><Provider Name='Microsoft-Windows-Kernel-General' Guid='{A68CA8B7-004F-D7B6-A698-07E2DE0F1F5D}'/><EventID>12</EventID><Version>0</Version><Level>4</Level><Task>0</Task><Opcode>0</Opcode><Keywords>0x8000000000000000</Keywords><TimeCreated SystemTime='2013-05-13T14:46:06.780800500Z'/><EventRecordID>219982</EventRecordID><Correlation/><Execution ProcessID='4' ThreadID='8'/><Channel>System</Channel><Computer>vakintsev.argus.nio1.loniis</Computer><Security UserID='S-1-5-18'/></System><EventData><Data Name='MajorVersion'>6</Data><Data Name='MinorVersion'>1</Data><Data Name='BuildVersion'>7601</Data><Data Name='QfeVersion'>18113</Data><Data Name='ServiceVersion'>1</Data><Data Name='BootMode'>0</Data><Data Name='StartTime'>2013-05-13T14:46:06.109999300Z</Data></EventData></Event>
<Event xmlns='http://schemas.microsoft.com/win/2004/08/events/event'><System><Provider Name='Microsoft-Windows-Kernel-General' Guid='{A68CA8B7-004F-D7B6-A698-07E2DE0F1F5D}'/><EventID>1</EventID><Version>0</Version><Level>4</Level><Task>0</Task><Opcode>0</Opcode><Keywords>0x8000000000000010</Keywords><TimeCreated SystemTime='2013-05-13T15:19:03.328000000Z'/><EventRecordID>220119</EventRecordID><Correlation/><Execution ProcessID='1048' ThreadID='1052'/><Channel>System</Channel><Computer>vakintsev.argus.nio1.loniis</Computer><Security UserID='S-1-5-19'/></System><EventData><Data Name='NewTime'>2013-05-13T15:19:03.328000000Z</Data><Data Name='OldTime'>2013-05-13T15:19:03.328714200Z</Data></EventData></Event>
<Event xmlns='http://schemas.microsoft.com/win/2004/08/events/event'><System><Provider Name='Microsoft-Windows-Kernel-General' Guid='{A68CA8B7-004F-D7B6-A698-07E2DE0F1F5D}'/><EventID>1</EventID><Version>0</Version><Level>4</Level><Task>0</Task><Opcode>0</Opcode><Keywords>0x8000000000000010</Keywords><TimeCreated SystemTime='2013-05-14T06:23:16.501000100Z'/><EventRecordID>220125</EventRecordID><Correlation/><Execution ProcessID='4' ThreadID='44'/><Channel>System</Channel><Computer>vakintsev.argus.nio1.loniis</Computer><Security/></System><EventData><Data Name='NewTime'>2013-05-14T06:23:16.500000000Z</Data><Data Name='OldTime'>2013-05-13T15:19:17.450807700Z</Data></EventData></Event>
<Event xmlns='http://schemas.microsoft.com/win/2004/08/events/event'><System><Provider Name='Microsoft-Windows-Kernel-General' Guid='{A68CA8B7-004F-D7B6-A698-07E2DE0F1F5D}'/><EventID>1</EventID><Version>0</Version><Level>4</Level><Task>0</Task><Opcode>0</Opcode><Keywords>0x8000000000000010</Keywords><TimeCreated SystemTime='2013-05-14T15:50:17.224000000Z'/><EventRecordID>220352</EventRecordID><Correlation/><Execution ProcessID='1048' ThreadID='1052'/><Channel>System</Channel><Computer>vakintsev.argus.nio1.loniis</Computer><Security UserID='S-1-5-19'/></System><EventData><Data Name='NewTime'>2013-05-14T15:50:17.223000000Z</Data><Data Name='OldTime'>2013-05-14T15:50:17.223252100Z</Data></EventData></Event>
<Event xmlns='http://schemas.microsoft.com/win/2004/08/events/event'><System><Provider Name='Microsoft-Windows-Kernel-General' Guid='{A68CA8B7-004F-D7B6-A698-07E2DE0F1F5D}'/><EventID>1</EventID><Version>0</Version><Level>4</Level><Task>0</Task><Opcode>0</Opcode><Keywords>0x8000000000000010</Keywords><TimeCreated SystemTime='2013-05-15T05:26:33.501000000Z'/><EventRecordID>220358</EventRecordID><Correlation/><Execution ProcessID='4' ThreadID='52'/><Channel>System</Channel><Computer>vakintsev.argus.nio1.loniis</Computer><Security/></System><EventData><Data Name='NewTime'>2013-05-15T05:26:33.500000000Z</Data><Data Name='OldTime'>2013-05-14T15:50:36.082078700Z</Data></EventData></Event>
<Event xmlns='http://schemas.microsoft.com/win/2004/08/events/event'><System><Provider Name='Microsoft-Windows-Kernel-General' Guid='{A68CA8B7-004F-D7B6-A698-07E2DE0F1F5D}'/><EventID>1</EventID><Version>0</Version><Level>4</Level><Task>0</Task><Opcode>0</Opcode><Keywords>0x8000000000000010</Keywords><TimeCreated SystemTime='2013-05-15T14:12:11.070832000Z'/><EventRecordID>220703</EventRecordID><Correlation/><Execution ProcessID='1048' ThreadID='2508'/><Channel>System</Channel><Computer>vakintsev.argus.nio1.loniis</Computer><Security/></System><EventData><Data Name='NewTime'>2013-05-15T14:12:09.823000000Z</Data><Data Name='OldTime'>2013-05-15T14:12:09.823096100Z</Data></EventData></Event>
<Event xmlns='http://schemas.microsoft.com/win/2004/08/events/event'><System><Provider Name='Microsoft-Windows-Kernel-General' Guid='{A68CA8B7-004F-D7B6-A698-07E2DE0F1F5D}'/><EventID>13</EventID><Version>0</Version><Level>4</Level><Task>0</Task><Opcode>0</Opcode><Keywords>0x8000000000000000</Keywords><TimeCreated SystemTime='2013-05-15T14:12:11.070832000Z'/><EventRecordID>220704</EventRecordID><Correlation/><Execution ProcessID='4' ThreadID='40'/><Channel>System</Channel><Computer>vakintsev.argus.nio1.loniis</Computer><Security/></System><EventData><Data Name='StopTime'>2013-05-15T14:12:11.070832000Z</Data></EventData></Event>
<Event xmlns='http://schemas.microsoft.com/win/2004/08/events/event'><System><Provider Name='Microsoft-Windows-Kernel-General' Guid='{A68CA8B7-004F-D7B6-A698-07E2DE0F1F5D}'/><EventID>12</EventID><Version>0</Version><Level>4</Level><Task>0</Task><Opcode>0</Opcode><Keywords>0x8000000000000000</Keywords><TimeCreated SystemTime='2013-05-16T07:22:10.780800500Z'/><EventRecordID>220710</EventRecordID><Correlation/><Execution ProcessID='4' ThreadID='8'/><Channel>System</Channel><Computer>vakintsev.argus.nio1.loniis</Computer><Security UserID='S-1-5-18'/></System><EventData><Data Name='MajorVersion'>6</Data><Data Name='MinorVersion'>1</Data><Data Name='BuildVersion'>7601</Data><Data Name='QfeVersion'>18113</Data><Data Name='ServiceVersion'>1</Data><Data Name='BootMode'>0</Data><Data Name='StartTime'>2013-05-16T07:22:10.109999300Z</Data></EventData></Event>
<Event xmlns='http://schemas.microsoft.com/win/2004/08/events/event'><System><Provider Name='Microsoft-Windows-Kernel-General' Guid='{A68CA8B7-004F-D7B6-A698-07E2DE0F1F5D}'/><EventID>1</EventID><Version>0</Version><Level>4</Level><Task>0</Task><Opcode>0</Opcode><Keywords>0x8000000000000010</Keywords><TimeCreated SystemTime='2013-05-16T16:39:08.440000000Z'/><EventRecordID>220975</EventRecordID><Correlation/><Execution ProcessID='1076' ThreadID='1080'/><Channel>System</Channel><Computer>vakintsev.argus.nio1.loniis</Computer><Security UserID='S-1-5-19'/></System><EventData><Data Name='NewTime'>2013-05-16T16:39:08.440000000Z</Data><Data Name='OldTime'>2013-05-16T16:39:08.440244200Z</Data></EventData></Event>
<Event xmlns='http://schemas.microsoft.com/win/2004/08/events/event'><System><Provider Name='Microsoft-Windows-Kernel-General' Guid='{A68CA8B7-004F-D7B6-A698-07E2DE0F1F5D}'/><EventID>1</EventID><Version>0</Version><Level>4</Level><Task>0</Task><Opcode>0</Opcode><Keywords>0x8000000000000010</Keywords><TimeCreated SystemTime='2013-05-17T05:02:38.501000100Z'/><EventRecordID>220981</EventRecordID><Correlation/><Execution ProcessID='4' ThreadID='64'/><Channel>System</Channel><Computer>vakintsev.argus.nio1.loniis</Computer><Security/></System><EventData><Data Name='NewTime'>2013-05-17T05:02:38.500000000Z</Data><Data Name='OldTime'>2013-05-16T16:39:36.453602300Z</Data></EventData></Event>
<Event xmlns='http://schemas.microsoft.com/win/2004/08/events/event'><System><Provider Name='Microsoft-Windows-Kernel-General' Guid='{A68CA8B7-004F-D7B6-A698-07E2DE0F1F5D}'/><EventID>13</EventID><Version>0</Version><Level>4</Level><Task>0</Task><Opcode>0</Opcode><Keywords>0x8000000000000000</Keywords><TimeCreated SystemTime='2013-05-17T11:32:35.279986100Z'/><EventRecordID>221416</EventRecordID><Correlation/><Execution ProcessID='4' ThreadID='36'/><Channel>System</Channel><Computer>vakintsev.argus.nio1.loniis</Computer><Security/></System><EventData><Data Name='StopTime'>2013-05-17T11:32:35.279986100Z</Data></EventData></Event>
<Event xmlns='http://schemas.microsoft.com/win/2004/08/events/event'><System><Provider Name='Microsoft-Windows-Kernel-General' Guid='{A68CA8B7-004F-D7B6-A698-07E2DE0F1F5D}'/><EventID>12</EventID><Version>0</Version><Level>4</Level><Task>0</Task><Opcode>0</Opcode><Keywords>0x8000000000000000</Keywords><TimeCreated SystemTime='2013-05-17T11:34:22.780800500Z'/><EventRecordID>221418</EventRecordID><Correlation/><Execution ProcessID='4' ThreadID='8'/><Channel>System</Channel><Computer>vakintsev.argus.nio1.loniis</Computer><Security UserID='S-1-5-18'/></System><EventData><Data Name='MajorVersion'>6</Data><Data Name='MinorVersion'>1</Data><Data Name='BuildVersion'>7601</Data><Data Name='QfeVersion'>18113</Data><Data Name='ServiceVersion'>1</Data><Data Name='BootMode'>0</Data><Data Name='StartTime'>2013-05-17T11:34:22.125599400Z</Data></EventData></Event>
<Event xmlns='http://schemas.microsoft.com/win/2004/08/events/event'><System><Provider Name='Microsoft-Windows-Kernel-General' Guid='{A68CA8B7-004F-D7B6-A698-07E2DE0F1F5D}'/><EventID>1</EventID><Version>0</Version><Level>4</Level><Task>0</Task><Opcode>0</Opcode><Keywords>0x8000000000000010</Keywords><TimeCreated SystemTime='2013-05-17T13:33:26.702000000Z'/><EventRecordID>221647</EventRecordID><Correlation/><Execution ProcessID='268' ThreadID='272'/><Channel>System</Channel><Computer>vakintsev.argus.nio1.loniis</Computer><Security UserID='S-1-5-19'/></System><EventData><Data Name='NewTime'>2013-05-17T13:33:26.702000000Z</Data><Data Name='OldTime'>2013-05-17T13:33:26.702082200Z</Data></EventData></Event>
<Event xmlns='http://schemas.microsoft.com/win/2004/08/events/event'><System><Provider Name='Microsoft-Windows-Kernel-General' Guid='{A68CA8B7-004F-D7B6-A698-07E2DE0F1F5D}'/><EventID>1</EventID><Version>0</Version><Level>4</Level><Task>0</Task><Opcode>0</Opcode><Keywords>0x8000000000000010</Keywords><TimeCreated SystemTime='2013-05-20T05:28:26.501000100Z'/><EventRecordID>221654</EventRecordID><Correlation/><Execution ProcessID='4' ThreadID='60'/><Channel>System</Channel><Computer>vakintsev.argus.nio1.loniis</Computer><Security/></System><EventData><Data Name='NewTime'>2013-05-20T05:28:26.500000000Z</Data><Data Name='OldTime'>2013-05-17T13:33:42.628911000Z</Data></EventData></Event>
<Event xmlns='http://schemas.microsoft.com/win/2004/08/events/event'><System><Provider Name='Microsoft-Windows-Kernel-General' Guid='{A68CA8B7-004F-D7B6-A698-07E2DE0F1F5D}'/><EventID>12</EventID><Version>0</Version><Level>4</Level><Task>0</Task><Opcode>0</Opcode><Keywords>0x8000000000000000</Keywords><TimeCreated SystemTime='2013-05-20T11:01:58.780800500Z'/><EventRecordID>221773</EventRecordID><Correlation/><Execution ProcessID='4' ThreadID='8'/><Channel>System</Channel><Computer>vakintsev.argus.nio1.loniis</Computer><Security UserID='S-1-5-18'/></System><EventData><Data Name='MajorVersion'>6</Data><Data Name='MinorVersion'>1</Data><Data Name='BuildVersion'>7601</Data><Data Name='QfeVersion'>18113</Data><Data Name='ServiceVersion'>1</Data><Data Name='BootMode'>0</Data><Data Name='StartTime'>2013-05-20T11:01:58.109999300Z</Data></EventData></Event>
<Event xmlns='http://schemas.microsoft.com/win/2004/08/events/event'><System><Provider Name='Microsoft-Windows-Kernel-General' Guid='{A68CA8B7-004F-D7B6-A698-07E2DE0F1F5D}'/><EventID>1</EventID><Version>0</Version><Level>4</Level><Task>0</Task><Opcode>0</Opcode><Keywords>0x8000000000000010</Keywords><TimeCreated SystemTime='2013-05-20T15:06:38.138000000Z'/><EventRecordID>221965</EventRecordID><Correlation/><Execution ProcessID='272' ThreadID='276'/><Channel>System</Channel><Computer>vakintsev.argus.nio1.loniis</Computer><Security UserID='S-1-5-19'/></System><EventData><Data Name='NewTime'>2013-05-20T15:06:38.138000000Z</Data><Data Name='OldTime'>2013-05-20T15:06:38.138497800Z</Data></EventData></Event>
<Event xmlns='http://schemas.microsoft.com/win/2004/08/events/event'><System><Provider Name='Microsoft-Windows-Kernel-General' Guid='{A68CA8B7-004F-D7B6-A698-07E2DE0F1F5D}'/><EventID>1</EventID><Version>0</Version><Level>4</Level><Task>0</Task><Opcode>0</Opcode><Keywords>0x8000000000000010</Keywords><TimeCreated SystemTime='2013-05-21T05:40:23.501000100Z'/><EventRecordID>221973</EventRecordID><Correlation/><Execution ProcessID='4' ThreadID='56'/><Channel>System</Channel><Computer>vakintsev.argus.nio1.loniis</Computer><Security/></System><EventData><Data Name='NewTime'>2013-05-21T05:40:23.500000000Z</Data><Data Name='OldTime'>2013-05-20T15:07:00.951304800Z</Data></EventData></Event>
<Event xmlns='http://schemas.microsoft.com/win/2004/08/events/event'><System><Provider Name='Microsoft-Windows-Kernel-General' Guid='{A68CA8B7-004F-D7B6-A698-07E2DE0F1F5D}'/><EventID>1</EventID><Version>0</Version><Level>4</Level><Task>0</Task><Opcode>0</Opcode><Keywords>0x8000000000000010</Keywords><TimeCreated SystemTime='2013-05-21T15:59:39.921000000Z'/><EventRecordID>222109</EventRecordID><Correlation/><Execution ProcessID='272' ThreadID='276'/><Channel>System</Channel><Computer>vakintsev.argus.nio1.loniis</Computer><Security UserID='S-1-5-19'/></System><EventData><Data Name='NewTime'>2013-05-21T15:59:39.921000000Z</Data><Data Name='OldTime'>2013-05-21T15:59:39.923117900Z</Data></EventData></Event>
<Event xmlns='http://schemas.microsoft.com/win/2004/08/events/event'><System><Provider Name='Microsoft-Windows-Kernel-General' Guid='{A68CA8B7-004F-D7B6-A698-07E2DE0F1F5D}'/><EventID>1</EventID><Version>0</Version><Level>4</Level><Task>0</Task><Opcode>0</Opcode><Keywords>0x8000000000000010</Keywords><TimeCreated SystemTime='2013-05-22T05:38:51.501000100Z'/><EventRecordID>222116</EventRecordID><Correlation/><Execution ProcessID='4' ThreadID='44'/><Channel>System</Channel><Computer>vakintsev.argus.nio1.loniis</Computer><Security/></System><EventData><Data Name='NewTime'>2013-05-22T05:38:51.500000000Z</Data><Data Name='OldTime'>2013-05-21T16:00:27.853741600Z</Data></EventData></Event>
<Event xmlns='http://schemas.microsoft.com/win/2004/08/events/event'><System><Provider Name='Microsoft-Windows-Kernel-General' Guid='{A68CA8B7-004F-D7B6-A698-07E2DE0F1F5D}'/><EventID>1</EventID><Version>0</Version><Level>4</Level><Task>0</Task><Opcode>0</Opcode><Keywords>0x8000000000000010</Keywords><TimeCreated SystemTime='2013-05-22T16:12:09.263000000Z'/><EventRecordID>222248</EventRecordID><Correlation/><Execution ProcessID='272' ThreadID='276'/><Channel>System</Channel><Computer>vakintsev.argus.nio1.loniis</Computer><Security UserID='S-1-5-19'/></System><EventData><Data Name='NewTime'>2013-05-22T16:12:09.263000000Z</Data><Data Name='OldTime'>2013-05-22T16:12:09.263831300Z</Data></EventData></Event>
<Event xmlns='http://schemas.microsoft.com/win/2004/08/events/event'><System><Provider Name='Microsoft-Windows-Kernel-General' Guid='{A68CA8B7-004F-D7B6-A698-07E2DE0F1F5D}'/><EventID>1</EventID><Version>0</Version><Level>4</Level><Task>0</Task><Opcode>0</Opcode><Keywords>0x8000000000000010</Keywords><TimeCreated SystemTime='2013-05-23T06:44:56.501000100Z'/><EventRecordID>222253</EventRecordID><Correlation/><Execution ProcessID='4' ThreadID='56'/><Channel>System</Channel><Computer>vakintsev.argus.nio1.loniis</Computer><Security/></System><EventData><Data Name='NewTime'>2013-05-23T06:44:56.500000000Z</Data><Data Name='OldTime'>2013-05-22T16:12:33.908408400Z</Data></EventData></Event>
<Event xmlns='http://schemas.microsoft.com/win/2004/08/events/event'><System><Provider Name='Microsoft-Windows-Kernel-General' Guid='{A68CA8B7-004F-D7B6-A698-07E2DE0F1F5D}'/><EventID>1</EventID><Version>0</Version><Level>4</Level><Task>0</Task><Opcode>0</Opcode><Keywords>0x8000000000000010</Keywords><TimeCreated SystemTime='2013-05-23T16:03:55.986000000Z'/><EventRecordID>222398</EventRecordID><Correlation/><Execution ProcessID='272' ThreadID='276'/><Channel>System</Channel><Computer>vakintsev.argus.nio1.loniis</Computer><Security UserID='S-1-5-19'/></System><EventData><Data Name='NewTime'>2013-05-23T16:03:55.986000000Z</Data><Data Name='OldTime'>2013-05-23T16:03:55.986078100Z</Data></EventData></Event>
<Event xmlns='http://schemas.microsoft.com/win/2004/08/events/event'><System><Provider Name='Microsoft-Windows-Kernel-General' Guid='{A68CA8B7-004F-D7B6-A698-07E2DE0F1F5D}'/><EventID>1</EventID><Version>0</Version><Level>4</Level><Task>0</Task><Opcode>0</Opcode><Keywords>0x8000000000000010</Keywords><TimeCreated SystemTime='2013-05-24T05:55:33.501000000Z'/><EventRecordID>222405</EventRecordID><Correlation/><Execution ProcessID='4' ThreadID='48'/><Channel>System</Channel><Computer>vakintsev.argus.nio1.loniis</Computer><Security/></System><EventData><Data Name='NewTime'>2013-05-24T05:55:33.500000000Z</Data><Data Name='OldTime'>2013-05-23T16:04:47.991974600Z</Data></EventData></Event>
<Event xmlns='http://schemas.microsoft.com/win/2004/08/events/event'><System><Provider Name='Microsoft-Windows-Kernel-General' Guid='{A68CA8B7-004F-D7B6-A698-07E2DE0F1F5D}'/><EventID>1</EventID><Version>0</Version><Level>4</Level><Task>0</Task><Opcode>0</Opcode><Keywords>0x8000000000000010</Keywords><TimeCreated SystemTime='2013-05-24T15:13:54.029000000Z'/><EventRecordID>222583</EventRecordID><Correlation/><Execution ProcessID='272' ThreadID='3496'/><Channel>System</Channel><Computer>vakintsev.argus.nio1.loniis</Computer><Security/></System><EventData><Data Name='NewTime'>2013-05-24T15:13:54.029000000Z</Data><Data Name='OldTime'>2013-05-24T15:13:54.029476000Z</Data></EventData></Event>
